[0.025s] Invoking command in '/ws_slam/build/turtlebot3_gazebo': CMAKE_PREFIX_PATH=/opt/ros/humble /usr/bin/cmake /ws_slam/src/turtlebot3_simulations/turtlebot3_gazebo -DCMAKE_INSTALL_PREFIX=/ws_slam/install/turtlebot3_gazebo
[0.105s] -- The C compiler identification is GNU 11.4.0
[0.181s] -- The CXX compiler identification is GNU 11.4.0
[0.191s] -- Detecting C compiler ABI info
[0.281s] -- Detecting C compiler ABI info - done
[0.290s] -- Check for working C compiler: /usr/bin/cc - skipped
[0.290s] -- Detecting C compile features
[0.291s] -- Detecting C compile features - done
[0.294s] -- Detecting CXX compiler ABI info
[0.408s] -- Detecting CXX compiler ABI info - done
[0.415s] -- Check for working CXX compiler: /usr/bin/c++ - skipped
[0.416s] -- Detecting CXX compile features
[0.417s] -- Detecting CXX compile features - done
[0.421s] -- Found ament_cmake: 1.3.11 (/opt/ros/humble/share/ament_cmake/cmake)
[0.666s] -- Found Python3: /usr/bin/python3 (found version "3.10.12") found components: Interpreter 
[0.809s] [33mCMake Warning (dev) at /usr/share/cmake-3.22/Modules/FindPackageHandleStandardArgs.cmake:438 (message):
[0.810s]   The package name passed to `find_package_handle_standard_args` (PkgConfig)
[0.810s]   does not match the name of the calling package (gazebo).  This can lead to
[0.810s]   problems in calling code that expects `find_package` result variables
[0.810s]   (e.g., `_FOUND`) to follow a certain pattern.
[0.810s] Call Stack (most recent call first):
[0.810s]   /usr/share/cmake-3.22/Modules/FindPkgConfig.cmake:99 (find_package_handle_standard_args)
[0.810s]   /usr/lib/x86_64-linux-gnu/cmake/gazebo/gazebo-config.cmake:72 (include)
[0.810s]   CMakeLists.txt:23 (find_package)
[0.810s] This warning is for project developers.  Use -Wno-dev to suppress it.
[0.810s] [0m
[0.810s] -- Found PkgConfig: /usr/bin/pkg-config (found version "0.29.2") 
[0.815s] -- Checking for module 'bullet>=2.82'
[0.835s] --   Found bullet, version 3.05
[1.002s] -- Found fcl: /usr/include (found suitable version "0.7.0", minimum required is "0.5.0") 
[1.107s] -- Found assimp: /usr/include (found version "5.2.0") 
[1.200s] -- Found DART: /usr/include (Required is at least version "6.6") found components: dart 
[1.604s] -- Found Boost: /usr/lib/x86_64-linux-gnu/cmake/Boost-1.74.0/BoostConfig.cmake (found suitable version "1.74.0", minimum required is "1.40.0") found components: thread system filesystem program_options regex iostreams date_time 
[1.634s] -- Found Protobuf: /usr/lib/x86_64-linux-gnu/libprotobuf.so (found version "3.12.4") 
[1.645s] -- Looking for ignition-math6 -- found version 6.15.1
[1.657s] -- Searching for dependencies of ignition-math6
[1.659s] -- Looking for OGRE...
[1.660s] -- OGRE_PREFIX_WATCH changed.
[1.666s] -- Checking for module 'OGRE'
[1.685s] --   Found OGRE, version 1.9.0
[1.725s] -- Found Ogre Ghadamon (1.9.0)
[1.737s] -- Found OGRE: optimized;/usr/lib/x86_64-linux-gnu/libOgreMain.so;debug;/usr/lib/x86_64-linux-gnu/libOgreMain.so
[1.747s] -- Looking for OGRE_Paging...
[1.751s] -- Found OGRE_Paging: optimized;/usr/lib/x86_64-linux-gnu/libOgrePaging.so;debug;/usr/lib/x86_64-linux-gnu/libOgrePaging.so
[1.751s] -- Looking for OGRE_Terrain...
[1.755s] -- Found OGRE_Terrain: optimized;/usr/lib/x86_64-linux-gnu/libOgreTerrain.so;debug;/usr/lib/x86_64-linux-gnu/libOgreTerrain.so
[1.755s] -- Looking for OGRE_Property...
[1.759s] -- Found OGRE_Property: optimized;/usr/lib/x86_64-linux-gnu/libOgreProperty.so;debug;/usr/lib/x86_64-linux-gnu/libOgreProperty.so
[1.759s] -- Looking for OGRE_RTShaderSystem...
[1.763s] -- Found OGRE_RTShaderSystem: optimized;/usr/lib/x86_64-linux-gnu/libOgreRTShaderSystem.so;debug;/usr/lib/x86_64-linux-gnu/libOgreRTShaderSystem.so
[1.763s] -- Looking for OGRE_Volume...
[1.768s] -- Found OGRE_Volume: optimized;/usr/lib/x86_64-linux-gnu/libOgreVolume.so;debug;/usr/lib/x86_64-linux-gnu/libOgreVolume.so
[1.768s] -- Looking for OGRE_Overlay...
[1.773s] -- Found OGRE_Overlay: optimized;/usr/lib/x86_64-linux-gnu/libOgreOverlay.so;debug;/usr/lib/x86_64-linux-gnu/libOgreOverlay.so
[1.859s] -- Looking for ignition-math6 -- found version 6.15.1
[1.863s] -- Looking for ignition-transport8 -- found version 8.2.1
[1.863s] -- Searching for dependencies of ignition-transport8
[1.886s] -- Found Protobuf: /usr/lib/x86_64-linux-gnu/libprotobuf.so (found suitable version "3.12.4", minimum required is "3") 
[1.902s] -- Config-file not installed for ZeroMQ -- checking for pkg-config
[1.908s] -- Checking for module 'libzmq >= 4'
[1.924s] --   Found libzmq , version 4.3.4
[1.960s] -- Found ZeroMQ: TRUE (Required is at least version "4") 
[1.966s] -- Checking for module 'uuid'
[1.980s] --   Found uuid, version 2.37.2
[2.016s] -- Found UUID: TRUE  
[2.019s] -- Looking for ignition-msgs5 -- found version 5.8.1
[2.019s] -- Searching for dependencies of ignition-msgs5
[2.036s] -- Looking for ignition-math6 -- found version 6.15.1
[2.041s] -- Checking for module 'tinyxml2'
[2.055s] --   Found tinyxml2, version 9.0.0
[2.088s] -- Looking for ignition-msgs5 -- found version 5.8.1
[2.092s] -- Looking for ignition-common3 -- found version 3.14.0
[2.092s] -- Searching for dependencies of ignition-common3
[2.092s] -- Looking for dlfcn.h - found
[2.092s] -- Looking for libdl - found
[2.093s] -- Found DL: TRUE  
[2.106s] -- Found tinyobjloader: /usr/lib/x86_64-linux-gnu/cmake/tinyobjloader/tinyobjloader-config.cmake (found version "2.0.0") 
[2.106s] -- Searching for <ignition-common3> component [graphics]
[2.109s] -- Looking for ignition-common3-graphics -- found version 3.14.0
[2.109s] -- Searching for dependencies of ignition-common3-graphics
[2.110s] -- Looking for ignition-math6 -- found version 6.15.1
[2.113s] -- Looking for ignition-fuel_tools4 -- found version 4.4.0
[2.113s] -- Searching for dependencies of ignition-fuel_tools4
[2.207s] -- Found CURL: /usr/lib/x86_64-linux-gnu/libcurl.so (found version "7.81.0")  
[2.217s] -- Checking for module 'jsoncpp'
[2.230s] --   Found jsoncpp, version 1.9.5
[2.261s] -- Found JSONCPP: TRUE  
[2.268s] -- Checking for module 'libzip'
[2.280s] --   Found libzip, version 1.7.3
[2.314s] -- Found ZIP: TRUE  
[2.314s] -- Looking for ignition-common3 -- found version 3.14.0
[2.315s] -- Looking for ignition-math6 -- found version 6.15.1
[2.315s] -- Looking for ignition-msgs5 -- found version 5.8.1
[2.325s] -- Found gazebo_ros_pkgs: 3.9.0 (/opt/ros/humble/share/gazebo_ros_pkgs/cmake)
[2.328s] -- Found geometry_msgs: 4.8.0 (/opt/ros/humble/share/geometry_msgs/cmake)
[2.362s] -- Found rosidl_generator_c: 3.1.6 (/opt/ros/humble/share/rosidl_generator_c/cmake)
[2.367s] -- Found rosidl_adapter: 3.1.6 (/opt/ros/humble/share/rosidl_adapter/cmake)
[2.373s] -- Found rosidl_generator_cpp: 3.1.6 (/opt/ros/humble/share/rosidl_generator_cpp/cmake)
[2.382s] -- Using all available rosidl_typesupport_c: rosidl_typesupport_fastrtps_c;rosidl_typesupport_introspection_c
[2.395s] -- Using all available rosidl_typesupport_cpp: rosidl_typesupport_fastrtps_cpp;rosidl_typesupport_introspection_cpp
[2.426s] -- Found nav_msgs: 4.8.0 (/opt/ros/humble/share/nav_msgs/cmake)
[2.444s] -- Found rclcpp: 16.0.12 (/opt/ros/humble/share/rclcpp/cmake)
[2.512s] -- Found rmw_implementation_cmake: 6.1.2 (/opt/ros/humble/share/rmw_implementation_cmake/cmake)
[2.518s] -- Found rmw_fastrtps_cpp: 6.2.7 (/opt/ros/humble/share/rmw_fastrtps_cpp/cmake)
[2.641s] -- Found OpenSSL: /usr/lib/x86_64-linux-gnu/libcrypto.so (found version "3.0.2")  
[2.686s] -- Found FastRTPS: /opt/ros/humble/include  
[2.754s] -- Using RMW implementation 'rmw_fastrtps_cpp' as default
[2.772s] -- Found Threads: TRUE  
[2.817s] -- Found sensor_msgs: 4.8.0 (/opt/ros/humble/share/sensor_msgs/cmake)
[2.835s] -- Found tf2: 0.25.12 (/opt/ros/humble/share/tf2/cmake)
[2.999s] -- Configuring done
[3.164s] -- Generating done
[3.187s] -- Build files have been written to: /ws_slam/build/turtlebot3_gazebo
[3.225s] Invoked command in '/ws_slam/build/turtlebot3_gazebo' returned '0': CMAKE_PREFIX_PATH=/opt/ros/humble /usr/bin/cmake /ws_slam/src/turtlebot3_simulations/turtlebot3_gazebo -DCMAKE_INSTALL_PREFIX=/ws_slam/install/turtlebot3_gazebo
[3.225s] Invoking command in '/ws_slam/build/turtlebot3_gazebo': CMAKE_PREFIX_PATH=/opt/ros/humble /usr/bin/cmake --build /ws_slam/build/turtlebot3_gazebo -- -j12 -l12
[3.339s] [  8%] [32mBuilding CXX object CMakeFiles/obstacle1.dir/src/obstacle1.cpp.o[0m
[3.341s] [ 25%] [32mBuilding CXX object CMakeFiles/traffic_light_plugin.dir/src/traffic_light_plugin.cpp.o[0m
[3.343s] [ 33%] [32mBuilding CXX object CMakeFiles/turtlebot3_drive.dir/src/turtlebot3_drive.cpp.o[0m
[3.345s] [ 33%] [32mBuilding CXX object CMakeFiles/traffic_bar_plugin.dir/src/traffic_bar_plugin.cpp.o[0m
[3.357s] [ 41%] [32mBuilding CXX object CMakeFiles/obstacles.dir/src/obstacles.cpp.o[0m
[3.362s] [ 50%] [32mBuilding CXX object CMakeFiles/obstacle2.dir/src/obstacle2.cpp.o[0m
[87.108s] [ 58%] [32m[1mLinking CXX shared library libobstacle2.so[0m
[87.992s] [ 58%] Built target obstacle2
[88.387s] [ 66%] [32m[1mLinking CXX executable turtlebot3_drive[0m
[88.495s] [ 75%] [32m[1mLinking CXX shared library libtraffic_bar_plugin.so[0m
[89.007s] [ 83%] [32m[1mLinking CXX shared library libtraffic_light_plugin.so[0m
[89.281s] [ 83%] Built target traffic_bar_plugin
[89.576s] [ 83%] Built target traffic_light_plugin
[89.697s] [ 91%] [32m[1mLinking CXX shared library libobstacles.so[0m
[89.731s] [ 91%] Built target turtlebot3_drive
[89.888s] [100%] [32m[1mLinking CXX shared library libobstacle1.so[0m
[90.166s] [100%] Built target obstacles
[90.334s] [100%] Built target obstacle1
[90.372s] Invoked command in '/ws_slam/build/turtlebot3_gazebo' returned '0': CMAKE_PREFIX_PATH=/opt/ros/humble /usr/bin/cmake --build /ws_slam/build/turtlebot3_gazebo -- -j12 -l12
[90.375s] Invoking command in '/ws_slam/build/turtlebot3_gazebo': CMAKE_PREFIX_PATH=/opt/ros/humble /usr/bin/cmake --install /ws_slam/build/turtlebot3_gazebo
[90.389s] -- Install configuration: ""
[90.389s] -- Installing: /ws_slam/install/turtlebot3_gazebo/lib/turtlebot3_gazebo/turtlebot3_drive
[90.397s] -- Set runtime path of "/ws_slam/install/turtlebot3_gazebo/lib/turtlebot3_gazebo/turtlebot3_drive" to ""
[90.397s] -- Installing: /ws_slam/install/turtlebot3_gazebo/share/turtlebot3_gazebo//launch
[90.397s] -- Installing: /ws_slam/install/turtlebot3_gazebo/share/turtlebot3_gazebo//launch/multi_spawn_turtlebot3.launch.py
[90.397s] -- Installing: /ws_slam/install/turtlebot3_gazebo/share/turtlebot3_gazebo//launch/turtlebot3_dqn_stage2.launch.py
[90.398s] -- Installing: /ws_slam/install/turtlebot3_gazebo/share/turtlebot3_gazebo//launch/spawn_turtlebot3.launch.py
[90.398s] -- Installing: /ws_slam/install/turtlebot3_gazebo/share/turtlebot3_gazebo//launch/turtlebot3_autorace_2020.launch.py
[90.398s] -- Installing: /ws_slam/install/turtlebot3_gazebo/share/turtlebot3_gazebo//launch/turtlebot3_dqn_stage3.launch.py
[90.398s] -- Installing: /ws_slam/install/turtlebot3_gazebo/share/turtlebot3_gazebo//launch/robot_state_publisher.launch.py
[90.398s] -- Installing: /ws_slam/install/turtlebot3_gazebo/share/turtlebot3_gazebo//launch/turtlebot3_world.launch.py
[90.399s] -- Installing: /ws_slam/install/turtlebot3_gazebo/share/turtlebot3_gazebo//launch/turtlebot3_dqn_stage1.launch.py
[90.399s] -- Installing: /ws_slam/install/turtlebot3_gazebo/share/turtlebot3_gazebo//launch/empty_world.launch.py
[90.399s] -- Installing: /ws_slam/install/turtlebot3_gazebo/share/turtlebot3_gazebo//launch/turtlebot3_house.launch.py
[90.399s] -- Installing: /ws_slam/install/turtlebot3_gazebo/share/turtlebot3_gazebo//launch/multi_robot.launch.py
[90.399s] -- Installing: /ws_slam/install/turtlebot3_gazebo/share/turtlebot3_gazebo//launch/turtlebot3_dqn_stage4.launch.py
[90.400s] -- Installing: /ws_slam/install/turtlebot3_gazebo/share/turtlebot3_gazebo//models
[90.400s] -- Installing: /ws_slam/install/turtlebot3_gazebo/share/turtlebot3_gazebo//models/turtlebot3_house
[90.400s] -- Installing: /ws_slam/install/turtlebot3_gazebo/share/turtlebot3_gazebo//models/turtlebot3_house/model.config
[90.400s] -- Installing: /ws_slam/install/turtlebot3_gazebo/share/turtlebot3_gazebo//models/turtlebot3_house/model.sdf
[90.401s] -- Installing: /ws_slam/install/turtlebot3_gazebo/share/turtlebot3_gazebo//models/turtlebot3_burger
[90.401s] -- Installing: /ws_slam/install/turtlebot3_gazebo/share/turtlebot3_gazebo//models/turtlebot3_burger/model.config
[90.401s] -- Installing: /ws_slam/install/turtlebot3_gazebo/share/turtlebot3_gazebo//models/turtlebot3_burger/model.sdf
[90.402s] -- Installing: /ws_slam/install/turtlebot3_gazebo/share/turtlebot3_gazebo//models/turtlebot3_burger/model-1_4.sdf
[90.402s] -- Installing: /ws_slam/install/turtlebot3_gazebo/share/turtlebot3_gazebo//models/turtlebot3_common
[90.402s] -- Installing: /ws_slam/install/turtlebot3_gazebo/share/turtlebot3_gazebo//models/turtlebot3_common/model.config
[90.402s] -- Installing: /ws_slam/install/turtlebot3_gazebo/share/turtlebot3_gazebo//models/turtlebot3_common/meshes
[90.402s] -- Installing: /ws_slam/install/turtlebot3_gazebo/share/turtlebot3_gazebo//models/turtlebot3_common/meshes/waffle_base.dae
[90.403s] -- Installing: /ws_slam/install/turtlebot3_gazebo/share/turtlebot3_gazebo//models/turtlebot3_common/meshes/lds.dae
[90.403s] -- Installing: /ws_slam/install/turtlebot3_gazebo/share/turtlebot3_gazebo//models/turtlebot3_common/meshes/burger_base.dae
[90.403s] -- Installing: /ws_slam/install/turtlebot3_gazebo/share/turtlebot3_gazebo//models/turtlebot3_common/meshes/sensors
[90.404s] -- Installing: /ws_slam/install/turtlebot3_gazebo/share/turtlebot3_gazebo//models/turtlebot3_common/meshes/sensors/astra.jpg
[90.404s] -- Installing: /ws_slam/install/turtlebot3_gazebo/share/turtlebot3_gazebo//models/turtlebot3_common/meshes/sensors/r200.jpg
[90.404s] -- Installing: /ws_slam/install/turtlebot3_gazebo/share/turtlebot3_gazebo//models/turtlebot3_common/meshes/sensors/astra.dae
[90.422s] -- Installing: /ws_slam/install/turtlebot3_gazebo/share/turtlebot3_gazebo//models/turtlebot3_common/meshes/sensors/lds.stl
[90.423s] -- Installing: /ws_slam/install/turtlebot3_gazebo/share/turtlebot3_gazebo//models/turtlebot3_common/meshes/sensors/r200.dae
[90.424s] -- Installing: /ws_slam/install/turtlebot3_gazebo/share/turtlebot3_gazebo//models/turtlebot3_common/meshes/tire.dae
[90.424s] -- Installing: /ws_slam/install/turtlebot3_gazebo/share/turtlebot3_gazebo//models/turtlebot3_common/meshes/bases
[90.425s] -- Installing: /ws_slam/install/turtlebot3_gazebo/share/turtlebot3_gazebo//models/turtlebot3_common/meshes/bases/burger_base.stl
[90.435s] -- Installing: /ws_slam/install/turtlebot3_gazebo/share/turtlebot3_gazebo//models/turtlebot3_common/meshes/bases/waffle_pi_base.stl
[90.450s] -- Installing: /ws_slam/install/turtlebot3_gazebo/share/turtlebot3_gazebo//models/turtlebot3_common/meshes/bases/waffle_base.stl
[90.482s] -- Installing: /ws_slam/install/turtlebot3_gazebo/share/turtlebot3_gazebo//models/turtlebot3_common/meshes/waffle_pi_base.dae
[90.482s] -- Installing: /ws_slam/install/turtlebot3_gazebo/share/turtlebot3_gazebo//models/turtlebot3_common/meshes/wheels
[90.482s] -- Installing: /ws_slam/install/turtlebot3_gazebo/share/turtlebot3_gazebo//models/turtlebot3_common/meshes/wheels/right_tire.stl
[90.485s] -- Installing: /ws_slam/install/turtlebot3_gazebo/share/turtlebot3_gazebo//models/turtlebot3_common/meshes/wheels/left_tire.stl
[90.488s] -- Installing: /ws_slam/install/turtlebot3_gazebo/share/turtlebot3_gazebo//models/turtlebot3_common/meshes/r200.dae
[90.488s] -- Installing: /ws_slam/install/turtlebot3_gazebo/share/turtlebot3_gazebo//models/turtlebot3_world
[90.488s] -- Installing: /ws_slam/install/turtlebot3_gazebo/share/turtlebot3_gazebo//models/turtlebot3_world/model.config
[90.489s] -- Installing: /ws_slam/install/turtlebot3_gazebo/share/turtlebot3_gazebo//models/turtlebot3_world/model.sdf
[90.489s] -- Installing: /ws_slam/install/turtlebot3_gazebo/share/turtlebot3_gazebo//models/turtlebot3_world/model-1_4.sdf
[90.489s] -- Installing: /ws_slam/install/turtlebot3_gazebo/share/turtlebot3_gazebo//models/turtlebot3_world/meshes
[90.489s] -- Installing: /ws_slam/install/turtlebot3_gazebo/share/turtlebot3_gazebo//models/turtlebot3_world/meshes/wall.dae
[90.490s] -- Installing: /ws_slam/install/turtlebot3_gazebo/share/turtlebot3_gazebo//models/turtlebot3_world/meshes/hexagon.dae
[90.490s] -- Installing: /ws_slam/install/turtlebot3_gazebo/share/turtlebot3_gazebo//models/turtlebot3_autorace_2020
[90.490s] -- Installing: /ws_slam/install/turtlebot3_gazebo/share/turtlebot3_gazebo//models/turtlebot3_autorace_2020/traffic_right
[90.490s] -- Installing: /ws_slam/install/turtlebot3_gazebo/share/turtlebot3_gazebo//models/turtlebot3_autorace_2020/traffic_right/model.config
[90.491s] -- Installing: /ws_slam/install/turtlebot3_gazebo/share/turtlebot3_gazebo//models/turtlebot3_autorace_2020/traffic_right/model.sdf
[90.491s] -- Installing: /ws_slam/install/turtlebot3_gazebo/share/turtlebot3_gazebo//models/turtlebot3_autorace_2020/traffic_right/materials
[90.491s] -- Installing: /ws_slam/install/turtlebot3_gazebo/share/turtlebot3_gazebo//models/turtlebot3_autorace_2020/traffic_right/materials/textures
[90.491s] -- Installing: /ws_slam/install/turtlebot3_gazebo/share/turtlebot3_gazebo//models/turtlebot3_autorace_2020/traffic_right/materials/textures/traffic_right.png
[90.491s] -- Installing: /ws_slam/install/turtlebot3_gazebo/share/turtlebot3_gazebo//models/turtlebot3_autorace_2020/traffic_right/materials/scripts
[90.492s] -- Installing: /ws_slam/install/turtlebot3_gazebo/share/turtlebot3_gazebo//models/turtlebot3_autorace_2020/traffic_right/materials/scripts/traffic_right.material
[90.492s] -- Installing: /ws_slam/install/turtlebot3_gazebo/share/turtlebot3_gazebo//models/turtlebot3_autorace_2020/traffic_parking
[90.492s] -- Installing: /ws_slam/install/turtlebot3_gazebo/share/turtlebot3_gazebo//models/turtlebot3_autorace_2020/traffic_parking/model.config
[90.492s] -- Installing: /ws_slam/install/turtlebot3_gazebo/share/turtlebot3_gazebo//models/turtlebot3_autorace_2020/traffic_parking/model.sdf
[90.492s] -- Installing: /ws_slam/install/turtlebot3_gazebo/share/turtlebot3_gazebo//models/turtlebot3_autorace_2020/traffic_parking/materials
[90.493s] -- Installing: /ws_slam/install/turtlebot3_gazebo/share/turtlebot3_gazebo//models/turtlebot3_autorace_2020/traffic_parking/materials/textures
[90.493s] -- Installing: /ws_slam/install/turtlebot3_gazebo/share/turtlebot3_gazebo//models/turtlebot3_autorace_2020/traffic_parking/materials/textures/traffic_parking.png
[90.493s] -- Installing: /ws_slam/install/turtlebot3_gazebo/share/turtlebot3_gazebo//models/turtlebot3_autorace_2020/traffic_parking/materials/scripts
[90.493s] -- Installing: /ws_slam/install/turtlebot3_gazebo/share/turtlebot3_gazebo//models/turtlebot3_autorace_2020/traffic_parking/materials/scripts/traffic_parking.material
[90.494s] -- Installing: /ws_slam/install/turtlebot3_gazebo/share/turtlebot3_gazebo//models/turtlebot3_autorace_2020/traffic_left
[90.494s] -- Installing: /ws_slam/install/turtlebot3_gazebo/share/turtlebot3_gazebo//models/turtlebot3_autorace_2020/traffic_left/model.config
[90.494s] -- Installing: /ws_slam/install/turtlebot3_gazebo/share/turtlebot3_gazebo//models/turtlebot3_autorace_2020/traffic_left/model.sdf
[90.494s] -- Installing: /ws_slam/install/turtlebot3_gazebo/share/turtlebot3_gazebo//models/turtlebot3_autorace_2020/traffic_left/materials
[90.494s] -- Installing: /ws_slam/install/turtlebot3_gazebo/share/turtlebot3_gazebo//models/turtlebot3_autorace_2020/traffic_left/materials/textures
[90.495s] -- Installing: /ws_slam/install/turtlebot3_gazebo/share/turtlebot3_gazebo//models/turtlebot3_autorace_2020/traffic_left/materials/textures/traffic_left.png
[90.495s] -- Installing: /ws_slam/install/turtlebot3_gazebo/share/turtlebot3_gazebo//models/turtlebot3_autorace_2020/traffic_left/materials/scripts
[90.495s] -- Installing: /ws_slam/install/turtlebot3_gazebo/share/turtlebot3_gazebo//models/turtlebot3_autorace_2020/traffic_left/materials/scripts/traffic_is_left.material
[90.495s] -- Installing: /ws_slam/install/turtlebot3_gazebo/share/turtlebot3_gazebo//models/turtlebot3_autorace_2020/traffic_construction
[90.496s] -- Installing: /ws_slam/install/turtlebot3_gazebo/share/turtlebot3_gazebo//models/turtlebot3_autorace_2020/traffic_construction/model.config
[90.496s] -- Installing: /ws_slam/install/turtlebot3_gazebo/share/turtlebot3_gazebo//models/turtlebot3_autorace_2020/traffic_construction/model.sdf
[90.496s] -- Installing: /ws_slam/install/turtlebot3_gazebo/share/turtlebot3_gazebo//models/turtlebot3_autorace_2020/traffic_construction/materials
[90.496s] -- Installing: /ws_slam/install/turtlebot3_gazebo/share/turtlebot3_gazebo//models/turtlebot3_autorace_2020/traffic_construction/materials/textures
[90.496s] -- Installing: /ws_slam/install/turtlebot3_gazebo/share/turtlebot3_gazebo//models/turtlebot3_autorace_2020/traffic_construction/materials/textures/traffic_construction.png
[90.497s] -- Installing: /ws_slam/install/turtlebot3_gazebo/share/turtlebot3_gazebo//models/turtlebot3_autorace_2020/traffic_construction/materials/scripts
[90.497s] -- Installing: /ws_slam/install/turtlebot3_gazebo/share/turtlebot3_gazebo//models/turtlebot3_autorace_2020/traffic_construction/materials/scripts/traffic_construction.material
[90.498s] -- Installing: /ws_slam/install/turtlebot3_gazebo/share/turtlebot3_gazebo//models/turtlebot3_autorace_2020/course
[90.498s] -- Installing: /ws_slam/install/turtlebot3_gazebo/share/turtlebot3_gazebo//models/turtlebot3_autorace_2020/course/model.config
[90.498s] -- Installing: /ws_slam/install/turtlebot3_gazebo/share/turtlebot3_gazebo//models/turtlebot3_autorace_2020/course/model.sdf
[90.498s] -- Installing: /ws_slam/install/turtlebot3_gazebo/share/turtlebot3_gazebo//models/turtlebot3_autorace_2020/course/materials
[90.498s] -- Installing: /ws_slam/install/turtlebot3_gazebo/share/turtlebot3_gazebo//models/turtlebot3_autorace_2020/course/materials/textures
[90.499s] -- Installing: /ws_slam/install/turtlebot3_gazebo/share/turtlebot3_gazebo//models/turtlebot3_autorace_2020/course/materials/textures/course.png
[90.499s] -- Installing: /ws_slam/install/turtlebot3_gazebo/share/turtlebot3_gazebo//models/turtlebot3_autorace_2020/course/materials/scripts
[90.499s] -- Installing: /ws_slam/install/turtlebot3_gazebo/share/turtlebot3_gazebo//models/turtlebot3_autorace_2020/course/materials/scripts/course.material
[90.499s] -- Installing: /ws_slam/install/turtlebot3_gazebo/share/turtlebot3_gazebo//models/turtlebot3_autorace_2020/traffic_noentry
[90.499s] -- Installing: /ws_slam/install/turtlebot3_gazebo/share/turtlebot3_gazebo//models/turtlebot3_autorace_2020/traffic_noentry/model.config
[90.500s] -- Installing: /ws_slam/install/turtlebot3_gazebo/share/turtlebot3_gazebo//models/turtlebot3_autorace_2020/traffic_noentry/model.sdf
[90.500s] -- Installing: /ws_slam/install/turtlebot3_gazebo/share/turtlebot3_gazebo//models/turtlebot3_autorace_2020/traffic_noentry/materials
[90.500s] -- Installing: /ws_slam/install/turtlebot3_gazebo/share/turtlebot3_gazebo//models/turtlebot3_autorace_2020/traffic_noentry/materials/textures
[90.500s] -- Installing: /ws_slam/install/turtlebot3_gazebo/share/turtlebot3_gazebo//models/turtlebot3_autorace_2020/traffic_noentry/materials/textures/traffic_noentry.png
[90.501s] -- Installing: /ws_slam/install/turtlebot3_gazebo/share/turtlebot3_gazebo//models/turtlebot3_autorace_2020/traffic_noentry/materials/scripts
[90.501s] -- Installing: /ws_slam/install/turtlebot3_gazebo/share/turtlebot3_gazebo//models/turtlebot3_autorace_2020/traffic_noentry/materials/scripts/traffic_noentry.material
[90.501s] -- Installing: /ws_slam/install/turtlebot3_gazebo/share/turtlebot3_gazebo//models/turtlebot3_autorace_2020/checker
[90.501s] -- Installing: /ws_slam/install/turtlebot3_gazebo/share/turtlebot3_gazebo//models/turtlebot3_autorace_2020/checker/model.config
[90.501s] -- Installing: /ws_slam/install/turtlebot3_gazebo/share/turtlebot3_gazebo//models/turtlebot3_autorace_2020/checker/model.sdf
[90.502s] -- Installing: /ws_slam/install/turtlebot3_gazebo/share/turtlebot3_gazebo//models/turtlebot3_autorace_2020/checker/materials
[90.502s] -- Installing: /ws_slam/install/turtlebot3_gazebo/share/turtlebot3_gazebo//models/turtlebot3_autorace_2020/checker/materials/textures
[90.502s] -- Installing: /ws_slam/install/turtlebot3_gazebo/share/turtlebot3_gazebo//models/turtlebot3_autorace_2020/checker/materials/textures/checker.png
[90.502s] -- Installing: /ws_slam/install/turtlebot3_gazebo/share/turtlebot3_gazebo//models/turtlebot3_autorace_2020/checker/materials/checker.png
[90.502s] -- Installing: /ws_slam/install/turtlebot3_gazebo/share/turtlebot3_gazebo//models/turtlebot3_autorace_2020/checker/materials/scripts
[90.503s] -- Installing: /ws_slam/install/turtlebot3_gazebo/share/turtlebot3_gazebo//models/turtlebot3_autorace_2020/checker/materials/scripts/checker.material
[90.503s] -- Installing: /ws_slam/install/turtlebot3_gazebo/share/turtlebot3_gazebo//models/turtlebot3_autorace_2020/traffic_tunnel
[90.503s] -- Installing: /ws_slam/install/turtlebot3_gazebo/share/turtlebot3_gazebo//models/turtlebot3_autorace_2020/traffic_tunnel/model.config
[90.503s] -- Installing: /ws_slam/install/turtlebot3_gazebo/share/turtlebot3_gazebo//models/turtlebot3_autorace_2020/traffic_tunnel/model.sdf
[90.503s] -- Installing: /ws_slam/install/turtlebot3_gazebo/share/turtlebot3_gazebo//models/turtlebot3_autorace_2020/traffic_tunnel/materials
[90.504s] -- Installing: /ws_slam/install/turtlebot3_gazebo/share/turtlebot3_gazebo//models/turtlebot3_autorace_2020/traffic_tunnel/materials/textures
[90.504s] -- Installing: /ws_slam/install/turtlebot3_gazebo/share/turtlebot3_gazebo//models/turtlebot3_autorace_2020/traffic_tunnel/materials/textures/tunnel.png
[90.505s] -- Installing: /ws_slam/install/turtlebot3_gazebo/share/turtlebot3_gazebo//models/turtlebot3_autorace_2020/traffic_tunnel/materials/scripts
[90.505s] -- Installing: /ws_slam/install/turtlebot3_gazebo/share/turtlebot3_gazebo//models/turtlebot3_autorace_2020/traffic_tunnel/materials/scripts/tunnel.material
[90.505s] -- Installing: /ws_slam/install/turtlebot3_gazebo/share/turtlebot3_gazebo//models/turtlebot3_autorace_2020/traffic_light
[90.505s] -- Installing: /ws_slam/install/turtlebot3_gazebo/share/turtlebot3_gazebo//models/turtlebot3_autorace_2020/traffic_light/model.config
[90.505s] -- Installing: /ws_slam/install/turtlebot3_gazebo/share/turtlebot3_gazebo//models/turtlebot3_autorace_2020/traffic_light/model.sdf
[90.506s] -- Installing: /ws_slam/install/turtlebot3_gazebo/share/turtlebot3_gazebo//models/turtlebot3_autorace_2020/traffic_light/materials
[90.506s] -- Installing: /ws_slam/install/turtlebot3_gazebo/share/turtlebot3_gazebo//models/turtlebot3_autorace_2020/traffic_light/materials/textures
[90.506s] -- Installing: /ws_slam/install/turtlebot3_gazebo/share/turtlebot3_gazebo//models/turtlebot3_autorace_2020/traffic_light/materials/textures/traffic_light.png
[90.506s] -- Installing: /ws_slam/install/turtlebot3_gazebo/share/turtlebot3_gazebo//models/turtlebot3_autorace_2020/traffic_light/materials/textures/traffic_light_red.png
[90.506s] -- Installing: /ws_slam/install/turtlebot3_gazebo/share/turtlebot3_gazebo//models/turtlebot3_autorace_2020/traffic_light/materials/textures/traffic_light_yellow.png
[90.507s] -- Installing: /ws_slam/install/turtlebot3_gazebo/share/turtlebot3_gazebo//models/turtlebot3_autorace_2020/traffic_light/materials/textures/traffic_light_green.png
[90.507s] -- Installing: /ws_slam/install/turtlebot3_gazebo/share/turtlebot3_gazebo//models/turtlebot3_autorace_2020/traffic_light/materials/scripts
[90.507s] -- Installing: /ws_slam/install/turtlebot3_gazebo/share/turtlebot3_gazebo//models/turtlebot3_autorace_2020/traffic_light/materials/scripts/traffic_light.material
[90.507s] -- Installing: /ws_slam/install/turtlebot3_gazebo/share/turtlebot3_gazebo//models/turtlebot3_autorace_2020/traffic_intersection
[90.507s] -- Installing: /ws_slam/install/turtlebot3_gazebo/share/turtlebot3_gazebo//models/turtlebot3_autorace_2020/traffic_intersection/model.config
[90.508s] -- Installing: /ws_slam/install/turtlebot3_gazebo/share/turtlebot3_gazebo//models/turtlebot3_autorace_2020/traffic_intersection/model.sdf
[90.508s] -- Installing: /ws_slam/install/turtlebot3_gazebo/share/turtlebot3_gazebo//models/turtlebot3_autorace_2020/traffic_intersection/materials
[90.508s] -- Installing: /ws_slam/install/turtlebot3_gazebo/share/turtlebot3_gazebo//models/turtlebot3_autorace_2020/traffic_intersection/materials/textures
[90.508s] -- Installing: /ws_slam/install/turtlebot3_gazebo/share/turtlebot3_gazebo//models/turtlebot3_autorace_2020/traffic_intersection/materials/textures/traffic_intersection.png
[90.509s] -- Installing: /ws_slam/install/turtlebot3_gazebo/share/turtlebot3_gazebo//models/turtlebot3_autorace_2020/traffic_intersection/materials/scripts
[90.509s] -- Installing: /ws_slam/install/turtlebot3_gazebo/share/turtlebot3_gazebo//models/turtlebot3_autorace_2020/traffic_intersection/materials/scripts/traffic_intersection.material
[90.509s] -- Installing: /ws_slam/install/turtlebot3_gazebo/share/turtlebot3_gazebo//models/turtlebot3_autorace_2020/traffic_stop
[90.509s] -- Installing: /ws_slam/install/turtlebot3_gazebo/share/turtlebot3_gazebo//models/turtlebot3_autorace_2020/traffic_stop/model.config
[90.509s] -- Installing: /ws_slam/install/turtlebot3_gazebo/share/turtlebot3_gazebo//models/turtlebot3_autorace_2020/traffic_stop/model.sdf
[90.510s] -- Installing: /ws_slam/install/turtlebot3_gazebo/share/turtlebot3_gazebo//models/turtlebot3_autorace_2020/traffic_stop/materials
[90.510s] -- Installing: /ws_slam/install/turtlebot3_gazebo/share/turtlebot3_gazebo//models/turtlebot3_autorace_2020/traffic_stop/materials/textures
[90.510s] -- Installing: /ws_slam/install/turtlebot3_gazebo/share/turtlebot3_gazebo//models/turtlebot3_autorace_2020/traffic_stop/materials/textures/traffic_stop.png
[90.510s] -- Installing: /ws_slam/install/turtlebot3_gazebo/share/turtlebot3_gazebo//models/turtlebot3_autorace_2020/traffic_stop/materials/scripts
[90.510s] -- Installing: /ws_slam/install/turtlebot3_gazebo/share/turtlebot3_gazebo//models/turtlebot3_autorace_2020/traffic_stop/materials/scripts/traffic_stop.material
[90.511s] -- Installing: /ws_slam/install/turtlebot3_gazebo/share/turtlebot3_gazebo//models/turtlebot3_autorace_2020/traffic_bar
[90.511s] -- Installing: /ws_slam/install/turtlebot3_gazebo/share/turtlebot3_gazebo//models/turtlebot3_autorace_2020/traffic_bar/model.config
[90.511s] -- Installing: /ws_slam/install/turtlebot3_gazebo/share/turtlebot3_gazebo//models/turtlebot3_autorace_2020/traffic_bar/model.sdf
[90.511s] -- Installing: /ws_slam/install/turtlebot3_gazebo/share/turtlebot3_gazebo//models/turtlebot3_autorace_2020/traffic_bar/materials
[90.511s] -- Installing: /ws_slam/install/turtlebot3_gazebo/share/turtlebot3_gazebo//models/turtlebot3_autorace_2020/traffic_bar/materials/textures
[90.512s] -- Installing: /ws_slam/install/turtlebot3_gazebo/share/turtlebot3_gazebo//models/turtlebot3_autorace_2020/traffic_bar/materials/textures/traffic_bar.png
[90.512s] -- Installing: /ws_slam/install/turtlebot3_gazebo/share/turtlebot3_gazebo//models/turtlebot3_autorace_2020/traffic_bar/materials/scripts
[90.512s] -- Installing: /ws_slam/install/turtlebot3_gazebo/share/turtlebot3_gazebo//models/turtlebot3_autorace_2020/traffic_bar/materials/scripts/traffic_bar.material
[90.512s] -- Installing: /ws_slam/install/turtlebot3_gazebo/share/turtlebot3_gazebo//models/turtlebot3_autorace_2020/traffic_pl_left
[90.512s] -- Installing: /ws_slam/install/turtlebot3_gazebo/share/turtlebot3_gazebo//models/turtlebot3_autorace_2020/traffic_pl_left/model.config
[90.513s] -- Installing: /ws_slam/install/turtlebot3_gazebo/share/turtlebot3_gazebo//models/turtlebot3_autorace_2020/traffic_pl_left/model.sdf
[90.513s] -- Installing: /ws_slam/install/turtlebot3_gazebo/share/turtlebot3_gazebo//models/turtlebot3_autorace_2020/traffic_pl_left/materials
[90.513s] -- Installing: /ws_slam/install/turtlebot3_gazebo/share/turtlebot3_gazebo//models/turtlebot3_autorace_2020/traffic_pl_left/materials/textures
[90.513s] -- Installing: /ws_slam/install/turtlebot3_gazebo/share/turtlebot3_gazebo//models/turtlebot3_autorace_2020/traffic_pl_left/materials/textures/traffic_pl_left.png
[90.514s] -- Installing: /ws_slam/install/turtlebot3_gazebo/share/turtlebot3_gazebo//models/turtlebot3_autorace_2020/traffic_pl_left/materials/scripts
[90.514s] -- Installing: /ws_slam/install/turtlebot3_gazebo/share/turtlebot3_gazebo//models/turtlebot3_autorace_2020/traffic_pl_left/materials/scripts/traffic_pl_left.material
[90.514s] -- Installing: /ws_slam/install/turtlebot3_gazebo/share/turtlebot3_gazebo//models/turtlebot3_dqn_world
[90.514s] -- Installing: /ws_slam/install/turtlebot3_gazebo/share/turtlebot3_gazebo//models/turtlebot3_dqn_world/obstacle1
[90.514s] -- Installing: /ws_slam/install/turtlebot3_gazebo/share/turtlebot3_gazebo//models/turtlebot3_dqn_world/obstacle1/model.config
[90.515s] -- Installing: /ws_slam/install/turtlebot3_gazebo/share/turtlebot3_gazebo//models/turtlebot3_dqn_world/obstacle1/model.sdf
[90.515s] -- Installing: /ws_slam/install/turtlebot3_gazebo/share/turtlebot3_gazebo//models/turtlebot3_dqn_world/obstacles
[90.515s] -- Installing: /ws_slam/install/turtlebot3_gazebo/share/turtlebot3_gazebo//models/turtlebot3_dqn_world/obstacles/model.config
[90.515s] -- Installing: /ws_slam/install/turtlebot3_gazebo/share/turtlebot3_gazebo//models/turtlebot3_dqn_world/obstacles/model.sdf
[90.515s] -- Installing: /ws_slam/install/turtlebot3_gazebo/share/turtlebot3_gazebo//models/turtlebot3_dqn_world/model.config
[90.516s] -- Installing: /ws_slam/install/turtlebot3_gazebo/share/turtlebot3_gazebo//models/turtlebot3_dqn_world/model.sdf
[90.516s] -- Installing: /ws_slam/install/turtlebot3_gazebo/share/turtlebot3_gazebo//models/turtlebot3_dqn_world/inner_walls
[90.516s] -- Installing: /ws_slam/install/turtlebot3_gazebo/share/turtlebot3_gazebo//models/turtlebot3_dqn_world/inner_walls/model.config
[90.516s] -- Installing: /ws_slam/install/turtlebot3_gazebo/share/turtlebot3_gazebo//models/turtlebot3_dqn_world/inner_walls/model.sdf
[90.516s] -- Installing: /ws_slam/install/turtlebot3_gazebo/share/turtlebot3_gazebo//models/turtlebot3_dqn_world/obstacle2
[90.517s] -- Installing: /ws_slam/install/turtlebot3_gazebo/share/turtlebot3_gazebo//models/turtlebot3_dqn_world/obstacle2/model.config
[90.517s] -- Installing: /ws_slam/install/turtlebot3_gazebo/share/turtlebot3_gazebo//models/turtlebot3_dqn_world/obstacle2/model.sdf
[90.517s] -- Installing: /ws_slam/install/turtlebot3_gazebo/share/turtlebot3_gazebo//models/turtlebot3_dqn_world/goal_box
[90.517s] -- Installing: /ws_slam/install/turtlebot3_gazebo/share/turtlebot3_gazebo//models/turtlebot3_dqn_world/goal_box/model.config
[90.517s] -- Installing: /ws_slam/install/turtlebot3_gazebo/share/turtlebot3_gazebo//models/turtlebot3_dqn_world/goal_box/model.sdf
[90.518s] -- Installing: /ws_slam/install/turtlebot3_gazebo/share/turtlebot3_gazebo//models/turtlebot3_waffle_pi
[90.518s] -- Installing: /ws_slam/install/turtlebot3_gazebo/share/turtlebot3_gazebo//models/turtlebot3_waffle_pi/model.config
[90.518s] -- Installing: /ws_slam/install/turtlebot3_gazebo/share/turtlebot3_gazebo//models/turtlebot3_waffle_pi/model.sdf
[90.518s] -- Installing: /ws_slam/install/turtlebot3_gazebo/share/turtlebot3_gazebo//models/turtlebot3_waffle_pi/model-1_4_.sdf
[90.518s] -- Installing: /ws_slam/install/turtlebot3_gazebo/share/turtlebot3_gazebo//models/turtlebot3_burger_cam
[90.519s] -- Installing: /ws_slam/install/turtlebot3_gazebo/share/turtlebot3_gazebo//models/turtlebot3_burger_cam/model.config
[90.519s] -- Installing: /ws_slam/install/turtlebot3_gazebo/share/turtlebot3_gazebo//models/turtlebot3_burger_cam/model.sdf
[90.519s] -- Installing: /ws_slam/install/turtlebot3_gazebo/share/turtlebot3_gazebo//models/turtlebot3_burger_cam/model-1_4.sdf
[90.519s] -- Installing: /ws_slam/install/turtlebot3_gazebo/share/turtlebot3_gazebo//models/turtlebot3_waffle
[90.520s] -- Installing: /ws_slam/install/turtlebot3_gazebo/share/turtlebot3_gazebo//models/turtlebot3_waffle/model.config
[90.520s] -- Installing: /ws_slam/install/turtlebot3_gazebo/share/turtlebot3_gazebo//models/turtlebot3_waffle/model.sdf
[90.520s] -- Installing: /ws_slam/install/turtlebot3_gazebo/share/turtlebot3_gazebo//models/turtlebot3_waffle/model-1_4.sdf
[90.520s] -- Installing: /ws_slam/install/turtlebot3_gazebo/share/turtlebot3_gazebo//rviz
[90.520s] -- Installing: /ws_slam/install/turtlebot3_gazebo/share/turtlebot3_gazebo//rviz/tb3_gazebo.rviz
[90.521s] -- Installing: /ws_slam/install/turtlebot3_gazebo/share/turtlebot3_gazebo//urdf
[90.521s] -- Installing: /ws_slam/install/turtlebot3_gazebo/share/turtlebot3_gazebo//urdf/turtlebot3_burger.urdf
[90.521s] -- Installing: /ws_slam/install/turtlebot3_gazebo/share/turtlebot3_gazebo//urdf/common_properties.urdf
[90.521s] -- Installing: /ws_slam/install/turtlebot3_gazebo/share/turtlebot3_gazebo//urdf/turtlebot3_waffle.urdf
[90.522s] -- Installing: /ws_slam/install/turtlebot3_gazebo/share/turtlebot3_gazebo//urdf/turtlebot3_burger_cam.urdf
[90.522s] -- Installing: /ws_slam/install/turtlebot3_gazebo/share/turtlebot3_gazebo//urdf/turtlebot3_waffle_pi.urdf
[90.522s] -- Installing: /ws_slam/install/turtlebot3_gazebo/share/turtlebot3_gazebo//worlds
[90.522s] -- Installing: /ws_slam/install/turtlebot3_gazebo/share/turtlebot3_gazebo//worlds/turtlebot3_autorace_2020.world
[90.523s] -- Installing: /ws_slam/install/turtlebot3_gazebo/share/turtlebot3_gazebo//worlds/turtlebot3_dqn_stage3.world
[90.523s] -- Installing: /ws_slam/install/turtlebot3_gazebo/share/turtlebot3_gazebo//worlds/empty_world.world
[90.523s] -- Installing: /ws_slam/install/turtlebot3_gazebo/share/turtlebot3_gazebo//worlds/turtlebot3_dqn_stage2.world
[90.523s] -- Installing: /ws_slam/install/turtlebot3_gazebo/share/turtlebot3_gazebo//worlds/turtlebot3_world.world
[90.523s] -- Installing: /ws_slam/install/turtlebot3_gazebo/share/turtlebot3_gazebo//worlds/turtlebot3_house.world
[90.524s] -- Installing: /ws_slam/install/turtlebot3_gazebo/share/turtlebot3_gazebo//worlds/turtlebot3_dqn_stage1.world
[90.524s] -- Installing: /ws_slam/install/turtlebot3_gazebo/share/turtlebot3_gazebo//worlds/turtlebot3_dqn_stage4.world
[90.524s] -- Installing: /ws_slam/install/turtlebot3_gazebo/include/
[90.524s] -- Installing: /ws_slam/install/turtlebot3_gazebo/include//turtlebot3_gazebo
[90.525s] -- Installing: /ws_slam/install/turtlebot3_gazebo/include//turtlebot3_gazebo/obstacle2.hpp
[90.525s] -- Installing: /ws_slam/install/turtlebot3_gazebo/include//turtlebot3_gazebo/traffic_bar_plugin.hpp
[90.525s] -- Installing: /ws_slam/install/turtlebot3_gazebo/include//turtlebot3_gazebo/traffic_light_plugin.hpp
[90.525s] -- Installing: /ws_slam/install/turtlebot3_gazebo/include//turtlebot3_gazebo/obstacles.hpp
[90.526s] -- Installing: /ws_slam/install/turtlebot3_gazebo/include//turtlebot3_gazebo/turtlebot3_drive.hpp
[90.526s] -- Installing: /ws_slam/install/turtlebot3_gazebo/include//turtlebot3_gazebo/obstacle1.hpp
[90.526s] -- Installing: /ws_slam/install/turtlebot3_gazebo/share/ament_index/resource_index/package_run_dependencies/turtlebot3_gazebo
[90.527s] -- Installing: /ws_slam/install/turtlebot3_gazebo/share/ament_index/resource_index/parent_prefix_path/turtlebot3_gazebo
[90.527s] -- Installing: /ws_slam/install/turtlebot3_gazebo/share/turtlebot3_gazebo/environment/ament_prefix_path.sh
[90.528s] -- Installing: /ws_slam/install/turtlebot3_gazebo/share/turtlebot3_gazebo/environment/ament_prefix_path.dsv
[90.528s] -- Installing: /ws_slam/install/turtlebot3_gazebo/share/turtlebot3_gazebo/environment/path.sh
[90.528s] -- Installing: /ws_slam/install/turtlebot3_gazebo/share/turtlebot3_gazebo/environment/path.dsv
[90.528s] -- Installing: /ws_slam/install/turtlebot3_gazebo/share/turtlebot3_gazebo/local_setup.bash
[90.529s] -- Installing: /ws_slam/install/turtlebot3_gazebo/share/turtlebot3_gazebo/local_setup.sh
[90.529s] -- Installing: /ws_slam/install/turtlebot3_gazebo/share/turtlebot3_gazebo/local_setup.zsh
[90.529s] -- Installing: /ws_slam/install/turtlebot3_gazebo/share/turtlebot3_gazebo/local_setup.dsv
[90.529s] -- Installing: /ws_slam/install/turtlebot3_gazebo/share/turtlebot3_gazebo/package.dsv
[90.530s] -- Installing: /ws_slam/install/turtlebot3_gazebo/share/ament_index/resource_index/packages/turtlebot3_gazebo
[90.530s] -- Installing: /ws_slam/install/turtlebot3_gazebo/share/turtlebot3_gazebo/cmake/ament_cmake_export_include_directories-extras.cmake
[90.530s] -- Installing: /ws_slam/install/turtlebot3_gazebo/share/turtlebot3_gazebo/cmake/ament_cmake_export_dependencies-extras.cmake
[90.531s] -- Installing: /ws_slam/install/turtlebot3_gazebo/share/turtlebot3_gazebo/cmake/turtlebot3_gazeboConfig.cmake
[90.531s] -- Installing: /ws_slam/install/turtlebot3_gazebo/share/turtlebot3_gazebo/cmake/turtlebot3_gazeboConfig-version.cmake
[90.531s] -- Installing: /ws_slam/install/turtlebot3_gazebo/share/turtlebot3_gazebo/package.xml
[90.535s] Invoked command in '/ws_slam/build/turtlebot3_gazebo' returned '0': CMAKE_PREFIX_PATH=/opt/ros/humble /usr/bin/cmake --install /ws_slam/build/turtlebot3_gazebo
