[0.012s] Invoking command in '/ws_moveit/build/robotiq_2f_gripper_interfaces': AMENT_PREFIX_PATH=/ws_moveit/install/serial:${AMENT_PREFIX_PATH} CMAKE_PREFIX_PATH=/ws_moveit/install/serial:/opt/ros/humble LD_LIBRARY_PATH=/ws_moveit/install/serial/lib:${LD_LIBRARY_PATH} /usr/bin/cmake /ws_moveit/src/robotiq_2f_gripper_ros2/robotiq_2f_gripper_interfaces -DCMAKE_BUILD_TYPE=Release -DCMAKE_INSTALL_PREFIX=/ws_moveit/install/robotiq_2f_gripper_interfaces
[0.084s] -- The CXX compiler identification is GNU 11.4.0
[0.092s] -- Detecting CXX compiler ABI info
[0.185s] -- Detecting CXX compiler ABI info - done
[0.194s] -- Check for working CXX compiler: /usr/bin/c++ - skipped
[0.194s] -- Detecting CXX compile features
[0.194s] -- Detecting CXX compile features - done
[0.200s] -- Found ament_cmake: 1.3.11 (/opt/ros/humble/share/ament_cmake/cmake)
[0.354s] -- Found Python3: /usr/bin/python3 (found version "3.10.12") found components: Interpreter 
[0.437s] -- Found hardware_interface: 2.50.0 (/opt/ros/humble/share/hardware_interface/cmake)
[0.491s] -- Found rosidl_generator_c: 3.1.6 (/opt/ros/humble/share/rosidl_generator_c/cmake)
[0.499s] -- Found rosidl_adapter: 3.1.6 (/opt/ros/humble/share/rosidl_adapter/cmake)
[0.512s] -- Found rosidl_generator_cpp: 3.1.6 (/opt/ros/humble/share/rosidl_generator_cpp/cmake)
[0.529s] -- Using all available rosidl_typesupport_c: rosidl_typesupport_fastrtps_c;rosidl_typesupport_introspection_c
[0.552s] -- Using all available rosidl_typesupport_cpp: rosidl_typesupport_fastrtps_cpp;rosidl_typesupport_introspection_cpp
[0.832s] -- Found rmw_implementation_cmake: 6.1.2 (/opt/ros/humble/share/rmw_implementation_cmake/cmake)
[0.839s] -- Found rmw_fastrtps_cpp: 6.2.7 (/opt/ros/humble/share/rmw_fastrtps_cpp/cmake)
[0.880s] -- Found TinyXML2 via Config file: TinyXML2_DIR-NOTFOUND
[0.985s] -- Found OpenSSL: /usr/lib/x86_64-linux-gnu/libcrypto.so (found version "3.0.2")  
[0.990s] -- Found TinyXML2 via Config file: TinyXML2_DIR-NOTFOUND
[1.010s] -- Found FastRTPS: /opt/ros/humble/include  
[1.014s] -- Found TinyXML2 via Config file: TinyXML2_DIR-NOTFOUND
[1.028s] -- Found TinyXML2 via Config file: TinyXML2_DIR-NOTFOUND
[1.047s] -- Using RMW implementation 'rmw_fastrtps_cpp' as default
[1.079s] -- Looking for C++ include pthread.h
[1.319s] -- Looking for C++ include pthread.h - found
[1.319s] -- Performing Test CMAKE_HAVE_LIBC_PTHREAD
[1.491s] -- Performing Test CMAKE_HAVE_LIBC_PTHREAD - Success
[1.493s] -- Found Threads: TRUE  
[1.547s] -- Found serial: 1.2.1 (/ws_moveit/install/serial/share/serial/cmake)
[1.658s] -- Configuring done
[1.708s] -- Generating done
[1.721s] -- Build files have been written to: /ws_moveit/build/robotiq_2f_gripper_interfaces
[1.732s] Invoked command in '/ws_moveit/build/robotiq_2f_gripper_interfaces' returned '0': AMENT_PREFIX_PATH=/ws_moveit/install/serial:${AMENT_PREFIX_PATH} CMAKE_PREFIX_PATH=/ws_moveit/install/serial:/opt/ros/humble LD_LIBRARY_PATH=/ws_moveit/install/serial/lib:${LD_LIBRARY_PATH} /usr/bin/cmake /ws_moveit/src/robotiq_2f_gripper_ros2/robotiq_2f_gripper_interfaces -DCMAKE_BUILD_TYPE=Release -DCMAKE_INSTALL_PREFIX=/ws_moveit/install/robotiq_2f_gripper_interfaces
[1.734s] Invoking command in '/ws_moveit/build/robotiq_2f_gripper_interfaces': AMENT_PREFIX_PATH=/ws_moveit/install/serial:${AMENT_PREFIX_PATH} CMAKE_PREFIX_PATH=/ws_moveit/install/serial:/opt/ros/humble LD_LIBRARY_PATH=/ws_moveit/install/serial/lib:${LD_LIBRARY_PATH} /usr/bin/cmake --build /ws_moveit/build/robotiq_2f_gripper_interfaces -- -j12 -l12
[1.789s] [ 33%] [32mBuilding CXX object CMakeFiles/robotiq_2f_gripper_interfaces.dir/src/data_utils.cpp.o[0m
[1.789s] [ 33%] [32mBuilding CXX object CMakeFiles/robotiq_2f_gripper_interfaces.dir/src/crc_utils.cpp.o[0m
[1.790s] [ 44%] [32mBuilding CXX object CMakeFiles/robotiq_2f_gripper_interfaces.dir/src/default_driver.cpp.o[0m
[1.790s] [ 33%] [32mBuilding CXX object CMakeFiles/robotiq_2f_gripper_interfaces.dir/src/hardware_interface.cpp.o[0m
[1.796s] [ 66%] [32mBuilding CXX object CMakeFiles/robotiq_2f_gripper_interfaces.dir/src/default_driver_factory.cpp.o[0m
[1.796s] [ 66%] [32mBuilding CXX object CMakeFiles/robotiq_2f_gripper_interfaces.dir/src/fake/fake_driver.cpp.o[0m
[1.796s] [ 77%] [32mBuilding CXX object CMakeFiles/robotiq_2f_gripper_interfaces.dir/src/default_serial.cpp.o[0m
[1.800s] [ 88%] [32mBuilding CXX object CMakeFiles/robotiq_2f_gripper_interfaces.dir/src/default_serial_factory.cpp.o[0m
[10.027s] [100%] [32m[1mLinking CXX shared library librobotiq_2f_gripper_interfaces.so[0m
[10.170s] [100%] Built target robotiq_2f_gripper_interfaces
[10.184s] Invoked command in '/ws_moveit/build/robotiq_2f_gripper_interfaces' returned '0': AMENT_PREFIX_PATH=/ws_moveit/install/serial:${AMENT_PREFIX_PATH} CMAKE_PREFIX_PATH=/ws_moveit/install/serial:/opt/ros/humble LD_LIBRARY_PATH=/ws_moveit/install/serial/lib:${LD_LIBRARY_PATH} /usr/bin/cmake --build /ws_moveit/build/robotiq_2f_gripper_interfaces -- -j12 -l12
[10.186s] Invoking command in '/ws_moveit/build/robotiq_2f_gripper_interfaces': AMENT_PREFIX_PATH=/ws_moveit/install/serial:${AMENT_PREFIX_PATH} CMAKE_PREFIX_PATH=/ws_moveit/install/serial:/opt/ros/humble LD_LIBRARY_PATH=/ws_moveit/install/serial/lib:${LD_LIBRARY_PATH} /usr/bin/cmake --install /ws_moveit/build/robotiq_2f_gripper_interfaces
[10.195s] -- Install configuration: "Release"
[10.195s] -- Installing: /ws_moveit/install/robotiq_2f_gripper_interfaces/share/robotiq_2f_gripper_interfaces/hardware_interface_plugin.xml
[10.195s] -- Installing: /ws_moveit/install/robotiq_2f_gripper_interfaces/share/robotiq_2f_gripper_interfaces/environment/library_path.sh
[10.195s] -- Installing: /ws_moveit/install/robotiq_2f_gripper_interfaces/share/robotiq_2f_gripper_interfaces/environment/library_path.dsv
[10.195s] -- Installing: /ws_moveit/install/robotiq_2f_gripper_interfaces/include
[10.195s] -- Installing: /ws_moveit/install/robotiq_2f_gripper_interfaces/include/robotiq_2f_gripper_interfaces
[10.196s] -- Installing: /ws_moveit/install/robotiq_2f_gripper_interfaces/include/robotiq_2f_gripper_interfaces/driver.hpp
[10.196s] -- Installing: /ws_moveit/install/robotiq_2f_gripper_interfaces/include/robotiq_2f_gripper_interfaces/default_driver.hpp
[10.196s] -- Installing: /ws_moveit/install/robotiq_2f_gripper_interfaces/include/robotiq_2f_gripper_interfaces/default_driver_factory.hpp
[10.196s] -- Installing: /ws_moveit/install/robotiq_2f_gripper_interfaces/include/robotiq_2f_gripper_interfaces/driver_exception.hpp
[10.196s] -- Installing: /ws_moveit/install/robotiq_2f_gripper_interfaces/include/robotiq_2f_gripper_interfaces/serial.hpp
[10.196s] -- Installing: /ws_moveit/install/robotiq_2f_gripper_interfaces/include/robotiq_2f_gripper_interfaces/fake
[10.196s] -- Installing: /ws_moveit/install/robotiq_2f_gripper_interfaces/include/robotiq_2f_gripper_interfaces/fake/fake_driver.hpp
[10.196s] -- Installing: /ws_moveit/install/robotiq_2f_gripper_interfaces/include/robotiq_2f_gripper_interfaces/data_utils.hpp
[10.196s] -- Installing: /ws_moveit/install/robotiq_2f_gripper_interfaces/include/robotiq_2f_gripper_interfaces/default_serial_factory.hpp
[10.197s] -- Installing: /ws_moveit/install/robotiq_2f_gripper_interfaces/include/robotiq_2f_gripper_interfaces/crc_utils.hpp
[10.197s] -- Installing: /ws_moveit/install/robotiq_2f_gripper_interfaces/include/robotiq_2f_gripper_interfaces/driver_factory.hpp
[10.197s] -- Installing: /ws_moveit/install/robotiq_2f_gripper_interfaces/include/robotiq_2f_gripper_interfaces/hardware_interface.hpp
[10.197s] -- Installing: /ws_moveit/install/robotiq_2f_gripper_interfaces/include/robotiq_2f_gripper_interfaces/visibility_control.hpp
[10.197s] -- Installing: /ws_moveit/install/robotiq_2f_gripper_interfaces/include/robotiq_2f_gripper_interfaces/serial_factory.hpp
[10.197s] -- Installing: /ws_moveit/install/robotiq_2f_gripper_interfaces/include/robotiq_2f_gripper_interfaces/default_serial.hpp
[10.197s] -- Installing: /ws_moveit/install/robotiq_2f_gripper_interfaces/lib/librobotiq_2f_gripper_interfaces.so
[10.197s] -- Set runtime path of "/ws_moveit/install/robotiq_2f_gripper_interfaces/lib/librobotiq_2f_gripper_interfaces.so" to ""
[10.197s] -- Installing: /ws_moveit/install/robotiq_2f_gripper_interfaces/share/ament_index/resource_index/package_run_dependencies/robotiq_2f_gripper_interfaces
[10.197s] -- Installing: /ws_moveit/install/robotiq_2f_gripper_interfaces/share/ament_index/resource_index/parent_prefix_path/robotiq_2f_gripper_interfaces
[10.198s] -- Installing: /ws_moveit/install/robotiq_2f_gripper_interfaces/share/robotiq_2f_gripper_interfaces/environment/ament_prefix_path.sh
[10.198s] -- Installing: /ws_moveit/install/robotiq_2f_gripper_interfaces/share/robotiq_2f_gripper_interfaces/environment/ament_prefix_path.dsv
[10.198s] -- Installing: /ws_moveit/install/robotiq_2f_gripper_interfaces/share/robotiq_2f_gripper_interfaces/environment/path.sh
[10.198s] -- Installing: /ws_moveit/install/robotiq_2f_gripper_interfaces/share/robotiq_2f_gripper_interfaces/environment/path.dsv
[10.198s] -- Installing: /ws_moveit/install/robotiq_2f_gripper_interfaces/share/robotiq_2f_gripper_interfaces/local_setup.bash
[10.198s] -- Installing: /ws_moveit/install/robotiq_2f_gripper_interfaces/share/robotiq_2f_gripper_interfaces/local_setup.sh
[10.198s] -- Installing: /ws_moveit/install/robotiq_2f_gripper_interfaces/share/robotiq_2f_gripper_interfaces/local_setup.zsh
[10.198s] -- Installing: /ws_moveit/install/robotiq_2f_gripper_interfaces/share/robotiq_2f_gripper_interfaces/local_setup.dsv
[10.198s] -- Installing: /ws_moveit/install/robotiq_2f_gripper_interfaces/share/robotiq_2f_gripper_interfaces/package.dsv
[10.198s] -- Installing: /ws_moveit/install/robotiq_2f_gripper_interfaces/share/ament_index/resource_index/packages/robotiq_2f_gripper_interfaces
[10.198s] -- Installing: /ws_moveit/install/robotiq_2f_gripper_interfaces/share/ament_index/resource_index/hardware_interface__pluginlib__plugin/robotiq_2f_gripper_interfaces
[10.199s] -- Installing: /ws_moveit/install/robotiq_2f_gripper_interfaces/share/robotiq_2f_gripper_interfaces/cmake/robotiq_2f_gripper_interfaces_targetsExport.cmake
[10.199s] -- Installing: /ws_moveit/install/robotiq_2f_gripper_interfaces/share/robotiq_2f_gripper_interfaces/cmake/robotiq_2f_gripper_interfaces_targetsExport-release.cmake
[10.199s] -- Installing: /ws_moveit/install/robotiq_2f_gripper_interfaces/share/robotiq_2f_gripper_interfaces/cmake/ament_cmake_export_targets-extras.cmake
[10.199s] -- Installing: /ws_moveit/install/robotiq_2f_gripper_interfaces/share/robotiq_2f_gripper_interfaces/cmake/ament_cmake_export_dependencies-extras.cmake
[10.199s] -- Installing: /ws_moveit/install/robotiq_2f_gripper_interfaces/share/robotiq_2f_gripper_interfaces/cmake/ament_cmake_export_include_directories-extras.cmake
[10.199s] -- Installing: /ws_moveit/install/robotiq_2f_gripper_interfaces/share/robotiq_2f_gripper_interfaces/cmake/ament_cmake_export_libraries-extras.cmake
[10.199s] -- Installing: /ws_moveit/install/robotiq_2f_gripper_interfaces/share/robotiq_2f_gripper_interfaces/cmake/robotiq_2f_gripper_interfacesConfig.cmake
[10.199s] -- Installing: /ws_moveit/install/robotiq_2f_gripper_interfaces/share/robotiq_2f_gripper_interfaces/cmake/robotiq_2f_gripper_interfacesConfig-version.cmake
[10.200s] -- Installing: /ws_moveit/install/robotiq_2f_gripper_interfaces/share/robotiq_2f_gripper_interfaces/package.xml
[10.201s] Invoked command in '/ws_moveit/build/robotiq_2f_gripper_interfaces' returned '0': AMENT_PREFIX_PATH=/ws_moveit/install/serial:${AMENT_PREFIX_PATH} CMAKE_PREFIX_PATH=/ws_moveit/install/serial:/opt/ros/humble LD_LIBRARY_PATH=/ws_moveit/install/serial/lib:${LD_LIBRARY_PATH} /usr/bin/cmake --install /ws_moveit/build/robotiq_2f_gripper_interfaces
