[0.017s] Invoking command in '/ws_moveit/build/ur_bringup': AMENT_PREFIX_PATH=/ws_moveit/install/ur_controllers:/ws_moveit/install/ur_description:/ws_moveit/install/ur_dashboard_msgs:${AMENT_PREFIX_PATH} CMAKE_PREFIX_PATH=/ws_moveit/install/ur_controllers:/ws_moveit/install/ur_description:/ws_moveit/install/ur_dashboard_msgs:/opt/ros/humble LD_LIBRARY_PATH=/ws_moveit/install/ur_controllers/lib:/ws_moveit/install/ur_dashboard_msgs/lib:${LD_LIBRARY_PATH} PYTHONPATH=/ws_moveit/install/ur_dashboard_msgs/local/lib/python3.10/dist-packages:${PYTHONPATH} /usr/bin/cmake /ws_moveit/src/Universal_Robots_ROS2_Driver/ur_bringup -DCMAKE_BUILD_TYPE=Release -DCMAKE_INSTALL_PREFIX=/ws_moveit/install/ur_bringup
[0.081s] -- The C compiler identification is GNU 11.4.0
[0.138s] -- The CXX compiler identification is GNU 11.4.0
[0.145s] -- Detecting C compiler ABI info
[0.227s] -- Detecting C compiler ABI info - done
[0.236s] -- Check for working C compiler: /usr/bin/cc - skipped
[0.236s] -- Detecting C compile features
[0.237s] -- Detecting C compile features - done
[0.239s] -- Detecting CXX compiler ABI info
[0.320s] -- Detecting CXX compiler ABI info - done
[0.329s] -- Check for working CXX compiler: /usr/bin/c++ - skipped
[0.329s] -- Detecting CXX compile features
[0.330s] -- Detecting CXX compile features - done
[0.333s] -- Found ament_cmake: 1.3.11 (/opt/ros/humble/share/ament_cmake/cmake)
[0.508s] -- Found Python3: /usr/bin/python3 (found version "3.10.12") found components: Interpreter 
[0.781s] -- Configuring done
[0.787s] -- Generating done
[0.790s] -- Build files have been written to: /ws_moveit/build/ur_bringup
[0.798s] Invoked command in '/ws_moveit/build/ur_bringup' returned '0': AMENT_PREFIX_PATH=/ws_moveit/install/ur_controllers:/ws_moveit/install/ur_description:/ws_moveit/install/ur_dashboard_msgs:${AMENT_PREFIX_PATH} CMAKE_PREFIX_PATH=/ws_moveit/install/ur_controllers:/ws_moveit/install/ur_description:/ws_moveit/install/ur_dashboard_msgs:/opt/ros/humble LD_LIBRARY_PATH=/ws_moveit/install/ur_controllers/lib:/ws_moveit/install/ur_dashboard_msgs/lib:${LD_LIBRARY_PATH} PYTHONPATH=/ws_moveit/install/ur_dashboard_msgs/local/lib/python3.10/dist-packages:${PYTHONPATH} /usr/bin/cmake /ws_moveit/src/Universal_Robots_ROS2_Driver/ur_bringup -DCMAKE_BUILD_TYPE=Release -DCMAKE_INSTALL_PREFIX=/ws_moveit/install/ur_bringup
[0.799s] Invoking command in '/ws_moveit/build/ur_bringup': AMENT_PREFIX_PATH=/ws_moveit/install/ur_controllers:/ws_moveit/install/ur_description:/ws_moveit/install/ur_dashboard_msgs:${AMENT_PREFIX_PATH} CMAKE_PREFIX_PATH=/ws_moveit/install/ur_controllers:/ws_moveit/install/ur_description:/ws_moveit/install/ur_dashboard_msgs:/opt/ros/humble LD_LIBRARY_PATH=/ws_moveit/install/ur_controllers/lib:/ws_moveit/install/ur_dashboard_msgs/lib:${LD_LIBRARY_PATH} PYTHONPATH=/ws_moveit/install/ur_dashboard_msgs/local/lib/python3.10/dist-packages:${PYTHONPATH} /usr/bin/cmake --build /ws_moveit/build/ur_bringup -- -j12 -l12
[0.862s] Invoked command in '/ws_moveit/build/ur_bringup' returned '0': AMENT_PREFIX_PATH=/ws_moveit/install/ur_controllers:/ws_moveit/install/ur_description:/ws_moveit/install/ur_dashboard_msgs:${AMENT_PREFIX_PATH} CMAKE_PREFIX_PATH=/ws_moveit/install/ur_controllers:/ws_moveit/install/ur_description:/ws_moveit/install/ur_dashboard_msgs:/opt/ros/humble LD_LIBRARY_PATH=/ws_moveit/install/ur_controllers/lib:/ws_moveit/install/ur_dashboard_msgs/lib:${LD_LIBRARY_PATH} PYTHONPATH=/ws_moveit/install/ur_dashboard_msgs/local/lib/python3.10/dist-packages:${PYTHONPATH} /usr/bin/cmake --build /ws_moveit/build/ur_bringup -- -j12 -l12
[0.865s] Invoking command in '/ws_moveit/build/ur_bringup': AMENT_PREFIX_PATH=/ws_moveit/install/ur_controllers:/ws_moveit/install/ur_description:/ws_moveit/install/ur_dashboard_msgs:${AMENT_PREFIX_PATH} CMAKE_PREFIX_PATH=/ws_moveit/install/ur_controllers:/ws_moveit/install/ur_description:/ws_moveit/install/ur_dashboard_msgs:/opt/ros/humble LD_LIBRARY_PATH=/ws_moveit/install/ur_controllers/lib:/ws_moveit/install/ur_dashboard_msgs/lib:${LD_LIBRARY_PATH} PYTHONPATH=/ws_moveit/install/ur_dashboard_msgs/local/lib/python3.10/dist-packages:${PYTHONPATH} /usr/bin/cmake --install /ws_moveit/build/ur_bringup
[0.876s] -- Install configuration: "Release"
[0.876s] -- Installing: /ws_moveit/install/ur_bringup/share/ur_bringup/config
[0.877s] -- Installing: /ws_moveit/install/ur_bringup/share/ur_bringup/config/ur3e_update_rate.yaml
[0.877s] -- Installing: /ws_moveit/install/ur_bringup/share/ur_bringup/config/ur10_update_rate.yaml
[0.877s] -- Installing: /ws_moveit/install/ur_bringup/share/ur_bringup/config/ur_controllers.yaml
[0.877s] -- Installing: /ws_moveit/install/ur_bringup/share/ur_bringup/config/ur10e_update_rate.yaml
[0.877s] -- Installing: /ws_moveit/install/ur_bringup/share/ur_bringup/config/ur5_update_rate.yaml
[0.877s] -- Installing: /ws_moveit/install/ur_bringup/share/ur_bringup/config/ur3_update_rate.yaml
[0.878s] -- Installing: /ws_moveit/install/ur_bringup/share/ur_bringup/config/test_velocity_goal_publishers_config.yaml
[0.878s] -- Installing: /ws_moveit/install/ur_bringup/share/ur_bringup/config/ur5e_update_rate.yaml
[0.878s] -- Installing: /ws_moveit/install/ur_bringup/share/ur_bringup/config/ur16e_update_rate.yaml
[0.878s] -- Installing: /ws_moveit/install/ur_bringup/share/ur_bringup/config/test_goal_publishers_config.yaml
[0.878s] -- Installing: /ws_moveit/install/ur_bringup/share/ur_bringup/launch
[0.878s] -- Installing: /ws_moveit/install/ur_bringup/share/ur_bringup/launch/ur3.launch.py
[0.878s] -- Installing: /ws_moveit/install/ur_bringup/share/ur_bringup/launch/ur16e.launch.py
[0.879s] -- Installing: /ws_moveit/install/ur_bringup/share/ur_bringup/launch/ur_control.launch.py
[0.879s] -- Installing: /ws_moveit/install/ur_bringup/share/ur_bringup/launch/test_forward_velocity_controller.launch.py
[0.879s] -- Installing: /ws_moveit/install/ur_bringup/share/ur_bringup/launch/ur5.launch.py
[0.879s] -- Installing: /ws_moveit/install/ur_bringup/share/ur_bringup/launch/test_joint_trajectory_controller.launch.py
[0.879s] -- Installing: /ws_moveit/install/ur_bringup/share/ur_bringup/launch/ur5e.launch.py
[0.879s] -- Installing: /ws_moveit/install/ur_bringup/share/ur_bringup/launch/ur20.launch.py
[0.879s] -- Installing: /ws_moveit/install/ur_bringup/share/ur_bringup/launch/ur10.launch.py
[0.880s] -- Installing: /ws_moveit/install/ur_bringup/share/ur_bringup/launch/ur3e.launch.py
[0.880s] -- Installing: /ws_moveit/install/ur_bringup/share/ur_bringup/launch/ur7e.launch.py
[0.880s] -- Installing: /ws_moveit/install/ur_bringup/share/ur_bringup/launch/ur30.launch.py
[0.880s] -- Installing: /ws_moveit/install/ur_bringup/share/ur_bringup/launch/test_scaled_joint_trajectory_controller.launch.py
[0.880s] -- Installing: /ws_moveit/install/ur_bringup/share/ur_bringup/launch/ur15.launch.py
[0.880s] -- Installing: /ws_moveit/install/ur_bringup/share/ur_bringup/launch/ur10e.launch.py
[0.881s] -- Installing: /ws_moveit/install/ur_bringup/share/ur_bringup/launch/ur_dashboard_client.launch.py
[0.881s] -- Installing: /ws_moveit/install/ur_bringup/share/ur_bringup/launch/ur12e.launch.py
[0.881s] -- Installing: /ws_moveit/install/ur_bringup/lib/ur_bringup/start_ursim.sh
[0.881s] -- Installing: /ws_moveit/install/ur_bringup/share/ament_index/resource_index/package_run_dependencies/ur_bringup
[0.882s] -- Installing: /ws_moveit/install/ur_bringup/share/ament_index/resource_index/parent_prefix_path/ur_bringup
[0.882s] -- Installing: /ws_moveit/install/ur_bringup/share/ur_bringup/environment/ament_prefix_path.sh
[0.882s] -- Installing: /ws_moveit/install/ur_bringup/share/ur_bringup/environment/ament_prefix_path.dsv
[0.882s] -- Installing: /ws_moveit/install/ur_bringup/share/ur_bringup/environment/path.sh
[0.883s] -- Installing: /ws_moveit/install/ur_bringup/share/ur_bringup/environment/path.dsv
[0.883s] -- Installing: /ws_moveit/install/ur_bringup/share/ur_bringup/local_setup.bash
[0.883s] -- Installing: /ws_moveit/install/ur_bringup/share/ur_bringup/local_setup.sh
[0.883s] -- Installing: /ws_moveit/install/ur_bringup/share/ur_bringup/local_setup.zsh
[0.883s] -- Installing: /ws_moveit/install/ur_bringup/share/ur_bringup/local_setup.dsv
[0.884s] -- Installing: /ws_moveit/install/ur_bringup/share/ur_bringup/package.dsv
[0.884s] -- Installing: /ws_moveit/install/ur_bringup/share/ament_index/resource_index/packages/ur_bringup
[0.884s] -- Installing: /ws_moveit/install/ur_bringup/share/ur_bringup/cmake/ur_bringupConfig.cmake
[0.884s] -- Installing: /ws_moveit/install/ur_bringup/share/ur_bringup/cmake/ur_bringupConfig-version.cmake
[0.885s] -- Installing: /ws_moveit/install/ur_bringup/share/ur_bringup/package.xml
[0.888s] Invoked command in '/ws_moveit/build/ur_bringup' returned '0': AMENT_PREFIX_PATH=/ws_moveit/install/ur_controllers:/ws_moveit/install/ur_description:/ws_moveit/install/ur_dashboard_msgs:${AMENT_PREFIX_PATH} CMAKE_PREFIX_PATH=/ws_moveit/install/ur_controllers:/ws_moveit/install/ur_description:/ws_moveit/install/ur_dashboard_msgs:/opt/ros/humble LD_LIBRARY_PATH=/ws_moveit/install/ur_controllers/lib:/ws_moveit/install/ur_dashboard_msgs/lib:${LD_LIBRARY_PATH} PYTHONPATH=/ws_moveit/install/ur_dashboard_msgs/local/lib/python3.10/dist-packages:${PYTHONPATH} /usr/bin/cmake --install /ws_moveit/build/ur_bringup
