[0.081s] Invoking command in '/ws_slam/build/dynamixel_sdk_examples': AMENT_PREFIX_PATH=/ws_slam/install/dynamixel_sdk_custom_interfaces:/ws_slam/install/dynamixel_sdk:${AMENT_PREFIX_PATH} CMAKE_PREFIX_PATH=/ws_slam/install/dynamixel_sdk_custom_interfaces:/ws_slam/install/dynamixel_sdk:/opt/ros/humble LD_LIBRARY_PATH=/ws_slam/install/dynamixel_sdk_custom_interfaces/lib:/ws_slam/install/dynamixel_sdk/lib:/usr/lib/x86_64-linux-gnu/gazebo-11/plugins:/opt/ros/humble/opt/rviz_ogre_vendor/lib:/opt/ros/humble/lib/x86_64-linux-gnu:/opt/ros/humble/lib:/usr/lib/x86_64-linux-gnu/gazebo-11/plugins PYTHONPATH=/ws_slam/install/dynamixel_sdk_custom_interfaces/local/lib/python3.10/dist-packages:/ws_slam/install/dynamixel_sdk/local/lib/python3.10/dist-packages:${PYTHONPATH} /usr/bin/cmake /ws_slam/src/DynamixelSDK/ros/dynamixel_sdk_examples -DCMAKE_INSTALL_PREFIX=/ws_slam/install/dynamixel_sdk_examples
[0.488s] -- The C compiler identification is GNU 11.4.0
[0.841s] -- The CXX compiler identification is GNU 11.4.0
[0.880s] -- Detecting C compiler ABI info
[1.316s] -- Detecting C compiler ABI info - done
[1.367s] -- Check for working C compiler: /usr/bin/cc - skipped
[1.367s] -- Detecting C compile features
[1.367s] -- Detecting C compile features - done
[1.386s] -- Detecting CXX compiler ABI info
[1.860s] -- Detecting CXX compiler ABI info - done
[1.909s] -- Check for working CXX compiler: /usr/bin/c++ - skipped
[1.910s] -- Detecting CXX compile features
[1.911s] -- Detecting CXX compile features - done
[1.931s] -- Found ament_cmake: 1.3.11 (/opt/ros/humble/share/ament_cmake/cmake)
[2.636s] -- Found Python3: /usr/bin/python3 (found version "3.10.12") found components: Interpreter 
[2.957s] -- Found dynamixel_sdk: 3.8.4 (/ws_slam/install/dynamixel_sdk/share/dynamixel_sdk/cmake)
[2.962s] -- Found dynamixel_sdk_custom_interfaces: 3.8.4 (/ws_slam/install/dynamixel_sdk_custom_interfaces/share/dynamixel_sdk_custom_interfaces/cmake)
[3.156s] -- Found rosidl_generator_c: 3.1.6 (/opt/ros/humble/share/rosidl_generator_c/cmake)
[3.177s] -- Found rosidl_adapter: 3.1.6 (/opt/ros/humble/share/rosidl_adapter/cmake)
[3.207s] -- Found rosidl_generator_cpp: 3.1.6 (/opt/ros/humble/share/rosidl_generator_cpp/cmake)
[3.252s] -- Using all available rosidl_typesupport_c: rosidl_typesupport_fastrtps_c;rosidl_typesupport_introspection_c
[3.300s] -- Using all available rosidl_typesupport_cpp: rosidl_typesupport_fastrtps_cpp;rosidl_typesupport_introspection_cpp
[3.381s] -- Found rclcpp: 16.0.12 (/opt/ros/humble/share/rclcpp/cmake)
[3.508s] -- Found rmw_implementation_cmake: 6.1.2 (/opt/ros/humble/share/rmw_implementation_cmake/cmake)
[3.521s] -- Found rmw_fastrtps_cpp: 6.2.7 (/opt/ros/humble/share/rmw_fastrtps_cpp/cmake)
[3.821s] -- Found OpenSSL: /usr/lib/x86_64-linux-gnu/libcrypto.so (found version "3.0.2")  
[3.917s] -- Found FastRTPS: /opt/ros/humble/include  
[4.039s] -- Using RMW implementation 'rmw_fastrtps_cpp' as default
[4.075s] -- Looking for pthread.h
[4.219s] -- Looking for pthread.h - found
[4.219s] -- Performing Test CMAKE_HAVE_LIBC_PTHREAD
[4.372s] -- Performing Test CMAKE_HAVE_LIBC_PTHREAD - Success
[4.375s] -- Found Threads: TRUE  
[4.547s] -- Found rclpy: 3.3.16 (/opt/ros/humble/share/rclpy/cmake)
[4.555s] -- Found ament_lint_auto: 0.12.12 (/opt/ros/humble/share/ament_lint_auto/cmake)
[4.782s] -- Added test 'copyright' to check source files copyright and LICENSE
[4.783s] -- Added test 'cppcheck' to perform static code analysis on C / C++ code
[4.784s] -- Configured cppcheck include dirs: /ws_slam/src/DynamixelSDK/ros/dynamixel_sdk_examples/include
[4.784s] -- Configured cppcheck exclude dirs and/or files: 
[4.786s] -- Added test 'cpplint' to check C / C++ code against the Google style
[4.786s] -- Configured cpplint exclude dirs and/or files: 
[4.788s] -- Added test 'flake8' to check Python code syntax and style conventions
[4.790s] -- Added test 'lint_cmake' to check CMake code style
[4.791s] -- Added test 'pep257' to check Python code against some of the docstring style conventions in PEP 257
[4.793s] -- Added test 'uncrustify' to check C / C++ code style
[4.793s] -- Configured uncrustify additional arguments: 
[4.794s] -- Added test 'xmllint' to check XML markup files
[4.796s] -- Configuring done
[4.813s] -- Generating done
[4.819s] -- Build files have been written to: /ws_slam/build/dynamixel_sdk_examples
[4.840s] Invoked command in '/ws_slam/build/dynamixel_sdk_examples' returned '0': AMENT_PREFIX_PATH=/ws_slam/install/dynamixel_sdk_custom_interfaces:/ws_slam/install/dynamixel_sdk:${AMENT_PREFIX_PATH} CMAKE_PREFIX_PATH=/ws_slam/install/dynamixel_sdk_custom_interfaces:/ws_slam/install/dynamixel_sdk:/opt/ros/humble LD_LIBRARY_PATH=/ws_slam/install/dynamixel_sdk_custom_interfaces/lib:/ws_slam/install/dynamixel_sdk/lib:/usr/lib/x86_64-linux-gnu/gazebo-11/plugins:/opt/ros/humble/opt/rviz_ogre_vendor/lib:/opt/ros/humble/lib/x86_64-linux-gnu:/opt/ros/humble/lib:/usr/lib/x86_64-linux-gnu/gazebo-11/plugins PYTHONPATH=/ws_slam/install/dynamixel_sdk_custom_interfaces/local/lib/python3.10/dist-packages:/ws_slam/install/dynamixel_sdk/local/lib/python3.10/dist-packages:${PYTHONPATH} /usr/bin/cmake /ws_slam/src/DynamixelSDK/ros/dynamixel_sdk_examples -DCMAKE_INSTALL_PREFIX=/ws_slam/install/dynamixel_sdk_examples
[4.843s] Invoking command in '/ws_slam/build/dynamixel_sdk_examples': AMENT_PREFIX_PATH=/ws_slam/install/dynamixel_sdk_custom_interfaces:/ws_slam/install/dynamixel_sdk:${AMENT_PREFIX_PATH} CMAKE_PREFIX_PATH=/ws_slam/install/dynamixel_sdk_custom_interfaces:/ws_slam/install/dynamixel_sdk:/opt/ros/humble LD_LIBRARY_PATH=/ws_slam/install/dynamixel_sdk_custom_interfaces/lib:/ws_slam/install/dynamixel_sdk/lib:/usr/lib/x86_64-linux-gnu/gazebo-11/plugins:/opt/ros/humble/opt/rviz_ogre_vendor/lib:/opt/ros/humble/lib/x86_64-linux-gnu:/opt/ros/humble/lib:/usr/lib/x86_64-linux-gnu/gazebo-11/plugins PYTHONPATH=/ws_slam/install/dynamixel_sdk_custom_interfaces/local/lib/python3.10/dist-packages:/ws_slam/install/dynamixel_sdk/local/lib/python3.10/dist-packages:${PYTHONPATH} /usr/bin/cmake --build /ws_slam/build/dynamixel_sdk_examples -- -j12 -l12
[4.962s] [ 50%] [32mBuilding CXX object CMakeFiles/read_write_node.dir/src/read_write_node.cpp.o[0m
[79.581s] [100%] [32m[1mLinking CXX executable read_write_node[0m
[80.928s] [100%] Built target read_write_node
[80.955s] Invoked command in '/ws_slam/build/dynamixel_sdk_examples' returned '0': AMENT_PREFIX_PATH=/ws_slam/install/dynamixel_sdk_custom_interfaces:/ws_slam/install/dynamixel_sdk:${AMENT_PREFIX_PATH} CMAKE_PREFIX_PATH=/ws_slam/install/dynamixel_sdk_custom_interfaces:/ws_slam/install/dynamixel_sdk:/opt/ros/humble LD_LIBRARY_PATH=/ws_slam/install/dynamixel_sdk_custom_interfaces/lib:/ws_slam/install/dynamixel_sdk/lib:/usr/lib/x86_64-linux-gnu/gazebo-11/plugins:/opt/ros/humble/opt/rviz_ogre_vendor/lib:/opt/ros/humble/lib/x86_64-linux-gnu:/opt/ros/humble/lib:/usr/lib/x86_64-linux-gnu/gazebo-11/plugins PYTHONPATH=/ws_slam/install/dynamixel_sdk_custom_interfaces/local/lib/python3.10/dist-packages:/ws_slam/install/dynamixel_sdk/local/lib/python3.10/dist-packages:${PYTHONPATH} /usr/bin/cmake --build /ws_slam/build/dynamixel_sdk_examples -- -j12 -l12
[80.966s] Invoking command in '/ws_slam/build/dynamixel_sdk_examples': AMENT_PREFIX_PATH=/ws_slam/install/dynamixel_sdk_custom_interfaces:/ws_slam/install/dynamixel_sdk:${AMENT_PREFIX_PATH} CMAKE_PREFIX_PATH=/ws_slam/install/dynamixel_sdk_custom_interfaces:/ws_slam/install/dynamixel_sdk:/opt/ros/humble LD_LIBRARY_PATH=/ws_slam/install/dynamixel_sdk_custom_interfaces/lib:/ws_slam/install/dynamixel_sdk/lib:/usr/lib/x86_64-linux-gnu/gazebo-11/plugins:/opt/ros/humble/opt/rviz_ogre_vendor/lib:/opt/ros/humble/lib/x86_64-linux-gnu:/opt/ros/humble/lib:/usr/lib/x86_64-linux-gnu/gazebo-11/plugins PYTHONPATH=/ws_slam/install/dynamixel_sdk_custom_interfaces/local/lib/python3.10/dist-packages:/ws_slam/install/dynamixel_sdk/local/lib/python3.10/dist-packages:${PYTHONPATH} /usr/bin/cmake --install /ws_slam/build/dynamixel_sdk_examples
[80.988s] -- Install configuration: ""
[80.990s] -- Installing: /ws_slam/install/dynamixel_sdk_examples/lib/dynamixel_sdk_examples/read_write_node
[81.001s] -- Set runtime path of "/ws_slam/install/dynamixel_sdk_examples/lib/dynamixel_sdk_examples/read_write_node" to ""
[81.002s] -- Installing: /ws_slam/install/dynamixel_sdk_examples/lib/dynamixel_sdk_examples/read_write_node.py
[81.003s] -- Installing: /ws_slam/install/dynamixel_sdk_examples/share/ament_index/resource_index/package_run_dependencies/dynamixel_sdk_examples
[81.004s] -- Installing: /ws_slam/install/dynamixel_sdk_examples/share/ament_index/resource_index/parent_prefix_path/dynamixel_sdk_examples
[81.006s] -- Installing: /ws_slam/install/dynamixel_sdk_examples/share/dynamixel_sdk_examples/environment/ament_prefix_path.sh
[81.007s] -- Installing: /ws_slam/install/dynamixel_sdk_examples/share/dynamixel_sdk_examples/environment/ament_prefix_path.dsv
[81.008s] -- Installing: /ws_slam/install/dynamixel_sdk_examples/share/dynamixel_sdk_examples/environment/path.sh
[81.008s] -- Installing: /ws_slam/install/dynamixel_sdk_examples/share/dynamixel_sdk_examples/environment/path.dsv
[81.009s] -- Installing: /ws_slam/install/dynamixel_sdk_examples/share/dynamixel_sdk_examples/local_setup.bash
[81.009s] -- Installing: /ws_slam/install/dynamixel_sdk_examples/share/dynamixel_sdk_examples/local_setup.sh
[81.010s] -- Installing: /ws_slam/install/dynamixel_sdk_examples/share/dynamixel_sdk_examples/local_setup.zsh
[81.010s] -- Installing: /ws_slam/install/dynamixel_sdk_examples/share/dynamixel_sdk_examples/local_setup.dsv
[81.010s] -- Installing: /ws_slam/install/dynamixel_sdk_examples/share/dynamixel_sdk_examples/package.dsv
[81.011s] -- Installing: /ws_slam/install/dynamixel_sdk_examples/share/ament_index/resource_index/packages/dynamixel_sdk_examples
[81.012s] -- Installing: /ws_slam/install/dynamixel_sdk_examples/share/dynamixel_sdk_examples/cmake/dynamixel_sdk_examplesConfig.cmake
[81.013s] -- Installing: /ws_slam/install/dynamixel_sdk_examples/share/dynamixel_sdk_examples/cmake/dynamixel_sdk_examplesConfig-version.cmake
[81.013s] -- Installing: /ws_slam/install/dynamixel_sdk_examples/share/dynamixel_sdk_examples/package.xml
[81.021s] Invoked command in '/ws_slam/build/dynamixel_sdk_examples' returned '0': AMENT_PREFIX_PATH=/ws_slam/install/dynamixel_sdk_custom_interfaces:/ws_slam/install/dynamixel_sdk:${AMENT_PREFIX_PATH} CMAKE_PREFIX_PATH=/ws_slam/install/dynamixel_sdk_custom_interfaces:/ws_slam/install/dynamixel_sdk:/opt/ros/humble LD_LIBRARY_PATH=/ws_slam/install/dynamixel_sdk_custom_interfaces/lib:/ws_slam/install/dynamixel_sdk/lib:/usr/lib/x86_64-linux-gnu/gazebo-11/plugins:/opt/ros/humble/opt/rviz_ogre_vendor/lib:/opt/ros/humble/lib/x86_64-linux-gnu:/opt/ros/humble/lib:/usr/lib/x86_64-linux-gnu/gazebo-11/plugins PYTHONPATH=/ws_slam/install/dynamixel_sdk_custom_interfaces/local/lib/python3.10/dist-packages:/ws_slam/install/dynamixel_sdk/local/lib/python3.10/dist-packages:${PYTHONPATH} /usr/bin/cmake --install /ws_slam/build/dynamixel_sdk_examples
