[0.016s] Invoking command in '/ws_moveit/build/ur': AMENT_PREFIX_PATH=/ws_moveit/install/ur_calibration:/ws_moveit/install/ur_robot_driver:/ws_moveit/install/ur_moveit_config:/ws_moveit/install/ur_controllers:/ws_moveit/install/ur_description:/ws_moveit/install/ur_dashboard_msgs:${AMENT_PREFIX_PATH} CMAKE_PREFIX_PATH=/ws_moveit/install/ur_calibration:/ws_moveit/install/ur_robot_driver:/ws_moveit/install/ur_moveit_config:/ws_moveit/install/ur_controllers:/ws_moveit/install/ur_description:/ws_moveit/install/ur_dashboard_msgs:/opt/ros/humble LD_LIBRARY_PATH=/ws_moveit/install/ur_robot_driver/lib:/ws_moveit/install/ur_controllers/lib:/ws_moveit/install/ur_dashboard_msgs/lib:${LD_LIBRARY_PATH} PATH=/ws_moveit/install/ur_robot_driver/bin:${PATH} PYTHONPATH=/ws_moveit/install/ur_robot_driver/local/lib/python3.10/dist-packages:/ws_moveit/install/ur_moveit_config/local/lib/python3.10/dist-packages:/ws_moveit/install/ur_dashboard_msgs/local/lib/python3.10/dist-packages:${PYTHONPATH} /usr/bin/cmake /ws_moveit/src/Universal_Robots_ROS2_Driver/ur -DCMAKE_BUILD_TYPE=Release -DCMAKE_INSTALL_PREFIX=/ws_moveit/install/ur
[0.075s] -- The C compiler identification is GNU 11.4.0
[0.121s] -- The CXX compiler identification is GNU 11.4.0
[0.126s] -- Detecting C compiler ABI info
[0.179s] -- Detecting C compiler ABI info - done
[0.184s] -- Check for working C compiler: /usr/bin/cc - skipped
[0.184s] -- Detecting C compile features
[0.184s] -- Detecting C compile features - done
[0.186s] -- Detecting CXX compiler ABI info
[0.247s] -- Detecting CXX compiler ABI info - done
[0.252s] -- Check for working CXX compiler: /usr/bin/c++ - skipped
[0.252s] -- Detecting CXX compile features
[0.253s] -- Detecting CXX compile features - done
[0.255s] -- Found ament_cmake: 1.3.11 (/opt/ros/humble/share/ament_cmake/cmake)
[0.363s] -- Found Python3: /usr/bin/python3 (found version "3.10.12") found components: Interpreter 
[0.433s] -- Found ament_lint_auto: 0.12.12 (/opt/ros/humble/share/ament_lint_auto/cmake)
[0.491s] -- Added test 'lint_cmake' to check CMake code style
[0.491s] -- Added test 'xmllint' to check XML markup files
[0.492s] -- Configuring done
[0.493s] -- Generating done
[0.494s] -- Build files have been written to: /ws_moveit/build/ur
[0.498s] Invoked command in '/ws_moveit/build/ur' returned '0': AMENT_PREFIX_PATH=/ws_moveit/install/ur_calibration:/ws_moveit/install/ur_robot_driver:/ws_moveit/install/ur_moveit_config:/ws_moveit/install/ur_controllers:/ws_moveit/install/ur_description:/ws_moveit/install/ur_dashboard_msgs:${AMENT_PREFIX_PATH} CMAKE_PREFIX_PATH=/ws_moveit/install/ur_calibration:/ws_moveit/install/ur_robot_driver:/ws_moveit/install/ur_moveit_config:/ws_moveit/install/ur_controllers:/ws_moveit/install/ur_description:/ws_moveit/install/ur_dashboard_msgs:/opt/ros/humble LD_LIBRARY_PATH=/ws_moveit/install/ur_robot_driver/lib:/ws_moveit/install/ur_controllers/lib:/ws_moveit/install/ur_dashboard_msgs/lib:${LD_LIBRARY_PATH} PATH=/ws_moveit/install/ur_robot_driver/bin:${PATH} PYTHONPATH=/ws_moveit/install/ur_robot_driver/local/lib/python3.10/dist-packages:/ws_moveit/install/ur_moveit_config/local/lib/python3.10/dist-packages:/ws_moveit/install/ur_dashboard_msgs/local/lib/python3.10/dist-packages:${PYTHONPATH} /usr/bin/cmake /ws_moveit/src/Universal_Robots_ROS2_Driver/ur -DCMAKE_BUILD_TYPE=Release -DCMAKE_INSTALL_PREFIX=/ws_moveit/install/ur
[0.499s] Invoking command in '/ws_moveit/build/ur': AMENT_PREFIX_PATH=/ws_moveit/install/ur_calibration:/ws_moveit/install/ur_robot_driver:/ws_moveit/install/ur_moveit_config:/ws_moveit/install/ur_controllers:/ws_moveit/install/ur_description:/ws_moveit/install/ur_dashboard_msgs:${AMENT_PREFIX_PATH} CMAKE_PREFIX_PATH=/ws_moveit/install/ur_calibration:/ws_moveit/install/ur_robot_driver:/ws_moveit/install/ur_moveit_config:/ws_moveit/install/ur_controllers:/ws_moveit/install/ur_description:/ws_moveit/install/ur_dashboard_msgs:/opt/ros/humble LD_LIBRARY_PATH=/ws_moveit/install/ur_robot_driver/lib:/ws_moveit/install/ur_controllers/lib:/ws_moveit/install/ur_dashboard_msgs/lib:${LD_LIBRARY_PATH} PATH=/ws_moveit/install/ur_robot_driver/bin:${PATH} PYTHONPATH=/ws_moveit/install/ur_robot_driver/local/lib/python3.10/dist-packages:/ws_moveit/install/ur_moveit_config/local/lib/python3.10/dist-packages:/ws_moveit/install/ur_dashboard_msgs/local/lib/python3.10/dist-packages:${PYTHONPATH} /usr/bin/cmake --build /ws_moveit/build/ur -- -j12 -l12
[0.532s] Invoked command in '/ws_moveit/build/ur' returned '0': AMENT_PREFIX_PATH=/ws_moveit/install/ur_calibration:/ws_moveit/install/ur_robot_driver:/ws_moveit/install/ur_moveit_config:/ws_moveit/install/ur_controllers:/ws_moveit/install/ur_description:/ws_moveit/install/ur_dashboard_msgs:${AMENT_PREFIX_PATH} CMAKE_PREFIX_PATH=/ws_moveit/install/ur_calibration:/ws_moveit/install/ur_robot_driver:/ws_moveit/install/ur_moveit_config:/ws_moveit/install/ur_controllers:/ws_moveit/install/ur_description:/ws_moveit/install/ur_dashboard_msgs:/opt/ros/humble LD_LIBRARY_PATH=/ws_moveit/install/ur_robot_driver/lib:/ws_moveit/install/ur_controllers/lib:/ws_moveit/install/ur_dashboard_msgs/lib:${LD_LIBRARY_PATH} PATH=/ws_moveit/install/ur_robot_driver/bin:${PATH} PYTHONPATH=/ws_moveit/install/ur_robot_driver/local/lib/python3.10/dist-packages:/ws_moveit/install/ur_moveit_config/local/lib/python3.10/dist-packages:/ws_moveit/install/ur_dashboard_msgs/local/lib/python3.10/dist-packages:${PYTHONPATH} /usr/bin/cmake --build /ws_moveit/build/ur -- -j12 -l12
[0.533s] Invoking command in '/ws_moveit/build/ur': AMENT_PREFIX_PATH=/ws_moveit/install/ur_calibration:/ws_moveit/install/ur_robot_driver:/ws_moveit/install/ur_moveit_config:/ws_moveit/install/ur_controllers:/ws_moveit/install/ur_description:/ws_moveit/install/ur_dashboard_msgs:${AMENT_PREFIX_PATH} CMAKE_PREFIX_PATH=/ws_moveit/install/ur_calibration:/ws_moveit/install/ur_robot_driver:/ws_moveit/install/ur_moveit_config:/ws_moveit/install/ur_controllers:/ws_moveit/install/ur_description:/ws_moveit/install/ur_dashboard_msgs:/opt/ros/humble LD_LIBRARY_PATH=/ws_moveit/install/ur_robot_driver/lib:/ws_moveit/install/ur_controllers/lib:/ws_moveit/install/ur_dashboard_msgs/lib:${LD_LIBRARY_PATH} PATH=/ws_moveit/install/ur_robot_driver/bin:${PATH} PYTHONPATH=/ws_moveit/install/ur_robot_driver/local/lib/python3.10/dist-packages:/ws_moveit/install/ur_moveit_config/local/lib/python3.10/dist-packages:/ws_moveit/install/ur_dashboard_msgs/local/lib/python3.10/dist-packages:${PYTHONPATH} /usr/bin/cmake --install /ws_moveit/build/ur
[0.539s] -- Install configuration: "Release"
[0.539s] -- Installing: /ws_moveit/install/ur/share/ament_index/resource_index/package_run_dependencies/ur
[0.539s] -- Installing: /ws_moveit/install/ur/share/ament_index/resource_index/parent_prefix_path/ur
[0.539s] -- Installing: /ws_moveit/install/ur/share/ur/environment/ament_prefix_path.sh
[0.539s] -- Installing: /ws_moveit/install/ur/share/ur/environment/ament_prefix_path.dsv
[0.540s] -- Installing: /ws_moveit/install/ur/share/ur/environment/path.sh
[0.540s] -- Installing: /ws_moveit/install/ur/share/ur/environment/path.dsv
[0.540s] -- Installing: /ws_moveit/install/ur/share/ur/local_setup.bash
[0.540s] -- Installing: /ws_moveit/install/ur/share/ur/local_setup.sh
[0.540s] -- Installing: /ws_moveit/install/ur/share/ur/local_setup.zsh
[0.540s] -- Installing: /ws_moveit/install/ur/share/ur/local_setup.dsv
[0.540s] -- Installing: /ws_moveit/install/ur/share/ur/package.dsv
[0.540s] -- Installing: /ws_moveit/install/ur/share/ament_index/resource_index/packages/ur
[0.540s] -- Installing: /ws_moveit/install/ur/share/ur/cmake/urConfig.cmake
[0.540s] -- Installing: /ws_moveit/install/ur/share/ur/cmake/urConfig-version.cmake
[0.540s] -- Installing: /ws_moveit/install/ur/share/ur/package.xml
[0.541s] Invoked command in '/ws_moveit/build/ur' returned '0': AMENT_PREFIX_PATH=/ws_moveit/install/ur_calibration:/ws_moveit/install/ur_robot_driver:/ws_moveit/install/ur_moveit_config:/ws_moveit/install/ur_controllers:/ws_moveit/install/ur_description:/ws_moveit/install/ur_dashboard_msgs:${AMENT_PREFIX_PATH} CMAKE_PREFIX_PATH=/ws_moveit/install/ur_calibration:/ws_moveit/install/ur_robot_driver:/ws_moveit/install/ur_moveit_config:/ws_moveit/install/ur_controllers:/ws_moveit/install/ur_description:/ws_moveit/install/ur_dashboard_msgs:/opt/ros/humble LD_LIBRARY_PATH=/ws_moveit/install/ur_robot_driver/lib:/ws_moveit/install/ur_controllers/lib:/ws_moveit/install/ur_dashboard_msgs/lib:${LD_LIBRARY_PATH} PATH=/ws_moveit/install/ur_robot_driver/bin:${PATH} PYTHONPATH=/ws_moveit/install/ur_robot_driver/local/lib/python3.10/dist-packages:/ws_moveit/install/ur_moveit_config/local/lib/python3.10/dist-packages:/ws_moveit/install/ur_dashboard_msgs/local/lib/python3.10/dist-packages:${PYTHONPATH} /usr/bin/cmake --install /ws_moveit/build/ur
