[0.044s] Invoking command in '/ws_slam/build/turtlebot3_node': AMENT_PREFIX_PATH=/ws_slam/install/turtlebot3_msgs:/ws_slam/install/dynamixel_sdk:${AMENT_PREFIX_PATH} CMAKE_PREFIX_PATH=/ws_slam/install/turtlebot3_msgs:/ws_slam/install/dynamixel_sdk:/opt/ros/humble LD_LIBRARY_PATH=/ws_slam/install/turtlebot3_msgs/lib:/ws_slam/install/dynamixel_sdk/lib:/usr/lib/x86_64-linux-gnu/gazebo-11/plugins:/opt/ros/humble/opt/rviz_ogre_vendor/lib:/opt/ros/humble/lib/x86_64-linux-gnu:/opt/ros/humble/lib:/usr/lib/x86_64-linux-gnu/gazebo-11/plugins PYTHONPATH=/ws_slam/install/turtlebot3_msgs/local/lib/python3.10/dist-packages:/ws_slam/install/dynamixel_sdk/local/lib/python3.10/dist-packages:${PYTHONPATH} /usr/bin/cmake /ws_slam/src/turtlebot3/turtlebot3_node -DCMAKE_INSTALL_PREFIX=/ws_slam/install/turtlebot3_node
[0.886s] -- The C compiler identification is GNU 11.4.0
[0.887s] -- The CXX compiler identification is GNU 11.4.0
[0.887s] -- Detecting C compiler ABI info
[0.887s] -- Detecting C compiler ABI info - done
[0.887s] -- Check for working C compiler: /usr/bin/cc - skipped
[0.887s] -- Detecting C compile features
[0.887s] -- Detecting C compile features - done
[0.887s] -- Detecting CXX compiler ABI info
[0.887s] -- Detecting CXX compiler ABI info - done
[0.891s] -- Check for working CXX compiler: /usr/bin/c++ - skipped
[0.891s] -- Detecting CXX compile features
[0.891s] -- Detecting CXX compile features - done
[0.891s] -- Found ament_cmake: 1.3.11 (/opt/ros/humble/share/ament_cmake/cmake)
[1.110s] -- Found Python3: /usr/bin/python3 (found version "3.10.12") found components: Interpreter 
[1.442s] -- Found dynamixel_sdk: 3.8.4 (/ws_slam/install/dynamixel_sdk/share/dynamixel_sdk/cmake)
[1.451s] -- Found geometry_msgs: 4.8.0 (/opt/ros/humble/share/geometry_msgs/cmake)
[1.611s] -- Found rosidl_generator_c: 3.1.6 (/opt/ros/humble/share/rosidl_generator_c/cmake)
[1.638s] -- Found rosidl_adapter: 3.1.6 (/opt/ros/humble/share/rosidl_adapter/cmake)
[1.667s] -- Found rosidl_generator_cpp: 3.1.6 (/opt/ros/humble/share/rosidl_generator_cpp/cmake)
[1.715s] -- Using all available rosidl_typesupport_c: rosidl_typesupport_fastrtps_c;rosidl_typesupport_introspection_c
[1.762s] -- Using all available rosidl_typesupport_cpp: rosidl_typesupport_fastrtps_cpp;rosidl_typesupport_introspection_cpp
[2.044s] -- Found message_filters: 4.3.7 (/opt/ros/humble/share/message_filters/cmake)
[2.281s] -- Found rmw_implementation_cmake: 6.1.2 (/opt/ros/humble/share/rmw_implementation_cmake/cmake)
[2.289s] -- Found rmw_fastrtps_cpp: 6.2.7 (/opt/ros/humble/share/rmw_fastrtps_cpp/cmake)
[2.543s] -- Found OpenSSL: /usr/lib/x86_64-linux-gnu/libcrypto.so (found version "3.0.2")  
[2.654s] -- Found FastRTPS: /opt/ros/humble/include  
[2.801s] -- Using RMW implementation 'rmw_fastrtps_cpp' as default
[2.852s] -- Looking for pthread.h
[3.121s] -- Looking for pthread.h - found
[3.121s] -- Performing Test CMAKE_HAVE_LIBC_PTHREAD
[3.280s] -- Performing Test CMAKE_HAVE_LIBC_PTHREAD - Success
[3.282s] -- Found Threads: TRUE  
[3.418s] -- Found nav_msgs: 4.8.0 (/opt/ros/humble/share/nav_msgs/cmake)
[3.454s] -- Found sensor_msgs: 4.8.0 (/opt/ros/humble/share/sensor_msgs/cmake)
[3.510s] -- Found std_srvs: 4.8.0 (/opt/ros/humble/share/std_srvs/cmake)
[3.554s] -- Found tf2: 0.25.12 (/opt/ros/humble/share/tf2/cmake)
[3.599s] -- Found tf2_ros: 0.25.12 (/opt/ros/humble/share/tf2_ros/cmake)
[3.847s] -- Found turtlebot3_msgs: 2.4.0 (/ws_slam/install/turtlebot3_msgs/share/turtlebot3_msgs/cmake)
[4.095s] -- Configuring done
[4.131s] -- Generating done
[4.147s] -- Build files have been written to: /ws_slam/build/turtlebot3_node
[4.169s] Invoked command in '/ws_slam/build/turtlebot3_node' returned '0': AMENT_PREFIX_PATH=/ws_slam/install/turtlebot3_msgs:/ws_slam/install/dynamixel_sdk:${AMENT_PREFIX_PATH} CMAKE_PREFIX_PATH=/ws_slam/install/turtlebot3_msgs:/ws_slam/install/dynamixel_sdk:/opt/ros/humble LD_LIBRARY_PATH=/ws_slam/install/turtlebot3_msgs/lib:/ws_slam/install/dynamixel_sdk/lib:/usr/lib/x86_64-linux-gnu/gazebo-11/plugins:/opt/ros/humble/opt/rviz_ogre_vendor/lib:/opt/ros/humble/lib/x86_64-linux-gnu:/opt/ros/humble/lib:/usr/lib/x86_64-linux-gnu/gazebo-11/plugins PYTHONPATH=/ws_slam/install/turtlebot3_msgs/local/lib/python3.10/dist-packages:/ws_slam/install/dynamixel_sdk/local/lib/python3.10/dist-packages:${PYTHONPATH} /usr/bin/cmake /ws_slam/src/turtlebot3/turtlebot3_node -DCMAKE_INSTALL_PREFIX=/ws_slam/install/turtlebot3_node
[4.173s] Invoking command in '/ws_slam/build/turtlebot3_node': AMENT_PREFIX_PATH=/ws_slam/install/turtlebot3_msgs:/ws_slam/install/dynamixel_sdk:${AMENT_PREFIX_PATH} CMAKE_PREFIX_PATH=/ws_slam/install/turtlebot3_msgs:/ws_slam/install/dynamixel_sdk:/opt/ros/humble LD_LIBRARY_PATH=/ws_slam/install/turtlebot3_msgs/lib:/ws_slam/install/dynamixel_sdk/lib:/usr/lib/x86_64-linux-gnu/gazebo-11/plugins:/opt/ros/humble/opt/rviz_ogre_vendor/lib:/opt/ros/humble/lib/x86_64-linux-gnu:/opt/ros/humble/lib:/usr/lib/x86_64-linux-gnu/gazebo-11/plugins PYTHONPATH=/ws_slam/install/turtlebot3_msgs/local/lib/python3.10/dist-packages:/ws_slam/install/dynamixel_sdk/local/lib/python3.10/dist-packages:${PYTHONPATH} /usr/bin/cmake --build /ws_slam/build/turtlebot3_node -- -j12 -l12
[4.283s] [  7%] [32mBuilding CXX object CMakeFiles/turtlebot3_node_lib.dir/src/devices/reset.cpp.o[0m
[4.292s] [ 21%] [32mBuilding CXX object CMakeFiles/turtlebot3_node_lib.dir/src/devices/sound.cpp.o[0m
[4.292s] [ 21%] [32mBuilding CXX object CMakeFiles/turtlebot3_node_lib.dir/src/diff_drive_controller.cpp.o[0m
[4.301s] [ 28%] [32mBuilding CXX object CMakeFiles/turtlebot3_node_lib.dir/src/devices/motor_power.cpp.o[0m
[4.315s] [ 35%] [32mBuilding CXX object CMakeFiles/turtlebot3_node_lib.dir/src/dynamixel_sdk_wrapper.cpp.o[0m
[4.319s] [ 42%] [32mBuilding CXX object CMakeFiles/turtlebot3_node_lib.dir/src/sensors/imu.cpp.o[0m
[4.320s] [ 50%] [32mBuilding CXX object CMakeFiles/turtlebot3_node_lib.dir/src/turtlebot3.cpp.o[0m
[4.323s] [ 57%] [32mBuilding CXX object CMakeFiles/turtlebot3_node_lib.dir/src/sensors/battery_state.cpp.o[0m
[4.329s] [ 64%] [32mBuilding CXX object CMakeFiles/turtlebot3_node_lib.dir/src/sensors/sensor_state.cpp.o[0m
[4.338s] [ 71%] [32mBuilding CXX object CMakeFiles/turtlebot3_node_lib.dir/src/odometry.cpp.o[0m
[4.356s] [ 78%] [32mBuilding CXX object CMakeFiles/turtlebot3_node_lib.dir/src/sensors/joint_state.cpp.o[0m
[81.549s] [ 85%] [32m[1mLinking CXX static library libturtlebot3_node_lib.a[0m
[82.837s] [ 85%] Built target turtlebot3_node_lib
[82.878s] [ 92%] [32mBuilding CXX object CMakeFiles/turtlebot3_ros.dir/src/node_main.cpp.o[0m
[91.661s] [100%] [32m[1mLinking CXX executable turtlebot3_ros[0m
[95.535s] [100%] Built target turtlebot3_ros
[95.548s] Invoked command in '/ws_slam/build/turtlebot3_node' returned '0': AMENT_PREFIX_PATH=/ws_slam/install/turtlebot3_msgs:/ws_slam/install/dynamixel_sdk:${AMENT_PREFIX_PATH} CMAKE_PREFIX_PATH=/ws_slam/install/turtlebot3_msgs:/ws_slam/install/dynamixel_sdk:/opt/ros/humble LD_LIBRARY_PATH=/ws_slam/install/turtlebot3_msgs/lib:/ws_slam/install/dynamixel_sdk/lib:/usr/lib/x86_64-linux-gnu/gazebo-11/plugins:/opt/ros/humble/opt/rviz_ogre_vendor/lib:/opt/ros/humble/lib/x86_64-linux-gnu:/opt/ros/humble/lib:/usr/lib/x86_64-linux-gnu/gazebo-11/plugins PYTHONPATH=/ws_slam/install/turtlebot3_msgs/local/lib/python3.10/dist-packages:/ws_slam/install/dynamixel_sdk/local/lib/python3.10/dist-packages:${PYTHONPATH} /usr/bin/cmake --build /ws_slam/build/turtlebot3_node -- -j12 -l12
[95.551s] Invoking command in '/ws_slam/build/turtlebot3_node': AMENT_PREFIX_PATH=/ws_slam/install/turtlebot3_msgs:/ws_slam/install/dynamixel_sdk:${AMENT_PREFIX_PATH} CMAKE_PREFIX_PATH=/ws_slam/install/turtlebot3_msgs:/ws_slam/install/dynamixel_sdk:/opt/ros/humble LD_LIBRARY_PATH=/ws_slam/install/turtlebot3_msgs/lib:/ws_slam/install/dynamixel_sdk/lib:/usr/lib/x86_64-linux-gnu/gazebo-11/plugins:/opt/ros/humble/opt/rviz_ogre_vendor/lib:/opt/ros/humble/lib/x86_64-linux-gnu:/opt/ros/humble/lib:/usr/lib/x86_64-linux-gnu/gazebo-11/plugins PYTHONPATH=/ws_slam/install/turtlebot3_msgs/local/lib/python3.10/dist-packages:/ws_slam/install/dynamixel_sdk/local/lib/python3.10/dist-packages:${PYTHONPATH} /usr/bin/cmake --install /ws_slam/build/turtlebot3_node
[95.563s] -- Install configuration: ""
[95.563s] -- Installing: /ws_slam/install/turtlebot3_node/share/turtlebot3_node/param
[95.563s] -- Installing: /ws_slam/install/turtlebot3_node/share/turtlebot3_node/param/waffle.yaml
[95.564s] -- Installing: /ws_slam/install/turtlebot3_node/share/turtlebot3_node/param/waffle_pi.yaml
[95.564s] -- Installing: /ws_slam/install/turtlebot3_node/share/turtlebot3_node/param/burger.yaml
[95.565s] -- Installing: /ws_slam/install/turtlebot3_node/lib/turtlebot3_node/turtlebot3_ros
[95.592s] -- Set runtime path of "/ws_slam/install/turtlebot3_node/lib/turtlebot3_node/turtlebot3_ros" to ""
[95.593s] -- Installing: /ws_slam/install/turtlebot3_node/share/ament_index/resource_index/package_run_dependencies/turtlebot3_node
[95.593s] -- Installing: /ws_slam/install/turtlebot3_node/share/ament_index/resource_index/parent_prefix_path/turtlebot3_node
[95.594s] -- Installing: /ws_slam/install/turtlebot3_node/share/turtlebot3_node/environment/ament_prefix_path.sh
[95.594s] -- Installing: /ws_slam/install/turtlebot3_node/share/turtlebot3_node/environment/ament_prefix_path.dsv
[95.594s] -- Installing: /ws_slam/install/turtlebot3_node/share/turtlebot3_node/environment/path.sh
[95.595s] -- Installing: /ws_slam/install/turtlebot3_node/share/turtlebot3_node/environment/path.dsv
[95.595s] -- Installing: /ws_slam/install/turtlebot3_node/share/turtlebot3_node/local_setup.bash
[95.595s] -- Installing: /ws_slam/install/turtlebot3_node/share/turtlebot3_node/local_setup.sh
[95.595s] -- Installing: /ws_slam/install/turtlebot3_node/share/turtlebot3_node/local_setup.zsh
[95.596s] -- Installing: /ws_slam/install/turtlebot3_node/share/turtlebot3_node/local_setup.dsv
[95.596s] -- Installing: /ws_slam/install/turtlebot3_node/share/turtlebot3_node/package.dsv
[95.596s] -- Installing: /ws_slam/install/turtlebot3_node/share/ament_index/resource_index/packages/turtlebot3_node
[95.597s] -- Installing: /ws_slam/install/turtlebot3_node/share/turtlebot3_node/cmake/ament_cmake_export_dependencies-extras.cmake
[95.597s] -- Installing: /ws_slam/install/turtlebot3_node/share/turtlebot3_node/cmake/ament_cmake_export_include_directories-extras.cmake
[95.598s] -- Installing: /ws_slam/install/turtlebot3_node/share/turtlebot3_node/cmake/turtlebot3_nodeConfig.cmake
[95.598s] -- Installing: /ws_slam/install/turtlebot3_node/share/turtlebot3_node/cmake/turtlebot3_nodeConfig-version.cmake
[95.598s] -- Installing: /ws_slam/install/turtlebot3_node/share/turtlebot3_node/package.xml
[95.602s] Invoked command in '/ws_slam/build/turtlebot3_node' returned '0': AMENT_PREFIX_PATH=/ws_slam/install/turtlebot3_msgs:/ws_slam/install/dynamixel_sdk:${AMENT_PREFIX_PATH} CMAKE_PREFIX_PATH=/ws_slam/install/turtlebot3_msgs:/ws_slam/install/dynamixel_sdk:/opt/ros/humble LD_LIBRARY_PATH=/ws_slam/install/turtlebot3_msgs/lib:/ws_slam/install/dynamixel_sdk/lib:/usr/lib/x86_64-linux-gnu/gazebo-11/plugins:/opt/ros/humble/opt/rviz_ogre_vendor/lib:/opt/ros/humble/lib/x86_64-linux-gnu:/opt/ros/humble/lib:/usr/lib/x86_64-linux-gnu/gazebo-11/plugins PYTHONPATH=/ws_slam/install/turtlebot3_msgs/local/lib/python3.10/dist-packages:/ws_slam/install/dynamixel_sdk/local/lib/python3.10/dist-packages:${PYTHONPATH} /usr/bin/cmake --install /ws_slam/build/turtlebot3_node
