[0.016s] Invoking command in '/ws_moveit/build/ur_robot_driver': AMENT_PREFIX_PATH=/ws_moveit/install/ur_controllers:/ws_moveit/install/ur_description:/ws_moveit/install/ur_dashboard_msgs:${AMENT_PREFIX_PATH} CMAKE_PREFIX_PATH=/ws_moveit/install/ur_controllers:/ws_moveit/install/ur_description:/ws_moveit/install/ur_dashboard_msgs:/opt/ros/humble LD_LIBRARY_PATH=/ws_moveit/install/ur_controllers/lib:/ws_moveit/install/ur_dashboard_msgs/lib:${LD_LIBRARY_PATH} PYTHONPATH=/ws_moveit/install/ur_dashboard_msgs/local/lib/python3.10/dist-packages:${PYTHONPATH} /usr/bin/cmake /ws_moveit/src/Universal_Robots_ROS2_Driver/ur_robot_driver -DCMAKE_BUILD_TYPE=Release -DCMAKE_INSTALL_PREFIX=/ws_moveit/install/ur_robot_driver
[0.087s] -- The C compiler identification is GNU 11.4.0
[0.160s] -- The CXX compiler identification is GNU 11.4.0
[0.171s] -- Detecting C compiler ABI info
[0.250s] -- Detecting C compiler ABI info - done
[0.256s] -- Check for working C compiler: /usr/bin/cc - skipped
[0.256s] -- Detecting C compile features
[0.256s] -- Detecting C compile features - done
[0.259s] -- Detecting CXX compiler ABI info
[0.342s] -- Detecting CXX compiler ABI info - done
[0.353s] -- Check for working CXX compiler: /usr/bin/c++ - skipped
[0.353s] -- Detecting CXX compile features
[0.354s] -- Detecting CXX compile features - done
[0.359s] -- Found ament_cmake: 1.3.11 (/opt/ros/humble/share/ament_cmake/cmake)
[0.591s] -- Found Python3: /usr/bin/python3 (found version "3.10.12") found components: Interpreter 
[0.791s] -- Found controller_manager: 2.50.0 (/opt/ros/humble/share/controller_manager/cmake)
[0.861s] -- Found rosidl_generator_c: 3.1.6 (/opt/ros/humble/share/rosidl_generator_c/cmake)
[0.869s] -- Found rosidl_adapter: 3.1.6 (/opt/ros/humble/share/rosidl_adapter/cmake)
[0.881s] -- Found rosidl_generator_cpp: 3.1.6 (/opt/ros/humble/share/rosidl_generator_cpp/cmake)
[0.897s] -- Using all available rosidl_typesupport_c: rosidl_typesupport_fastrtps_c;rosidl_typesupport_introspection_c
[0.918s] -- Using all available rosidl_typesupport_cpp: rosidl_typesupport_fastrtps_cpp;rosidl_typesupport_introspection_cpp
[1.163s] -- Found rmw_implementation_cmake: 6.1.2 (/opt/ros/humble/share/rmw_implementation_cmake/cmake)
[1.167s] -- Found rmw_fastrtps_cpp: 6.2.7 (/opt/ros/humble/share/rmw_fastrtps_cpp/cmake)
[1.195s] -- Found TinyXML2 via Config file: TinyXML2_DIR-NOTFOUND
[1.269s] -- Found OpenSSL: /usr/lib/x86_64-linux-gnu/libcrypto.so (found version "3.0.2")  
[1.272s] -- Found TinyXML2 via Config file: TinyXML2_DIR-NOTFOUND
[1.289s] -- Found FastRTPS: /opt/ros/humble/include  
[1.292s] -- Found TinyXML2 via Config file: TinyXML2_DIR-NOTFOUND
[1.300s] -- Found TinyXML2 via Config file: TinyXML2_DIR-NOTFOUND
[1.311s] -- Using RMW implementation 'rmw_fastrtps_cpp' as default
[1.320s] -- Looking for pthread.h
[1.415s] -- Looking for pthread.h - found
[1.416s] -- Performing Test CMAKE_HAVE_LIBC_PTHREAD
[1.513s] -- Performing Test CMAKE_HAVE_LIBC_PTHREAD - Success
[1.514s] -- Found Threads: TRUE  
[1.582s] -- Found rclpy: 3.3.16 (/opt/ros/humble/share/rclpy/cmake)
[1.583s] -- Found std_srvs: 4.8.0 (/opt/ros/humble/share/std_srvs/cmake)
[1.591s] -- Found tf2_geometry_msgs: 0.25.12 (/opt/ros/humble/share/tf2_geometry_msgs/cmake)
[1.604s] -- Found eigen3_cmake_module: 0.1.1 (/opt/ros/humble/share/eigen3_cmake_module/cmake)
[1.605s] -- Found Eigen3: TRUE (found version "3.4.0") 
[1.606s] -- Ensuring Eigen3 include directory is part of orocos-kdl CMake target
[1.653s] -- Found ur_dashboard_msgs: 2.8.0 (/ws_moveit/install/ur_dashboard_msgs/share/ur_dashboard_msgs/cmake)
[1.665s] -- Found ur_msgs: 2.2.0 (/opt/ros/humble/share/ur_msgs/cmake)
[1.877s] -- Found ur_controllers: 2.8.0 (/ws_moveit/install/ur_controllers/share/ur_controllers/cmake)
[1.962s] -- Found ur_description: 2.6.0 (/ws_moveit/install/ur_description/share/ur_description/cmake)
[1.964s] -- Found launch_testing_ament_cmake: 1.0.8 (/opt/ros/humble/share/launch_testing_ament_cmake/cmake)
[1.967s] -- Found python_cmake_module: 0.10.0 (/opt/ros/humble/share/python_cmake_module/cmake)
[1.982s] -- Found PythonInterp: /usr/bin/python3 (found suitable version "3.10.12", minimum required is "3.6") 
[1.985s] -- Found PythonLibs: /usr/lib/x86_64-linux-gnu/libpython3.10.so (found suitable version "3.10.12", minimum required is "3.5") 
[1.985s] -- Using PYTHON_EXECUTABLE: /usr/bin/python3
[1.985s] -- Using PYTHON_INCLUDE_DIRS: /usr/include/python3.10
[1.985s] -- Using PYTHON_LIBRARIES: /usr/lib/x86_64-linux-gnu/libpython3.10.so
[2.003s] -- Found PythonExtra: .so  
[2.004s] -- Configuring done
[2.102s] -- Generating done
[2.118s] -- Build files have been written to: /ws_moveit/build/ur_robot_driver
[2.128s] Invoked command in '/ws_moveit/build/ur_robot_driver' returned '0': AMENT_PREFIX_PATH=/ws_moveit/install/ur_controllers:/ws_moveit/install/ur_description:/ws_moveit/install/ur_dashboard_msgs:${AMENT_PREFIX_PATH} CMAKE_PREFIX_PATH=/ws_moveit/install/ur_controllers:/ws_moveit/install/ur_description:/ws_moveit/install/ur_dashboard_msgs:/opt/ros/humble LD_LIBRARY_PATH=/ws_moveit/install/ur_controllers/lib:/ws_moveit/install/ur_dashboard_msgs/lib:${LD_LIBRARY_PATH} PYTHONPATH=/ws_moveit/install/ur_dashboard_msgs/local/lib/python3.10/dist-packages:${PYTHONPATH} /usr/bin/cmake /ws_moveit/src/Universal_Robots_ROS2_Driver/ur_robot_driver -DCMAKE_BUILD_TYPE=Release -DCMAKE_INSTALL_PREFIX=/ws_moveit/install/ur_robot_driver
[2.129s] Invoking command in '/ws_moveit/build/ur_robot_driver': AMENT_PREFIX_PATH=/ws_moveit/install/ur_controllers:/ws_moveit/install/ur_description:/ws_moveit/install/ur_dashboard_msgs:${AMENT_PREFIX_PATH} CMAKE_PREFIX_PATH=/ws_moveit/install/ur_controllers:/ws_moveit/install/ur_description:/ws_moveit/install/ur_dashboard_msgs:/opt/ros/humble LD_LIBRARY_PATH=/ws_moveit/install/ur_controllers/lib:/ws_moveit/install/ur_dashboard_msgs/lib:${LD_LIBRARY_PATH} PYTHONPATH=/ws_moveit/install/ur_dashboard_msgs/local/lib/python3.10/dist-packages:${PYTHONPATH} /usr/bin/cmake --build /ws_moveit/build/ur_robot_driver -- -j12 -l12
[2.188s] [  5%] [32mBuilding CXX object CMakeFiles/dashboard_client.dir/src/dashboard_client_ros.cpp.o[0m
[2.188s] [ 15%] [32mBuilding CXX object CMakeFiles/dashboard_client.dir/src/urcl_log_handler.cpp.o[0m
[2.188s] [ 15%] [32mBuilding CXX object CMakeFiles/dashboard_client.dir/src/dashboard_client_node.cpp.o[0m
[2.191s] [ 30%] [32mBuilding CXX object CMakeFiles/ur_robot_driver_plugin.dir/src/hardware_interface.cpp.o[0m
[2.191s] [ 30%] [32mBuilding CXX object CMakeFiles/ur_robot_driver_plugin.dir/src/urcl_log_handler.cpp.o[0m
[2.191s] [ 30%] [32mBuilding CXX object CMakeFiles/ur_robot_driver_plugin.dir/src/dashboard_client_ros.cpp.o[0m
[2.193s] [ 40%] [32mBuilding CXX object CMakeFiles/controller_stopper_node.dir/src/controller_stopper.cpp.o[0m
[2.195s] [ 40%] [32mBuilding CXX object CMakeFiles/robot_state_helper.dir/src/robot_state_helper.cpp.o[0m
[2.197s] [ 45%] [32mBuilding CXX object CMakeFiles/ur_robot_driver_plugin.dir/src/robot_state_helper.cpp.o[0m
[2.197s] [ 50%] [32mBuilding CXX object CMakeFiles/urscript_interface.dir/src/urscript_interface.cpp.o[0m
[2.205s] [ 55%] [32mBuilding CXX object CMakeFiles/ur_ros2_control_node.dir/src/ur_ros2_control_node.cpp.o[0m
[2.216s] [ 55%] Built target ament_cmake_python_copy_ur_robot_driver
[2.230s] [ 60%] [32mBuilding CXX object CMakeFiles/controller_stopper_node.dir/src/controller_stopper_node.cpp.o[0m
[4.180s] [ 65%] [32mBuilding CXX object CMakeFiles/robot_state_helper.dir/src/robot_state_helper_node.cpp.o[0m
[4.626s] [ 70%] [32mBuilding CXX object CMakeFiles/robot_state_helper.dir/src/urcl_log_handler.cpp.o[0m
[7.117s] running egg_info
[7.117s] creating ur_robot_driver.egg-info
[7.118s] writing ur_robot_driver.egg-info/PKG-INFO
[7.118s] writing dependency_links to ur_robot_driver.egg-info/dependency_links.txt
[7.118s] writing top-level names to ur_robot_driver.egg-info/top_level.txt
[7.120s] writing manifest file 'ur_robot_driver.egg-info/SOURCES.txt'
[7.124s] reading manifest file 'ur_robot_driver.egg-info/SOURCES.txt'
[7.129s] writing manifest file 'ur_robot_driver.egg-info/SOURCES.txt'
[7.208s] [ 70%] Built target ament_cmake_python_build_ur_robot_driver_egg
[17.494s] [ 75%] [32m[1mLinking CXX executable ur_ros2_control_node[0m
[18.078s] [ 75%] Built target ur_ros2_control_node
[28.383s] [ 80%] [32m[1mLinking CXX executable urscript_interface[0m
[28.765s] [ 80%] Built target urscript_interface
[31.790s] [ 85%] [32m[1mLinking CXX executable controller_stopper_node[0m
[32.278s] [ 85%] Built target controller_stopper_node
[36.507s] [ 90%] [32m[1mLinking CXX executable dashboard_client[0m
[36.895s] [ 90%] Built target dashboard_client
[39.244s] [ 95%] [32m[1mLinking CXX executable robot_state_helper[0m
[39.529s] [ 95%] Built target robot_state_helper
[41.071s] [100%] [32m[1mLinking CXX shared library libur_robot_driver_plugin.so[0m
[41.354s] [100%] Built target ur_robot_driver_plugin
[41.365s] Invoked command in '/ws_moveit/build/ur_robot_driver' returned '0': AMENT_PREFIX_PATH=/ws_moveit/install/ur_controllers:/ws_moveit/install/ur_description:/ws_moveit/install/ur_dashboard_msgs:${AMENT_PREFIX_PATH} CMAKE_PREFIX_PATH=/ws_moveit/install/ur_controllers:/ws_moveit/install/ur_description:/ws_moveit/install/ur_dashboard_msgs:/opt/ros/humble LD_LIBRARY_PATH=/ws_moveit/install/ur_controllers/lib:/ws_moveit/install/ur_dashboard_msgs/lib:${LD_LIBRARY_PATH} PYTHONPATH=/ws_moveit/install/ur_dashboard_msgs/local/lib/python3.10/dist-packages:${PYTHONPATH} /usr/bin/cmake --build /ws_moveit/build/ur_robot_driver -- -j12 -l12
[41.366s] Invoking command in '/ws_moveit/build/ur_robot_driver': AMENT_PREFIX_PATH=/ws_moveit/install/ur_controllers:/ws_moveit/install/ur_description:/ws_moveit/install/ur_dashboard_msgs:${AMENT_PREFIX_PATH} CMAKE_PREFIX_PATH=/ws_moveit/install/ur_controllers:/ws_moveit/install/ur_description:/ws_moveit/install/ur_dashboard_msgs:/opt/ros/humble LD_LIBRARY_PATH=/ws_moveit/install/ur_controllers/lib:/ws_moveit/install/ur_dashboard_msgs/lib:${LD_LIBRARY_PATH} PYTHONPATH=/ws_moveit/install/ur_dashboard_msgs/local/lib/python3.10/dist-packages:${PYTHONPATH} /usr/bin/cmake --install /ws_moveit/build/ur_robot_driver
[41.373s] -- Install configuration: "Release"
[41.373s] -- Installing: /ws_moveit/install/ur_robot_driver/share/ur_robot_driver/hardware_interface_plugin.xml
[41.373s] -- Installing: /ws_moveit/install/ur_robot_driver/lib/ur_robot_driver/dashboard_client
[41.374s] -- Set runtime path of "/ws_moveit/install/ur_robot_driver/lib/ur_robot_driver/dashboard_client" to ""
[41.374s] -- Installing: /ws_moveit/install/ur_robot_driver/lib/ur_robot_driver/ur_ros2_control_node
[41.374s] -- Set runtime path of "/ws_moveit/install/ur_robot_driver/lib/ur_robot_driver/ur_ros2_control_node" to ""
[41.374s] -- Installing: /ws_moveit/install/ur_robot_driver/lib/ur_robot_driver/controller_stopper_node
[41.375s] -- Set runtime path of "/ws_moveit/install/ur_robot_driver/lib/ur_robot_driver/controller_stopper_node" to ""
[41.375s] -- Installing: /ws_moveit/install/ur_robot_driver/lib/ur_robot_driver/urscript_interface
[41.375s] -- Set runtime path of "/ws_moveit/install/ur_robot_driver/lib/ur_robot_driver/urscript_interface" to ""
[41.375s] -- Installing: /ws_moveit/install/ur_robot_driver/lib/ur_robot_driver/robot_state_helper
[41.376s] -- Set runtime path of "/ws_moveit/install/ur_robot_driver/lib/ur_robot_driver/robot_state_helper" to ""
[41.376s] -- Installing: /ws_moveit/install/ur_robot_driver/lib/libur_robot_driver_plugin.so
[41.378s] -- Set runtime path of "/ws_moveit/install/ur_robot_driver/lib/libur_robot_driver_plugin.so" to ""
[41.378s] -- Installing: /ws_moveit/install/ur_robot_driver/include
[41.378s] -- Installing: /ws_moveit/install/ur_robot_driver/include/ur_robot_driver
[41.379s] -- Installing: /ws_moveit/install/ur_robot_driver/include/ur_robot_driver/controller_stopper.hpp
[41.379s] -- Installing: /ws_moveit/install/ur_robot_driver/include/ur_robot_driver/urcl_log_handler.hpp
[41.379s] -- Installing: /ws_moveit/install/ur_robot_driver/include/ur_robot_driver/dashboard_client_ros.hpp
[41.379s] -- Installing: /ws_moveit/install/ur_robot_driver/include/ur_robot_driver/robot_state_helper.hpp
[41.379s] -- Installing: /ws_moveit/install/ur_robot_driver/include/ur_robot_driver/hardware_interface.hpp
[41.379s] -- Installing: /ws_moveit/install/ur_robot_driver/share/ur_robot_driver/environment/library_path.sh
[41.379s] -- Installing: /ws_moveit/install/ur_robot_driver/share/ur_robot_driver/environment/library_path.dsv
[41.379s] -- Installing: /ws_moveit/install/ur_robot_driver/share/ur_robot_driver/resources
[41.379s] -- Installing: /ws_moveit/install/ur_robot_driver/share/ur_robot_driver/resources/rs485-1.0.urcap
[41.379s] -- Installing: /ws_moveit/install/ur_robot_driver/share/ur_robot_driver/resources/externalcontrol-1.0.5.urcap
[41.379s] -- Installing: /ws_moveit/install/ur_robot_driver/share/ur_robot_driver/resources/ros_control.urscript
[41.379s] -- Installing: /ws_moveit/install/ur_robot_driver/share/ur_robot_driver/resources/rtde_output_recipe.txt
[41.379s] -- Installing: /ws_moveit/install/ur_robot_driver/share/ur_robot_driver/resources/rtde_input_recipe.txt
[41.379s] -- Up-to-date: /ws_moveit/install/ur_robot_driver/include
[41.379s] -- Up-to-date: /ws_moveit/install/ur_robot_driver/include/ur_robot_driver
[41.380s] -- Up-to-date: /ws_moveit/install/ur_robot_driver/include/ur_robot_driver/controller_stopper.hpp
[41.380s] -- Up-to-date: /ws_moveit/install/ur_robot_driver/include/ur_robot_driver/urcl_log_handler.hpp
[41.380s] -- Up-to-date: /ws_moveit/install/ur_robot_driver/include/ur_robot_driver/dashboard_client_ros.hpp
[41.380s] -- Up-to-date: /ws_moveit/install/ur_robot_driver/include/ur_robot_driver/robot_state_helper.hpp
[41.380s] -- Up-to-date: /ws_moveit/install/ur_robot_driver/include/ur_robot_driver/hardware_interface.hpp
[41.380s] -- Installing: /ws_moveit/install/ur_robot_driver/share/ur_robot_driver/environment/pythonpath.sh
[41.380s] -- Installing: /ws_moveit/install/ur_robot_driver/share/ur_robot_driver/environment/pythonpath.dsv
[41.380s] -- Installing: /ws_moveit/install/ur_robot_driver/local/lib/python3.10/dist-packages/ur_robot_driver-2.8.0-py3.10.egg-info
[41.380s] -- Installing: /ws_moveit/install/ur_robot_driver/local/lib/python3.10/dist-packages/ur_robot_driver-2.8.0-py3.10.egg-info/top_level.txt
[41.380s] -- Installing: /ws_moveit/install/ur_robot_driver/local/lib/python3.10/dist-packages/ur_robot_driver-2.8.0-py3.10.egg-info/dependency_links.txt
[41.380s] -- Installing: /ws_moveit/install/ur_robot_driver/local/lib/python3.10/dist-packages/ur_robot_driver-2.8.0-py3.10.egg-info/SOURCES.txt
[41.380s] -- Installing: /ws_moveit/install/ur_robot_driver/local/lib/python3.10/dist-packages/ur_robot_driver-2.8.0-py3.10.egg-info/PKG-INFO
[41.380s] -- Installing: /ws_moveit/install/ur_robot_driver/local/lib/python3.10/dist-packages/ur_robot_driver
[41.380s] -- Installing: /ws_moveit/install/ur_robot_driver/local/lib/python3.10/dist-packages/ur_robot_driver/__init__.py
[41.403s] Listing '/ws_moveit/install/ur_robot_driver/local/lib/python3.10/dist-packages/ur_robot_driver'...
[41.403s] Compiling '/ws_moveit/install/ur_robot_driver/local/lib/python3.10/dist-packages/ur_robot_driver/__init__.py'...
[41.406s] -- Installing: /ws_moveit/install/ur_robot_driver/lib/ur_robot_driver/tool_communication.py
[41.406s] -- Installing: /ws_moveit/install/ur_robot_driver/lib/ur_robot_driver/example_move.py
[41.406s] -- Installing: /ws_moveit/install/ur_robot_driver/lib/ur_robot_driver/start_ursim.sh
[41.406s] -- Installing: /ws_moveit/install/ur_robot_driver/lib/ur_robot_driver/examples.py
[41.407s] -- Installing: /ws_moveit/install/ur_robot_driver/lib/ur_robot_driver/force_mode.py
[41.407s] -- Installing: /ws_moveit/install/ur_robot_driver/bin/wait_dashboard_server.sh
[41.407s] -- Up-to-date: /ws_moveit/install/ur_robot_driver/lib/ur_robot_driver/start_ursim.sh
[41.407s] -- Installing: /ws_moveit/install/ur_robot_driver/share/ur_robot_driver/config
[41.407s] -- Installing: /ws_moveit/install/ur_robot_driver/share/ur_robot_driver/config/ur3e_update_rate.yaml
[41.407s] -- Installing: /ws_moveit/install/ur_robot_driver/share/ur_robot_driver/config/ur10_update_rate.yaml
[41.407s] -- Installing: /ws_moveit/install/ur_robot_driver/share/ur_robot_driver/config/ur_controllers.yaml
[41.407s] -- Installing: /ws_moveit/install/ur_robot_driver/share/ur_robot_driver/config/ur10e_update_rate.yaml
[41.407s] -- Installing: /ws_moveit/install/ur_robot_driver/share/ur_robot_driver/config/ur5_update_rate.yaml
[41.407s] -- Installing: /ws_moveit/install/ur_robot_driver/share/ur_robot_driver/config/ur3_update_rate.yaml
[41.407s] -- Installing: /ws_moveit/install/ur_robot_driver/share/ur_robot_driver/config/ur20_update_rate.yaml
[41.407s] -- Installing: /ws_moveit/install/ur_robot_driver/share/ur_robot_driver/config/test_velocity_goal_publishers_config.yaml
[41.408s] -- Installing: /ws_moveit/install/ur_robot_driver/share/ur_robot_driver/config/ur30_update_rate.yaml
[41.408s] -- Installing: /ws_moveit/install/ur_robot_driver/share/ur_robot_driver/config/ur5e_update_rate.yaml
[41.408s] -- Installing: /ws_moveit/install/ur_robot_driver/share/ur_robot_driver/config/ur16e_update_rate.yaml
[41.408s] -- Installing: /ws_moveit/install/ur_robot_driver/share/ur_robot_driver/config/test_goal_publishers_config.yaml
[41.408s] -- Installing: /ws_moveit/install/ur_robot_driver/share/ur_robot_driver/config/ur15_update_rate.yaml
[41.408s] -- Installing: /ws_moveit/install/ur_robot_driver/share/ur_robot_driver/launch
[41.408s] -- Installing: /ws_moveit/install/ur_robot_driver/share/ur_robot_driver/launch/ur3.launch.py
[41.408s] -- Installing: /ws_moveit/install/ur_robot_driver/share/ur_robot_driver/launch/ur16e.launch.py
[41.408s] -- Installing: /ws_moveit/install/ur_robot_driver/share/ur_robot_driver/launch/ur_control.launch.py
[41.408s] -- Installing: /ws_moveit/install/ur_robot_driver/share/ur_robot_driver/launch/test_forward_velocity_controller.launch.py
[41.408s] -- Installing: /ws_moveit/install/ur_robot_driver/share/ur_robot_driver/launch/ur5.launch.py
[41.408s] -- Installing: /ws_moveit/install/ur_robot_driver/share/ur_robot_driver/launch/test_joint_trajectory_controller.launch.py
[41.408s] -- Installing: /ws_moveit/install/ur_robot_driver/share/ur_robot_driver/launch/ur5e.launch.py
[41.408s] -- Installing: /ws_moveit/install/ur_robot_driver/share/ur_robot_driver/launch/ur20.launch.py
[41.409s] -- Installing: /ws_moveit/install/ur_robot_driver/share/ur_robot_driver/launch/ur10.launch.py
[41.409s] -- Installing: /ws_moveit/install/ur_robot_driver/share/ur_robot_driver/launch/ur3e.launch.py
[41.409s] -- Installing: /ws_moveit/install/ur_robot_driver/share/ur_robot_driver/launch/ur7e.launch.py
[41.409s] -- Installing: /ws_moveit/install/ur_robot_driver/share/ur_robot_driver/launch/ur30.launch.py
[41.409s] -- Installing: /ws_moveit/install/ur_robot_driver/share/ur_robot_driver/launch/test_scaled_joint_trajectory_controller.launch.py
[41.409s] -- Installing: /ws_moveit/install/ur_robot_driver/share/ur_robot_driver/launch/ur15.launch.py
[41.409s] -- Installing: /ws_moveit/install/ur_robot_driver/share/ur_robot_driver/launch/ur10e.launch.py
[41.409s] -- Installing: /ws_moveit/install/ur_robot_driver/share/ur_robot_driver/launch/ur_dashboard_client.launch.py
[41.409s] -- Installing: /ws_moveit/install/ur_robot_driver/share/ur_robot_driver/launch/ur12e.launch.py
[41.409s] -- Installing: /ws_moveit/install/ur_robot_driver/share/ament_index/resource_index/package_run_dependencies/ur_robot_driver
[41.409s] -- Installing: /ws_moveit/install/ur_robot_driver/share/ament_index/resource_index/parent_prefix_path/ur_robot_driver
[41.409s] -- Installing: /ws_moveit/install/ur_robot_driver/share/ur_robot_driver/environment/ament_prefix_path.sh
[41.409s] -- Installing: /ws_moveit/install/ur_robot_driver/share/ur_robot_driver/environment/ament_prefix_path.dsv
[41.409s] -- Installing: /ws_moveit/install/ur_robot_driver/share/ur_robot_driver/environment/path.sh
[41.409s] -- Installing: /ws_moveit/install/ur_robot_driver/share/ur_robot_driver/environment/path.dsv
[41.410s] -- Installing: /ws_moveit/install/ur_robot_driver/share/ur_robot_driver/local_setup.bash
[41.410s] -- Installing: /ws_moveit/install/ur_robot_driver/share/ur_robot_driver/local_setup.sh
[41.410s] -- Installing: /ws_moveit/install/ur_robot_driver/share/ur_robot_driver/local_setup.zsh
[41.410s] -- Installing: /ws_moveit/install/ur_robot_driver/share/ur_robot_driver/local_setup.dsv
[41.410s] -- Installing: /ws_moveit/install/ur_robot_driver/share/ur_robot_driver/package.dsv
[41.410s] -- Installing: /ws_moveit/install/ur_robot_driver/share/ament_index/resource_index/packages/ur_robot_driver
[41.410s] -- Installing: /ws_moveit/install/ur_robot_driver/share/ament_index/resource_index/hardware_interface__pluginlib__plugin/ur_robot_driver
[41.410s] -- Installing: /ws_moveit/install/ur_robot_driver/share/ur_robot_driver/cmake/ament_cmake_export_include_directories-extras.cmake
[41.410s] -- Installing: /ws_moveit/install/ur_robot_driver/share/ur_robot_driver/cmake/ament_cmake_export_libraries-extras.cmake
[41.410s] -- Installing: /ws_moveit/install/ur_robot_driver/share/ur_robot_driver/cmake/ament_cmake_export_dependencies-extras.cmake
[41.410s] -- Installing: /ws_moveit/install/ur_robot_driver/share/ur_robot_driver/cmake/ur_robot_driverConfig.cmake
[41.411s] -- Installing: /ws_moveit/install/ur_robot_driver/share/ur_robot_driver/cmake/ur_robot_driverConfig-version.cmake
[41.411s] -- Installing: /ws_moveit/install/ur_robot_driver/share/ur_robot_driver/package.xml
[41.411s] Invoked command in '/ws_moveit/build/ur_robot_driver' returned '0': AMENT_PREFIX_PATH=/ws_moveit/install/ur_controllers:/ws_moveit/install/ur_description:/ws_moveit/install/ur_dashboard_msgs:${AMENT_PREFIX_PATH} CMAKE_PREFIX_PATH=/ws_moveit/install/ur_controllers:/ws_moveit/install/ur_description:/ws_moveit/install/ur_dashboard_msgs:/opt/ros/humble LD_LIBRARY_PATH=/ws_moveit/install/ur_controllers/lib:/ws_moveit/install/ur_dashboard_msgs/lib:${LD_LIBRARY_PATH} PYTHONPATH=/ws_moveit/install/ur_dashboard_msgs/local/lib/python3.10/dist-packages:${PYTHONPATH} /usr/bin/cmake --install /ws_moveit/build/ur_robot_driver
