[0.015s] Invoking command in '/ws_moveit/build/ur_calibration': AMENT_PREFIX_PATH=/ws_moveit/install/ur_robot_driver:/ws_moveit/install/ur_controllers:/ws_moveit/install/ur_description:/ws_moveit/install/ur_dashboard_msgs:${AMENT_PREFIX_PATH} CMAKE_PREFIX_PATH=/ws_moveit/install/ur_robot_driver:/ws_moveit/install/ur_controllers:/ws_moveit/install/ur_description:/ws_moveit/install/ur_dashboard_msgs:/opt/ros/humble LD_LIBRARY_PATH=/ws_moveit/install/ur_robot_driver/lib:/ws_moveit/install/ur_controllers/lib:/ws_moveit/install/ur_dashboard_msgs/lib:${LD_LIBRARY_PATH} PATH=/ws_moveit/install/ur_robot_driver/bin:${PATH} PYTHONPATH=/ws_moveit/install/ur_robot_driver/local/lib/python3.10/dist-packages:/ws_moveit/install/ur_dashboard_msgs/local/lib/python3.10/dist-packages:${PYTHONPATH} /usr/bin/cmake /ws_moveit/src/Universal_Robots_ROS2_Driver/ur_calibration -DCMAKE_BUILD_TYPE=Release -DCMAKE_INSTALL_PREFIX=/ws_moveit/install/ur_calibration
[0.062s] -- The C compiler identification is GNU 11.4.0
[0.107s] -- The CXX compiler identification is GNU 11.4.0
[0.112s] -- Detecting C compiler ABI info
[0.175s] -- Detecting C compiler ABI info - done
[0.182s] -- Check for working C compiler: /usr/bin/cc - skipped
[0.182s] -- Detecting C compile features
[0.182s] -- Detecting C compile features - done
[0.184s] -- Detecting CXX compiler ABI info
[0.247s] -- Detecting CXX compiler ABI info - done
[0.252s] -- Check for working CXX compiler: /usr/bin/c++ - skipped
[0.252s] -- Detecting CXX compile features
[0.252s] -- Detecting CXX compile features - done
[0.255s] -- Found ament_cmake: 1.3.11 (/opt/ros/humble/share/ament_cmake/cmake)
[0.365s] -- Found Python3: /usr/bin/python3 (found version "3.10.12") found components: Interpreter 
[0.435s] -- Found rclcpp: 16.0.12 (/opt/ros/humble/share/rclcpp/cmake)
[0.469s] -- Found rosidl_generator_c: 3.1.6 (/opt/ros/humble/share/rosidl_generator_c/cmake)
[0.474s] -- Found rosidl_adapter: 3.1.6 (/opt/ros/humble/share/rosidl_adapter/cmake)
[0.480s] -- Found rosidl_generator_cpp: 3.1.6 (/opt/ros/humble/share/rosidl_generator_cpp/cmake)
[0.489s] -- Using all available rosidl_typesupport_c: rosidl_typesupport_fastrtps_c;rosidl_typesupport_introspection_c
[0.502s] -- Using all available rosidl_typesupport_cpp: rosidl_typesupport_fastrtps_cpp;rosidl_typesupport_introspection_cpp
[0.535s] -- Found rmw_implementation_cmake: 6.1.2 (/opt/ros/humble/share/rmw_implementation_cmake/cmake)
[0.538s] -- Found rmw_fastrtps_cpp: 6.2.7 (/opt/ros/humble/share/rmw_fastrtps_cpp/cmake)
[0.622s] -- Found OpenSSL: /usr/lib/x86_64-linux-gnu/libcrypto.so (found version "3.0.2")  
[0.647s] -- Found FastRTPS: /opt/ros/humble/include  
[0.688s] -- Using RMW implementation 'rmw_fastrtps_cpp' as default
[0.696s] -- Looking for pthread.h
[0.756s] -- Looking for pthread.h - found
[0.757s] -- Performing Test CMAKE_HAVE_LIBC_PTHREAD
[0.817s] -- Performing Test CMAKE_HAVE_LIBC_PTHREAD - Success
[0.818s] -- Found Threads: TRUE  
[0.852s] -- Found ur_robot_driver: 2.8.0 (/ws_moveit/install/ur_robot_driver/share/ur_robot_driver/cmake)
[1.017s] -- Found eigen3_cmake_module: 0.1.1 (/opt/ros/humble/share/eigen3_cmake_module/cmake)
[1.018s] -- Found Eigen3: TRUE (found version "3.4.0") 
[1.018s] -- Ensuring Eigen3 include directory is part of orocos-kdl CMake target
[1.085s] -- Found yaml_cpp_vendor: 8.0.2 (/opt/ros/humble/share/yaml_cpp_vendor/cmake)
[1.138s] -- Found ament_cmake_gmock: 1.3.11 (/opt/ros/humble/share/ament_cmake_gmock/cmake)
[1.140s] -- Found gmock sources under '/opt/ros/humble/src/gmock_vendor': C++ tests using 'Google Mock' will be built
[1.145s] -- Found ament_cmake_gtest: 1.3.11 (/opt/ros/humble/share/ament_cmake_gtest/cmake)
[1.146s] -- Found gtest sources under '/opt/ros/humble/src/gtest_vendor': C++ tests using 'Google Test' will be built
[1.190s] -- Configuring done
[1.246s] -- Generating done
[1.253s] -- Build files have been written to: /ws_moveit/build/ur_calibration
[1.263s] Invoked command in '/ws_moveit/build/ur_calibration' returned '0': AMENT_PREFIX_PATH=/ws_moveit/install/ur_robot_driver:/ws_moveit/install/ur_controllers:/ws_moveit/install/ur_description:/ws_moveit/install/ur_dashboard_msgs:${AMENT_PREFIX_PATH} CMAKE_PREFIX_PATH=/ws_moveit/install/ur_robot_driver:/ws_moveit/install/ur_controllers:/ws_moveit/install/ur_description:/ws_moveit/install/ur_dashboard_msgs:/opt/ros/humble LD_LIBRARY_PATH=/ws_moveit/install/ur_robot_driver/lib:/ws_moveit/install/ur_controllers/lib:/ws_moveit/install/ur_dashboard_msgs/lib:${LD_LIBRARY_PATH} PATH=/ws_moveit/install/ur_robot_driver/bin:${PATH} PYTHONPATH=/ws_moveit/install/ur_robot_driver/local/lib/python3.10/dist-packages:/ws_moveit/install/ur_dashboard_msgs/local/lib/python3.10/dist-packages:${PYTHONPATH} /usr/bin/cmake /ws_moveit/src/Universal_Robots_ROS2_Driver/ur_calibration -DCMAKE_BUILD_TYPE=Release -DCMAKE_INSTALL_PREFIX=/ws_moveit/install/ur_calibration
[1.264s] Invoking command in '/ws_moveit/build/ur_calibration': AMENT_PREFIX_PATH=/ws_moveit/install/ur_robot_driver:/ws_moveit/install/ur_controllers:/ws_moveit/install/ur_description:/ws_moveit/install/ur_dashboard_msgs:${AMENT_PREFIX_PATH} CMAKE_PREFIX_PATH=/ws_moveit/install/ur_robot_driver:/ws_moveit/install/ur_controllers:/ws_moveit/install/ur_description:/ws_moveit/install/ur_dashboard_msgs:/opt/ros/humble LD_LIBRARY_PATH=/ws_moveit/install/ur_robot_driver/lib:/ws_moveit/install/ur_controllers/lib:/ws_moveit/install/ur_dashboard_msgs/lib:${LD_LIBRARY_PATH} PATH=/ws_moveit/install/ur_robot_driver/bin:${PATH} PYTHONPATH=/ws_moveit/install/ur_robot_driver/local/lib/python3.10/dist-packages:/ws_moveit/install/ur_dashboard_msgs/local/lib/python3.10/dist-packages:${PYTHONPATH} /usr/bin/cmake --build /ws_moveit/build/ur_calibration -- -j12 -l12
[1.308s] [  8%] [32mBuilding CXX object CMakeFiles/calibration.dir/src/calibration_consumer.cpp.o[0m
[1.309s] [ 16%] [32mBuilding CXX object gmock/CMakeFiles/gmock_main.dir/src/gmock_main.cc.o[0m
[1.310s] [ 25%] [32mBuilding CXX object CMakeFiles/calibration.dir/src/calibration.cpp.o[0m
[1.310s] [ 41%] [32mBuilding CXX object gmock/CMakeFiles/gmock.dir/src/gmock-all.cc.o[0m
[1.310s] [ 41%] [32mBuilding CXX object gmock/CMakeFiles/gmock.dir/opt/ros/humble/src/gtest_vendor/src/gtest-all.cc.o[0m
[2.372s] [ 50%] [32m[1mLinking CXX static library libgmock_main.a[0m
[2.467s] [ 50%] Built target gmock_main
[8.564s] [ 58%] [32m[1mLinking CXX static library libcalibration.a[0m
[8.629s] [ 58%] Built target calibration
[8.650s] [ 66%] [32mBuilding CXX object CMakeFiles/calibration_correction.dir/src/calibration_correction.cpp.o[0m
[8.998s] [ 75%] [32m[1mLinking CXX static library libgmock.a[0m
[9.077s] [ 75%] Built target gmock
[9.102s] [ 83%] [32mBuilding CXX object CMakeFiles/calibration_test.dir/test/calibration_test.cpp.o[0m
[13.012s] [ 91%] [32m[1mLinking CXX executable calibration_correction[0m
[13.266s] [ 91%] Built target calibration_correction
[14.356s] [100%] [32m[1mLinking CXX executable calibration_test[0m
[14.512s] [100%] Built target calibration_test
[14.521s] Invoked command in '/ws_moveit/build/ur_calibration' returned '0': AMENT_PREFIX_PATH=/ws_moveit/install/ur_robot_driver:/ws_moveit/install/ur_controllers:/ws_moveit/install/ur_description:/ws_moveit/install/ur_dashboard_msgs:${AMENT_PREFIX_PATH} CMAKE_PREFIX_PATH=/ws_moveit/install/ur_robot_driver:/ws_moveit/install/ur_controllers:/ws_moveit/install/ur_description:/ws_moveit/install/ur_dashboard_msgs:/opt/ros/humble LD_LIBRARY_PATH=/ws_moveit/install/ur_robot_driver/lib:/ws_moveit/install/ur_controllers/lib:/ws_moveit/install/ur_dashboard_msgs/lib:${LD_LIBRARY_PATH} PATH=/ws_moveit/install/ur_robot_driver/bin:${PATH} PYTHONPATH=/ws_moveit/install/ur_robot_driver/local/lib/python3.10/dist-packages:/ws_moveit/install/ur_dashboard_msgs/local/lib/python3.10/dist-packages:${PYTHONPATH} /usr/bin/cmake --build /ws_moveit/build/ur_calibration -- -j12 -l12
[14.522s] Invoking command in '/ws_moveit/build/ur_calibration': AMENT_PREFIX_PATH=/ws_moveit/install/ur_robot_driver:/ws_moveit/install/ur_controllers:/ws_moveit/install/ur_description:/ws_moveit/install/ur_dashboard_msgs:${AMENT_PREFIX_PATH} CMAKE_PREFIX_PATH=/ws_moveit/install/ur_robot_driver:/ws_moveit/install/ur_controllers:/ws_moveit/install/ur_description:/ws_moveit/install/ur_dashboard_msgs:/opt/ros/humble LD_LIBRARY_PATH=/ws_moveit/install/ur_robot_driver/lib:/ws_moveit/install/ur_controllers/lib:/ws_moveit/install/ur_dashboard_msgs/lib:${LD_LIBRARY_PATH} PATH=/ws_moveit/install/ur_robot_driver/bin:${PATH} PYTHONPATH=/ws_moveit/install/ur_robot_driver/local/lib/python3.10/dist-packages:/ws_moveit/install/ur_dashboard_msgs/local/lib/python3.10/dist-packages:${PYTHONPATH} /usr/bin/cmake --install /ws_moveit/build/ur_calibration
[14.529s] -- Install configuration: "Release"
[14.530s] -- Installing: /ws_moveit/install/ur_calibration/lib/ur_calibration/calibration_correction
[14.530s] -- Set runtime path of "/ws_moveit/install/ur_calibration/lib/ur_calibration/calibration_correction" to ""
[14.530s] -- Installing: /ws_moveit/install/ur_calibration/include
[14.530s] -- Installing: /ws_moveit/install/ur_calibration/include/ur_calibration
[14.530s] -- Installing: /ws_moveit/install/ur_calibration/include/ur_calibration/calibration.hpp
[14.530s] -- Installing: /ws_moveit/install/ur_calibration/include/ur_calibration/calibration_consumer.hpp
[14.530s] -- Installing: /ws_moveit/install/ur_calibration/share/ur_calibration/launch
[14.530s] -- Installing: /ws_moveit/install/ur_calibration/share/ur_calibration/launch/calibration_correction.launch.py
[14.530s] -- Installing: /ws_moveit/install/ur_calibration/share/ament_index/resource_index/package_run_dependencies/ur_calibration
[14.530s] -- Installing: /ws_moveit/install/ur_calibration/share/ament_index/resource_index/parent_prefix_path/ur_calibration
[14.530s] -- Installing: /ws_moveit/install/ur_calibration/share/ur_calibration/environment/ament_prefix_path.sh
[14.530s] -- Installing: /ws_moveit/install/ur_calibration/share/ur_calibration/environment/ament_prefix_path.dsv
[14.530s] -- Installing: /ws_moveit/install/ur_calibration/share/ur_calibration/environment/path.sh
[14.530s] -- Installing: /ws_moveit/install/ur_calibration/share/ur_calibration/environment/path.dsv
[14.530s] -- Installing: /ws_moveit/install/ur_calibration/share/ur_calibration/local_setup.bash
[14.530s] -- Installing: /ws_moveit/install/ur_calibration/share/ur_calibration/local_setup.sh
[14.531s] -- Installing: /ws_moveit/install/ur_calibration/share/ur_calibration/local_setup.zsh
[14.531s] -- Installing: /ws_moveit/install/ur_calibration/share/ur_calibration/local_setup.dsv
[14.531s] -- Installing: /ws_moveit/install/ur_calibration/share/ur_calibration/package.dsv
[14.531s] -- Installing: /ws_moveit/install/ur_calibration/share/ament_index/resource_index/packages/ur_calibration
[14.531s] -- Installing: /ws_moveit/install/ur_calibration/share/ur_calibration/cmake/ament_cmake_export_include_directories-extras.cmake
[14.531s] -- Installing: /ws_moveit/install/ur_calibration/share/ur_calibration/cmake/ament_cmake_export_dependencies-extras.cmake
[14.531s] -- Installing: /ws_moveit/install/ur_calibration/share/ur_calibration/cmake/ur_calibrationConfig.cmake
[14.531s] -- Installing: /ws_moveit/install/ur_calibration/share/ur_calibration/cmake/ur_calibrationConfig-version.cmake
[14.531s] -- Installing: /ws_moveit/install/ur_calibration/share/ur_calibration/package.xml
[14.532s] Invoked command in '/ws_moveit/build/ur_calibration' returned '0': AMENT_PREFIX_PATH=/ws_moveit/install/ur_robot_driver:/ws_moveit/install/ur_controllers:/ws_moveit/install/ur_description:/ws_moveit/install/ur_dashboard_msgs:${AMENT_PREFIX_PATH} CMAKE_PREFIX_PATH=/ws_moveit/install/ur_robot_driver:/ws_moveit/install/ur_controllers:/ws_moveit/install/ur_description:/ws_moveit/install/ur_dashboard_msgs:/opt/ros/humble LD_LIBRARY_PATH=/ws_moveit/install/ur_robot_driver/lib:/ws_moveit/install/ur_controllers/lib:/ws_moveit/install/ur_dashboard_msgs/lib:${LD_LIBRARY_PATH} PATH=/ws_moveit/install/ur_robot_driver/bin:${PATH} PYTHONPATH=/ws_moveit/install/ur_robot_driver/local/lib/python3.10/dist-packages:/ws_moveit/install/ur_dashboard_msgs/local/lib/python3.10/dist-packages:${PYTHONPATH} /usr/bin/cmake --install /ws_moveit/build/ur_calibration
