[0.024s] Invoking command in '/ws_slam/build/turtlebot3_description': CMAKE_PREFIX_PATH=/opt/ros/humble /usr/bin/cmake /ws_slam/src/turtlebot3/turtlebot3_description -DCMAKE_INSTALL_PREFIX=/ws_slam/install/turtlebot3_description
[0.104s] -- The C compiler identification is GNU 11.4.0
[0.188s] -- The CXX compiler identification is GNU 11.4.0
[0.199s] -- Detecting C compiler ABI info
[0.282s] -- Detecting C compiler ABI info - done
[0.290s] -- Check for working C compiler: /usr/bin/cc - skipped
[0.290s] -- Detecting C compile features
[0.291s] -- Detecting C compile features - done
[0.294s] -- Detecting CXX compiler ABI info
[0.403s] -- Detecting CXX compiler ABI info - done
[0.415s] -- Check for working CXX compiler: /usr/bin/c++ - skipped
[0.415s] -- Detecting CXX compile features
[0.415s] -- Detecting CXX compile features - done
[0.418s] -- Found ament_cmake: 1.3.11 (/opt/ros/humble/share/ament_cmake/cmake)
[0.585s] -- Found Python3: /usr/bin/python3 (found version "3.10.12") found components: Interpreter 
[0.747s] -- Found urdf: 2.6.1 (/opt/ros/humble/share/urdf/cmake)
[0.921s] -- Configuring done
[0.927s] -- Generating done
[0.928s] -- Build files have been written to: /ws_slam/build/turtlebot3_description
[0.938s] Invoked command in '/ws_slam/build/turtlebot3_description' returned '0': CMAKE_PREFIX_PATH=/opt/ros/humble /usr/bin/cmake /ws_slam/src/turtlebot3/turtlebot3_description -DCMAKE_INSTALL_PREFIX=/ws_slam/install/turtlebot3_description
[0.939s] Invoking command in '/ws_slam/build/turtlebot3_description': CMAKE_PREFIX_PATH=/opt/ros/humble /usr/bin/cmake --build /ws_slam/build/turtlebot3_description -- -j12 -l12
[1.002s] Invoked command in '/ws_slam/build/turtlebot3_description' returned '0': CMAKE_PREFIX_PATH=/opt/ros/humble /usr/bin/cmake --build /ws_slam/build/turtlebot3_description -- -j12 -l12
[1.003s] Invoking command in '/ws_slam/build/turtlebot3_description': CMAKE_PREFIX_PATH=/opt/ros/humble /usr/bin/cmake --install /ws_slam/build/turtlebot3_description
[1.015s] -- Install configuration: ""
[1.015s] -- Installing: /ws_slam/install/turtlebot3_description/share/turtlebot3_description/meshes
[1.015s] -- Installing: /ws_slam/install/turtlebot3_description/share/turtlebot3_description/meshes/sensors
[1.015s] -- Installing: /ws_slam/install/turtlebot3_description/share/turtlebot3_description/meshes/sensors/astra.jpg
[1.015s] -- Installing: /ws_slam/install/turtlebot3_description/share/turtlebot3_description/meshes/sensors/r200.jpg
[1.015s] -- Installing: /ws_slam/install/turtlebot3_description/share/turtlebot3_description/meshes/sensors/astra.dae
[1.024s] -- Installing: /ws_slam/install/turtlebot3_description/share/turtlebot3_description/meshes/sensors/lds.stl
[1.025s] -- Installing: /ws_slam/install/turtlebot3_description/share/turtlebot3_description/meshes/sensors/r200.dae
[1.025s] -- Installing: /ws_slam/install/turtlebot3_description/share/turtlebot3_description/meshes/bases
[1.025s] -- Installing: /ws_slam/install/turtlebot3_description/share/turtlebot3_description/meshes/bases/burger_base.stl
[1.030s] -- Installing: /ws_slam/install/turtlebot3_description/share/turtlebot3_description/meshes/bases/waffle_pi_base.stl
[1.039s] -- Installing: /ws_slam/install/turtlebot3_description/share/turtlebot3_description/meshes/bases/waffle_base.stl
[1.064s] -- Installing: /ws_slam/install/turtlebot3_description/share/turtlebot3_description/meshes/wheels
[1.064s] -- Installing: /ws_slam/install/turtlebot3_description/share/turtlebot3_description/meshes/wheels/right_tire.stl
[1.064s] -- Installing: /ws_slam/install/turtlebot3_description/share/turtlebot3_description/meshes/wheels/left_tire.stl
[1.067s] -- Installing: /ws_slam/install/turtlebot3_description/share/turtlebot3_description/rviz
[1.068s] -- Installing: /ws_slam/install/turtlebot3_description/share/turtlebot3_description/rviz/model.rviz
[1.068s] -- Installing: /ws_slam/install/turtlebot3_description/share/turtlebot3_description/urdf
[1.068s] -- Installing: /ws_slam/install/turtlebot3_description/share/turtlebot3_description/urdf/turtlebot3_burger.urdf
[1.069s] -- Installing: /ws_slam/install/turtlebot3_description/share/turtlebot3_description/urdf/common_properties.urdf
[1.069s] -- Installing: /ws_slam/install/turtlebot3_description/share/turtlebot3_description/urdf/turtlebot3_waffle.urdf
[1.069s] -- Installing: /ws_slam/install/turtlebot3_description/share/turtlebot3_description/urdf/turtlebot3_waffle_pi.urdf
[1.069s] -- Installing: /ws_slam/install/turtlebot3_description/share/ament_index/resource_index/package_run_dependencies/turtlebot3_description
[1.069s] -- Installing: /ws_slam/install/turtlebot3_description/share/ament_index/resource_index/parent_prefix_path/turtlebot3_description
[1.069s] -- Installing: /ws_slam/install/turtlebot3_description/share/turtlebot3_description/environment/ament_prefix_path.sh
[1.069s] -- Installing: /ws_slam/install/turtlebot3_description/share/turtlebot3_description/environment/ament_prefix_path.dsv
[1.069s] -- Installing: /ws_slam/install/turtlebot3_description/share/turtlebot3_description/environment/path.sh
[1.069s] -- Installing: /ws_slam/install/turtlebot3_description/share/turtlebot3_description/environment/path.dsv
[1.069s] -- Installing: /ws_slam/install/turtlebot3_description/share/turtlebot3_description/local_setup.bash
[1.069s] -- Installing: /ws_slam/install/turtlebot3_description/share/turtlebot3_description/local_setup.sh
[1.069s] -- Installing: /ws_slam/install/turtlebot3_description/share/turtlebot3_description/local_setup.zsh
[1.069s] -- Installing: /ws_slam/install/turtlebot3_description/share/turtlebot3_description/local_setup.dsv
[1.069s] -- Installing: /ws_slam/install/turtlebot3_description/share/turtlebot3_description/package.dsv
[1.070s] -- Installing: /ws_slam/install/turtlebot3_description/share/ament_index/resource_index/packages/turtlebot3_description
[1.070s] -- Installing: /ws_slam/install/turtlebot3_description/share/turtlebot3_description/cmake/turtlebot3_descriptionConfig.cmake
[1.070s] -- Installing: /ws_slam/install/turtlebot3_description/share/turtlebot3_description/cmake/turtlebot3_descriptionConfig-version.cmake
[1.070s] -- Installing: /ws_slam/install/turtlebot3_description/share/turtlebot3_description/package.xml
[1.075s] Invoked command in '/ws_slam/build/turtlebot3_description' returned '0': CMAKE_PREFIX_PATH=/opt/ros/humble /usr/bin/cmake --install /ws_slam/build/turtlebot3_description
