[0.018s] Invoking command in '/ws_moveit/build/serial': CMAKE_PREFIX_PATH=/opt/ros/humble /usr/bin/cmake /ws_moveit/src/robotiq_2f_gripper_ros2/serial-ros2 -DCMAKE_BUILD_TYPE=Release -DCMAKE_INSTALL_PREFIX=/ws_moveit/install/serial
[0.069s] -- The C compiler identification is GNU 11.4.0
[0.113s] -- The CXX compiler identification is GNU 11.4.0
[0.119s] -- Detecting C compiler ABI info
[0.177s] -- Detecting C compiler ABI info - done
[0.184s] -- Check for working C compiler: /usr/bin/cc - skipped
[0.184s] -- Detecting C compile features
[0.184s] -- Detecting C compile features - done
[0.187s] -- Detecting CXX compiler ABI info
[0.258s] -- Detecting CXX compiler ABI info - done
[0.265s] -- Check for working CXX compiler: /usr/bin/c++ - skipped
[0.266s] -- Detecting CXX compile features
[0.266s] -- Detecting CXX compile features - done
[0.269s] -- Found ament_cmake: 1.3.11 (/opt/ros/humble/share/ament_cmake/cmake)
[0.382s] -- Found Python3: /usr/bin/python3 (found version "3.10.12") found components: Interpreter 
[0.534s] -- Configuring done
[0.537s] -- Generating done
[0.539s] -- Build files have been written to: /ws_moveit/build/serial
[0.543s] Invoked command in '/ws_moveit/build/serial' returned '0': CMAKE_PREFIX_PATH=/opt/ros/humble /usr/bin/cmake /ws_moveit/src/robotiq_2f_gripper_ros2/serial-ros2 -DCMAKE_BUILD_TYPE=Release -DCMAKE_INSTALL_PREFIX=/ws_moveit/install/serial
[0.544s] Invoking command in '/ws_moveit/build/serial': CMAKE_PREFIX_PATH=/opt/ros/humble /usr/bin/cmake --build /ws_moveit/build/serial -- -j12 -l12
[0.585s] [ 50%] [32mBuilding CXX object CMakeFiles/serial.dir/src/impl/unix.cc.o[0m
[0.585s] [ 50%] [32mBuilding CXX object CMakeFiles/serial.dir/src/serial.cc.o[0m
[0.585s] [ 75%] [32mBuilding CXX object CMakeFiles/serial.dir/src/impl/list_ports/list_ports_linux.cc.o[0m
[1.485s] [100%] [32m[1mLinking CXX shared library libserial.so[0m
[1.555s] [100%] Built target serial
[1.565s] Invoked command in '/ws_moveit/build/serial' returned '0': CMAKE_PREFIX_PATH=/opt/ros/humble /usr/bin/cmake --build /ws_moveit/build/serial -- -j12 -l12
[1.567s] Invoking command in '/ws_moveit/build/serial': CMAKE_PREFIX_PATH=/opt/ros/humble /usr/bin/cmake --install /ws_moveit/build/serial
[1.574s] -- Install configuration: "Release"
[1.574s] -- Installing: /ws_moveit/install/serial/share/serial/environment/library_path.sh
[1.574s] -- Installing: /ws_moveit/install/serial/share/serial/environment/library_path.dsv
[1.574s] -- Installing: /ws_moveit/install/serial/lib/libserial.so
[1.574s] -- Installing: /ws_moveit/install/serial/include/serial/serial.h
[1.574s] -- Installing: /ws_moveit/install/serial/include/serial/v8stdint.h
[1.575s] -- Installing: /ws_moveit/install/serial/share/ament_index/resource_index/package_run_dependencies/serial
[1.575s] -- Installing: /ws_moveit/install/serial/share/ament_index/resource_index/parent_prefix_path/serial
[1.575s] -- Installing: /ws_moveit/install/serial/share/serial/environment/ament_prefix_path.sh
[1.575s] -- Installing: /ws_moveit/install/serial/share/serial/environment/ament_prefix_path.dsv
[1.575s] -- Installing: /ws_moveit/install/serial/share/serial/environment/path.sh
[1.575s] -- Installing: /ws_moveit/install/serial/share/serial/environment/path.dsv
[1.575s] -- Installing: /ws_moveit/install/serial/share/serial/local_setup.bash
[1.575s] -- Installing: /ws_moveit/install/serial/share/serial/local_setup.sh
[1.576s] -- Installing: /ws_moveit/install/serial/share/serial/local_setup.zsh
[1.576s] -- Installing: /ws_moveit/install/serial/share/serial/local_setup.dsv
[1.576s] -- Installing: /ws_moveit/install/serial/share/serial/package.dsv
[1.576s] -- Installing: /ws_moveit/install/serial/share/ament_index/resource_index/packages/serial
[1.576s] -- Installing: /ws_moveit/install/serial/share/serial/cmake/ament_cmake_export_include_directories-extras.cmake
[1.576s] -- Installing: /ws_moveit/install/serial/share/serial/cmake/ament_cmake_export_libraries-extras.cmake
[1.576s] -- Installing: /ws_moveit/install/serial/share/serial/cmake/serialConfig.cmake
[1.576s] -- Installing: /ws_moveit/install/serial/share/serial/cmake/serialConfig-version.cmake
[1.576s] -- Installing: /ws_moveit/install/serial/share/serial/package.xml
[1.579s] Invoked command in '/ws_moveit/build/serial' returned '0': CMAKE_PREFIX_PATH=/opt/ros/humble /usr/bin/cmake --install /ws_moveit/build/serial
