[0.025s] Invoking command in '/ws_slam/build/turtlebot3_navigation2': CMAKE_PREFIX_PATH=/opt/ros/humble /usr/bin/cmake /ws_slam/src/turtlebot3/turtlebot3_navigation2 -DCMAKE_INSTALL_PREFIX=/ws_slam/install/turtlebot3_navigation2
[0.117s] -- The C compiler identification is GNU 11.4.0
[0.195s] -- The CXX compiler identification is GNU 11.4.0
[0.203s] -- Detecting C compiler ABI info
[0.296s] -- Detecting C compiler ABI info - done
[0.305s] -- Check for working C compiler: /usr/bin/cc - skipped
[0.306s] -- Detecting C compile features
[0.306s] -- Detecting C compile features - done
[0.310s] -- Detecting CXX compiler ABI info
[0.417s] -- Detecting CXX compiler ABI info - done
[0.426s] -- Check for working CXX compiler: /usr/bin/c++ - skipped
[0.426s] -- Detecting CXX compile features
[0.427s] -- Detecting CXX compile features - done
[0.432s] -- Found ament_cmake: 1.3.11 (/opt/ros/humble/share/ament_cmake/cmake)
[0.662s] -- Found Python3: /usr/bin/python3 (found version "3.10.12") found components: Interpreter 
[0.870s] -- Configuring done
[0.872s] -- Generating done
[0.875s] -- Build files have been written to: /ws_slam/build/turtlebot3_navigation2
[0.883s] Invoked command in '/ws_slam/build/turtlebot3_navigation2' returned '0': CMAKE_PREFIX_PATH=/opt/ros/humble /usr/bin/cmake /ws_slam/src/turtlebot3/turtlebot3_navigation2 -DCMAKE_INSTALL_PREFIX=/ws_slam/install/turtlebot3_navigation2
[0.884s] Invoking command in '/ws_slam/build/turtlebot3_navigation2': CMAKE_PREFIX_PATH=/opt/ros/humble /usr/bin/cmake --build /ws_slam/build/turtlebot3_navigation2 -- -j12 -l12
[0.939s] Invoked command in '/ws_slam/build/turtlebot3_navigation2' returned '0': CMAKE_PREFIX_PATH=/opt/ros/humble /usr/bin/cmake --build /ws_slam/build/turtlebot3_navigation2 -- -j12 -l12
[0.942s] Invoking command in '/ws_slam/build/turtlebot3_navigation2': CMAKE_PREFIX_PATH=/opt/ros/humble /usr/bin/cmake --install /ws_slam/build/turtlebot3_navigation2
[0.951s] -- Install configuration: ""
[0.951s] -- Installing: /ws_slam/install/turtlebot3_navigation2/share/turtlebot3_navigation2/launch
[0.951s] -- Installing: /ws_slam/install/turtlebot3_navigation2/share/turtlebot3_navigation2/launch/navigation2.launch.py
[0.951s] -- Installing: /ws_slam/install/turtlebot3_navigation2/share/turtlebot3_navigation2/map
[0.951s] -- Installing: /ws_slam/install/turtlebot3_navigation2/share/turtlebot3_navigation2/map/map.pgm
[0.952s] -- Installing: /ws_slam/install/turtlebot3_navigation2/share/turtlebot3_navigation2/map/map.yaml
[0.954s] -- Installing: /ws_slam/install/turtlebot3_navigation2/share/turtlebot3_navigation2/param
[0.954s] -- Installing: /ws_slam/install/turtlebot3_navigation2/share/turtlebot3_navigation2/param/burger_cam.yaml
[0.954s] -- Installing: /ws_slam/install/turtlebot3_navigation2/share/turtlebot3_navigation2/param/waffle.yaml
[0.954s] -- Installing: /ws_slam/install/turtlebot3_navigation2/share/turtlebot3_navigation2/param/humble
[0.954s] -- Installing: /ws_slam/install/turtlebot3_navigation2/share/turtlebot3_navigation2/param/humble/burger_cam.yaml
[0.954s] -- Installing: /ws_slam/install/turtlebot3_navigation2/share/turtlebot3_navigation2/param/humble/waffle.yaml
[0.955s] -- Installing: /ws_slam/install/turtlebot3_navigation2/share/turtlebot3_navigation2/param/humble/waffle_pi.yaml
[0.955s] -- Installing: /ws_slam/install/turtlebot3_navigation2/share/turtlebot3_navigation2/param/humble/burger.yaml
[0.955s] -- Installing: /ws_slam/install/turtlebot3_navigation2/share/turtlebot3_navigation2/param/waffle_pi.yaml
[0.956s] -- Installing: /ws_slam/install/turtlebot3_navigation2/share/turtlebot3_navigation2/param/burger.yaml
[0.956s] -- Installing: /ws_slam/install/turtlebot3_navigation2/share/turtlebot3_navigation2/rviz
[0.956s] -- Installing: /ws_slam/install/turtlebot3_navigation2/share/turtlebot3_navigation2/rviz/tb3_navigation2.rviz
[0.956s] -- Installing: /ws_slam/install/turtlebot3_navigation2/share/ament_index/resource_index/package_run_dependencies/turtlebot3_navigation2
[0.956s] -- Installing: /ws_slam/install/turtlebot3_navigation2/share/ament_index/resource_index/parent_prefix_path/turtlebot3_navigation2
[0.957s] -- Installing: /ws_slam/install/turtlebot3_navigation2/share/turtlebot3_navigation2/environment/ament_prefix_path.sh
[0.958s] -- Installing: /ws_slam/install/turtlebot3_navigation2/share/turtlebot3_navigation2/environment/ament_prefix_path.dsv
[0.958s] -- Installing: /ws_slam/install/turtlebot3_navigation2/share/turtlebot3_navigation2/environment/path.sh
[0.958s] -- Installing: /ws_slam/install/turtlebot3_navigation2/share/turtlebot3_navigation2/environment/path.dsv
[0.959s] -- Installing: /ws_slam/install/turtlebot3_navigation2/share/turtlebot3_navigation2/local_setup.bash
[0.959s] -- Installing: /ws_slam/install/turtlebot3_navigation2/share/turtlebot3_navigation2/local_setup.sh
[0.959s] -- Installing: /ws_slam/install/turtlebot3_navigation2/share/turtlebot3_navigation2/local_setup.zsh
[0.959s] -- Installing: /ws_slam/install/turtlebot3_navigation2/share/turtlebot3_navigation2/local_setup.dsv
[0.959s] -- Installing: /ws_slam/install/turtlebot3_navigation2/share/turtlebot3_navigation2/package.dsv
[0.959s] -- Installing: /ws_slam/install/turtlebot3_navigation2/share/ament_index/resource_index/packages/turtlebot3_navigation2
[0.959s] -- Installing: /ws_slam/install/turtlebot3_navigation2/share/turtlebot3_navigation2/cmake/turtlebot3_navigation2Config.cmake
[0.960s] -- Installing: /ws_slam/install/turtlebot3_navigation2/share/turtlebot3_navigation2/cmake/turtlebot3_navigation2Config-version.cmake
[0.960s] -- Installing: /ws_slam/install/turtlebot3_navigation2/share/turtlebot3_navigation2/package.xml
[0.975s] Invoked command in '/ws_slam/build/turtlebot3_navigation2' returned '0': CMAKE_PREFIX_PATH=/opt/ros/humble /usr/bin/cmake --install /ws_slam/build/turtlebot3_navigation2
