[0.017s] Invoking command in '/ws_moveit/build/ur_simulation_gazebo': AMENT_PREFIX_PATH=/ws_moveit/install/ur_moveit_config:/ws_moveit/install/ur_controllers:/ws_moveit/install/ur_description:/ws_moveit/install/ur_dashboard_msgs:${AMENT_PREFIX_PATH} CMAKE_PREFIX_PATH=/ws_moveit/install/ur_moveit_config:/ws_moveit/install/ur_controllers:/ws_moveit/install/ur_description:/ws_moveit/install/ur_dashboard_msgs:/opt/ros/humble LD_LIBRARY_PATH=/ws_moveit/install/ur_controllers/lib:/ws_moveit/install/ur_dashboard_msgs/lib:${LD_LIBRARY_PATH} PYTHONPATH=/ws_moveit/install/ur_moveit_config/local/lib/python3.10/dist-packages:/ws_moveit/install/ur_dashboard_msgs/local/lib/python3.10/dist-packages:${PYTHONPATH} /usr/bin/cmake /ws_moveit/src/Universal_Robots_ROS2_Gazebo_Simulation/ur_simulation_gazebo -DCMAKE_BUILD_TYPE=Release -DCMAKE_INSTALL_PREFIX=/ws_moveit/install/ur_simulation_gazebo
[0.073s] -- The C compiler identification is GNU 11.4.0
[0.143s] -- The CXX compiler identification is GNU 11.4.0
[0.151s] -- Detecting C compiler ABI info
[0.234s] -- Detecting C compiler ABI info - done
[0.243s] -- Check for working C compiler: /usr/bin/cc - skipped
[0.243s] -- Detecting C compile features
[0.244s] -- Detecting C compile features - done
[0.246s] -- Detecting CXX compiler ABI info
[0.343s] -- Detecting CXX compiler ABI info - done
[0.351s] -- Check for working CXX compiler: /usr/bin/c++ - skipped
[0.351s] -- Detecting CXX compile features
[0.352s] -- Detecting CXX compile features - done
[0.355s] -- Found ament_cmake: 1.3.11 (/opt/ros/humble/share/ament_cmake/cmake)
[0.532s] -- Found Python3: /usr/bin/python3 (found version "3.10.12") found components: Interpreter 
[0.726s] -- Found launch_testing_ament_cmake: 1.0.8 (/opt/ros/humble/share/launch_testing_ament_cmake/cmake)
[0.731s] -- Found python_cmake_module: 0.10.0 (/opt/ros/humble/share/python_cmake_module/cmake)
[0.774s] -- Found PythonInterp: /usr/bin/python3 (found suitable version "3.10.12", minimum required is "3.6") 
[0.797s] -- Found PythonLibs: /usr/lib/x86_64-linux-gnu/libpython3.10.so (found suitable version "3.10.12", minimum required is "3.5") 
[0.797s] -- Using PYTHON_EXECUTABLE: /usr/bin/python3
[0.798s] -- Using PYTHON_INCLUDE_DIRS: /usr/include/python3.10
[0.798s] -- Using PYTHON_LIBRARIES: /usr/lib/x86_64-linux-gnu/libpython3.10.so
[0.839s] -- Found PythonExtra: .so  
[0.844s] -- Found ament_cmake_pytest: 1.3.11 (/opt/ros/humble/share/ament_cmake_pytest/cmake)
[0.927s] -- Configuring done
[0.932s] -- Generating done
[0.935s] -- Build files have been written to: /ws_moveit/build/ur_simulation_gazebo
[0.943s] Invoked command in '/ws_moveit/build/ur_simulation_gazebo' returned '0': AMENT_PREFIX_PATH=/ws_moveit/install/ur_moveit_config:/ws_moveit/install/ur_controllers:/ws_moveit/install/ur_description:/ws_moveit/install/ur_dashboard_msgs:${AMENT_PREFIX_PATH} CMAKE_PREFIX_PATH=/ws_moveit/install/ur_moveit_config:/ws_moveit/install/ur_controllers:/ws_moveit/install/ur_description:/ws_moveit/install/ur_dashboard_msgs:/opt/ros/humble LD_LIBRARY_PATH=/ws_moveit/install/ur_controllers/lib:/ws_moveit/install/ur_dashboard_msgs/lib:${LD_LIBRARY_PATH} PYTHONPATH=/ws_moveit/install/ur_moveit_config/local/lib/python3.10/dist-packages:/ws_moveit/install/ur_dashboard_msgs/local/lib/python3.10/dist-packages:${PYTHONPATH} /usr/bin/cmake /ws_moveit/src/Universal_Robots_ROS2_Gazebo_Simulation/ur_simulation_gazebo -DCMAKE_BUILD_TYPE=Release -DCMAKE_INSTALL_PREFIX=/ws_moveit/install/ur_simulation_gazebo
[0.946s] Invoking command in '/ws_moveit/build/ur_simulation_gazebo': AMENT_PREFIX_PATH=/ws_moveit/install/ur_moveit_config:/ws_moveit/install/ur_controllers:/ws_moveit/install/ur_description:/ws_moveit/install/ur_dashboard_msgs:${AMENT_PREFIX_PATH} CMAKE_PREFIX_PATH=/ws_moveit/install/ur_moveit_config:/ws_moveit/install/ur_controllers:/ws_moveit/install/ur_description:/ws_moveit/install/ur_dashboard_msgs:/opt/ros/humble LD_LIBRARY_PATH=/ws_moveit/install/ur_controllers/lib:/ws_moveit/install/ur_dashboard_msgs/lib:${LD_LIBRARY_PATH} PYTHONPATH=/ws_moveit/install/ur_moveit_config/local/lib/python3.10/dist-packages:/ws_moveit/install/ur_dashboard_msgs/local/lib/python3.10/dist-packages:${PYTHONPATH} /usr/bin/cmake --build /ws_moveit/build/ur_simulation_gazebo -- -j12 -l12
[1.007s] Invoked command in '/ws_moveit/build/ur_simulation_gazebo' returned '0': AMENT_PREFIX_PATH=/ws_moveit/install/ur_moveit_config:/ws_moveit/install/ur_controllers:/ws_moveit/install/ur_description:/ws_moveit/install/ur_dashboard_msgs:${AMENT_PREFIX_PATH} CMAKE_PREFIX_PATH=/ws_moveit/install/ur_moveit_config:/ws_moveit/install/ur_controllers:/ws_moveit/install/ur_description:/ws_moveit/install/ur_dashboard_msgs:/opt/ros/humble LD_LIBRARY_PATH=/ws_moveit/install/ur_controllers/lib:/ws_moveit/install/ur_dashboard_msgs/lib:${LD_LIBRARY_PATH} PYTHONPATH=/ws_moveit/install/ur_moveit_config/local/lib/python3.10/dist-packages:/ws_moveit/install/ur_dashboard_msgs/local/lib/python3.10/dist-packages:${PYTHONPATH} /usr/bin/cmake --build /ws_moveit/build/ur_simulation_gazebo -- -j12 -l12
[1.009s] Invoking command in '/ws_moveit/build/ur_simulation_gazebo': AMENT_PREFIX_PATH=/ws_moveit/install/ur_moveit_config:/ws_moveit/install/ur_controllers:/ws_moveit/install/ur_description:/ws_moveit/install/ur_dashboard_msgs:${AMENT_PREFIX_PATH} CMAKE_PREFIX_PATH=/ws_moveit/install/ur_moveit_config:/ws_moveit/install/ur_controllers:/ws_moveit/install/ur_description:/ws_moveit/install/ur_dashboard_msgs:/opt/ros/humble LD_LIBRARY_PATH=/ws_moveit/install/ur_controllers/lib:/ws_moveit/install/ur_dashboard_msgs/lib:${LD_LIBRARY_PATH} PYTHONPATH=/ws_moveit/install/ur_moveit_config/local/lib/python3.10/dist-packages:/ws_moveit/install/ur_dashboard_msgs/local/lib/python3.10/dist-packages:${PYTHONPATH} /usr/bin/cmake --install /ws_moveit/build/ur_simulation_gazebo
[1.017s] -- Install configuration: "Release"
[1.017s] -- Installing: /ws_moveit/install/ur_simulation_gazebo/share/ur_simulation_gazebo/config
[1.019s] -- Installing: /ws_moveit/install/ur_simulation_gazebo/share/ur_simulation_gazebo/config/ur_controllers.yaml
[1.019s] -- Installing: /ws_moveit/install/ur_simulation_gazebo/share/ur_simulation_gazebo/launch
[1.019s] -- Installing: /ws_moveit/install/ur_simulation_gazebo/share/ur_simulation_gazebo/launch/ur_sim_moveit.launch.py
[1.019s] -- Installing: /ws_moveit/install/ur_simulation_gazebo/share/ur_simulation_gazebo/launch/ur_sim_control.launch.py
[1.019s] -- Installing: /ws_moveit/install/ur_simulation_gazebo/share/ament_index/resource_index/package_run_dependencies/ur_simulation_gazebo
[1.019s] -- Installing: /ws_moveit/install/ur_simulation_gazebo/share/ament_index/resource_index/parent_prefix_path/ur_simulation_gazebo
[1.020s] -- Installing: /ws_moveit/install/ur_simulation_gazebo/share/ur_simulation_gazebo/environment/ament_prefix_path.sh
[1.020s] -- Installing: /ws_moveit/install/ur_simulation_gazebo/share/ur_simulation_gazebo/environment/ament_prefix_path.dsv
[1.020s] -- Installing: /ws_moveit/install/ur_simulation_gazebo/share/ur_simulation_gazebo/environment/path.sh
[1.020s] -- Installing: /ws_moveit/install/ur_simulation_gazebo/share/ur_simulation_gazebo/environment/path.dsv
[1.020s] -- Installing: /ws_moveit/install/ur_simulation_gazebo/share/ur_simulation_gazebo/local_setup.bash
[1.020s] -- Installing: /ws_moveit/install/ur_simulation_gazebo/share/ur_simulation_gazebo/local_setup.sh
[1.020s] -- Installing: /ws_moveit/install/ur_simulation_gazebo/share/ur_simulation_gazebo/local_setup.zsh
[1.020s] -- Installing: /ws_moveit/install/ur_simulation_gazebo/share/ur_simulation_gazebo/local_setup.dsv
[1.021s] -- Installing: /ws_moveit/install/ur_simulation_gazebo/share/ur_simulation_gazebo/package.dsv
[1.021s] -- Installing: /ws_moveit/install/ur_simulation_gazebo/share/ament_index/resource_index/packages/ur_simulation_gazebo
[1.021s] -- Installing: /ws_moveit/install/ur_simulation_gazebo/share/ur_simulation_gazebo/cmake/ur_simulation_gazeboConfig.cmake
[1.021s] -- Installing: /ws_moveit/install/ur_simulation_gazebo/share/ur_simulation_gazebo/cmake/ur_simulation_gazeboConfig-version.cmake
[1.021s] -- Installing: /ws_moveit/install/ur_simulation_gazebo/share/ur_simulation_gazebo/package.xml
[1.023s] Invoked command in '/ws_moveit/build/ur_simulation_gazebo' returned '0': AMENT_PREFIX_PATH=/ws_moveit/install/ur_moveit_config:/ws_moveit/install/ur_controllers:/ws_moveit/install/ur_description:/ws_moveit/install/ur_dashboard_msgs:${AMENT_PREFIX_PATH} CMAKE_PREFIX_PATH=/ws_moveit/install/ur_moveit_config:/ws_moveit/install/ur_controllers:/ws_moveit/install/ur_description:/ws_moveit/install/ur_dashboard_msgs:/opt/ros/humble LD_LIBRARY_PATH=/ws_moveit/install/ur_controllers/lib:/ws_moveit/install/ur_dashboard_msgs/lib:${LD_LIBRARY_PATH} PYTHONPATH=/ws_moveit/install/ur_moveit_config/local/lib/python3.10/dist-packages:/ws_moveit/install/ur_dashboard_msgs/local/lib/python3.10/dist-packages:${PYTHONPATH} /usr/bin/cmake --install /ws_moveit/build/ur_simulation_gazebo
