[0.024s] Invoking command in '/ws_slam/build/turtlebot3_bringup': AMENT_PREFIX_PATH=/ws_slam/install/turtlebot3_node:/ws_slam/install/turtlebot3_msgs:/ws_slam/install/turtlebot3_description:/ws_slam/install/dynamixel_sdk:${AMENT_PREFIX_PATH} CMAKE_PREFIX_PATH=/ws_slam/install/turtlebot3_node:/ws_slam/install/turtlebot3_msgs:/ws_slam/install/turtlebot3_description:/ws_slam/install/dynamixel_sdk:/opt/ros/humble LD_LIBRARY_PATH=/ws_slam/install/turtlebot3_msgs/lib:/ws_slam/install/dynamixel_sdk/lib:/usr/lib/x86_64-linux-gnu/gazebo-11/plugins:/opt/ros/humble/opt/rviz_ogre_vendor/lib:/opt/ros/humble/lib/x86_64-linux-gnu:/opt/ros/humble/lib:/usr/lib/x86_64-linux-gnu/gazebo-11/plugins PYTHONPATH=/ws_slam/install/turtlebot3_msgs/local/lib/python3.10/dist-packages:/ws_slam/install/dynamixel_sdk/local/lib/python3.10/dist-packages:${PYTHONPATH} /usr/bin/cmake /ws_slam/src/turtlebot3/turtlebot3_bringup -DCMAKE_INSTALL_PREFIX=/ws_slam/install/turtlebot3_bringup
[0.097s] -- The C compiler identification is GNU 11.4.0
[0.153s] -- The CXX compiler identification is GNU 11.4.0
[0.161s] -- Detecting C compiler ABI info
[0.278s] -- Detecting C compiler ABI info - done
[0.292s] -- Check for working C compiler: /usr/bin/cc - skipped
[0.296s] -- Detecting C compile features
[0.296s] -- Detecting C compile features - done
[0.299s] -- Detecting CXX compiler ABI info
[0.435s] -- Detecting CXX compiler ABI info - done
[0.450s] -- Check for working CXX compiler: /usr/bin/c++ - skipped
[0.450s] -- Detecting CXX compile features
[0.451s] -- Detecting CXX compile features - done
[0.459s] -- Found ament_cmake: 1.3.11 (/opt/ros/humble/share/ament_cmake/cmake)
[0.679s] -- Found Python3: /usr/bin/python3 (found version "3.10.12") found components: Interpreter 
[0.954s] -- Configuring done
[0.956s] -- Generating done
[0.958s] -- Build files have been written to: /ws_slam/build/turtlebot3_bringup
[0.964s] Invoked command in '/ws_slam/build/turtlebot3_bringup' returned '0': AMENT_PREFIX_PATH=/ws_slam/install/turtlebot3_node:/ws_slam/install/turtlebot3_msgs:/ws_slam/install/turtlebot3_description:/ws_slam/install/dynamixel_sdk:${AMENT_PREFIX_PATH} CMAKE_PREFIX_PATH=/ws_slam/install/turtlebot3_node:/ws_slam/install/turtlebot3_msgs:/ws_slam/install/turtlebot3_description:/ws_slam/install/dynamixel_sdk:/opt/ros/humble LD_LIBRARY_PATH=/ws_slam/install/turtlebot3_msgs/lib:/ws_slam/install/dynamixel_sdk/lib:/usr/lib/x86_64-linux-gnu/gazebo-11/plugins:/opt/ros/humble/opt/rviz_ogre_vendor/lib:/opt/ros/humble/lib/x86_64-linux-gnu:/opt/ros/humble/lib:/usr/lib/x86_64-linux-gnu/gazebo-11/plugins PYTHONPATH=/ws_slam/install/turtlebot3_msgs/local/lib/python3.10/dist-packages:/ws_slam/install/dynamixel_sdk/local/lib/python3.10/dist-packages:${PYTHONPATH} /usr/bin/cmake /ws_slam/src/turtlebot3/turtlebot3_bringup -DCMAKE_INSTALL_PREFIX=/ws_slam/install/turtlebot3_bringup
[0.964s] Invoking command in '/ws_slam/build/turtlebot3_bringup': AMENT_PREFIX_PATH=/ws_slam/install/turtlebot3_node:/ws_slam/install/turtlebot3_msgs:/ws_slam/install/turtlebot3_description:/ws_slam/install/dynamixel_sdk:${AMENT_PREFIX_PATH} CMAKE_PREFIX_PATH=/ws_slam/install/turtlebot3_node:/ws_slam/install/turtlebot3_msgs:/ws_slam/install/turtlebot3_description:/ws_slam/install/dynamixel_sdk:/opt/ros/humble LD_LIBRARY_PATH=/ws_slam/install/turtlebot3_msgs/lib:/ws_slam/install/dynamixel_sdk/lib:/usr/lib/x86_64-linux-gnu/gazebo-11/plugins:/opt/ros/humble/opt/rviz_ogre_vendor/lib:/opt/ros/humble/lib/x86_64-linux-gnu:/opt/ros/humble/lib:/usr/lib/x86_64-linux-gnu/gazebo-11/plugins PYTHONPATH=/ws_slam/install/turtlebot3_msgs/local/lib/python3.10/dist-packages:/ws_slam/install/dynamixel_sdk/local/lib/python3.10/dist-packages:${PYTHONPATH} /usr/bin/cmake --build /ws_slam/build/turtlebot3_bringup -- -j12 -l12
[1.032s] Invoked command in '/ws_slam/build/turtlebot3_bringup' returned '0': AMENT_PREFIX_PATH=/ws_slam/install/turtlebot3_node:/ws_slam/install/turtlebot3_msgs:/ws_slam/install/turtlebot3_description:/ws_slam/install/dynamixel_sdk:${AMENT_PREFIX_PATH} CMAKE_PREFIX_PATH=/ws_slam/install/turtlebot3_node:/ws_slam/install/turtlebot3_msgs:/ws_slam/install/turtlebot3_description:/ws_slam/install/dynamixel_sdk:/opt/ros/humble LD_LIBRARY_PATH=/ws_slam/install/turtlebot3_msgs/lib:/ws_slam/install/dynamixel_sdk/lib:/usr/lib/x86_64-linux-gnu/gazebo-11/plugins:/opt/ros/humble/opt/rviz_ogre_vendor/lib:/opt/ros/humble/lib/x86_64-linux-gnu:/opt/ros/humble/lib:/usr/lib/x86_64-linux-gnu/gazebo-11/plugins PYTHONPATH=/ws_slam/install/turtlebot3_msgs/local/lib/python3.10/dist-packages:/ws_slam/install/dynamixel_sdk/local/lib/python3.10/dist-packages:${PYTHONPATH} /usr/bin/cmake --build /ws_slam/build/turtlebot3_bringup -- -j12 -l12
[1.035s] Invoking command in '/ws_slam/build/turtlebot3_bringup': AMENT_PREFIX_PATH=/ws_slam/install/turtlebot3_node:/ws_slam/install/turtlebot3_msgs:/ws_slam/install/turtlebot3_description:/ws_slam/install/dynamixel_sdk:${AMENT_PREFIX_PATH} CMAKE_PREFIX_PATH=/ws_slam/install/turtlebot3_node:/ws_slam/install/turtlebot3_msgs:/ws_slam/install/turtlebot3_description:/ws_slam/install/dynamixel_sdk:/opt/ros/humble LD_LIBRARY_PATH=/ws_slam/install/turtlebot3_msgs/lib:/ws_slam/install/dynamixel_sdk/lib:/usr/lib/x86_64-linux-gnu/gazebo-11/plugins:/opt/ros/humble/opt/rviz_ogre_vendor/lib:/opt/ros/humble/lib/x86_64-linux-gnu:/opt/ros/humble/lib:/usr/lib/x86_64-linux-gnu/gazebo-11/plugins PYTHONPATH=/ws_slam/install/turtlebot3_msgs/local/lib/python3.10/dist-packages:/ws_slam/install/dynamixel_sdk/local/lib/python3.10/dist-packages:${PYTHONPATH} /usr/bin/cmake --install /ws_slam/build/turtlebot3_bringup
[1.046s] -- Install configuration: ""
[1.046s] -- Installing: /ws_slam/install/turtlebot3_bringup/share/turtlebot3_bringup/launch
[1.046s] -- Installing: /ws_slam/install/turtlebot3_bringup/share/turtlebot3_bringup/launch/rviz2.launch.py
[1.046s] -- Installing: /ws_slam/install/turtlebot3_bringup/share/turtlebot3_bringup/launch/turtlebot3_state_publisher.launch.py
[1.046s] -- Installing: /ws_slam/install/turtlebot3_bringup/share/turtlebot3_bringup/launch/robot.launch.py
[1.047s] -- Installing: /ws_slam/install/turtlebot3_bringup/share/turtlebot3_bringup/launch/camera.launch.py
[1.047s] -- Installing: /ws_slam/install/turtlebot3_bringup/share/turtlebot3_bringup/param
[1.048s] -- Installing: /ws_slam/install/turtlebot3_bringup/share/turtlebot3_bringup/param/waffle.yaml
[1.048s] -- Installing: /ws_slam/install/turtlebot3_bringup/share/turtlebot3_bringup/param/humble
[1.049s] -- Installing: /ws_slam/install/turtlebot3_bringup/share/turtlebot3_bringup/param/humble/waffle.yaml
[1.049s] -- Installing: /ws_slam/install/turtlebot3_bringup/share/turtlebot3_bringup/param/humble/waffle_pi.yaml
[1.050s] -- Installing: /ws_slam/install/turtlebot3_bringup/share/turtlebot3_bringup/param/humble/burger.yaml
[1.053s] -- Installing: /ws_slam/install/turtlebot3_bringup/share/turtlebot3_bringup/param/waffle_pi.yaml
[1.053s] -- Installing: /ws_slam/install/turtlebot3_bringup/share/turtlebot3_bringup/param/burger.yaml
[1.053s] -- Installing: /ws_slam/install/turtlebot3_bringup/share/turtlebot3_bringup/script
[1.054s] -- Installing: /ws_slam/install/turtlebot3_bringup/share/turtlebot3_bringup/script/99-turtlebot3-cdc.rules
[1.054s] -- Installing: /ws_slam/install/turtlebot3_bringup/share/turtlebot3_bringup/script/create_udev_rules
[1.054s] -- Installing: /ws_slam/install/turtlebot3_bringup/share/ament_index/resource_index/package_run_dependencies/turtlebot3_bringup
[1.054s] -- Installing: /ws_slam/install/turtlebot3_bringup/share/ament_index/resource_index/parent_prefix_path/turtlebot3_bringup
[1.054s] -- Installing: /ws_slam/install/turtlebot3_bringup/share/turtlebot3_bringup/environment/ament_prefix_path.sh
[1.054s] -- Installing: /ws_slam/install/turtlebot3_bringup/share/turtlebot3_bringup/environment/ament_prefix_path.dsv
[1.055s] -- Installing: /ws_slam/install/turtlebot3_bringup/share/turtlebot3_bringup/environment/path.sh
[1.055s] -- Installing: /ws_slam/install/turtlebot3_bringup/share/turtlebot3_bringup/environment/path.dsv
[1.055s] -- Installing: /ws_slam/install/turtlebot3_bringup/share/turtlebot3_bringup/local_setup.bash
[1.055s] -- Installing: /ws_slam/install/turtlebot3_bringup/share/turtlebot3_bringup/local_setup.sh
[1.055s] -- Installing: /ws_slam/install/turtlebot3_bringup/share/turtlebot3_bringup/local_setup.zsh
[1.055s] -- Installing: /ws_slam/install/turtlebot3_bringup/share/turtlebot3_bringup/local_setup.dsv
[1.055s] -- Installing: /ws_slam/install/turtlebot3_bringup/share/turtlebot3_bringup/package.dsv
[1.055s] -- Installing: /ws_slam/install/turtlebot3_bringup/share/ament_index/resource_index/packages/turtlebot3_bringup
[1.056s] -- Installing: /ws_slam/install/turtlebot3_bringup/share/turtlebot3_bringup/cmake/turtlebot3_bringupConfig.cmake
[1.056s] -- Installing: /ws_slam/install/turtlebot3_bringup/share/turtlebot3_bringup/cmake/turtlebot3_bringupConfig-version.cmake
[1.056s] -- Installing: /ws_slam/install/turtlebot3_bringup/share/turtlebot3_bringup/package.xml
[1.060s] Invoked command in '/ws_slam/build/turtlebot3_bringup' returned '0': AMENT_PREFIX_PATH=/ws_slam/install/turtlebot3_node:/ws_slam/install/turtlebot3_msgs:/ws_slam/install/turtlebot3_description:/ws_slam/install/dynamixel_sdk:${AMENT_PREFIX_PATH} CMAKE_PREFIX_PATH=/ws_slam/install/turtlebot3_node:/ws_slam/install/turtlebot3_msgs:/ws_slam/install/turtlebot3_description:/ws_slam/install/dynamixel_sdk:/opt/ros/humble LD_LIBRARY_PATH=/ws_slam/install/turtlebot3_msgs/lib:/ws_slam/install/dynamixel_sdk/lib:/usr/lib/x86_64-linux-gnu/gazebo-11/plugins:/opt/ros/humble/opt/rviz_ogre_vendor/lib:/opt/ros/humble/lib/x86_64-linux-gnu:/opt/ros/humble/lib:/usr/lib/x86_64-linux-gnu/gazebo-11/plugins PYTHONPATH=/ws_slam/install/turtlebot3_msgs/local/lib/python3.10/dist-packages:/ws_slam/install/dynamixel_sdk/local/lib/python3.10/dist-packages:${PYTHONPATH} /usr/bin/cmake --install /ws_slam/build/turtlebot3_bringup
