[0.019s] Invoking command in '/ws_moveit/build/ur_description': CMAKE_PREFIX_PATH=/opt/ros/humble /usr/bin/cmake /ws_moveit/src/Universal_Robots_ROS2_Description -DCMAKE_BUILD_TYPE=Release -DCMAKE_INSTALL_PREFIX=/ws_moveit/install/ur_description
[0.071s] -- The C compiler identification is GNU 11.4.0
[0.126s] -- The CXX compiler identification is GNU 11.4.0
[0.132s] -- Detecting C compiler ABI info
[0.192s] -- Detecting C compiler ABI info - done
[0.201s] -- Check for working C compiler: /usr/bin/cc - skipped
[0.201s] -- Detecting C compile features
[0.201s] -- Detecting C compile features - done
[0.204s] -- Detecting CXX compiler ABI info
[0.272s] -- Detecting CXX compiler ABI info - done
[0.279s] -- Check for working CXX compiler: /usr/bin/c++ - skipped
[0.279s] -- Detecting CXX compile features
[0.280s] -- Detecting CXX compile features - done
[0.283s] -- Found ament_cmake: 1.3.11 (/opt/ros/humble/share/ament_cmake/cmake)
[0.416s] -- Found Python3: /usr/bin/python3 (found version "3.10.12") found components: Interpreter 
[0.493s] -- Found ament_cmake_pytest: 1.3.11 (/opt/ros/humble/share/ament_cmake_pytest/cmake)
[1.224s] -- Configuring done
[1.225s] -- Generating done
[1.226s] -- Build files have been written to: /ws_moveit/build/ur_description
[1.230s] Invoked command in '/ws_moveit/build/ur_description' returned '0': CMAKE_PREFIX_PATH=/opt/ros/humble /usr/bin/cmake /ws_moveit/src/Universal_Robots_ROS2_Description -DCMAKE_BUILD_TYPE=Release -DCMAKE_INSTALL_PREFIX=/ws_moveit/install/ur_description
[1.231s] Invoking command in '/ws_moveit/build/ur_description': CMAKE_PREFIX_PATH=/opt/ros/humble /usr/bin/cmake --build /ws_moveit/build/ur_description -- -j12 -l12
[1.261s] Invoked command in '/ws_moveit/build/ur_description' returned '0': CMAKE_PREFIX_PATH=/opt/ros/humble /usr/bin/cmake --build /ws_moveit/build/ur_description -- -j12 -l12
[1.262s] Invoking command in '/ws_moveit/build/ur_description': CMAKE_PREFIX_PATH=/opt/ros/humble /usr/bin/cmake --install /ws_moveit/build/ur_description
[1.269s] -- Install configuration: "Release"
[1.269s] -- Installing: /ws_moveit/install/ur_description/share/ur_description/config
[1.269s] -- Installing: /ws_moveit/install/ur_description/share/ur_description/config/ur5
[1.269s] -- Installing: /ws_moveit/install/ur_description/share/ur_description/config/ur5/physical_parameters.yaml
[1.269s] -- Installing: /ws_moveit/install/ur_description/share/ur_description/config/ur5/default_kinematics.yaml
[1.269s] -- Installing: /ws_moveit/install/ur_description/share/ur_description/config/ur5/visual_parameters.yaml
[1.269s] -- Installing: /ws_moveit/install/ur_description/share/ur_description/config/ur5/joint_limits.yaml
[1.269s] -- Installing: /ws_moveit/install/ur_description/share/ur_description/config/ur20
[1.269s] -- Installing: /ws_moveit/install/ur_description/share/ur_description/config/ur20/physical_parameters.yaml
[1.269s] -- Installing: /ws_moveit/install/ur_description/share/ur_description/config/ur20/default_kinematics.yaml
[1.269s] -- Installing: /ws_moveit/install/ur_description/share/ur_description/config/ur20/visual_parameters.yaml
[1.269s] -- Installing: /ws_moveit/install/ur_description/share/ur_description/config/ur20/joint_limits.yaml
[1.270s] -- Installing: /ws_moveit/install/ur_description/share/ur_description/config/ur12e
[1.270s] -- Installing: /ws_moveit/install/ur_description/share/ur_description/config/ur12e/physical_parameters.yaml
[1.270s] -- Installing: /ws_moveit/install/ur_description/share/ur_description/config/ur12e/default_kinematics.yaml
[1.270s] -- Installing: /ws_moveit/install/ur_description/share/ur_description/config/ur12e/visual_parameters.yaml
[1.270s] -- Installing: /ws_moveit/install/ur_description/share/ur_description/config/ur12e/joint_limits.yaml
[1.270s] -- Installing: /ws_moveit/install/ur_description/share/ur_description/config/ur3e
[1.270s] -- Installing: /ws_moveit/install/ur_description/share/ur_description/config/ur3e/physical_parameters.yaml
[1.270s] -- Installing: /ws_moveit/install/ur_description/share/ur_description/config/ur3e/default_kinematics.yaml
[1.270s] -- Installing: /ws_moveit/install/ur_description/share/ur_description/config/ur3e/visual_parameters.yaml
[1.270s] -- Installing: /ws_moveit/install/ur_description/share/ur_description/config/ur3e/joint_limits.yaml
[1.270s] -- Installing: /ws_moveit/install/ur_description/share/ur_description/config/initial_positions.yaml
[1.270s] -- Installing: /ws_moveit/install/ur_description/share/ur_description/config/ur3
[1.271s] -- Installing: /ws_moveit/install/ur_description/share/ur_description/config/ur3/physical_parameters.yaml
[1.271s] -- Installing: /ws_moveit/install/ur_description/share/ur_description/config/ur3/default_kinematics.yaml
[1.271s] -- Installing: /ws_moveit/install/ur_description/share/ur_description/config/ur3/visual_parameters.yaml
[1.271s] -- Installing: /ws_moveit/install/ur_description/share/ur_description/config/ur3/joint_limits.yaml
[1.271s] -- Installing: /ws_moveit/install/ur_description/share/ur_description/config/ur5e
[1.271s] -- Installing: /ws_moveit/install/ur_description/share/ur_description/config/ur5e/physical_parameters.yaml
[1.271s] -- Installing: /ws_moveit/install/ur_description/share/ur_description/config/ur5e/default_kinematics.yaml
[1.271s] -- Installing: /ws_moveit/install/ur_description/share/ur_description/config/ur5e/visual_parameters.yaml
[1.271s] -- Installing: /ws_moveit/install/ur_description/share/ur_description/config/ur5e/joint_limits.yaml
[1.271s] -- Installing: /ws_moveit/install/ur_description/share/ur_description/config/ur16e
[1.271s] -- Installing: /ws_moveit/install/ur_description/share/ur_description/config/ur16e/physical_parameters.yaml
[1.271s] -- Installing: /ws_moveit/install/ur_description/share/ur_description/config/ur16e/default_kinematics.yaml
[1.271s] -- Installing: /ws_moveit/install/ur_description/share/ur_description/config/ur16e/visual_parameters.yaml
[1.271s] -- Installing: /ws_moveit/install/ur_description/share/ur_description/config/ur16e/joint_limits.yaml
[1.272s] -- Installing: /ws_moveit/install/ur_description/share/ur_description/config/ur10e
[1.272s] -- Installing: /ws_moveit/install/ur_description/share/ur_description/config/ur10e/physical_parameters.yaml
[1.272s] -- Installing: /ws_moveit/install/ur_description/share/ur_description/config/ur10e/default_kinematics.yaml
[1.272s] -- Installing: /ws_moveit/install/ur_description/share/ur_description/config/ur10e/visual_parameters.yaml
[1.272s] -- Installing: /ws_moveit/install/ur_description/share/ur_description/config/ur10e/joint_limits.yaml
[1.272s] -- Installing: /ws_moveit/install/ur_description/share/ur_description/config/ur30
[1.272s] -- Installing: /ws_moveit/install/ur_description/share/ur_description/config/ur30/physical_parameters.yaml
[1.272s] -- Installing: /ws_moveit/install/ur_description/share/ur_description/config/ur30/default_kinematics.yaml
[1.272s] -- Installing: /ws_moveit/install/ur_description/share/ur_description/config/ur30/visual_parameters.yaml
[1.272s] -- Installing: /ws_moveit/install/ur_description/share/ur_description/config/ur30/joint_limits.yaml
[1.272s] -- Installing: /ws_moveit/install/ur_description/share/ur_description/config/ur15
[1.272s] -- Installing: /ws_moveit/install/ur_description/share/ur_description/config/ur15/physical_parameters.yaml
[1.272s] -- Installing: /ws_moveit/install/ur_description/share/ur_description/config/ur15/default_kinematics.yaml
[1.272s] -- Installing: /ws_moveit/install/ur_description/share/ur_description/config/ur15/visual_parameters.yaml
[1.272s] -- Installing: /ws_moveit/install/ur_description/share/ur_description/config/ur15/joint_limits.yaml
[1.273s] -- Installing: /ws_moveit/install/ur_description/share/ur_description/config/ur10
[1.273s] -- Installing: /ws_moveit/install/ur_description/share/ur_description/config/ur10/physical_parameters.yaml
[1.273s] -- Installing: /ws_moveit/install/ur_description/share/ur_description/config/ur10/default_kinematics.yaml
[1.273s] -- Installing: /ws_moveit/install/ur_description/share/ur_description/config/ur10/visual_parameters.yaml
[1.273s] -- Installing: /ws_moveit/install/ur_description/share/ur_description/config/ur10/joint_limits.yaml
[1.273s] -- Installing: /ws_moveit/install/ur_description/share/ur_description/config/ur7e
[1.273s] -- Installing: /ws_moveit/install/ur_description/share/ur_description/config/ur7e/physical_parameters.yaml
[1.273s] -- Installing: /ws_moveit/install/ur_description/share/ur_description/config/ur7e/default_kinematics.yaml
[1.273s] -- Installing: /ws_moveit/install/ur_description/share/ur_description/config/ur7e/visual_parameters.yaml
[1.273s] -- Installing: /ws_moveit/install/ur_description/share/ur_description/config/ur7e/joint_limits.yaml
[1.273s] -- Installing: /ws_moveit/install/ur_description/share/ur_description/launch
[1.273s] -- Installing: /ws_moveit/install/ur_description/share/ur_description/launch/view_ur.launch.py
[1.273s] -- Installing: /ws_moveit/install/ur_description/share/ur_description/meshes
[1.273s] -- Installing: /ws_moveit/install/ur_description/share/ur_description/meshes/ur5
[1.273s] -- Installing: /ws_moveit/install/ur_description/share/ur_description/meshes/ur5/visual
[1.273s] -- Installing: /ws_moveit/install/ur_description/share/ur_description/meshes/ur5/visual/wrist3.dae
[1.273s] -- Installing: /ws_moveit/install/ur_description/share/ur_description/meshes/ur5/visual/wrist1.dae
[1.273s] -- Installing: /ws_moveit/install/ur_description/share/ur_description/meshes/ur5/visual/wrist2.dae
[1.273s] -- Installing: /ws_moveit/install/ur_description/share/ur_description/meshes/ur5/visual/base.dae
[1.273s] -- Installing: /ws_moveit/install/ur_description/share/ur_description/meshes/ur5/visual/forearm.dae
[1.274s] -- Installing: /ws_moveit/install/ur_description/share/ur_description/meshes/ur5/visual/upperarm.dae
[1.275s] -- Installing: /ws_moveit/install/ur_description/share/ur_description/meshes/ur5/visual/shoulder.dae
[1.275s] -- Installing: /ws_moveit/install/ur_description/share/ur_description/meshes/ur5/collision
[1.275s] -- Installing: /ws_moveit/install/ur_description/share/ur_description/meshes/ur5/collision/shoulder.stl
[1.275s] -- Installing: /ws_moveit/install/ur_description/share/ur_description/meshes/ur5/collision/wrist2.stl
[1.275s] -- Installing: /ws_moveit/install/ur_description/share/ur_description/meshes/ur5/collision/base.stl
[1.275s] -- Installing: /ws_moveit/install/ur_description/share/ur_description/meshes/ur5/collision/wrist1.stl
[1.275s] -- Installing: /ws_moveit/install/ur_description/share/ur_description/meshes/ur5/collision/upperarm.stl
[1.276s] -- Installing: /ws_moveit/install/ur_description/share/ur_description/meshes/ur5/collision/wrist3.stl
[1.276s] -- Installing: /ws_moveit/install/ur_description/share/ur_description/meshes/ur5/collision/forearm.stl
[1.276s] -- Installing: /ws_moveit/install/ur_description/share/ur_description/meshes/ur20
[1.276s] -- Installing: /ws_moveit/install/ur_description/share/ur_description/meshes/ur20/visual
[1.276s] -- Installing: /ws_moveit/install/ur_description/share/ur_description/meshes/ur20/visual/wrist3.dae
[1.276s] -- Installing: /ws_moveit/install/ur_description/share/ur_description/meshes/ur20/visual/UR20_DIFF_8bit_2K.png
[1.277s] -- Installing: /ws_moveit/install/ur_description/share/ur_description/meshes/ur20/visual/wrist1.dae
[1.277s] -- Installing: /ws_moveit/install/ur_description/share/ur_description/meshes/ur20/visual/wrist2.dae
[1.277s] -- Installing: /ws_moveit/install/ur_description/share/ur_description/meshes/ur20/visual/base.dae
[1.277s] -- Installing: /ws_moveit/install/ur_description/share/ur_description/meshes/ur20/visual/forearm.dae
[1.278s] -- Installing: /ws_moveit/install/ur_description/share/ur_description/meshes/ur20/visual/upperarm.dae
[1.278s] -- Installing: /ws_moveit/install/ur_description/share/ur_description/meshes/ur20/visual/shoulder.dae
[1.278s] -- Installing: /ws_moveit/install/ur_description/share/ur_description/meshes/ur20/LICENSE.txt
[1.278s] -- Installing: /ws_moveit/install/ur_description/share/ur_description/meshes/ur20/collision
[1.278s] -- Installing: /ws_moveit/install/ur_description/share/ur_description/meshes/ur20/collision/shoulder.stl
[1.278s] -- Installing: /ws_moveit/install/ur_description/share/ur_description/meshes/ur20/collision/wrist2.stl
[1.278s] -- Installing: /ws_moveit/install/ur_description/share/ur_description/meshes/ur20/collision/base.stl
[1.278s] -- Installing: /ws_moveit/install/ur_description/share/ur_description/meshes/ur20/collision/wrist1.stl
[1.278s] -- Installing: /ws_moveit/install/ur_description/share/ur_description/meshes/ur20/collision/upperarm.stl
[1.279s] -- Installing: /ws_moveit/install/ur_description/share/ur_description/meshes/ur20/collision/wrist3.stl
[1.279s] -- Installing: /ws_moveit/install/ur_description/share/ur_description/meshes/ur20/collision/forearm.stl
[1.279s] -- Installing: /ws_moveit/install/ur_description/share/ur_description/meshes/ur3e
[1.279s] -- Installing: /ws_moveit/install/ur_description/share/ur_description/meshes/ur3e/visual
[1.279s] -- Installing: /ws_moveit/install/ur_description/share/ur_description/meshes/ur3e/visual/wrist3.dae
[1.279s] -- Installing: /ws_moveit/install/ur_description/share/ur_description/meshes/ur3e/visual/wrist1.dae
[1.280s] -- Installing: /ws_moveit/install/ur_description/share/ur_description/meshes/ur3e/visual/wrist2.dae
[1.280s] -- Installing: /ws_moveit/install/ur_description/share/ur_description/meshes/ur3e/visual/base.dae
[1.280s] -- Installing: /ws_moveit/install/ur_description/share/ur_description/meshes/ur3e/visual/forearm.dae
[1.281s] -- Installing: /ws_moveit/install/ur_description/share/ur_description/meshes/ur3e/visual/upperarm.dae
[1.283s] -- Installing: /ws_moveit/install/ur_description/share/ur_description/meshes/ur3e/visual/shoulder.dae
[1.284s] -- Installing: /ws_moveit/install/ur_description/share/ur_description/meshes/ur3e/collision
[1.284s] -- Installing: /ws_moveit/install/ur_description/share/ur_description/meshes/ur3e/collision/shoulder.stl
[1.284s] -- Installing: /ws_moveit/install/ur_description/share/ur_description/meshes/ur3e/collision/wrist2.stl
[1.285s] -- Installing: /ws_moveit/install/ur_description/share/ur_description/meshes/ur3e/collision/base.stl
[1.285s] -- Installing: /ws_moveit/install/ur_description/share/ur_description/meshes/ur3e/collision/wrist1.stl
[1.285s] -- Installing: /ws_moveit/install/ur_description/share/ur_description/meshes/ur3e/collision/upperarm.stl
[1.285s] -- Installing: /ws_moveit/install/ur_description/share/ur_description/meshes/ur3e/collision/wrist3.stl
[1.285s] -- Installing: /ws_moveit/install/ur_description/share/ur_description/meshes/ur3e/collision/forearm.stl
[1.285s] -- Installing: /ws_moveit/install/ur_description/share/ur_description/meshes/ur3
[1.285s] -- Installing: /ws_moveit/install/ur_description/share/ur_description/meshes/ur3/visual
[1.285s] -- Installing: /ws_moveit/install/ur_description/share/ur_description/meshes/ur3/visual/wrist3.dae
[1.285s] -- Installing: /ws_moveit/install/ur_description/share/ur_description/meshes/ur3/visual/wrist1.dae
[1.285s] -- Installing: /ws_moveit/install/ur_description/share/ur_description/meshes/ur3/visual/wrist2.dae
[1.285s] -- Installing: /ws_moveit/install/ur_description/share/ur_description/meshes/ur3/visual/base.dae
[1.286s] -- Installing: /ws_moveit/install/ur_description/share/ur_description/meshes/ur3/visual/forearm.dae
[1.286s] -- Installing: /ws_moveit/install/ur_description/share/ur_description/meshes/ur3/visual/upperarm.dae
[1.287s] -- Installing: /ws_moveit/install/ur_description/share/ur_description/meshes/ur3/visual/shoulder.dae
[1.288s] -- Installing: /ws_moveit/install/ur_description/share/ur_description/meshes/ur3/collision
[1.288s] -- Installing: /ws_moveit/install/ur_description/share/ur_description/meshes/ur3/collision/shoulder.stl
[1.289s] -- Installing: /ws_moveit/install/ur_description/share/ur_description/meshes/ur3/collision/wrist2.stl
[1.289s] -- Installing: /ws_moveit/install/ur_description/share/ur_description/meshes/ur3/collision/base.stl
[1.289s] -- Installing: /ws_moveit/install/ur_description/share/ur_description/meshes/ur3/collision/wrist1.stl
[1.289s] -- Installing: /ws_moveit/install/ur_description/share/ur_description/meshes/ur3/collision/upperarm.stl
[1.289s] -- Installing: /ws_moveit/install/ur_description/share/ur_description/meshes/ur3/collision/wrist3.stl
[1.290s] -- Installing: /ws_moveit/install/ur_description/share/ur_description/meshes/ur3/collision/forearm.stl
[1.290s] -- Installing: /ws_moveit/install/ur_description/share/ur_description/meshes/ur5e
[1.290s] -- Installing: /ws_moveit/install/ur_description/share/ur_description/meshes/ur5e/visual
[1.290s] -- Installing: /ws_moveit/install/ur_description/share/ur_description/meshes/ur5e/visual/wrist3.dae
[1.290s] -- Installing: /ws_moveit/install/ur_description/share/ur_description/meshes/ur5e/visual/wrist1.dae
[1.291s] -- Installing: /ws_moveit/install/ur_description/share/ur_description/meshes/ur5e/visual/wrist2.dae
[1.291s] -- Installing: /ws_moveit/install/ur_description/share/ur_description/meshes/ur5e/visual/base.dae
[1.292s] -- Installing: /ws_moveit/install/ur_description/share/ur_description/meshes/ur5e/visual/forearm.dae
[1.292s] -- Installing: /ws_moveit/install/ur_description/share/ur_description/meshes/ur5e/visual/upperarm.dae
[1.294s] -- Installing: /ws_moveit/install/ur_description/share/ur_description/meshes/ur5e/visual/shoulder.dae
[1.295s] -- Installing: /ws_moveit/install/ur_description/share/ur_description/meshes/ur5e/collision
[1.295s] -- Installing: /ws_moveit/install/ur_description/share/ur_description/meshes/ur5e/collision/shoulder.stl
[1.295s] -- Installing: /ws_moveit/install/ur_description/share/ur_description/meshes/ur5e/collision/wrist2.stl
[1.295s] -- Installing: /ws_moveit/install/ur_description/share/ur_description/meshes/ur5e/collision/base.stl
[1.295s] -- Installing: /ws_moveit/install/ur_description/share/ur_description/meshes/ur5e/collision/wrist1.stl
[1.295s] -- Installing: /ws_moveit/install/ur_description/share/ur_description/meshes/ur5e/collision/upperarm.stl
[1.295s] -- Installing: /ws_moveit/install/ur_description/share/ur_description/meshes/ur5e/collision/wrist3.stl
[1.295s] -- Installing: /ws_moveit/install/ur_description/share/ur_description/meshes/ur5e/collision/forearm.stl
[1.295s] -- Installing: /ws_moveit/install/ur_description/share/ur_description/meshes/ur16e
[1.295s] -- Installing: /ws_moveit/install/ur_description/share/ur_description/meshes/ur16e/visual
[1.296s] -- Installing: /ws_moveit/install/ur_description/share/ur_description/meshes/ur16e/visual/forearm.dae
[1.296s] -- Installing: /ws_moveit/install/ur_description/share/ur_description/meshes/ur16e/visual/upperarm.dae
[1.298s] -- Installing: /ws_moveit/install/ur_description/share/ur_description/meshes/ur16e/collision
[1.298s] -- Installing: /ws_moveit/install/ur_description/share/ur_description/meshes/ur16e/collision/upperarm.stl
[1.298s] -- Installing: /ws_moveit/install/ur_description/share/ur_description/meshes/ur16e/collision/forearm.stl
[1.298s] -- Installing: /ws_moveit/install/ur_description/share/ur_description/meshes/ur10e
[1.298s] -- Installing: /ws_moveit/install/ur_description/share/ur_description/meshes/ur10e/visual
[1.298s] -- Installing: /ws_moveit/install/ur_description/share/ur_description/meshes/ur10e/visual/wrist3.dae
[1.298s] -- Installing: /ws_moveit/install/ur_description/share/ur_description/meshes/ur10e/visual/wrist1.dae
[1.299s] -- Installing: /ws_moveit/install/ur_description/share/ur_description/meshes/ur10e/visual/wrist2.dae
[1.300s] -- Installing: /ws_moveit/install/ur_description/share/ur_description/meshes/ur10e/visual/base.dae
[1.300s] -- Installing: /ws_moveit/install/ur_description/share/ur_description/meshes/ur10e/visual/forearm.dae
[1.302s] -- Installing: /ws_moveit/install/ur_description/share/ur_description/meshes/ur10e/visual/upperarm.dae
[1.304s] -- Installing: /ws_moveit/install/ur_description/share/ur_description/meshes/ur10e/visual/shoulder.dae
[1.305s] -- Installing: /ws_moveit/install/ur_description/share/ur_description/meshes/ur10e/collision
[1.305s] -- Installing: /ws_moveit/install/ur_description/share/ur_description/meshes/ur10e/collision/shoulder.stl
[1.305s] -- Installing: /ws_moveit/install/ur_description/share/ur_description/meshes/ur10e/collision/wrist2.stl
[1.305s] -- Installing: /ws_moveit/install/ur_description/share/ur_description/meshes/ur10e/collision/base.stl
[1.305s] -- Installing: /ws_moveit/install/ur_description/share/ur_description/meshes/ur10e/collision/wrist1.stl
[1.305s] -- Installing: /ws_moveit/install/ur_description/share/ur_description/meshes/ur10e/collision/upperarm.stl
[1.306s] -- Installing: /ws_moveit/install/ur_description/share/ur_description/meshes/ur10e/collision/wrist3.stl
[1.306s] -- Installing: /ws_moveit/install/ur_description/share/ur_description/meshes/ur10e/collision/forearm.stl
[1.306s] -- Installing: /ws_moveit/install/ur_description/share/ur_description/meshes/ur30
[1.306s] -- Installing: /ws_moveit/install/ur_description/share/ur_description/meshes/ur30/visual
[1.306s] -- Installing: /ws_moveit/install/ur_description/share/ur_description/meshes/ur30/visual/forearm.dae
[1.306s] -- Installing: /ws_moveit/install/ur_description/share/ur_description/meshes/ur30/visual/UR30_DIFF_8bit_2K.png
[1.307s] -- Installing: /ws_moveit/install/ur_description/share/ur_description/meshes/ur30/visual/upperarm.dae
[1.307s] -- Installing: /ws_moveit/install/ur_description/share/ur_description/meshes/ur30/LICENSE.txt
[1.307s] -- Installing: /ws_moveit/install/ur_description/share/ur_description/meshes/ur30/collision
[1.308s] -- Installing: /ws_moveit/install/ur_description/share/ur_description/meshes/ur30/collision/upperarm.stl
[1.308s] -- Installing: /ws_moveit/install/ur_description/share/ur_description/meshes/ur30/collision/forearm.stl
[1.308s] -- Installing: /ws_moveit/install/ur_description/share/ur_description/meshes/ur15
[1.308s] -- Installing: /ws_moveit/install/ur_description/share/ur_description/meshes/ur15/visual
[1.308s] -- Installing: /ws_moveit/install/ur_description/share/ur_description/meshes/ur15/visual/wrist3.dae
[1.308s] -- Installing: /ws_moveit/install/ur_description/share/ur_description/meshes/ur15/visual/wrist1.dae
[1.308s] -- Installing: /ws_moveit/install/ur_description/share/ur_description/meshes/ur15/visual/wrist2.dae
[1.308s] -- Installing: /ws_moveit/install/ur_description/share/ur_description/meshes/ur15/visual/base.dae
[1.308s] -- Installing: /ws_moveit/install/ur_description/share/ur_description/meshes/ur15/visual/UR15_DIFF_8bit_2K.jpg
[1.309s] -- Installing: /ws_moveit/install/ur_description/share/ur_description/meshes/ur15/visual/forearm.dae
[1.309s] -- Installing: /ws_moveit/install/ur_description/share/ur_description/meshes/ur15/visual/upperarm.dae
[1.309s] -- Installing: /ws_moveit/install/ur_description/share/ur_description/meshes/ur15/visual/shoulder.dae
[1.309s] -- Installing: /ws_moveit/install/ur_description/share/ur_description/meshes/ur15/LICENSE.txt
[1.309s] -- Installing: /ws_moveit/install/ur_description/share/ur_description/meshes/ur15/collision
[1.310s] -- Installing: /ws_moveit/install/ur_description/share/ur_description/meshes/ur15/collision/shoulder.stl
[1.310s] -- Installing: /ws_moveit/install/ur_description/share/ur_description/meshes/ur15/collision/wrist2.stl
[1.310s] -- Installing: /ws_moveit/install/ur_description/share/ur_description/meshes/ur15/collision/base.stl
[1.310s] -- Installing: /ws_moveit/install/ur_description/share/ur_description/meshes/ur15/collision/wrist1.stl
[1.310s] -- Installing: /ws_moveit/install/ur_description/share/ur_description/meshes/ur15/collision/upperarm.stl
[1.310s] -- Installing: /ws_moveit/install/ur_description/share/ur_description/meshes/ur15/collision/wrist3.stl
[1.310s] -- Installing: /ws_moveit/install/ur_description/share/ur_description/meshes/ur15/collision/forearm.stl
[1.310s] -- Installing: /ws_moveit/install/ur_description/share/ur_description/meshes/ur10
[1.310s] -- Installing: /ws_moveit/install/ur_description/share/ur_description/meshes/ur10/visual
[1.310s] -- Installing: /ws_moveit/install/ur_description/share/ur_description/meshes/ur10/visual/wrist3.dae
[1.310s] -- Installing: /ws_moveit/install/ur_description/share/ur_description/meshes/ur10/visual/wrist1.dae
[1.311s] -- Installing: /ws_moveit/install/ur_description/share/ur_description/meshes/ur10/visual/wrist2.dae
[1.312s] -- Installing: /ws_moveit/install/ur_description/share/ur_description/meshes/ur10/visual/base.dae
[1.312s] -- Installing: /ws_moveit/install/ur_description/share/ur_description/meshes/ur10/visual/forearm.dae
[1.313s] -- Installing: /ws_moveit/install/ur_description/share/ur_description/meshes/ur10/visual/upperarm.dae
[1.314s] -- Installing: /ws_moveit/install/ur_description/share/ur_description/meshes/ur10/visual/shoulder.dae
[1.315s] -- Installing: /ws_moveit/install/ur_description/share/ur_description/meshes/ur10/collision
[1.315s] -- Installing: /ws_moveit/install/ur_description/share/ur_description/meshes/ur10/collision/shoulder.stl
[1.315s] -- Installing: /ws_moveit/install/ur_description/share/ur_description/meshes/ur10/collision/wrist2.stl
[1.315s] -- Installing: /ws_moveit/install/ur_description/share/ur_description/meshes/ur10/collision/base.stl
[1.315s] -- Installing: /ws_moveit/install/ur_description/share/ur_description/meshes/ur10/collision/wrist1.stl
[1.315s] -- Installing: /ws_moveit/install/ur_description/share/ur_description/meshes/ur10/collision/upperarm.stl
[1.315s] -- Installing: /ws_moveit/install/ur_description/share/ur_description/meshes/ur10/collision/wrist3.stl
[1.315s] -- Installing: /ws_moveit/install/ur_description/share/ur_description/meshes/ur10/collision/forearm.stl
[1.316s] -- Installing: /ws_moveit/install/ur_description/share/ur_description/rviz
[1.316s] -- Installing: /ws_moveit/install/ur_description/share/ur_description/rviz/view_robot.rviz
[1.316s] -- Installing: /ws_moveit/install/ur_description/share/ur_description/urdf
[1.316s] -- Installing: /ws_moveit/install/ur_description/share/ur_description/urdf/ur.urdf.xacro
[1.316s] -- Installing: /ws_moveit/install/ur_description/share/ur_description/urdf/ur_macro.xacro
[1.316s] -- Installing: /ws_moveit/install/ur_description/share/ur_description/urdf/ur.ros2_control.xacro
[1.316s] -- Installing: /ws_moveit/install/ur_description/share/ur_description/urdf/inc
[1.316s] -- Installing: /ws_moveit/install/ur_description/share/ur_description/urdf/inc/ur_common.xacro
[1.316s] -- Installing: /ws_moveit/install/ur_description/share/ur_description/urdf/inc/ur_transmissions.xacro
[1.316s] -- Installing: /ws_moveit/install/ur_description/share/ur_description/test
[1.316s] -- Installing: /ws_moveit/install/ur_description/share/ur_description/test/test_view_ur_launch.py
[1.316s] -- Installing: /ws_moveit/install/ur_description/share/ur_description/test/test_ur_urdf_xacro.py
[1.316s] -- Installing: /ws_moveit/install/ur_description/share/ament_index/resource_index/package_run_dependencies/ur_description
[1.316s] -- Installing: /ws_moveit/install/ur_description/share/ament_index/resource_index/parent_prefix_path/ur_description
[1.316s] -- Installing: /ws_moveit/install/ur_description/share/ur_description/environment/ament_prefix_path.sh
[1.316s] -- Installing: /ws_moveit/install/ur_description/share/ur_description/environment/ament_prefix_path.dsv
[1.317s] -- Installing: /ws_moveit/install/ur_description/share/ur_description/environment/path.sh
[1.317s] -- Installing: /ws_moveit/install/ur_description/share/ur_description/environment/path.dsv
[1.317s] -- Installing: /ws_moveit/install/ur_description/share/ur_description/local_setup.bash
[1.317s] -- Installing: /ws_moveit/install/ur_description/share/ur_description/local_setup.sh
[1.317s] -- Installing: /ws_moveit/install/ur_description/share/ur_description/local_setup.zsh
[1.317s] -- Installing: /ws_moveit/install/ur_description/share/ur_description/local_setup.dsv
[1.317s] -- Installing: /ws_moveit/install/ur_description/share/ur_description/package.dsv
[1.317s] -- Installing: /ws_moveit/install/ur_description/share/ament_index/resource_index/packages/ur_description
[1.317s] -- Installing: /ws_moveit/install/ur_description/share/ur_description/cmake/ur_descriptionConfig.cmake
[1.317s] -- Installing: /ws_moveit/install/ur_description/share/ur_description/cmake/ur_descriptionConfig-version.cmake
[1.317s] -- Installing: /ws_moveit/install/ur_description/share/ur_description/package.xml
[1.318s] Invoked command in '/ws_moveit/build/ur_description' returned '0': CMAKE_PREFIX_PATH=/opt/ros/humble /usr/bin/cmake --install /ws_moveit/build/ur_description
