[0.015s] Invoking command in '/ws_moveit/build/robotiq_2f_gripper_hardware': AMENT_PREFIX_PATH=/ws_moveit/install/robotiq_2f_gripper_interfaces:/ws_moveit/install/serial:/ws_moveit/install/robotiq_2f_gripper_msgs:${AMENT_PREFIX_PATH} CMAKE_PREFIX_PATH=/ws_moveit/install/robotiq_2f_gripper_interfaces:/ws_moveit/install/serial:/ws_moveit/install/robotiq_2f_gripper_msgs:/opt/ros/humble LD_LIBRARY_PATH=/ws_moveit/install/robotiq_2f_gripper_interfaces/lib:/ws_moveit/install/serial/lib:/ws_moveit/install/robotiq_2f_gripper_msgs/lib:${LD_LIBRARY_PATH} PYTHONPATH=/ws_moveit/install/robotiq_2f_gripper_msgs/local/lib/python3.10/dist-packages:${PYTHONPATH} /usr/bin/cmake /ws_moveit/src/robotiq_2f_gripper_ros2/robotiq_2f_gripper_hardware -DCMAKE_BUILD_TYPE=Release -DCMAKE_INSTALL_PREFIX=/ws_moveit/install/robotiq_2f_gripper_hardware
[0.087s] -- The CXX compiler identification is GNU 11.4.0
[0.094s] -- Detecting CXX compiler ABI info
[0.181s] -- Detecting CXX compiler ABI info - done
[0.193s] -- Check for working CXX compiler: /usr/bin/c++ - skipped
[0.193s] -- Detecting CXX compile features
[0.193s] -- Detecting CXX compile features - done
[0.197s] -- Found ament_cmake: 1.3.11 (/opt/ros/humble/share/ament_cmake/cmake)
[0.379s] -- Found Python3: /usr/bin/python3 (found version "3.10.12") found components: Interpreter 
[0.583s] -- Found hardware_interface: 2.50.0 (/opt/ros/humble/share/hardware_interface/cmake)
[0.706s] -- Found rosidl_generator_c: 3.1.6 (/opt/ros/humble/share/rosidl_generator_c/cmake)
[0.722s] -- Found rosidl_adapter: 3.1.6 (/opt/ros/humble/share/rosidl_adapter/cmake)
[0.745s] -- Found rosidl_generator_cpp: 3.1.6 (/opt/ros/humble/share/rosidl_generator_cpp/cmake)
[0.777s] -- Using all available rosidl_typesupport_c: rosidl_typesupport_fastrtps_c;rosidl_typesupport_introspection_c
[0.807s] -- Using all available rosidl_typesupport_cpp: rosidl_typesupport_fastrtps_cpp;rosidl_typesupport_introspection_cpp
[1.065s] -- Found rmw_implementation_cmake: 6.1.2 (/opt/ros/humble/share/rmw_implementation_cmake/cmake)
[1.069s] -- Found rmw_fastrtps_cpp: 6.2.7 (/opt/ros/humble/share/rmw_fastrtps_cpp/cmake)
[1.100s] -- Found TinyXML2 via Config file: TinyXML2_DIR-NOTFOUND
[1.176s] -- Found OpenSSL: /usr/lib/x86_64-linux-gnu/libcrypto.so (found version "3.0.2")  
[1.180s] -- Found TinyXML2 via Config file: TinyXML2_DIR-NOTFOUND
[1.198s] -- Found FastRTPS: /opt/ros/humble/include  
[1.201s] -- Found TinyXML2 via Config file: TinyXML2_DIR-NOTFOUND
[1.215s] -- Found TinyXML2 via Config file: TinyXML2_DIR-NOTFOUND
[1.229s] -- Using RMW implementation 'rmw_fastrtps_cpp' as default
[1.241s] -- Looking for C++ include pthread.h
[1.336s] -- Looking for C++ include pthread.h - found
[1.336s] -- Performing Test CMAKE_HAVE_LIBC_PTHREAD
[1.460s] -- Performing Test CMAKE_HAVE_LIBC_PTHREAD - Success
[1.462s] -- Found Threads: TRUE  
[1.518s] -- Found rclcpp_action: 16.0.12 (/opt/ros/humble/share/rclcpp_action/cmake)
[1.529s] -- Found robotiq_2f_gripper_msgs: 0.0.0 (/ws_moveit/install/robotiq_2f_gripper_msgs/share/robotiq_2f_gripper_msgs/cmake)
[1.545s] -- Found serial: 1.2.1 (/ws_moveit/install/serial/share/serial/cmake)
[1.546s] -- Found robotiq_2f_gripper_interfaces: 0.0.1 (/ws_moveit/install/robotiq_2f_gripper_interfaces/share/robotiq_2f_gripper_interfaces/cmake)
[1.631s] -- Configuring done
[1.690s] -- Generating done
[1.698s] -- Build files have been written to: /ws_moveit/build/robotiq_2f_gripper_hardware
[1.706s] Invoked command in '/ws_moveit/build/robotiq_2f_gripper_hardware' returned '0': AMENT_PREFIX_PATH=/ws_moveit/install/robotiq_2f_gripper_interfaces:/ws_moveit/install/serial:/ws_moveit/install/robotiq_2f_gripper_msgs:${AMENT_PREFIX_PATH} CMAKE_PREFIX_PATH=/ws_moveit/install/robotiq_2f_gripper_interfaces:/ws_moveit/install/serial:/ws_moveit/install/robotiq_2f_gripper_msgs:/opt/ros/humble LD_LIBRARY_PATH=/ws_moveit/install/robotiq_2f_gripper_interfaces/lib:/ws_moveit/install/serial/lib:/ws_moveit/install/robotiq_2f_gripper_msgs/lib:${LD_LIBRARY_PATH} PYTHONPATH=/ws_moveit/install/robotiq_2f_gripper_msgs/local/lib/python3.10/dist-packages:${PYTHONPATH} /usr/bin/cmake /ws_moveit/src/robotiq_2f_gripper_ros2/robotiq_2f_gripper_hardware -DCMAKE_BUILD_TYPE=Release -DCMAKE_INSTALL_PREFIX=/ws_moveit/install/robotiq_2f_gripper_hardware
[1.708s] Invoking command in '/ws_moveit/build/robotiq_2f_gripper_hardware': AMENT_PREFIX_PATH=/ws_moveit/install/robotiq_2f_gripper_interfaces:/ws_moveit/install/serial:/ws_moveit/install/robotiq_2f_gripper_msgs:${AMENT_PREFIX_PATH} CMAKE_PREFIX_PATH=/ws_moveit/install/robotiq_2f_gripper_interfaces:/ws_moveit/install/serial:/ws_moveit/install/robotiq_2f_gripper_msgs:/opt/ros/humble LD_LIBRARY_PATH=/ws_moveit/install/robotiq_2f_gripper_interfaces/lib:/ws_moveit/install/serial/lib:/ws_moveit/install/robotiq_2f_gripper_msgs/lib:${LD_LIBRARY_PATH} PYTHONPATH=/ws_moveit/install/robotiq_2f_gripper_msgs/local/lib/python3.10/dist-packages:${PYTHONPATH} /usr/bin/cmake --build /ws_moveit/build/robotiq_2f_gripper_hardware -- -j12 -l12
[1.774s] [ 50%] [32mBuilding CXX object CMakeFiles/robotiq_2f_gripper_node.dir/src/robotiq_2f_gripper_node.cpp.o[0m
[13.881s] [100%] [32m[1mLinking CXX executable robotiq_2f_gripper_node[0m
[14.461s] [100%] Built target robotiq_2f_gripper_node
[14.480s] Invoked command in '/ws_moveit/build/robotiq_2f_gripper_hardware' returned '0': AMENT_PREFIX_PATH=/ws_moveit/install/robotiq_2f_gripper_interfaces:/ws_moveit/install/serial:/ws_moveit/install/robotiq_2f_gripper_msgs:${AMENT_PREFIX_PATH} CMAKE_PREFIX_PATH=/ws_moveit/install/robotiq_2f_gripper_interfaces:/ws_moveit/install/serial:/ws_moveit/install/robotiq_2f_gripper_msgs:/opt/ros/humble LD_LIBRARY_PATH=/ws_moveit/install/robotiq_2f_gripper_interfaces/lib:/ws_moveit/install/serial/lib:/ws_moveit/install/robotiq_2f_gripper_msgs/lib:${LD_LIBRARY_PATH} PYTHONPATH=/ws_moveit/install/robotiq_2f_gripper_msgs/local/lib/python3.10/dist-packages:${PYTHONPATH} /usr/bin/cmake --build /ws_moveit/build/robotiq_2f_gripper_hardware -- -j12 -l12
[14.483s] Invoking command in '/ws_moveit/build/robotiq_2f_gripper_hardware': AMENT_PREFIX_PATH=/ws_moveit/install/robotiq_2f_gripper_interfaces:/ws_moveit/install/serial:/ws_moveit/install/robotiq_2f_gripper_msgs:${AMENT_PREFIX_PATH} CMAKE_PREFIX_PATH=/ws_moveit/install/robotiq_2f_gripper_interfaces:/ws_moveit/install/serial:/ws_moveit/install/robotiq_2f_gripper_msgs:/opt/ros/humble LD_LIBRARY_PATH=/ws_moveit/install/robotiq_2f_gripper_interfaces/lib:/ws_moveit/install/serial/lib:/ws_moveit/install/robotiq_2f_gripper_msgs/lib:${LD_LIBRARY_PATH} PYTHONPATH=/ws_moveit/install/robotiq_2f_gripper_msgs/local/lib/python3.10/dist-packages:${PYTHONPATH} /usr/bin/cmake --install /ws_moveit/build/robotiq_2f_gripper_hardware
[14.494s] -- Install configuration: "Release"
[14.494s] -- Installing: /ws_moveit/install/robotiq_2f_gripper_hardware/lib/robotiq_2f_gripper_hardware/robotiq_2f_gripper_node
[14.495s] -- Set runtime path of "/ws_moveit/install/robotiq_2f_gripper_hardware/lib/robotiq_2f_gripper_hardware/robotiq_2f_gripper_node" to ""
[14.495s] -- Installing: /ws_moveit/install/robotiq_2f_gripper_hardware/include/robotiq_2f_gripper_hardware
[14.495s] -- Installing: /ws_moveit/install/robotiq_2f_gripper_hardware/include/robotiq_2f_gripper_hardware/robotiq_2f_gripper_node.hpp
[14.496s] -- Installing: /ws_moveit/install/robotiq_2f_gripper_hardware/share/robotiq_2f_gripper_hardware/launch
[14.496s] -- Installing: /ws_moveit/install/robotiq_2f_gripper_hardware/share/robotiq_2f_gripper_hardware/launch/robotiq_2f_gripper_launch.py
[14.496s] -- Installing: /ws_moveit/install/robotiq_2f_gripper_hardware/share/ament_index/resource_index/package_run_dependencies/robotiq_2f_gripper_hardware
[14.496s] -- Installing: /ws_moveit/install/robotiq_2f_gripper_hardware/share/ament_index/resource_index/parent_prefix_path/robotiq_2f_gripper_hardware
[14.496s] -- Installing: /ws_moveit/install/robotiq_2f_gripper_hardware/share/robotiq_2f_gripper_hardware/environment/ament_prefix_path.sh
[14.496s] -- Installing: /ws_moveit/install/robotiq_2f_gripper_hardware/share/robotiq_2f_gripper_hardware/environment/ament_prefix_path.dsv
[14.497s] -- Installing: /ws_moveit/install/robotiq_2f_gripper_hardware/share/robotiq_2f_gripper_hardware/environment/path.sh
[14.497s] -- Installing: /ws_moveit/install/robotiq_2f_gripper_hardware/share/robotiq_2f_gripper_hardware/environment/path.dsv
[14.497s] -- Installing: /ws_moveit/install/robotiq_2f_gripper_hardware/share/robotiq_2f_gripper_hardware/local_setup.bash
[14.497s] -- Installing: /ws_moveit/install/robotiq_2f_gripper_hardware/share/robotiq_2f_gripper_hardware/local_setup.sh
[14.497s] -- Installing: /ws_moveit/install/robotiq_2f_gripper_hardware/share/robotiq_2f_gripper_hardware/local_setup.zsh
[14.497s] -- Installing: /ws_moveit/install/robotiq_2f_gripper_hardware/share/robotiq_2f_gripper_hardware/local_setup.dsv
[14.497s] -- Installing: /ws_moveit/install/robotiq_2f_gripper_hardware/share/robotiq_2f_gripper_hardware/package.dsv
[14.497s] -- Installing: /ws_moveit/install/robotiq_2f_gripper_hardware/share/ament_index/resource_index/packages/robotiq_2f_gripper_hardware
[14.498s] -- Installing: /ws_moveit/install/robotiq_2f_gripper_hardware/share/robotiq_2f_gripper_hardware/cmake/robotiq_2f_gripper_hardwareConfig.cmake
[14.498s] -- Installing: /ws_moveit/install/robotiq_2f_gripper_hardware/share/robotiq_2f_gripper_hardware/cmake/robotiq_2f_gripper_hardwareConfig-version.cmake
[14.499s] -- Installing: /ws_moveit/install/robotiq_2f_gripper_hardware/share/robotiq_2f_gripper_hardware/package.xml
[14.502s] Invoked command in '/ws_moveit/build/robotiq_2f_gripper_hardware' returned '0': AMENT_PREFIX_PATH=/ws_moveit/install/robotiq_2f_gripper_interfaces:/ws_moveit/install/serial:/ws_moveit/install/robotiq_2f_gripper_msgs:${AMENT_PREFIX_PATH} CMAKE_PREFIX_PATH=/ws_moveit/install/robotiq_2f_gripper_interfaces:/ws_moveit/install/serial:/ws_moveit/install/robotiq_2f_gripper_msgs:/opt/ros/humble LD_LIBRARY_PATH=/ws_moveit/install/robotiq_2f_gripper_interfaces/lib:/ws_moveit/install/serial/lib:/ws_moveit/install/robotiq_2f_gripper_msgs/lib:${LD_LIBRARY_PATH} PYTHONPATH=/ws_moveit/install/robotiq_2f_gripper_msgs/local/lib/python3.10/dist-packages:${PYTHONPATH} /usr/bin/cmake --install /ws_moveit/build/robotiq_2f_gripper_hardware
