[0.016s] Invoking command in '/ws_moveit/build/ur_simulation_gazebo': CMAKE_PREFIX_PATH=/ws_moveit/install/ur_moveit_config:/ws_moveit/install/ur_controllers:/ws_moveit/install/ur_description:/ws_moveit/install/ur_dashboard_msgs:/ws_moveit/install/ur_simulation_gazebo:/ws_moveit/install/ur:/ws_moveit/install/ur_calibration:/ws_moveit/install/ur_robot_driver:/ws_moveit/install/ur_bringup:/ws_moveit/install/robotiq_2f_gripper_hardware:/ws_moveit/install/robotiq_2f_gripper_interfaces:/ws_moveit/install/serial:/ws_moveit/install/robotiq_2f_gripper_msgs:/ws_moveit/install/robotiq_2f_gripper_description:/opt/ros/humble LD_LIBRARY_PATH=/ws_moveit/install/ur_controllers/lib:/ws_moveit/install/ur_dashboard_msgs/lib:/ws_moveit/install/ur_robot_driver/lib:/ws_moveit/install/robotiq_2f_gripper_interfaces/lib:/ws_moveit/install/serial/lib:/ws_moveit/install/robotiq_2f_gripper_msgs/lib:/usr/lib/x86_64-linux-gnu/gazebo-11/plugins:/opt/ros/humble/opt/rviz_ogre_vendor/lib:/opt/ros/humble/lib/x86_64-linux-gnu:/opt/ros/humble/lib /usr/bin/cmake --build /ws_moveit/build/ur_simulation_gazebo -- -j12 -l12
[0.047s] Invoked command in '/ws_moveit/build/ur_simulation_gazebo' returned '0': CMAKE_PREFIX_PATH=/ws_moveit/install/ur_moveit_config:/ws_moveit/install/ur_controllers:/ws_moveit/install/ur_description:/ws_moveit/install/ur_dashboard_msgs:/ws_moveit/install/ur_simulation_gazebo:/ws_moveit/install/ur:/ws_moveit/install/ur_calibration:/ws_moveit/install/ur_robot_driver:/ws_moveit/install/ur_bringup:/ws_moveit/install/robotiq_2f_gripper_hardware:/ws_moveit/install/robotiq_2f_gripper_interfaces:/ws_moveit/install/serial:/ws_moveit/install/robotiq_2f_gripper_msgs:/ws_moveit/install/robotiq_2f_gripper_description:/opt/ros/humble LD_LIBRARY_PATH=/ws_moveit/install/ur_controllers/lib:/ws_moveit/install/ur_dashboard_msgs/lib:/ws_moveit/install/ur_robot_driver/lib:/ws_moveit/install/robotiq_2f_gripper_interfaces/lib:/ws_moveit/install/serial/lib:/ws_moveit/install/robotiq_2f_gripper_msgs/lib:/usr/lib/x86_64-linux-gnu/gazebo-11/plugins:/opt/ros/humble/opt/rviz_ogre_vendor/lib:/opt/ros/humble/lib/x86_64-linux-gnu:/opt/ros/humble/lib /usr/bin/cmake --build /ws_moveit/build/ur_simulation_gazebo -- -j12 -l12
[0.055s] Invoking command in '/ws_moveit/build/ur_simulation_gazebo': CMAKE_PREFIX_PATH=/ws_moveit/install/ur_moveit_config:/ws_moveit/install/ur_controllers:/ws_moveit/install/ur_description:/ws_moveit/install/ur_dashboard_msgs:/ws_moveit/install/ur_simulation_gazebo:/ws_moveit/install/ur:/ws_moveit/install/ur_calibration:/ws_moveit/install/ur_robot_driver:/ws_moveit/install/ur_bringup:/ws_moveit/install/robotiq_2f_gripper_hardware:/ws_moveit/install/robotiq_2f_gripper_interfaces:/ws_moveit/install/serial:/ws_moveit/install/robotiq_2f_gripper_msgs:/ws_moveit/install/robotiq_2f_gripper_description:/opt/ros/humble LD_LIBRARY_PATH=/ws_moveit/install/ur_controllers/lib:/ws_moveit/install/ur_dashboard_msgs/lib:/ws_moveit/install/ur_robot_driver/lib:/ws_moveit/install/robotiq_2f_gripper_interfaces/lib:/ws_moveit/install/serial/lib:/ws_moveit/install/robotiq_2f_gripper_msgs/lib:/usr/lib/x86_64-linux-gnu/gazebo-11/plugins:/opt/ros/humble/opt/rviz_ogre_vendor/lib:/opt/ros/humble/lib/x86_64-linux-gnu:/opt/ros/humble/lib /usr/bin/cmake --install /ws_moveit/build/ur_simulation_gazebo
[0.061s] -- Install configuration: "Release"
[0.061s] -- Up-to-date: /ws_moveit/install/ur_simulation_gazebo/share/ur_simulation_gazebo/config
[0.061s] -- Up-to-date: /ws_moveit/install/ur_simulation_gazebo/share/ur_simulation_gazebo/config/ur_controllers.yaml
[0.061s] -- Up-to-date: /ws_moveit/install/ur_simulation_gazebo/share/ur_simulation_gazebo/launch
[0.061s] -- Up-to-date: /ws_moveit/install/ur_simulation_gazebo/share/ur_simulation_gazebo/launch/ur_sim_moveit.launch.py
[0.061s] -- Up-to-date: /ws_moveit/install/ur_simulation_gazebo/share/ur_simulation_gazebo/launch/gazebo_test1.launch.py
[0.061s] -- Up-to-date: /ws_moveit/install/ur_simulation_gazebo/share/ur_simulation_gazebo/launch/ur_sim_control.launch.py
[0.061s] -- Installing: /ws_moveit/install/ur_simulation_gazebo/share/ur_simulation_gazebo/launch/ur_cesar_control.launch.py
[0.062s] -- Up-to-date: /ws_moveit/install/ur_simulation_gazebo/share/ament_index/resource_index/package_run_dependencies/ur_simulation_gazebo
[0.062s] -- Up-to-date: /ws_moveit/install/ur_simulation_gazebo/share/ament_index/resource_index/parent_prefix_path/ur_simulation_gazebo
[0.062s] -- Up-to-date: /ws_moveit/install/ur_simulation_gazebo/share/ur_simulation_gazebo/environment/ament_prefix_path.sh
[0.062s] -- Up-to-date: /ws_moveit/install/ur_simulation_gazebo/share/ur_simulation_gazebo/environment/ament_prefix_path.dsv
[0.062s] -- Up-to-date: /ws_moveit/install/ur_simulation_gazebo/share/ur_simulation_gazebo/environment/path.sh
[0.062s] -- Up-to-date: /ws_moveit/install/ur_simulation_gazebo/share/ur_simulation_gazebo/environment/path.dsv
[0.062s] -- Up-to-date: /ws_moveit/install/ur_simulation_gazebo/share/ur_simulation_gazebo/local_setup.bash
[0.062s] -- Up-to-date: /ws_moveit/install/ur_simulation_gazebo/share/ur_simulation_gazebo/local_setup.sh
[0.062s] -- Up-to-date: /ws_moveit/install/ur_simulation_gazebo/share/ur_simulation_gazebo/local_setup.zsh
[0.062s] -- Up-to-date: /ws_moveit/install/ur_simulation_gazebo/share/ur_simulation_gazebo/local_setup.dsv
[0.062s] -- Up-to-date: /ws_moveit/install/ur_simulation_gazebo/share/ur_simulation_gazebo/package.dsv
[0.062s] -- Up-to-date: /ws_moveit/install/ur_simulation_gazebo/share/ament_index/resource_index/packages/ur_simulation_gazebo
[0.062s] -- Up-to-date: /ws_moveit/install/ur_simulation_gazebo/share/ur_simulation_gazebo/cmake/ur_simulation_gazeboConfig.cmake
[0.062s] -- Up-to-date: /ws_moveit/install/ur_simulation_gazebo/share/ur_simulation_gazebo/cmake/ur_simulation_gazeboConfig-version.cmake
[0.062s] -- Up-to-date: /ws_moveit/install/ur_simulation_gazebo/share/ur_simulation_gazebo/package.xml
[0.063s] Invoked command in '/ws_moveit/build/ur_simulation_gazebo' returned '0': CMAKE_PREFIX_PATH=/ws_moveit/install/ur_moveit_config:/ws_moveit/install/ur_controllers:/ws_moveit/install/ur_description:/ws_moveit/install/ur_dashboard_msgs:/ws_moveit/install/ur_simulation_gazebo:/ws_moveit/install/ur:/ws_moveit/install/ur_calibration:/ws_moveit/install/ur_robot_driver:/ws_moveit/install/ur_bringup:/ws_moveit/install/robotiq_2f_gripper_hardware:/ws_moveit/install/robotiq_2f_gripper_interfaces:/ws_moveit/install/serial:/ws_moveit/install/robotiq_2f_gripper_msgs:/ws_moveit/install/robotiq_2f_gripper_description:/opt/ros/humble LD_LIBRARY_PATH=/ws_moveit/install/ur_controllers/lib:/ws_moveit/install/ur_dashboard_msgs/lib:/ws_moveit/install/ur_robot_driver/lib:/ws_moveit/install/robotiq_2f_gripper_interfaces/lib:/ws_moveit/install/serial/lib:/ws_moveit/install/robotiq_2f_gripper_msgs/lib:/usr/lib/x86_64-linux-gnu/gazebo-11/plugins:/opt/ros/humble/opt/rviz_ogre_vendor/lib:/opt/ros/humble/lib/x86_64-linux-gnu:/opt/ros/humble/lib /usr/bin/cmake --install /ws_moveit/build/ur_simulation_gazebo
