[0.035s] Invoking command in '/ws_slam/build/turtlebot3': AMENT_PREFIX_PATH=/ws_slam/install/turtlebot3_bringup:/ws_slam/install/turtlebot3_node:/ws_slam/install/turtlebot3_example:/ws_slam/install/turtlebot3_teleop:/ws_slam/install/turtlebot3_navigation2:/ws_slam/install/turtlebot3_msgs:/ws_slam/install/turtlebot3_description:/ws_slam/install/turtlebot3_cartographer:/ws_slam/install/dynamixel_sdk:${AMENT_PREFIX_PATH} CMAKE_PREFIX_PATH=/ws_slam/install/turtlebot3_bringup:/ws_slam/install/turtlebot3_node:/ws_slam/install/turtlebot3_navigation2:/ws_slam/install/turtlebot3_msgs:/ws_slam/install/turtlebot3_description:/ws_slam/install/turtlebot3_cartographer:/ws_slam/install/dynamixel_sdk:/opt/ros/humble LD_LIBRARY_PATH=/ws_slam/install/turtlebot3_msgs/lib:/ws_slam/install/dynamixel_sdk/lib:/usr/lib/x86_64-linux-gnu/gazebo-11/plugins:/opt/ros/humble/opt/rviz_ogre_vendor/lib:/opt/ros/humble/lib/x86_64-linux-gnu:/opt/ros/humble/lib:/usr/lib/x86_64-linux-gnu/gazebo-11/plugins PYTHONPATH=/ws_slam/install/turtlebot3_example/lib/python3.10/site-packages:/ws_slam/install/turtlebot3_teleop/lib/python3.10/site-packages:/ws_slam/install/turtlebot3_msgs/local/lib/python3.10/dist-packages:/ws_slam/install/dynamixel_sdk/local/lib/python3.10/dist-packages:${PYTHONPATH} /usr/bin/cmake /ws_slam/src/turtlebot3/turtlebot3 -DCMAKE_INSTALL_PREFIX=/ws_slam/install/turtlebot3
[0.145s] -- The C compiler identification is GNU 11.4.0
[0.258s] -- The CXX compiler identification is GNU 11.4.0
[0.272s] -- Detecting C compiler ABI info
[0.388s] -- Detecting C compiler ABI info - done
[0.398s] -- Check for working C compiler: /usr/bin/cc - skipped
[0.398s] -- Detecting C compile features
[0.399s] -- Detecting C compile features - done
[0.404s] -- Detecting CXX compiler ABI info
[0.561s] -- Detecting CXX compiler ABI info - done
[0.578s] -- Check for working CXX compiler: /usr/bin/c++ - skipped
[0.578s] -- Detecting CXX compile features
[0.580s] -- Detecting CXX compile features - done
[0.586s] -- Found ament_cmake: 1.3.11 (/opt/ros/humble/share/ament_cmake/cmake)
[0.881s] -- Found Python3: /usr/bin/python3 (found version "3.10.12") found components: Interpreter 
[1.196s] -- Configuring done
[1.203s] -- Generating done
[1.211s] -- Build files have been written to: /ws_slam/build/turtlebot3
[1.218s] Invoked command in '/ws_slam/build/turtlebot3' returned '0': AMENT_PREFIX_PATH=/ws_slam/install/turtlebot3_bringup:/ws_slam/install/turtlebot3_node:/ws_slam/install/turtlebot3_example:/ws_slam/install/turtlebot3_teleop:/ws_slam/install/turtlebot3_navigation2:/ws_slam/install/turtlebot3_msgs:/ws_slam/install/turtlebot3_description:/ws_slam/install/turtlebot3_cartographer:/ws_slam/install/dynamixel_sdk:${AMENT_PREFIX_PATH} CMAKE_PREFIX_PATH=/ws_slam/install/turtlebot3_bringup:/ws_slam/install/turtlebot3_node:/ws_slam/install/turtlebot3_navigation2:/ws_slam/install/turtlebot3_msgs:/ws_slam/install/turtlebot3_description:/ws_slam/install/turtlebot3_cartographer:/ws_slam/install/dynamixel_sdk:/opt/ros/humble LD_LIBRARY_PATH=/ws_slam/install/turtlebot3_msgs/lib:/ws_slam/install/dynamixel_sdk/lib:/usr/lib/x86_64-linux-gnu/gazebo-11/plugins:/opt/ros/humble/opt/rviz_ogre_vendor/lib:/opt/ros/humble/lib/x86_64-linux-gnu:/opt/ros/humble/lib:/usr/lib/x86_64-linux-gnu/gazebo-11/plugins PYTHONPATH=/ws_slam/install/turtlebot3_example/lib/python3.10/site-packages:/ws_slam/install/turtlebot3_teleop/lib/python3.10/site-packages:/ws_slam/install/turtlebot3_msgs/local/lib/python3.10/dist-packages:/ws_slam/install/dynamixel_sdk/local/lib/python3.10/dist-packages:${PYTHONPATH} /usr/bin/cmake /ws_slam/src/turtlebot3/turtlebot3 -DCMAKE_INSTALL_PREFIX=/ws_slam/install/turtlebot3
[1.224s] Invoking command in '/ws_slam/build/turtlebot3': AMENT_PREFIX_PATH=/ws_slam/install/turtlebot3_bringup:/ws_slam/install/turtlebot3_node:/ws_slam/install/turtlebot3_example:/ws_slam/install/turtlebot3_teleop:/ws_slam/install/turtlebot3_navigation2:/ws_slam/install/turtlebot3_msgs:/ws_slam/install/turtlebot3_description:/ws_slam/install/turtlebot3_cartographer:/ws_slam/install/dynamixel_sdk:${AMENT_PREFIX_PATH} CMAKE_PREFIX_PATH=/ws_slam/install/turtlebot3_bringup:/ws_slam/install/turtlebot3_node:/ws_slam/install/turtlebot3_navigation2:/ws_slam/install/turtlebot3_msgs:/ws_slam/install/turtlebot3_description:/ws_slam/install/turtlebot3_cartographer:/ws_slam/install/dynamixel_sdk:/opt/ros/humble LD_LIBRARY_PATH=/ws_slam/install/turtlebot3_msgs/lib:/ws_slam/install/dynamixel_sdk/lib:/usr/lib/x86_64-linux-gnu/gazebo-11/plugins:/opt/ros/humble/opt/rviz_ogre_vendor/lib:/opt/ros/humble/lib/x86_64-linux-gnu:/opt/ros/humble/lib:/usr/lib/x86_64-linux-gnu/gazebo-11/plugins PYTHONPATH=/ws_slam/install/turtlebot3_example/lib/python3.10/site-packages:/ws_slam/install/turtlebot3_teleop/lib/python3.10/site-packages:/ws_slam/install/turtlebot3_msgs/local/lib/python3.10/dist-packages:/ws_slam/install/dynamixel_sdk/local/lib/python3.10/dist-packages:${PYTHONPATH} /usr/bin/cmake --build /ws_slam/build/turtlebot3 -- -j12 -l12
[1.314s] Invoked command in '/ws_slam/build/turtlebot3' returned '0': AMENT_PREFIX_PATH=/ws_slam/install/turtlebot3_bringup:/ws_slam/install/turtlebot3_node:/ws_slam/install/turtlebot3_example:/ws_slam/install/turtlebot3_teleop:/ws_slam/install/turtlebot3_navigation2:/ws_slam/install/turtlebot3_msgs:/ws_slam/install/turtlebot3_description:/ws_slam/install/turtlebot3_cartographer:/ws_slam/install/dynamixel_sdk:${AMENT_PREFIX_PATH} CMAKE_PREFIX_PATH=/ws_slam/install/turtlebot3_bringup:/ws_slam/install/turtlebot3_node:/ws_slam/install/turtlebot3_navigation2:/ws_slam/install/turtlebot3_msgs:/ws_slam/install/turtlebot3_description:/ws_slam/install/turtlebot3_cartographer:/ws_slam/install/dynamixel_sdk:/opt/ros/humble LD_LIBRARY_PATH=/ws_slam/install/turtlebot3_msgs/lib:/ws_slam/install/dynamixel_sdk/lib:/usr/lib/x86_64-linux-gnu/gazebo-11/plugins:/opt/ros/humble/opt/rviz_ogre_vendor/lib:/opt/ros/humble/lib/x86_64-linux-gnu:/opt/ros/humble/lib:/usr/lib/x86_64-linux-gnu/gazebo-11/plugins PYTHONPATH=/ws_slam/install/turtlebot3_example/lib/python3.10/site-packages:/ws_slam/install/turtlebot3_teleop/lib/python3.10/site-packages:/ws_slam/install/turtlebot3_msgs/local/lib/python3.10/dist-packages:/ws_slam/install/dynamixel_sdk/local/lib/python3.10/dist-packages:${PYTHONPATH} /usr/bin/cmake --build /ws_slam/build/turtlebot3 -- -j12 -l12
[1.315s] Invoking command in '/ws_slam/build/turtlebot3': AMENT_PREFIX_PATH=/ws_slam/install/turtlebot3_bringup:/ws_slam/install/turtlebot3_node:/ws_slam/install/turtlebot3_example:/ws_slam/install/turtlebot3_teleop:/ws_slam/install/turtlebot3_navigation2:/ws_slam/install/turtlebot3_msgs:/ws_slam/install/turtlebot3_description:/ws_slam/install/turtlebot3_cartographer:/ws_slam/install/dynamixel_sdk:${AMENT_PREFIX_PATH} CMAKE_PREFIX_PATH=/ws_slam/install/turtlebot3_bringup:/ws_slam/install/turtlebot3_node:/ws_slam/install/turtlebot3_navigation2:/ws_slam/install/turtlebot3_msgs:/ws_slam/install/turtlebot3_description:/ws_slam/install/turtlebot3_cartographer:/ws_slam/install/dynamixel_sdk:/opt/ros/humble LD_LIBRARY_PATH=/ws_slam/install/turtlebot3_msgs/lib:/ws_slam/install/dynamixel_sdk/lib:/usr/lib/x86_64-linux-gnu/gazebo-11/plugins:/opt/ros/humble/opt/rviz_ogre_vendor/lib:/opt/ros/humble/lib/x86_64-linux-gnu:/opt/ros/humble/lib:/usr/lib/x86_64-linux-gnu/gazebo-11/plugins PYTHONPATH=/ws_slam/install/turtlebot3_example/lib/python3.10/site-packages:/ws_slam/install/turtlebot3_teleop/lib/python3.10/site-packages:/ws_slam/install/turtlebot3_msgs/local/lib/python3.10/dist-packages:/ws_slam/install/dynamixel_sdk/local/lib/python3.10/dist-packages:${PYTHONPATH} /usr/bin/cmake --install /ws_slam/build/turtlebot3
[1.331s] -- Install configuration: ""
[1.332s] -- Installing: /ws_slam/install/turtlebot3/share/ament_index/resource_index/package_run_dependencies/turtlebot3
[1.332s] -- Installing: /ws_slam/install/turtlebot3/share/ament_index/resource_index/parent_prefix_path/turtlebot3
[1.333s] -- Installing: /ws_slam/install/turtlebot3/share/turtlebot3/environment/ament_prefix_path.sh
[1.333s] -- Installing: /ws_slam/install/turtlebot3/share/turtlebot3/environment/ament_prefix_path.dsv
[1.334s] -- Installing: /ws_slam/install/turtlebot3/share/turtlebot3/environment/path.sh
[1.334s] -- Installing: /ws_slam/install/turtlebot3/share/turtlebot3/environment/path.dsv
[1.334s] -- Installing: /ws_slam/install/turtlebot3/share/turtlebot3/local_setup.bash
[1.335s] -- Installing: /ws_slam/install/turtlebot3/share/turtlebot3/local_setup.sh
[1.335s] -- Installing: /ws_slam/install/turtlebot3/share/turtlebot3/local_setup.zsh
[1.339s] -- Installing: /ws_slam/install/turtlebot3/share/turtlebot3/local_setup.dsv
[1.339s] -- Installing: /ws_slam/install/turtlebot3/share/turtlebot3/package.dsv
[1.340s] -- Installing: /ws_slam/install/turtlebot3/share/ament_index/resource_index/packages/turtlebot3
[1.340s] -- Installing: /ws_slam/install/turtlebot3/share/turtlebot3/cmake/turtlebot3Config.cmake
[1.340s] -- Installing: /ws_slam/install/turtlebot3/share/turtlebot3/cmake/turtlebot3Config-version.cmake
[1.341s] -- Installing: /ws_slam/install/turtlebot3/share/turtlebot3/package.xml
[1.348s] Invoked command in '/ws_slam/build/turtlebot3' returned '0': AMENT_PREFIX_PATH=/ws_slam/install/turtlebot3_bringup:/ws_slam/install/turtlebot3_node:/ws_slam/install/turtlebot3_example:/ws_slam/install/turtlebot3_teleop:/ws_slam/install/turtlebot3_navigation2:/ws_slam/install/turtlebot3_msgs:/ws_slam/install/turtlebot3_description:/ws_slam/install/turtlebot3_cartographer:/ws_slam/install/dynamixel_sdk:${AMENT_PREFIX_PATH} CMAKE_PREFIX_PATH=/ws_slam/install/turtlebot3_bringup:/ws_slam/install/turtlebot3_node:/ws_slam/install/turtlebot3_navigation2:/ws_slam/install/turtlebot3_msgs:/ws_slam/install/turtlebot3_description:/ws_slam/install/turtlebot3_cartographer:/ws_slam/install/dynamixel_sdk:/opt/ros/humble LD_LIBRARY_PATH=/ws_slam/install/turtlebot3_msgs/lib:/ws_slam/install/dynamixel_sdk/lib:/usr/lib/x86_64-linux-gnu/gazebo-11/plugins:/opt/ros/humble/opt/rviz_ogre_vendor/lib:/opt/ros/humble/lib/x86_64-linux-gnu:/opt/ros/humble/lib:/usr/lib/x86_64-linux-gnu/gazebo-11/plugins PYTHONPATH=/ws_slam/install/turtlebot3_example/lib/python3.10/site-packages:/ws_slam/install/turtlebot3_teleop/lib/python3.10/site-packages:/ws_slam/install/turtlebot3_msgs/local/lib/python3.10/dist-packages:/ws_slam/install/dynamixel_sdk/local/lib/python3.10/dist-packages:${PYTHONPATH} /usr/bin/cmake --install /ws_slam/build/turtlebot3
