[0.026s] Invoking command in '/ws_slam/build/turtlebot3_cartographer': CMAKE_PREFIX_PATH=/opt/ros/humble /usr/bin/cmake /ws_slam/src/turtlebot3/turtlebot3_cartographer -DCMAKE_INSTALL_PREFIX=/ws_slam/install/turtlebot3_cartographer
[0.105s] -- The C compiler identification is GNU 11.4.0
[0.193s] -- The CXX compiler identification is GNU 11.4.0
[0.202s] -- Detecting C compiler ABI info
[0.290s] -- Detecting C compiler ABI info - done
[0.296s] -- Check for working C compiler: /usr/bin/cc - skipped
[0.296s] -- Detecting C compile features
[0.296s] -- Detecting C compile features - done
[0.298s] -- Detecting CXX compiler ABI info
[0.411s] -- Detecting CXX compiler ABI info - done
[0.419s] -- Check for working CXX compiler: /usr/bin/c++ - skipped
[0.419s] -- Detecting CXX compile features
[0.420s] -- Detecting CXX compile features - done
[0.424s] -- Found ament_cmake: 1.3.11 (/opt/ros/humble/share/ament_cmake/cmake)
[0.666s] -- Found Python3: /usr/bin/python3 (found version "3.10.12") found components: Interpreter 
[0.842s] -- Configuring done
[0.845s] -- Generating done
[0.846s] -- Build files have been written to: /ws_slam/build/turtlebot3_cartographer
[0.851s] Invoked command in '/ws_slam/build/turtlebot3_cartographer' returned '0': CMAKE_PREFIX_PATH=/opt/ros/humble /usr/bin/cmake /ws_slam/src/turtlebot3/turtlebot3_cartographer -DCMAKE_INSTALL_PREFIX=/ws_slam/install/turtlebot3_cartographer
[0.855s] Invoking command in '/ws_slam/build/turtlebot3_cartographer': CMAKE_PREFIX_PATH=/opt/ros/humble /usr/bin/cmake --build /ws_slam/build/turtlebot3_cartographer -- -j12 -l12
[0.914s] Invoked command in '/ws_slam/build/turtlebot3_cartographer' returned '0': CMAKE_PREFIX_PATH=/opt/ros/humble /usr/bin/cmake --build /ws_slam/build/turtlebot3_cartographer -- -j12 -l12
[0.930s] Invoking command in '/ws_slam/build/turtlebot3_cartographer': CMAKE_PREFIX_PATH=/opt/ros/humble /usr/bin/cmake --install /ws_slam/build/turtlebot3_cartographer
[0.943s] -- Install configuration: ""
[0.943s] -- Installing: /ws_slam/install/turtlebot3_cartographer/share/turtlebot3_cartographer/config
[0.943s] -- Installing: /ws_slam/install/turtlebot3_cartographer/share/turtlebot3_cartographer/config/turtlebot3_lds_2d.lua
[0.943s] -- Installing: /ws_slam/install/turtlebot3_cartographer/share/turtlebot3_cartographer/launch
[0.944s] -- Installing: /ws_slam/install/turtlebot3_cartographer/share/turtlebot3_cartographer/launch/cartographer.launch.py
[0.944s] -- Installing: /ws_slam/install/turtlebot3_cartographer/share/turtlebot3_cartographer/launch/occupancy_grid.launch.py
[0.944s] -- Installing: /ws_slam/install/turtlebot3_cartographer/share/turtlebot3_cartographer/rviz
[0.944s] -- Installing: /ws_slam/install/turtlebot3_cartographer/share/turtlebot3_cartographer/rviz/tb3_cartographer.rviz
[0.944s] -- Installing: /ws_slam/install/turtlebot3_cartographer/share/ament_index/resource_index/package_run_dependencies/turtlebot3_cartographer
[0.945s] -- Installing: /ws_slam/install/turtlebot3_cartographer/share/ament_index/resource_index/parent_prefix_path/turtlebot3_cartographer
[0.945s] -- Installing: /ws_slam/install/turtlebot3_cartographer/share/turtlebot3_cartographer/environment/ament_prefix_path.sh
[0.945s] -- Installing: /ws_slam/install/turtlebot3_cartographer/share/turtlebot3_cartographer/environment/ament_prefix_path.dsv
[0.945s] -- Installing: /ws_slam/install/turtlebot3_cartographer/share/turtlebot3_cartographer/environment/path.sh
[0.945s] -- Installing: /ws_slam/install/turtlebot3_cartographer/share/turtlebot3_cartographer/environment/path.dsv
[0.945s] -- Installing: /ws_slam/install/turtlebot3_cartographer/share/turtlebot3_cartographer/local_setup.bash
[0.947s] -- Installing: /ws_slam/install/turtlebot3_cartographer/share/turtlebot3_cartographer/local_setup.sh
[0.947s] -- Installing: /ws_slam/install/turtlebot3_cartographer/share/turtlebot3_cartographer/local_setup.zsh
[0.947s] -- Installing: /ws_slam/install/turtlebot3_cartographer/share/turtlebot3_cartographer/local_setup.dsv
[0.948s] -- Installing: /ws_slam/install/turtlebot3_cartographer/share/turtlebot3_cartographer/package.dsv
[0.948s] -- Installing: /ws_slam/install/turtlebot3_cartographer/share/ament_index/resource_index/packages/turtlebot3_cartographer
[0.948s] -- Installing: /ws_slam/install/turtlebot3_cartographer/share/turtlebot3_cartographer/cmake/turtlebot3_cartographerConfig.cmake
[0.949s] -- Installing: /ws_slam/install/turtlebot3_cartographer/share/turtlebot3_cartographer/cmake/turtlebot3_cartographerConfig-version.cmake
[0.949s] -- Installing: /ws_slam/install/turtlebot3_cartographer/share/turtlebot3_cartographer/package.xml
[0.950s] Invoked command in '/ws_slam/build/turtlebot3_cartographer' returned '0': CMAKE_PREFIX_PATH=/opt/ros/humble /usr/bin/cmake --install /ws_slam/build/turtlebot3_cartographer
