[0.011s] Invoking command in '/ws_moveit/build/ur_controllers': AMENT_PREFIX_PATH=/ws_moveit/install/ur_dashboard_msgs:${AMENT_PREFIX_PATH} CMAKE_PREFIX_PATH=/ws_moveit/install/ur_dashboard_msgs:/opt/ros/humble LD_LIBRARY_PATH=/ws_moveit/install/ur_dashboard_msgs/lib:${LD_LIBRARY_PATH} PYTHONPATH=/ws_moveit/install/ur_dashboard_msgs/local/lib/python3.10/dist-packages:${PYTHONPATH} /usr/bin/cmake /ws_moveit/src/Universal_Robots_ROS2_Driver/ur_controllers -DCMAKE_BUILD_TYPE=Release -DCMAKE_INSTALL_PREFIX=/ws_moveit/install/ur_controllers
[0.069s] -- The C compiler identification is GNU 11.4.0
[0.126s] -- The CXX compiler identification is GNU 11.4.0
[0.136s] -- Detecting C compiler ABI info
[0.213s] -- Detecting C compiler ABI info - done
[0.219s] -- Check for working C compiler: /usr/bin/cc - skipped
[0.219s] -- Detecting C compile features
[0.219s] -- Detecting C compile features - done
[0.222s] -- Detecting CXX compiler ABI info
[0.309s] -- Detecting CXX compiler ABI info - done
[0.320s] -- Check for working CXX compiler: /usr/bin/c++ - skipped
[0.320s] -- Detecting CXX compile features
[0.320s] -- Detecting CXX compile features - done
[0.323s] -- Found ament_cmake: 1.3.11 (/opt/ros/humble/share/ament_cmake/cmake)
[0.476s] -- Found Python3: /usr/bin/python3 (found version "3.10.12") found components: Interpreter 
[0.570s] -- Found angles: 1.15.0 (/opt/ros/humble/share/angles/cmake)
[0.576s] -- Found controller_interface: 2.50.0 (/opt/ros/humble/share/controller_interface/cmake)
[0.619s] -- Found rosidl_generator_c: 3.1.6 (/opt/ros/humble/share/rosidl_generator_c/cmake)
[0.625s] -- Found rosidl_adapter: 3.1.6 (/opt/ros/humble/share/rosidl_adapter/cmake)
[0.633s] -- Found rosidl_generator_cpp: 3.1.6 (/opt/ros/humble/share/rosidl_generator_cpp/cmake)
[0.645s] -- Using all available rosidl_typesupport_c: rosidl_typesupport_fastrtps_c;rosidl_typesupport_introspection_c
[0.661s] -- Using all available rosidl_typesupport_cpp: rosidl_typesupport_fastrtps_cpp;rosidl_typesupport_introspection_cpp
[0.853s] -- Found rmw_implementation_cmake: 6.1.2 (/opt/ros/humble/share/rmw_implementation_cmake/cmake)
[0.856s] -- Found rmw_fastrtps_cpp: 6.2.7 (/opt/ros/humble/share/rmw_fastrtps_cpp/cmake)
[0.881s] -- Found TinyXML2 via Config file: TinyXML2_DIR-NOTFOUND
[0.946s] -- Found OpenSSL: /usr/lib/x86_64-linux-gnu/libcrypto.so (found version "3.0.2")  
[0.948s] -- Found TinyXML2 via Config file: TinyXML2_DIR-NOTFOUND
[0.964s] -- Found FastRTPS: /opt/ros/humble/include  
[0.966s] -- Found TinyXML2 via Config file: TinyXML2_DIR-NOTFOUND
[0.977s] -- Found TinyXML2 via Config file: TinyXML2_DIR-NOTFOUND
[0.987s] -- Using RMW implementation 'rmw_fastrtps_cpp' as default
[0.996s] -- Looking for pthread.h
[1.071s] -- Looking for pthread.h - found
[1.071s] -- Performing Test CMAKE_HAVE_LIBC_PTHREAD
[1.147s] -- Performing Test CMAKE_HAVE_LIBC_PTHREAD - Success
[1.148s] -- Found Threads: TRUE  
[1.196s] -- Found joint_trajectory_controller: 2.45.0 (/opt/ros/humble/share/joint_trajectory_controller/cmake)
[1.276s] -- Found std_srvs: 4.8.0 (/opt/ros/humble/share/std_srvs/cmake)
[1.285s] -- Found tf2_geometry_msgs: 0.25.12 (/opt/ros/humble/share/tf2_geometry_msgs/cmake)
[1.294s] -- Found eigen3_cmake_module: 0.1.1 (/opt/ros/humble/share/eigen3_cmake_module/cmake)
[1.295s] -- Found Eigen3: TRUE (found version "3.4.0") 
[1.295s] -- Ensuring Eigen3 include directory is part of orocos-kdl CMake target
[1.350s] -- Found ur_dashboard_msgs: 2.8.0 (/ws_moveit/install/ur_dashboard_msgs/share/ur_dashboard_msgs/cmake)
[1.365s] -- Found ur_msgs: 2.2.0 (/opt/ros/humble/share/ur_msgs/cmake)
[1.396s] -- Found ament_cmake_gmock: 1.3.11 (/opt/ros/humble/share/ament_cmake_gmock/cmake)
[1.399s] -- Found controller_manager: 2.50.0 (/opt/ros/humble/share/controller_manager/cmake)
[1.422s] -- Found ros2_control_test_assets: 2.50.0 (/opt/ros/humble/share/ros2_control_test_assets/cmake)
[1.425s] -- Found gmock sources under '/opt/ros/humble/src/gmock_vendor': C++ tests using 'Google Mock' will be built
[1.431s] -- Found ament_cmake_gtest: 1.3.11 (/opt/ros/humble/share/ament_cmake_gtest/cmake)
[1.432s] -- Found gtest sources under '/opt/ros/humble/src/gtest_vendor': C++ tests using 'Google Test' will be built
[1.519s] -- Configuring done
[1.598s] -- Generating done
[1.612s] -- Build files have been written to: /ws_moveit/build/ur_controllers
[1.626s] Invoked command in '/ws_moveit/build/ur_controllers' returned '0': AMENT_PREFIX_PATH=/ws_moveit/install/ur_dashboard_msgs:${AMENT_PREFIX_PATH} CMAKE_PREFIX_PATH=/ws_moveit/install/ur_dashboard_msgs:/opt/ros/humble LD_LIBRARY_PATH=/ws_moveit/install/ur_dashboard_msgs/lib:${LD_LIBRARY_PATH} PYTHONPATH=/ws_moveit/install/ur_dashboard_msgs/local/lib/python3.10/dist-packages:${PYTHONPATH} /usr/bin/cmake /ws_moveit/src/Universal_Robots_ROS2_Driver/ur_controllers -DCMAKE_BUILD_TYPE=Release -DCMAKE_INSTALL_PREFIX=/ws_moveit/install/ur_controllers
[1.628s] Invoking command in '/ws_moveit/build/ur_controllers': AMENT_PREFIX_PATH=/ws_moveit/install/ur_dashboard_msgs:${AMENT_PREFIX_PATH} CMAKE_PREFIX_PATH=/ws_moveit/install/ur_dashboard_msgs:/opt/ros/humble LD_LIBRARY_PATH=/ws_moveit/install/ur_dashboard_msgs/lib:${LD_LIBRARY_PATH} PYTHONPATH=/ws_moveit/install/ur_dashboard_msgs/local/lib/python3.10/dist-packages:${PYTHONPATH} /usr/bin/cmake --build /ws_moveit/build/ur_controllers -- -j12 -l12
[1.694s] [  5%] [34m[1mRunning `/opt/ros/humble/bin/generate_parameter_library_cpp /ws_moveit/build/ur_controllers/include/ur_controllers/tool_contact_controller_parameters.hpp /ws_moveit/src/Universal_Robots_ROS2_Driver/ur_controllers/src/tool_contact_controller_parameters.yaml `[0m
[1.694s] [  5%] [34m[1mRunning `/opt/ros/humble/bin/generate_parameter_library_cpp /ws_moveit/build/ur_controllers/include/ur_controllers/passthrough_trajectory_controller_parameters.hpp /ws_moveit/src/Universal_Robots_ROS2_Driver/ur_controllers/src/passthrough_trajectory_controller_parameters.yaml `[0m
[1.694s] [  8%] [34m[1mRunning `/opt/ros/humble/bin/generate_parameter_library_cpp /ws_moveit/build/ur_controllers/include/ur_controllers/freedrive_mode_controller_parameters.hpp /ws_moveit/src/Universal_Robots_ROS2_Driver/ur_controllers/src/freedrive_mode_controller_parameters.yaml `[0m
[1.697s] [ 11%] [34m[1mRunning `/opt/ros/humble/bin/generate_parameter_library_cpp /ws_moveit/build/ur_controllers/include/ur_controllers/gpio_controller_parameters.hpp /ws_moveit/src/Universal_Robots_ROS2_Driver/ur_controllers/src/gpio_controller_parameters.yaml `[0m
[1.697s] [ 14%] [34m[1mRunning `/opt/ros/humble/bin/generate_parameter_library_cpp /ws_moveit/build/ur_controllers/include/ur_controllers/scaled_joint_trajectory_controller_parameters.hpp /ws_moveit/src/Universal_Robots_ROS2_Driver/ur_controllers/src/scaled_joint_trajectory_controller_parameters.yaml `[0m
[1.697s] [ 17%] [34m[1mRunning `/opt/ros/humble/bin/generate_parameter_library_cpp /ws_moveit/build/ur_controllers/include/ur_controllers/speed_scaling_state_broadcaster_parameters.hpp /ws_moveit/src/Universal_Robots_ROS2_Driver/ur_controllers/src/speed_scaling_state_broadcaster_parameters.yaml `[0m
[1.697s] [ 20%] [34m[1mRunning `/opt/ros/humble/bin/generate_parameter_library_cpp /ws_moveit/build/ur_controllers/include/ur_controllers/ur_configuration_controller_parameters.hpp /ws_moveit/src/Universal_Robots_ROS2_Driver/ur_controllers/src/ur_configuration_controller_parameters.yaml `[0m
[1.703s] [ 23%] [32mBuilding CXX object gmock/CMakeFiles/gmock_main.dir/src/gmock_main.cc.o[0m
[1.703s] [ 26%] [34m[1mRunning `/opt/ros/humble/bin/generate_parameter_library_cpp /ws_moveit/build/ur_controllers/include/ur_controllers/force_mode_controller_parameters.hpp /ws_moveit/src/Universal_Robots_ROS2_Driver/ur_controllers/src/force_mode_controller_parameters.yaml `[0m
[1.707s] [ 32%] [32mBuilding CXX object gmock/CMakeFiles/gmock.dir/opt/ros/humble/src/gtest_vendor/src/gtest-all.cc.o[0m
[1.708s] [ 32%] [32mBuilding CXX object gmock/CMakeFiles/gmock.dir/src/gmock-all.cc.o[0m
[1.921s] [ 35%] [34m[1mCreating deprecated header file /ws_moveit/build/ur_controllers/include/tool_contact_controller_parameters.hpp[0m
[1.989s] [ 38%] [34m[1mCreating deprecated header file /ws_moveit/build/ur_controllers/include/ur_configuration_controller_parameters.hpp[0m
[2.000s] [ 38%] Built target tool_contact_controller_parameters
[2.024s] [ 41%] [34m[1mCreating deprecated header file /ws_moveit/build/ur_controllers/include/force_mode_controller_parameters.hpp[0m
[2.051s] [ 44%] [34m[1mCreating deprecated header file /ws_moveit/build/ur_controllers/include/gpio_controller_parameters.hpp[0m
[2.061s] [ 47%] [34m[1mCreating deprecated header file /ws_moveit/build/ur_controllers/include/scaled_joint_trajectory_controller_parameters.hpp[0m
[2.064s] [ 47%] Built target ur_configuration_controller_parameters
[2.097s] [ 47%] Built target force_mode_controller_parameters
[2.124s] [ 50%] [34m[1mCreating deprecated header file /ws_moveit/build/ur_controllers/include/freedrive_mode_controller_parameters.hpp[0m
[2.130s] [ 52%] Built target gpio_controller_parameters
[2.130s] [ 52%] [34m[1mCreating deprecated header file /ws_moveit/build/ur_controllers/include/speed_scaling_state_broadcaster_parameters.hpp[0m
[2.153s] [ 55%] [34m[1mCreating deprecated header file /ws_moveit/build/ur_controllers/include/passthrough_trajectory_controller_parameters.hpp[0m
[2.156s] [ 55%] Built target scaled_joint_trajectory_controller_parameters
[2.189s] [ 55%] Built target freedrive_mode_controller_parameters
[2.215s] [ 55%] Built target speed_scaling_state_broadcaster_parameters
[2.215s] [ 55%] Built target passthrough_trajectory_controller_parameters
[2.255s] [ 58%] [32mBuilding CXX object CMakeFiles/ur_controllers.dir/src/scaled_joint_trajectory_controller.cpp.o[0m
[2.255s] [ 61%] [32mBuilding CXX object CMakeFiles/ur_controllers.dir/src/passthrough_trajectory_controller.cpp.o[0m
[2.256s] [ 67%] [32mBuilding CXX object CMakeFiles/ur_controllers.dir/src/tool_contact_controller.cpp.o[0m
[2.256s] [ 67%] [32mBuilding CXX object CMakeFiles/ur_controllers.dir/src/speed_scaling_state_broadcaster.cpp.o[0m
[2.256s] [ 70%] [32mBuilding CXX object CMakeFiles/ur_controllers.dir/src/force_mode_controller.cpp.o[0m
[2.260s] [ 73%] [32mBuilding CXX object CMakeFiles/ur_controllers.dir/src/gpio_controller.cpp.o[0m
[2.260s] [ 76%] [32mBuilding CXX object CMakeFiles/ur_controllers.dir/src/freedrive_mode_controller.cpp.o[0m
[2.262s] [ 79%] [32mBuilding CXX object CMakeFiles/ur_controllers.dir/src/ur_configuration_controller.cpp.o[0m
[5.091s] [ 82%] [32m[1mLinking CXX static library libgmock_main.a[0m
[5.244s] [ 82%] Built target gmock_main
[20.336s] [ 85%] [32m[1mLinking CXX static library libgmock.a[0m
[20.437s] [ 85%] Built target gmock
[23.101s] [ 88%] [32m[1mLinking CXX shared library libur_controllers.so[0m
[23.386s] [ 88%] Built target ur_controllers
[23.408s] [ 91%] [32mBuilding CXX object CMakeFiles/test_load_freedrive_mode_controller.dir/test/test_load_freedrive_mode_controller.cpp.o[0m
[23.409s] [ 94%] [32mBuilding CXX object CMakeFiles/test_load_force_mode_controller.dir/test/test_load_force_mode_controller.cpp.o[0m
[27.858s] [ 97%] [32m[1mLinking CXX executable test_load_force_mode_controller[0m
[27.919s] [100%] [32m[1mLinking CXX executable test_load_freedrive_mode_controller[0m
[28.113s] [100%] Built target test_load_force_mode_controller
[28.171s] [100%] Built target test_load_freedrive_mode_controller
[28.186s] Invoked command in '/ws_moveit/build/ur_controllers' returned '0': AMENT_PREFIX_PATH=/ws_moveit/install/ur_dashboard_msgs:${AMENT_PREFIX_PATH} CMAKE_PREFIX_PATH=/ws_moveit/install/ur_dashboard_msgs:/opt/ros/humble LD_LIBRARY_PATH=/ws_moveit/install/ur_dashboard_msgs/lib:${LD_LIBRARY_PATH} PYTHONPATH=/ws_moveit/install/ur_dashboard_msgs/local/lib/python3.10/dist-packages:${PYTHONPATH} /usr/bin/cmake --build /ws_moveit/build/ur_controllers -- -j12 -l12
[28.188s] Invoking command in '/ws_moveit/build/ur_controllers': AMENT_PREFIX_PATH=/ws_moveit/install/ur_dashboard_msgs:${AMENT_PREFIX_PATH} CMAKE_PREFIX_PATH=/ws_moveit/install/ur_dashboard_msgs:/opt/ros/humble LD_LIBRARY_PATH=/ws_moveit/install/ur_dashboard_msgs/lib:${LD_LIBRARY_PATH} PYTHONPATH=/ws_moveit/install/ur_dashboard_msgs/local/lib/python3.10/dist-packages:${PYTHONPATH} /usr/bin/cmake --install /ws_moveit/build/ur_controllers
[28.195s] -- Install configuration: "Release"
[28.196s] -- Installing: /ws_moveit/install/ur_controllers/include/ur_controllers
[28.196s] -- Installing: /ws_moveit/install/ur_controllers/include/ur_controllers/speed_scaling_state_broadcaster_parameters.hpp
[28.196s] -- Installing: /ws_moveit/install/ur_controllers/include/ur_controllers/ur_configuration_controller_parameters.hpp
[28.196s] -- Installing: /ws_moveit/install/ur_controllers/include/ur_controllers/scaled_joint_trajectory_controller_parameters.hpp
[28.196s] -- Installing: /ws_moveit/install/ur_controllers/include/ur_controllers/passthrough_trajectory_controller_parameters.hpp
[28.196s] -- Installing: /ws_moveit/install/ur_controllers/include/ur_controllers/force_mode_controller_parameters.hpp
[28.197s] -- Installing: /ws_moveit/install/ur_controllers/include/ur_controllers/tool_contact_controller_parameters.hpp
[28.197s] -- Installing: /ws_moveit/install/ur_controllers/include/ur_controllers/gpio_controller_parameters.hpp
[28.197s] -- Installing: /ws_moveit/install/ur_controllers/include/ur_controllers/freedrive_mode_controller_parameters.hpp
[28.197s] -- Up-to-date: /ws_moveit/install/ur_controllers/include/ur_controllers
[28.197s] -- Up-to-date: /ws_moveit/install/ur_controllers/include/ur_controllers/speed_scaling_state_broadcaster_parameters.hpp
[28.197s] -- Up-to-date: /ws_moveit/install/ur_controllers/include/ur_controllers/ur_configuration_controller_parameters.hpp
[28.197s] -- Up-to-date: /ws_moveit/install/ur_controllers/include/ur_controllers/scaled_joint_trajectory_controller_parameters.hpp
[28.197s] -- Up-to-date: /ws_moveit/install/ur_controllers/include/ur_controllers/passthrough_trajectory_controller_parameters.hpp
[28.197s] -- Up-to-date: /ws_moveit/install/ur_controllers/include/ur_controllers/force_mode_controller_parameters.hpp
[28.197s] -- Up-to-date: /ws_moveit/install/ur_controllers/include/ur_controllers/tool_contact_controller_parameters.hpp
[28.198s] -- Up-to-date: /ws_moveit/install/ur_controllers/include/ur_controllers/gpio_controller_parameters.hpp
[28.198s] -- Up-to-date: /ws_moveit/install/ur_controllers/include/ur_controllers/freedrive_mode_controller_parameters.hpp
[28.198s] -- Up-to-date: /ws_moveit/install/ur_controllers/include/ur_controllers
[28.198s] -- Up-to-date: /ws_moveit/install/ur_controllers/include/ur_controllers/speed_scaling_state_broadcaster_parameters.hpp
[28.198s] -- Up-to-date: /ws_moveit/install/ur_controllers/include/ur_controllers/ur_configuration_controller_parameters.hpp
[28.198s] -- Up-to-date: /ws_moveit/install/ur_controllers/include/ur_controllers/scaled_joint_trajectory_controller_parameters.hpp
[28.198s] -- Up-to-date: /ws_moveit/install/ur_controllers/include/ur_controllers/passthrough_trajectory_controller_parameters.hpp
[28.198s] -- Up-to-date: /ws_moveit/install/ur_controllers/include/ur_controllers/force_mode_controller_parameters.hpp
[28.198s] -- Up-to-date: /ws_moveit/install/ur_controllers/include/ur_controllers/tool_contact_controller_parameters.hpp
[28.198s] -- Up-to-date: /ws_moveit/install/ur_controllers/include/ur_controllers/gpio_controller_parameters.hpp
[28.198s] -- Up-to-date: /ws_moveit/install/ur_controllers/include/ur_controllers/freedrive_mode_controller_parameters.hpp
[28.198s] -- Up-to-date: /ws_moveit/install/ur_controllers/include/ur_controllers
[28.199s] -- Up-to-date: /ws_moveit/install/ur_controllers/include/ur_controllers/speed_scaling_state_broadcaster_parameters.hpp
[28.199s] -- Up-to-date: /ws_moveit/install/ur_controllers/include/ur_controllers/ur_configuration_controller_parameters.hpp
[28.199s] -- Up-to-date: /ws_moveit/install/ur_controllers/include/ur_controllers/scaled_joint_trajectory_controller_parameters.hpp
[28.199s] -- Up-to-date: /ws_moveit/install/ur_controllers/include/ur_controllers/passthrough_trajectory_controller_parameters.hpp
[28.199s] -- Up-to-date: /ws_moveit/install/ur_controllers/include/ur_controllers/force_mode_controller_parameters.hpp
[28.199s] -- Up-to-date: /ws_moveit/install/ur_controllers/include/ur_controllers/tool_contact_controller_parameters.hpp
[28.199s] -- Up-to-date: /ws_moveit/install/ur_controllers/include/ur_controllers/gpio_controller_parameters.hpp
[28.199s] -- Up-to-date: /ws_moveit/install/ur_controllers/include/ur_controllers/freedrive_mode_controller_parameters.hpp
[28.199s] -- Up-to-date: /ws_moveit/install/ur_controllers/include/ur_controllers
[28.199s] -- Up-to-date: /ws_moveit/install/ur_controllers/include/ur_controllers/speed_scaling_state_broadcaster_parameters.hpp
[28.199s] -- Up-to-date: /ws_moveit/install/ur_controllers/include/ur_controllers/ur_configuration_controller_parameters.hpp
[28.200s] -- Up-to-date: /ws_moveit/install/ur_controllers/include/ur_controllers/scaled_joint_trajectory_controller_parameters.hpp
[28.200s] -- Up-to-date: /ws_moveit/install/ur_controllers/include/ur_controllers/passthrough_trajectory_controller_parameters.hpp
[28.200s] -- Up-to-date: /ws_moveit/install/ur_controllers/include/ur_controllers/force_mode_controller_parameters.hpp
[28.200s] -- Up-to-date: /ws_moveit/install/ur_controllers/include/ur_controllers/tool_contact_controller_parameters.hpp
[28.200s] -- Up-to-date: /ws_moveit/install/ur_controllers/include/ur_controllers/gpio_controller_parameters.hpp
[28.200s] -- Up-to-date: /ws_moveit/install/ur_controllers/include/ur_controllers/freedrive_mode_controller_parameters.hpp
[28.200s] -- Up-to-date: /ws_moveit/install/ur_controllers/include/ur_controllers
[28.200s] -- Up-to-date: /ws_moveit/install/ur_controllers/include/ur_controllers/speed_scaling_state_broadcaster_parameters.hpp
[28.200s] -- Up-to-date: /ws_moveit/install/ur_controllers/include/ur_controllers/ur_configuration_controller_parameters.hpp
[28.200s] -- Up-to-date: /ws_moveit/install/ur_controllers/include/ur_controllers/scaled_joint_trajectory_controller_parameters.hpp
[28.200s] -- Up-to-date: /ws_moveit/install/ur_controllers/include/ur_controllers/passthrough_trajectory_controller_parameters.hpp
[28.201s] -- Up-to-date: /ws_moveit/install/ur_controllers/include/ur_controllers/force_mode_controller_parameters.hpp
[28.201s] -- Up-to-date: /ws_moveit/install/ur_controllers/include/ur_controllers/tool_contact_controller_parameters.hpp
[28.201s] -- Up-to-date: /ws_moveit/install/ur_controllers/include/ur_controllers/gpio_controller_parameters.hpp
[28.201s] -- Up-to-date: /ws_moveit/install/ur_controllers/include/ur_controllers/freedrive_mode_controller_parameters.hpp
[28.201s] -- Up-to-date: /ws_moveit/install/ur_controllers/include/ur_controllers
[28.201s] -- Up-to-date: /ws_moveit/install/ur_controllers/include/ur_controllers/speed_scaling_state_broadcaster_parameters.hpp
[28.201s] -- Up-to-date: /ws_moveit/install/ur_controllers/include/ur_controllers/ur_configuration_controller_parameters.hpp
[28.201s] -- Up-to-date: /ws_moveit/install/ur_controllers/include/ur_controllers/scaled_joint_trajectory_controller_parameters.hpp
[28.201s] -- Up-to-date: /ws_moveit/install/ur_controllers/include/ur_controllers/passthrough_trajectory_controller_parameters.hpp
[28.201s] -- Up-to-date: /ws_moveit/install/ur_controllers/include/ur_controllers/force_mode_controller_parameters.hpp
[28.202s] -- Up-to-date: /ws_moveit/install/ur_controllers/include/ur_controllers/tool_contact_controller_parameters.hpp
[28.202s] -- Up-to-date: /ws_moveit/install/ur_controllers/include/ur_controllers/gpio_controller_parameters.hpp
[28.202s] -- Up-to-date: /ws_moveit/install/ur_controllers/include/ur_controllers/freedrive_mode_controller_parameters.hpp
[28.202s] -- Up-to-date: /ws_moveit/install/ur_controllers/include/ur_controllers
[28.202s] -- Up-to-date: /ws_moveit/install/ur_controllers/include/ur_controllers/speed_scaling_state_broadcaster_parameters.hpp
[28.202s] -- Up-to-date: /ws_moveit/install/ur_controllers/include/ur_controllers/ur_configuration_controller_parameters.hpp
[28.202s] -- Up-to-date: /ws_moveit/install/ur_controllers/include/ur_controllers/scaled_joint_trajectory_controller_parameters.hpp
[28.202s] -- Up-to-date: /ws_moveit/install/ur_controllers/include/ur_controllers/passthrough_trajectory_controller_parameters.hpp
[28.202s] -- Up-to-date: /ws_moveit/install/ur_controllers/include/ur_controllers/force_mode_controller_parameters.hpp
[28.202s] -- Up-to-date: /ws_moveit/install/ur_controllers/include/ur_controllers/tool_contact_controller_parameters.hpp
[28.202s] -- Up-to-date: /ws_moveit/install/ur_controllers/include/ur_controllers/gpio_controller_parameters.hpp
[28.202s] -- Up-to-date: /ws_moveit/install/ur_controllers/include/ur_controllers/freedrive_mode_controller_parameters.hpp
[28.202s] -- Installing: /ws_moveit/install/ur_controllers/share/ur_controllers/controller_plugins.xml
[28.202s] -- Installing: /ws_moveit/install/ur_controllers/lib/libur_controllers.so
[28.202s] -- Set runtime path of "/ws_moveit/install/ur_controllers/lib/libur_controllers.so" to ""
[28.202s] -- Up-to-date: /ws_moveit/install/ur_controllers/include
[28.202s] -- Up-to-date: /ws_moveit/install/ur_controllers/include/ur_controllers
[28.202s] -- Installing: /ws_moveit/install/ur_controllers/include/ur_controllers/force_mode_controller.hpp
[28.202s] -- Installing: /ws_moveit/install/ur_controllers/include/ur_controllers/speed_scaling_state_broadcaster.hpp
[28.202s] -- Installing: /ws_moveit/install/ur_controllers/include/ur_controllers/tool_contact_controller.hpp
[28.202s] -- Installing: /ws_moveit/install/ur_controllers/include/ur_controllers/gpio_controller.hpp
[28.202s] -- Installing: /ws_moveit/install/ur_controllers/include/ur_controllers/scaled_joint_trajectory_controller.hpp
[28.202s] -- Installing: /ws_moveit/install/ur_controllers/include/ur_controllers/ur_configuration_controller.hpp
[28.202s] -- Installing: /ws_moveit/install/ur_controllers/include/ur_controllers/freedrive_mode_controller.hpp
[28.202s] -- Installing: /ws_moveit/install/ur_controllers/include/ur_controllers/passthrough_trajectory_controller.hpp
[28.202s] -- Up-to-date: /ws_moveit/install/ur_controllers/share/ur_controllers/controller_plugins.xml
[28.202s] -- Installing: /ws_moveit/install/ur_controllers/share/ur_controllers/environment/library_path.sh
[28.202s] -- Installing: /ws_moveit/install/ur_controllers/share/ur_controllers/environment/library_path.dsv
[28.202s] -- Installing: /ws_moveit/install/ur_controllers/share/ament_index/resource_index/package_run_dependencies/ur_controllers
[28.203s] -- Installing: /ws_moveit/install/ur_controllers/share/ament_index/resource_index/parent_prefix_path/ur_controllers
[28.203s] -- Installing: /ws_moveit/install/ur_controllers/share/ur_controllers/environment/ament_prefix_path.sh
[28.203s] -- Installing: /ws_moveit/install/ur_controllers/share/ur_controllers/environment/ament_prefix_path.dsv
[28.203s] -- Installing: /ws_moveit/install/ur_controllers/share/ur_controllers/environment/path.sh
[28.204s] -- Installing: /ws_moveit/install/ur_controllers/share/ur_controllers/environment/path.dsv
[28.204s] -- Installing: /ws_moveit/install/ur_controllers/share/ur_controllers/local_setup.bash
[28.204s] -- Installing: /ws_moveit/install/ur_controllers/share/ur_controllers/local_setup.sh
[28.204s] -- Installing: /ws_moveit/install/ur_controllers/share/ur_controllers/local_setup.zsh
[28.204s] -- Installing: /ws_moveit/install/ur_controllers/share/ur_controllers/local_setup.dsv
[28.204s] -- Installing: /ws_moveit/install/ur_controllers/share/ur_controllers/package.dsv
[28.204s] -- Installing: /ws_moveit/install/ur_controllers/share/ament_index/resource_index/packages/ur_controllers
[28.204s] -- Installing: /ws_moveit/install/ur_controllers/share/ament_index/resource_index/controller_interface__pluginlib__plugin/ur_controllers
[28.205s] -- Installing: /ws_moveit/install/ur_controllers/share/ur_controllers/cmake/ament_cmake_export_dependencies-extras.cmake
[28.205s] -- Installing: /ws_moveit/install/ur_controllers/share/ur_controllers/cmake/ament_cmake_export_include_directories-extras.cmake
[28.205s] -- Installing: /ws_moveit/install/ur_controllers/share/ur_controllers/cmake/ament_cmake_export_libraries-extras.cmake
[28.205s] -- Installing: /ws_moveit/install/ur_controllers/share/ur_controllers/cmake/ur_controllersConfig.cmake
[28.205s] -- Installing: /ws_moveit/install/ur_controllers/share/ur_controllers/cmake/ur_controllersConfig-version.cmake
[28.205s] -- Installing: /ws_moveit/install/ur_controllers/share/ur_controllers/package.xml
[28.205s] Invoked command in '/ws_moveit/build/ur_controllers' returned '0': AMENT_PREFIX_PATH=/ws_moveit/install/ur_dashboard_msgs:${AMENT_PREFIX_PATH} CMAKE_PREFIX_PATH=/ws_moveit/install/ur_dashboard_msgs:/opt/ros/humble LD_LIBRARY_PATH=/ws_moveit/install/ur_dashboard_msgs/lib:${LD_LIBRARY_PATH} PYTHONPATH=/ws_moveit/install/ur_dashboard_msgs/local/lib/python3.10/dist-packages:${PYTHONPATH} /usr/bin/cmake --install /ws_moveit/build/ur_controllers
