-- The C compiler identification is GNU 11.4.0
-- The CXX compiler identification is GNU 11.4.0
-- Detecting C compiler ABI info
-- Detecting C compiler ABI info - done
-- Check for working C compiler: /usr/bin/cc - skipped
-- Detecting C compile features
-- Detecting C compile features - done
-- Detecting CXX compiler ABI info
-- Detecting CXX compiler ABI info - done
-- Check for working CXX compiler: /usr/bin/c++ - skipped
-- Detecting CXX compile features
-- Detecting CXX compile features - done
-- Found ament_cmake: 1.3.11 (/opt/ros/humble/share/ament_cmake/cmake)
-- Found Python3: /usr/bin/python3 (found version "3.10.12") found components: Interpreter 
-- Found rosidl_default_generators: 1.2.0 (/opt/ros/humble/share/rosidl_default_generators/cmake)
-- Using all available rosidl_typesupport_c: rosidl_typesupport_fastrtps_c;rosidl_typesupport_introspection_c
-- Found rosidl_adapter: 3.1.6 (/opt/ros/humble/share/rosidl_adapter/cmake)
-- Using all available rosidl_typesupport_cpp: rosidl_typesupport_fastrtps_cpp;rosidl_typesupport_introspection_cpp
-- Found std_msgs: 4.8.0 (/opt/ros/humble/share/std_msgs/cmake)
-- Found unique_identifier_msgs: 2.2.1 (/opt/ros/humble/share/unique_identifier_msgs/cmake)
-- Found ament_cmake_ros: 0.10.0 (/opt/ros/humble/share/ament_cmake_ros/cmake)
-- Using all available rosidl_typesupport_c: rosidl_typesupport_fastrtps_c;rosidl_typesupport_introspection_c
-- Using all available rosidl_typesupport_cpp: rosidl_typesupport_fastrtps_cpp;rosidl_typesupport_introspection_cpp
-- Found PythonInterp: /usr/bin/python3 (found suitable version "3.10.12", minimum required is "3.6") 
-- Found python_cmake_module: 0.10.0 (/opt/ros/humble/share/python_cmake_module/cmake)
-- Found PythonLibs: /usr/lib/x86_64-linux-gnu/libpython3.10.so (found suitable version "3.10.12", minimum required is "3.5") 
-- Using PYTHON_EXECUTABLE: /usr/bin/python3
-- Using PYTHON_INCLUDE_DIRS: /usr/include/python3.10
-- Using PYTHON_LIBRARIES: /usr/lib/x86_64-linux-gnu/libpython3.10.so
-- Found PythonExtra: .so  
-- Found ament_lint_auto: 0.12.12 (/opt/ros/humble/share/ament_lint_auto/cmake)
-- Added test 'lint_cmake' to check CMake code style
-- Added test 'xmllint' to check XML markup files
-- Configuring done
-- Generating done
-- Build files have been written to: /ws_moveit/build/robotiq_2f_gripper_msgs
[  3%] [34m[1mGenerating C code for ROS interfaces[0m
[  6%] [34m[1mGenerating C++ code for ROS interfaces[0m
[  6%] Built target ament_cmake_python_copy_robotiq_2f_gripper_msgs
running egg_info
creating robotiq_2f_gripper_msgs.egg-info
writing robotiq_2f_gripper_msgs.egg-info/PKG-INFO
writing dependency_links to robotiq_2f_gripper_msgs.egg-info/dependency_links.txt
writing top-level names to robotiq_2f_gripper_msgs.egg-info/top_level.txt
writing manifest file 'robotiq_2f_gripper_msgs.egg-info/SOURCES.txt'
reading manifest file 'robotiq_2f_gripper_msgs.egg-info/SOURCES.txt'
writing manifest file 'robotiq_2f_gripper_msgs.egg-info/SOURCES.txt'
[  6%] Built target ament_cmake_python_build_robotiq_2f_gripper_msgs_egg
[  9%] [32mBuilding C object CMakeFiles/robotiq_2f_gripper_msgs__rosidl_generator_c.dir/rosidl_generator_c/robotiq_2f_gripper_msgs/action/detail/move_two_finger_gripper__functions.c.o[0m
[  9%] Built target robotiq_2f_gripper_msgs__cpp
[ 19%] [34m[1mGenerating C++ type support for eProsima Fast-RTPS[0m
[ 19%] [34m[1mGenerating C++ type support dispatch for ROS interfaces[0m
[ 19%] [34m[1mGenerating C++ introspection for ROS interfaces[0m
[ 22%] [32m[1mLinking C shared library librobotiq_2f_gripper_msgs__rosidl_generator_c.so[0m
[ 22%] Built target robotiq_2f_gripper_msgs__rosidl_generator_c
[ 25%] [34m[1mGenerating C introspection for ROS interfaces[0m
[ 29%] [34m[1mGenerating C type support for eProsima Fast-RTPS[0m
[ 32%] [34m[1mGenerating C type support dispatch for ROS interfaces[0m
[ 35%] [32mBuilding CXX object CMakeFiles/robotiq_2f_gripper_msgs__rosidl_typesupport_cpp.dir/rosidl_typesupport_cpp/robotiq_2f_gripper_msgs/action/move_two_finger_gripper__type_support.cpp.o[0m
[ 38%] [32mBuilding CXX object CMakeFiles/robotiq_2f_gripper_msgs__rosidl_typesupport_introspection_cpp.dir/rosidl_typesupport_introspection_cpp/robotiq_2f_gripper_msgs/action/detail/move_two_finger_gripper__type_support.cpp.o[0m
[ 41%] [32mBuilding CXX object CMakeFiles/robotiq_2f_gripper_msgs__rosidl_typesupport_fastrtps_cpp.dir/rosidl_typesupport_fastrtps_cpp/robotiq_2f_gripper_msgs/action/detail/dds_fastrtps/move_two_finger_gripper__type_support.cpp.o[0m
[ 45%] [32mBuilding CXX object CMakeFiles/robotiq_2f_gripper_msgs__rosidl_typesupport_c.dir/rosidl_typesupport_c/robotiq_2f_gripper_msgs/action/move_two_finger_gripper__type_support.cpp.o[0m
[ 48%] [32mBuilding CXX object CMakeFiles/robotiq_2f_gripper_msgs__rosidl_typesupport_fastrtps_c.dir/rosidl_typesupport_fastrtps_c/robotiq_2f_gripper_msgs/action/detail/move_two_finger_gripper__type_support_c.cpp.o[0m
[ 51%] [32mBuilding C object CMakeFiles/robotiq_2f_gripper_msgs__rosidl_typesupport_introspection_c.dir/rosidl_typesupport_introspection_c/robotiq_2f_gripper_msgs/action/detail/move_two_finger_gripper__type_support.c.o[0m
[ 54%] [32m[1mLinking CXX shared library librobotiq_2f_gripper_msgs__rosidl_typesupport_c.so[0m
[ 54%] Built target robotiq_2f_gripper_msgs__rosidl_typesupport_c
[ 58%] [32m[1mLinking C shared library librobotiq_2f_gripper_msgs__rosidl_typesupport_introspection_c.so[0m
[ 58%] Built target robotiq_2f_gripper_msgs__rosidl_typesupport_introspection_c
[ 61%] [32m[1mLinking CXX shared library librobotiq_2f_gripper_msgs__rosidl_typesupport_cpp.so[0m
[ 61%] Built target robotiq_2f_gripper_msgs__rosidl_typesupport_cpp
[ 64%] [32m[1mLinking CXX shared library librobotiq_2f_gripper_msgs__rosidl_typesupport_fastrtps_c.so[0m
[ 64%] Built target robotiq_2f_gripper_msgs__rosidl_typesupport_fastrtps_c
[ 67%] [32m[1mLinking CXX shared library librobotiq_2f_gripper_msgs__rosidl_typesupport_introspection_cpp.so[0m
[ 70%] [32m[1mLinking CXX shared library librobotiq_2f_gripper_msgs__rosidl_typesupport_fastrtps_cpp.so[0m
[ 70%] Built target robotiq_2f_gripper_msgs__rosidl_typesupport_introspection_cpp
[ 70%] Built target robotiq_2f_gripper_msgs__rosidl_typesupport_fastrtps_cpp
[ 70%] Built target robotiq_2f_gripper_msgs
[ 74%] [34m[1mGenerating Python code for ROS interfaces[0m
[ 74%] Built target robotiq_2f_gripper_msgs__py
[ 77%] [32mBuilding C object CMakeFiles/robotiq_2f_gripper_msgs__rosidl_generator_py.dir/rosidl_generator_py/robotiq_2f_gripper_msgs/action/_move_two_finger_gripper_s.c.o[0m
[ 80%] [32m[1mLinking C shared library rosidl_generator_py/robotiq_2f_gripper_msgs/librobotiq_2f_gripper_msgs__rosidl_generator_py.so[0m
[ 80%] Built target robotiq_2f_gripper_msgs__rosidl_generator_py
[ 83%] [32mBuilding C object CMakeFiles/robotiq_2f_gripper_msgs__rosidl_typesupport_introspection_c__pyext.dir/rosidl_generator_py/robotiq_2f_gripper_msgs/_robotiq_2f_gripper_msgs_s.ep.rosidl_typesupport_introspection_c.c.o[0m
[ 87%] [32mBuilding C object CMakeFiles/robotiq_2f_gripper_msgs__rosidl_typesupport_c__pyext.dir/rosidl_generator_py/robotiq_2f_gripper_msgs/_robotiq_2f_gripper_msgs_s.ep.rosidl_typesupport_c.c.o[0m
[ 90%] [32mBuilding C object CMakeFiles/robotiq_2f_gripper_msgs__rosidl_typesupport_fastrtps_c__pyext.dir/rosidl_generator_py/robotiq_2f_gripper_msgs/_robotiq_2f_gripper_msgs_s.ep.rosidl_typesupport_fastrtps_c.c.o[0m
[ 93%] [32m[1mLinking C shared library rosidl_generator_py/robotiq_2f_gripper_msgs/robotiq_2f_gripper_msgs_s__rosidl_typesupport_introspection_c.cpython-310-x86_64-linux-gnu.so[0m
[ 96%] [32m[1mLinking C shared library rosidl_generator_py/robotiq_2f_gripper_msgs/robotiq_2f_gripper_msgs_s__rosidl_typesupport_c.cpython-310-x86_64-linux-gnu.so[0m
[ 96%] Built target robotiq_2f_gripper_msgs__rosidl_typesupport_introspection_c__pyext
[100%] [32m[1mLinking C shared library rosidl_generator_py/robotiq_2f_gripper_msgs/robotiq_2f_gripper_msgs_s__rosidl_typesupport_fastrtps_c.cpython-310-x86_64-linux-gnu.so[0m
[100%] Built target robotiq_2f_gripper_msgs__rosidl_typesupport_c__pyext
[100%] Built target robotiq_2f_gripper_msgs__rosidl_typesupport_fastrtps_c__pyext
-- Install configuration: "Release"
-- Installing: /ws_moveit/install/robotiq_2f_gripper_msgs/share/ament_index/resource_index/rosidl_interfaces/robotiq_2f_gripper_msgs
-- Installing: /ws_moveit/install/robotiq_2f_gripper_msgs/include/robotiq_2f_gripper_msgs/robotiq_2f_gripper_msgs
-- Installing: /ws_moveit/install/robotiq_2f_gripper_msgs/include/robotiq_2f_gripper_msgs/robotiq_2f_gripper_msgs/msg
-- Installing: /ws_moveit/install/robotiq_2f_gripper_msgs/include/robotiq_2f_gripper_msgs/robotiq_2f_gripper_msgs/msg/rosidl_generator_c__visibility_control.h
-- Installing: /ws_moveit/install/robotiq_2f_gripper_msgs/include/robotiq_2f_gripper_msgs/robotiq_2f_gripper_msgs/action
-- Installing: /ws_moveit/install/robotiq_2f_gripper_msgs/include/robotiq_2f_gripper_msgs/robotiq_2f_gripper_msgs/action/move_two_finger_gripper.h
-- Installing: /ws_moveit/install/robotiq_2f_gripper_msgs/include/robotiq_2f_gripper_msgs/robotiq_2f_gripper_msgs/action/detail
-- Installing: /ws_moveit/install/robotiq_2f_gripper_msgs/include/robotiq_2f_gripper_msgs/robotiq_2f_gripper_msgs/action/detail/move_two_finger_gripper__functions.h
-- Installing: /ws_moveit/install/robotiq_2f_gripper_msgs/include/robotiq_2f_gripper_msgs/robotiq_2f_gripper_msgs/action/detail/move_two_finger_gripper__type_support.h
-- Installing: /ws_moveit/install/robotiq_2f_gripper_msgs/include/robotiq_2f_gripper_msgs/robotiq_2f_gripper_msgs/action/detail/move_two_finger_gripper__functions.c
-- Installing: /ws_moveit/install/robotiq_2f_gripper_msgs/include/robotiq_2f_gripper_msgs/robotiq_2f_gripper_msgs/action/detail/move_two_finger_gripper__struct.h
-- Installing: /ws_moveit/install/robotiq_2f_gripper_msgs/share/robotiq_2f_gripper_msgs/environment/library_path.sh
-- Installing: /ws_moveit/install/robotiq_2f_gripper_msgs/share/robotiq_2f_gripper_msgs/environment/library_path.dsv
-- Installing: /ws_moveit/install/robotiq_2f_gripper_msgs/lib/librobotiq_2f_gripper_msgs__rosidl_generator_c.so
-- Set runtime path of "/ws_moveit/install/robotiq_2f_gripper_msgs/lib/librobotiq_2f_gripper_msgs__rosidl_generator_c.so" to ""
-- Up-to-date: /ws_moveit/install/robotiq_2f_gripper_msgs/include/robotiq_2f_gripper_msgs/robotiq_2f_gripper_msgs
-- Up-to-date: /ws_moveit/install/robotiq_2f_gripper_msgs/include/robotiq_2f_gripper_msgs/robotiq_2f_gripper_msgs/msg
-- Installing: /ws_moveit/install/robotiq_2f_gripper_msgs/include/robotiq_2f_gripper_msgs/robotiq_2f_gripper_msgs/msg/rosidl_typesupport_fastrtps_c__visibility_control.h
-- Up-to-date: /ws_moveit/install/robotiq_2f_gripper_msgs/include/robotiq_2f_gripper_msgs/robotiq_2f_gripper_msgs/action
-- Up-to-date: /ws_moveit/install/robotiq_2f_gripper_msgs/include/robotiq_2f_gripper_msgs/robotiq_2f_gripper_msgs/action/detail
-- Installing: /ws_moveit/install/robotiq_2f_gripper_msgs/include/robotiq_2f_gripper_msgs/robotiq_2f_gripper_msgs/action/detail/move_two_finger_gripper__rosidl_typesupport_fastrtps_c.h
-- Installing: /ws_moveit/install/robotiq_2f_gripper_msgs/lib/librobotiq_2f_gripper_msgs__rosidl_typesupport_fastrtps_c.so
-- Set runtime path of "/ws_moveit/install/robotiq_2f_gripper_msgs/lib/librobotiq_2f_gripper_msgs__rosidl_typesupport_fastrtps_c.so" to ""
-- Up-to-date: /ws_moveit/install/robotiq_2f_gripper_msgs/include/robotiq_2f_gripper_msgs/robotiq_2f_gripper_msgs
-- Up-to-date: /ws_moveit/install/robotiq_2f_gripper_msgs/include/robotiq_2f_gripper_msgs/robotiq_2f_gripper_msgs/msg
-- Installing: /ws_moveit/install/robotiq_2f_gripper_msgs/include/robotiq_2f_gripper_msgs/robotiq_2f_gripper_msgs/msg/rosidl_typesupport_introspection_c__visibility_control.h
-- Up-to-date: /ws_moveit/install/robotiq_2f_gripper_msgs/include/robotiq_2f_gripper_msgs/robotiq_2f_gripper_msgs/action
-- Up-to-date: /ws_moveit/install/robotiq_2f_gripper_msgs/include/robotiq_2f_gripper_msgs/robotiq_2f_gripper_msgs/action/detail
-- Installing: /ws_moveit/install/robotiq_2f_gripper_msgs/include/robotiq_2f_gripper_msgs/robotiq_2f_gripper_msgs/action/detail/move_two_finger_gripper__type_support.c
-- Installing: /ws_moveit/install/robotiq_2f_gripper_msgs/include/robotiq_2f_gripper_msgs/robotiq_2f_gripper_msgs/action/detail/move_two_finger_gripper__rosidl_typesupport_introspection_c.h
-- Installing: /ws_moveit/install/robotiq_2f_gripper_msgs/lib/librobotiq_2f_gripper_msgs__rosidl_typesupport_introspection_c.so
-- Set runtime path of "/ws_moveit/install/robotiq_2f_gripper_msgs/lib/librobotiq_2f_gripper_msgs__rosidl_typesupport_introspection_c.so" to ""
-- Installing: /ws_moveit/install/robotiq_2f_gripper_msgs/lib/librobotiq_2f_gripper_msgs__rosidl_typesupport_c.so
-- Set runtime path of "/ws_moveit/install/robotiq_2f_gripper_msgs/lib/librobotiq_2f_gripper_msgs__rosidl_typesupport_c.so" to ""
-- Up-to-date: /ws_moveit/install/robotiq_2f_gripper_msgs/include/robotiq_2f_gripper_msgs/robotiq_2f_gripper_msgs
-- Up-to-date: /ws_moveit/install/robotiq_2f_gripper_msgs/include/robotiq_2f_gripper_msgs/robotiq_2f_gripper_msgs/msg
-- Installing: /ws_moveit/install/robotiq_2f_gripper_msgs/include/robotiq_2f_gripper_msgs/robotiq_2f_gripper_msgs/msg/rosidl_generator_cpp__visibility_control.hpp
-- Up-to-date: /ws_moveit/install/robotiq_2f_gripper_msgs/include/robotiq_2f_gripper_msgs/robotiq_2f_gripper_msgs/action
-- Installing: /ws_moveit/install/robotiq_2f_gripper_msgs/include/robotiq_2f_gripper_msgs/robotiq_2f_gripper_msgs/action/move_two_finger_gripper.hpp
-- Up-to-date: /ws_moveit/install/robotiq_2f_gripper_msgs/include/robotiq_2f_gripper_msgs/robotiq_2f_gripper_msgs/action/detail
-- Installing: /ws_moveit/install/robotiq_2f_gripper_msgs/include/robotiq_2f_gripper_msgs/robotiq_2f_gripper_msgs/action/detail/move_two_finger_gripper__traits.hpp
-- Installing: /ws_moveit/install/robotiq_2f_gripper_msgs/include/robotiq_2f_gripper_msgs/robotiq_2f_gripper_msgs/action/detail/move_two_finger_gripper__type_support.hpp
-- Installing: /ws_moveit/install/robotiq_2f_gripper_msgs/include/robotiq_2f_gripper_msgs/robotiq_2f_gripper_msgs/action/detail/move_two_finger_gripper__builder.hpp
-- Installing: /ws_moveit/install/robotiq_2f_gripper_msgs/include/robotiq_2f_gripper_msgs/robotiq_2f_gripper_msgs/action/detail/move_two_finger_gripper__struct.hpp
-- Up-to-date: /ws_moveit/install/robotiq_2f_gripper_msgs/include/robotiq_2f_gripper_msgs/robotiq_2f_gripper_msgs
-- Up-to-date: /ws_moveit/install/robotiq_2f_gripper_msgs/include/robotiq_2f_gripper_msgs/robotiq_2f_gripper_msgs/msg
-- Installing: /ws_moveit/install/robotiq_2f_gripper_msgs/include/robotiq_2f_gripper_msgs/robotiq_2f_gripper_msgs/msg/rosidl_typesupport_fastrtps_cpp__visibility_control.h
-- Up-to-date: /ws_moveit/install/robotiq_2f_gripper_msgs/include/robotiq_2f_gripper_msgs/robotiq_2f_gripper_msgs/action
-- Up-to-date: /ws_moveit/install/robotiq_2f_gripper_msgs/include/robotiq_2f_gripper_msgs/robotiq_2f_gripper_msgs/action/detail
-- Installing: /ws_moveit/install/robotiq_2f_gripper_msgs/include/robotiq_2f_gripper_msgs/robotiq_2f_gripper_msgs/action/detail/dds_fastrtps
-- Installing: /ws_moveit/install/robotiq_2f_gripper_msgs/include/robotiq_2f_gripper_msgs/robotiq_2f_gripper_msgs/action/detail/move_two_finger_gripper__rosidl_typesupport_fastrtps_cpp.hpp
-- Installing: /ws_moveit/install/robotiq_2f_gripper_msgs/lib/librobotiq_2f_gripper_msgs__rosidl_typesupport_fastrtps_cpp.so
-- Set runtime path of "/ws_moveit/install/robotiq_2f_gripper_msgs/lib/librobotiq_2f_gripper_msgs__rosidl_typesupport_fastrtps_cpp.so" to ""
-- Up-to-date: /ws_moveit/install/robotiq_2f_gripper_msgs/include/robotiq_2f_gripper_msgs/robotiq_2f_gripper_msgs
-- Up-to-date: /ws_moveit/install/robotiq_2f_gripper_msgs/include/robotiq_2f_gripper_msgs/robotiq_2f_gripper_msgs/action
-- Up-to-date: /ws_moveit/install/robotiq_2f_gripper_msgs/include/robotiq_2f_gripper_msgs/robotiq_2f_gripper_msgs/action/detail
-- Installing: /ws_moveit/install/robotiq_2f_gripper_msgs/include/robotiq_2f_gripper_msgs/robotiq_2f_gripper_msgs/action/detail/move_two_finger_gripper__rosidl_typesupport_introspection_cpp.hpp
-- Installing: /ws_moveit/install/robotiq_2f_gripper_msgs/include/robotiq_2f_gripper_msgs/robotiq_2f_gripper_msgs/action/detail/move_two_finger_gripper__type_support.cpp
-- Installing: /ws_moveit/install/robotiq_2f_gripper_msgs/lib/librobotiq_2f_gripper_msgs__rosidl_typesupport_introspection_cpp.so
-- Set runtime path of "/ws_moveit/install/robotiq_2f_gripper_msgs/lib/librobotiq_2f_gripper_msgs__rosidl_typesupport_introspection_cpp.so" to ""
-- Installing: /ws_moveit/install/robotiq_2f_gripper_msgs/lib/librobotiq_2f_gripper_msgs__rosidl_typesupport_cpp.so
-- Set runtime path of "/ws_moveit/install/robotiq_2f_gripper_msgs/lib/librobotiq_2f_gripper_msgs__rosidl_typesupport_cpp.so" to ""
-- Installing: /ws_moveit/install/robotiq_2f_gripper_msgs/share/robotiq_2f_gripper_msgs/environment/pythonpath.sh
-- Installing: /ws_moveit/install/robotiq_2f_gripper_msgs/share/robotiq_2f_gripper_msgs/environment/pythonpath.dsv
-- Installing: /ws_moveit/install/robotiq_2f_gripper_msgs/local/lib/python3.10/dist-packages/robotiq_2f_gripper_msgs-0.0.0-py3.10.egg-info
-- Installing: /ws_moveit/install/robotiq_2f_gripper_msgs/local/lib/python3.10/dist-packages/robotiq_2f_gripper_msgs-0.0.0-py3.10.egg-info/top_level.txt
-- Installing: /ws_moveit/install/robotiq_2f_gripper_msgs/local/lib/python3.10/dist-packages/robotiq_2f_gripper_msgs-0.0.0-py3.10.egg-info/dependency_links.txt
-- Installing: /ws_moveit/install/robotiq_2f_gripper_msgs/local/lib/python3.10/dist-packages/robotiq_2f_gripper_msgs-0.0.0-py3.10.egg-info/SOURCES.txt
-- Installing: /ws_moveit/install/robotiq_2f_gripper_msgs/local/lib/python3.10/dist-packages/robotiq_2f_gripper_msgs-0.0.0-py3.10.egg-info/PKG-INFO
-- Installing: /ws_moveit/install/robotiq_2f_gripper_msgs/local/lib/python3.10/dist-packages/robotiq_2f_gripper_msgs
-- Installing: /ws_moveit/install/robotiq_2f_gripper_msgs/local/lib/python3.10/dist-packages/robotiq_2f_gripper_msgs/_robotiq_2f_gripper_msgs_s.ep.rosidl_typesupport_c.c
-- Installing: /ws_moveit/install/robotiq_2f_gripper_msgs/local/lib/python3.10/dist-packages/robotiq_2f_gripper_msgs/robotiq_2f_gripper_msgs_s__rosidl_typesupport_fastrtps_c.cpython-310-x86_64-linux-gnu.so
-- Installing: /ws_moveit/install/robotiq_2f_gripper_msgs/local/lib/python3.10/dist-packages/robotiq_2f_gripper_msgs/robotiq_2f_gripper_msgs_s__rosidl_typesupport_c.cpython-310-x86_64-linux-gnu.so
-- Installing: /ws_moveit/install/robotiq_2f_gripper_msgs/local/lib/python3.10/dist-packages/robotiq_2f_gripper_msgs/librobotiq_2f_gripper_msgs__rosidl_generator_py.so
-- Installing: /ws_moveit/install/robotiq_2f_gripper_msgs/local/lib/python3.10/dist-packages/robotiq_2f_gripper_msgs/robotiq_2f_gripper_msgs_s__rosidl_typesupport_introspection_c.cpython-310-x86_64-linux-gnu.so
-- Installing: /ws_moveit/install/robotiq_2f_gripper_msgs/local/lib/python3.10/dist-packages/robotiq_2f_gripper_msgs/_robotiq_2f_gripper_msgs_s.ep.rosidl_typesupport_introspection_c.c
-- Installing: /ws_moveit/install/robotiq_2f_gripper_msgs/local/lib/python3.10/dist-packages/robotiq_2f_gripper_msgs/__init__.py
-- Installing: /ws_moveit/install/robotiq_2f_gripper_msgs/local/lib/python3.10/dist-packages/robotiq_2f_gripper_msgs/_robotiq_2f_gripper_msgs_s.ep.rosidl_typesupport_fastrtps_c.c
-- Installing: /ws_moveit/install/robotiq_2f_gripper_msgs/local/lib/python3.10/dist-packages/robotiq_2f_gripper_msgs/action
-- Installing: /ws_moveit/install/robotiq_2f_gripper_msgs/local/lib/python3.10/dist-packages/robotiq_2f_gripper_msgs/action/_move_two_finger_gripper_s.c
-- Installing: /ws_moveit/install/robotiq_2f_gripper_msgs/local/lib/python3.10/dist-packages/robotiq_2f_gripper_msgs/action/__init__.py
-- Installing: /ws_moveit/install/robotiq_2f_gripper_msgs/local/lib/python3.10/dist-packages/robotiq_2f_gripper_msgs/action/_move_two_finger_gripper.py
Listing '/ws_moveit/install/robotiq_2f_gripper_msgs/local/lib/python3.10/dist-packages/robotiq_2f_gripper_msgs'...
Compiling '/ws_moveit/install/robotiq_2f_gripper_msgs/local/lib/python3.10/dist-packages/robotiq_2f_gripper_msgs/__init__.py'...
Listing '/ws_moveit/install/robotiq_2f_gripper_msgs/local/lib/python3.10/dist-packages/robotiq_2f_gripper_msgs/action'...
Compiling '/ws_moveit/install/robotiq_2f_gripper_msgs/local/lib/python3.10/dist-packages/robotiq_2f_gripper_msgs/action/__init__.py'...
Compiling '/ws_moveit/install/robotiq_2f_gripper_msgs/local/lib/python3.10/dist-packages/robotiq_2f_gripper_msgs/action/_move_two_finger_gripper.py'...
-- Installing: /ws_moveit/install/robotiq_2f_gripper_msgs/local/lib/python3.10/dist-packages/robotiq_2f_gripper_msgs/robotiq_2f_gripper_msgs_s__rosidl_typesupport_fastrtps_c.cpython-310-x86_64-linux-gnu.so
-- Set runtime path of "/ws_moveit/install/robotiq_2f_gripper_msgs/local/lib/python3.10/dist-packages/robotiq_2f_gripper_msgs/robotiq_2f_gripper_msgs_s__rosidl_typesupport_fastrtps_c.cpython-310-x86_64-linux-gnu.so" to ""
-- Installing: /ws_moveit/install/robotiq_2f_gripper_msgs/local/lib/python3.10/dist-packages/robotiq_2f_gripper_msgs/robotiq_2f_gripper_msgs_s__rosidl_typesupport_introspection_c.cpython-310-x86_64-linux-gnu.so
-- Set runtime path of "/ws_moveit/install/robotiq_2f_gripper_msgs/local/lib/python3.10/dist-packages/robotiq_2f_gripper_msgs/robotiq_2f_gripper_msgs_s__rosidl_typesupport_introspection_c.cpython-310-x86_64-linux-gnu.so" to ""
-- Installing: /ws_moveit/install/robotiq_2f_gripper_msgs/local/lib/python3.10/dist-packages/robotiq_2f_gripper_msgs/robotiq_2f_gripper_msgs_s__rosidl_typesupport_c.cpython-310-x86_64-linux-gnu.so
-- Set runtime path of "/ws_moveit/install/robotiq_2f_gripper_msgs/local/lib/python3.10/dist-packages/robotiq_2f_gripper_msgs/robotiq_2f_gripper_msgs_s__rosidl_typesupport_c.cpython-310-x86_64-linux-gnu.so" to ""
-- Installing: /ws_moveit/install/robotiq_2f_gripper_msgs/lib/librobotiq_2f_gripper_msgs__rosidl_generator_py.so
-- Set runtime path of "/ws_moveit/install/robotiq_2f_gripper_msgs/lib/librobotiq_2f_gripper_msgs__rosidl_generator_py.so" to ""
-- Installing: /ws_moveit/install/robotiq_2f_gripper_msgs/share/robotiq_2f_gripper_msgs/action/MoveTwoFingerGripper.idl
-- Installing: /ws_moveit/install/robotiq_2f_gripper_msgs/share/robotiq_2f_gripper_msgs/action/MoveTwoFingerGripper.action
-- Installing: /ws_moveit/install/robotiq_2f_gripper_msgs/share/ament_index/resource_index/package_run_dependencies/robotiq_2f_gripper_msgs
-- Installing: /ws_moveit/install/robotiq_2f_gripper_msgs/share/ament_index/resource_index/parent_prefix_path/robotiq_2f_gripper_msgs
-- Installing: /ws_moveit/install/robotiq_2f_gripper_msgs/share/robotiq_2f_gripper_msgs/environment/ament_prefix_path.sh
-- Installing: /ws_moveit/install/robotiq_2f_gripper_msgs/share/robotiq_2f_gripper_msgs/environment/ament_prefix_path.dsv
-- Installing: /ws_moveit/install/robotiq_2f_gripper_msgs/share/robotiq_2f_gripper_msgs/environment/path.sh
-- Installing: /ws_moveit/install/robotiq_2f_gripper_msgs/share/robotiq_2f_gripper_msgs/environment/path.dsv
-- Installing: /ws_moveit/install/robotiq_2f_gripper_msgs/share/robotiq_2f_gripper_msgs/local_setup.bash
-- Installing: /ws_moveit/install/robotiq_2f_gripper_msgs/share/robotiq_2f_gripper_msgs/local_setup.sh
-- Installing: /ws_moveit/install/robotiq_2f_gripper_msgs/share/robotiq_2f_gripper_msgs/local_setup.zsh
-- Installing: /ws_moveit/install/robotiq_2f_gripper_msgs/share/robotiq_2f_gripper_msgs/local_setup.dsv
-- Installing: /ws_moveit/install/robotiq_2f_gripper_msgs/share/robotiq_2f_gripper_msgs/package.dsv
-- Installing: /ws_moveit/install/robotiq_2f_gripper_msgs/share/ament_index/resource_index/packages/robotiq_2f_gripper_msgs
-- Installing: /ws_moveit/install/robotiq_2f_gripper_msgs/share/robotiq_2f_gripper_msgs/cmake/export_robotiq_2f_gripper_msgs__rosidl_generator_cExport.cmake
-- Installing: /ws_moveit/install/robotiq_2f_gripper_msgs/share/robotiq_2f_gripper_msgs/cmake/export_robotiq_2f_gripper_msgs__rosidl_generator_cExport-release.cmake
-- Installing: /ws_moveit/install/robotiq_2f_gripper_msgs/share/robotiq_2f_gripper_msgs/cmake/export_robotiq_2f_gripper_msgs__rosidl_typesupport_fastrtps_cExport.cmake
-- Installing: /ws_moveit/install/robotiq_2f_gripper_msgs/share/robotiq_2f_gripper_msgs/cmake/export_robotiq_2f_gripper_msgs__rosidl_typesupport_fastrtps_cExport-release.cmake
-- Installing: /ws_moveit/install/robotiq_2f_gripper_msgs/share/robotiq_2f_gripper_msgs/cmake/robotiq_2f_gripper_msgs__rosidl_typesupport_introspection_cExport.cmake
-- Installing: /ws_moveit/install/robotiq_2f_gripper_msgs/share/robotiq_2f_gripper_msgs/cmake/robotiq_2f_gripper_msgs__rosidl_typesupport_introspection_cExport-release.cmake
-- Installing: /ws_moveit/install/robotiq_2f_gripper_msgs/share/robotiq_2f_gripper_msgs/cmake/robotiq_2f_gripper_msgs__rosidl_typesupport_cExport.cmake
-- Installing: /ws_moveit/install/robotiq_2f_gripper_msgs/share/robotiq_2f_gripper_msgs/cmake/robotiq_2f_gripper_msgs__rosidl_typesupport_cExport-release.cmake
-- Installing: /ws_moveit/install/robotiq_2f_gripper_msgs/share/robotiq_2f_gripper_msgs/cmake/export_robotiq_2f_gripper_msgs__rosidl_generator_cppExport.cmake
-- Installing: /ws_moveit/install/robotiq_2f_gripper_msgs/share/robotiq_2f_gripper_msgs/cmake/export_robotiq_2f_gripper_msgs__rosidl_typesupport_fastrtps_cppExport.cmake
-- Installing: /ws_moveit/install/robotiq_2f_gripper_msgs/share/robotiq_2f_gripper_msgs/cmake/export_robotiq_2f_gripper_msgs__rosidl_typesupport_fastrtps_cppExport-release.cmake
-- Installing: /ws_moveit/install/robotiq_2f_gripper_msgs/share/robotiq_2f_gripper_msgs/cmake/robotiq_2f_gripper_msgs__rosidl_typesupport_introspection_cppExport.cmake
-- Installing: /ws_moveit/install/robotiq_2f_gripper_msgs/share/robotiq_2f_gripper_msgs/cmake/robotiq_2f_gripper_msgs__rosidl_typesupport_introspection_cppExport-release.cmake
-- Installing: /ws_moveit/install/robotiq_2f_gripper_msgs/share/robotiq_2f_gripper_msgs/cmake/robotiq_2f_gripper_msgs__rosidl_typesupport_cppExport.cmake
-- Installing: /ws_moveit/install/robotiq_2f_gripper_msgs/share/robotiq_2f_gripper_msgs/cmake/robotiq_2f_gripper_msgs__rosidl_typesupport_cppExport-release.cmake
-- Installing: /ws_moveit/install/robotiq_2f_gripper_msgs/share/robotiq_2f_gripper_msgs/cmake/export_robotiq_2f_gripper_msgs__rosidl_generator_pyExport.cmake
-- Installing: /ws_moveit/install/robotiq_2f_gripper_msgs/share/robotiq_2f_gripper_msgs/cmake/export_robotiq_2f_gripper_msgs__rosidl_generator_pyExport-release.cmake
-- Installing: /ws_moveit/install/robotiq_2f_gripper_msgs/share/robotiq_2f_gripper_msgs/cmake/rosidl_cmake-extras.cmake
-- Installing: /ws_moveit/install/robotiq_2f_gripper_msgs/share/robotiq_2f_gripper_msgs/cmake/ament_cmake_export_dependencies-extras.cmake
-- Installing: /ws_moveit/install/robotiq_2f_gripper_msgs/share/robotiq_2f_gripper_msgs/cmake/ament_cmake_export_include_directories-extras.cmake
-- Installing: /ws_moveit/install/robotiq_2f_gripper_msgs/share/robotiq_2f_gripper_msgs/cmake/ament_cmake_export_libraries-extras.cmake
-- Installing: /ws_moveit/install/robotiq_2f_gripper_msgs/share/robotiq_2f_gripper_msgs/cmake/ament_cmake_export_targets-extras.cmake
-- Installing: /ws_moveit/install/robotiq_2f_gripper_msgs/share/robotiq_2f_gripper_msgs/cmake/rosidl_cmake_export_typesupport_targets-extras.cmake
-- Installing: /ws_moveit/install/robotiq_2f_gripper_msgs/share/robotiq_2f_gripper_msgs/cmake/rosidl_cmake_export_typesupport_libraries-extras.cmake
-- Installing: /ws_moveit/install/robotiq_2f_gripper_msgs/share/robotiq_2f_gripper_msgs/cmake/robotiq_2f_gripper_msgsConfig.cmake
-- Installing: /ws_moveit/install/robotiq_2f_gripper_msgs/share/robotiq_2f_gripper_msgs/cmake/robotiq_2f_gripper_msgsConfig-version.cmake
-- Installing: /ws_moveit/install/robotiq_2f_gripper_msgs/share/robotiq_2f_gripper_msgs/package.xml
