[0.017s] Invoking command in '/ws_moveit/build/robotiq_2f_gripper_msgs': CMAKE_PREFIX_PATH=/opt/ros/humble /usr/bin/cmake /ws_moveit/src/robotiq_2f_gripper_ros2/robotiq_2f_gripper_msgs -DCMAKE_BUILD_TYPE=Release -DCMAKE_INSTALL_PREFIX=/ws_moveit/install/robotiq_2f_gripper_msgs
[0.063s] -- The C compiler identification is GNU 11.4.0
[0.109s] -- The CXX compiler identification is GNU 11.4.0
[0.115s] -- Detecting C compiler ABI info
[0.175s] -- Detecting C compiler ABI info - done
[0.182s] -- Check for working C compiler: /usr/bin/cc - skipped
[0.182s] -- Detecting C compile features
[0.183s] -- Detecting C compile features - done
[0.185s] -- Detecting CXX compiler ABI info
[0.251s] -- Detecting CXX compiler ABI info - done
[0.259s] -- Check for working CXX compiler: /usr/bin/c++ - skipped
[0.259s] -- Detecting CXX compile features
[0.259s] -- Detecting CXX compile features - done
[0.261s] -- Found ament_cmake: 1.3.11 (/opt/ros/humble/share/ament_cmake/cmake)
[0.398s] -- Found Python3: /usr/bin/python3 (found version "3.10.12") found components: Interpreter 
[0.482s] -- Found rosidl_default_generators: 1.2.0 (/opt/ros/humble/share/rosidl_default_generators/cmake)
[0.485s] -- Using all available rosidl_typesupport_c: rosidl_typesupport_fastrtps_c;rosidl_typesupport_introspection_c
[0.494s] -- Found rosidl_adapter: 3.1.6 (/opt/ros/humble/share/rosidl_adapter/cmake)
[0.536s] -- Using all available rosidl_typesupport_cpp: rosidl_typesupport_fastrtps_cpp;rosidl_typesupport_introspection_cpp
[0.562s] -- Found std_msgs: 4.8.0 (/opt/ros/humble/share/std_msgs/cmake)
[0.581s] -- Found unique_identifier_msgs: 2.2.1 (/opt/ros/humble/share/unique_identifier_msgs/cmake)
[0.866s] -- Found ament_cmake_ros: 0.10.0 (/opt/ros/humble/share/ament_cmake_ros/cmake)
[1.071s] -- Using all available rosidl_typesupport_c: rosidl_typesupport_fastrtps_c;rosidl_typesupport_introspection_c
[1.345s] -- Using all available rosidl_typesupport_cpp: rosidl_typesupport_fastrtps_cpp;rosidl_typesupport_introspection_cpp
[1.361s] -- Found PythonInterp: /usr/bin/python3 (found suitable version "3.10.12", minimum required is "3.6") 
[1.362s] -- Found python_cmake_module: 0.10.0 (/opt/ros/humble/share/python_cmake_module/cmake)
[1.380s] -- Found PythonLibs: /usr/lib/x86_64-linux-gnu/libpython3.10.so (found suitable version "3.10.12", minimum required is "3.5") 
[1.380s] -- Using PYTHON_EXECUTABLE: /usr/bin/python3
[1.380s] -- Using PYTHON_INCLUDE_DIRS: /usr/include/python3.10
[1.380s] -- Using PYTHON_LIBRARIES: /usr/lib/x86_64-linux-gnu/libpython3.10.so
[1.399s] -- Found PythonExtra: .so  
[1.444s] -- Found ament_lint_auto: 0.12.12 (/opt/ros/humble/share/ament_lint_auto/cmake)
[1.468s] -- Added test 'lint_cmake' to check CMake code style
[1.469s] -- Added test 'xmllint' to check XML markup files
[1.472s] -- Configuring done
[1.510s] -- Generating done
[1.524s] -- Build files have been written to: /ws_moveit/build/robotiq_2f_gripper_msgs
[1.537s] Invoked command in '/ws_moveit/build/robotiq_2f_gripper_msgs' returned '0': CMAKE_PREFIX_PATH=/opt/ros/humble /usr/bin/cmake /ws_moveit/src/robotiq_2f_gripper_ros2/robotiq_2f_gripper_msgs -DCMAKE_BUILD_TYPE=Release -DCMAKE_INSTALL_PREFIX=/ws_moveit/install/robotiq_2f_gripper_msgs
[1.538s] Invoking command in '/ws_moveit/build/robotiq_2f_gripper_msgs': CMAKE_PREFIX_PATH=/opt/ros/humble /usr/bin/cmake --build /ws_moveit/build/robotiq_2f_gripper_msgs -- -j12 -l12
[1.575s] [  3%] [34m[1mGenerating C code for ROS interfaces[0m
[1.587s] [  6%] [34m[1mGenerating C++ code for ROS interfaces[0m
[1.599s] [  6%] Built target ament_cmake_python_copy_robotiq_2f_gripper_msgs
[1.753s] running egg_info
[1.753s] creating robotiq_2f_gripper_msgs.egg-info
[1.754s] writing robotiq_2f_gripper_msgs.egg-info/PKG-INFO
[1.754s] writing dependency_links to robotiq_2f_gripper_msgs.egg-info/dependency_links.txt
[1.754s] writing top-level names to robotiq_2f_gripper_msgs.egg-info/top_level.txt
[1.754s] writing manifest file 'robotiq_2f_gripper_msgs.egg-info/SOURCES.txt'
[1.755s] reading manifest file 'robotiq_2f_gripper_msgs.egg-info/SOURCES.txt'
[1.755s] writing manifest file 'robotiq_2f_gripper_msgs.egg-info/SOURCES.txt'
[1.784s] [  6%] Built target ament_cmake_python_build_robotiq_2f_gripper_msgs_egg
[1.880s] [  9%] [32mBuilding C object CMakeFiles/robotiq_2f_gripper_msgs__rosidl_generator_c.dir/rosidl_generator_c/robotiq_2f_gripper_msgs/action/detail/move_two_finger_gripper__functions.c.o[0m
[2.109s] [  9%] Built target robotiq_2f_gripper_msgs__cpp
[2.120s] [ 19%] [34m[1mGenerating C++ type support for eProsima Fast-RTPS[0m
[2.121s] [ 19%] [34m[1mGenerating C++ type support dispatch for ROS interfaces[0m
[2.121s] [ 19%] [34m[1mGenerating C++ introspection for ROS interfaces[0m
[2.372s] [ 22%] [32m[1mLinking C shared library librobotiq_2f_gripper_msgs__rosidl_generator_c.so[0m
[2.411s] [ 22%] Built target robotiq_2f_gripper_msgs__rosidl_generator_c
[2.421s] [ 25%] [34m[1mGenerating C introspection for ROS interfaces[0m
[2.421s] [ 29%] [34m[1mGenerating C type support for eProsima Fast-RTPS[0m
[2.424s] [ 32%] [34m[1mGenerating C type support dispatch for ROS interfaces[0m
[2.549s] [ 35%] [32mBuilding CXX object CMakeFiles/robotiq_2f_gripper_msgs__rosidl_typesupport_cpp.dir/rosidl_typesupport_cpp/robotiq_2f_gripper_msgs/action/move_two_finger_gripper__type_support.cpp.o[0m
[2.600s] [ 38%] [32mBuilding CXX object CMakeFiles/robotiq_2f_gripper_msgs__rosidl_typesupport_introspection_cpp.dir/rosidl_typesupport_introspection_cpp/robotiq_2f_gripper_msgs/action/detail/move_two_finger_gripper__type_support.cpp.o[0m
[2.725s] [ 41%] [32mBuilding CXX object CMakeFiles/robotiq_2f_gripper_msgs__rosidl_typesupport_fastrtps_cpp.dir/rosidl_typesupport_fastrtps_cpp/robotiq_2f_gripper_msgs/action/detail/dds_fastrtps/move_two_finger_gripper__type_support.cpp.o[0m
[3.013s] [ 45%] [32mBuilding CXX object CMakeFiles/robotiq_2f_gripper_msgs__rosidl_typesupport_c.dir/rosidl_typesupport_c/robotiq_2f_gripper_msgs/action/move_two_finger_gripper__type_support.cpp.o[0m
[3.102s] [ 48%] [32mBuilding CXX object CMakeFiles/robotiq_2f_gripper_msgs__rosidl_typesupport_fastrtps_c.dir/rosidl_typesupport_fastrtps_c/robotiq_2f_gripper_msgs/action/detail/move_two_finger_gripper__type_support_c.cpp.o[0m
[3.126s] [ 51%] [32mBuilding C object CMakeFiles/robotiq_2f_gripper_msgs__rosidl_typesupport_introspection_c.dir/rosidl_typesupport_introspection_c/robotiq_2f_gripper_msgs/action/detail/move_two_finger_gripper__type_support.c.o[0m
[3.131s] [ 54%] [32m[1mLinking CXX shared library librobotiq_2f_gripper_msgs__rosidl_typesupport_c.so[0m
[3.187s] [ 54%] Built target robotiq_2f_gripper_msgs__rosidl_typesupport_c
[3.215s] [ 58%] [32m[1mLinking C shared library librobotiq_2f_gripper_msgs__rosidl_typesupport_introspection_c.so[0m
[3.242s] [ 58%] Built target robotiq_2f_gripper_msgs__rosidl_typesupport_introspection_c
[3.303s] [ 61%] [32m[1mLinking CXX shared library librobotiq_2f_gripper_msgs__rosidl_typesupport_cpp.so[0m
[3.356s] [ 61%] Built target robotiq_2f_gripper_msgs__rosidl_typesupport_cpp
[3.596s] [ 64%] [32m[1mLinking CXX shared library librobotiq_2f_gripper_msgs__rosidl_typesupport_fastrtps_c.so[0m
[3.717s] [ 64%] Built target robotiq_2f_gripper_msgs__rosidl_typesupport_fastrtps_c
[3.720s] [ 67%] [32m[1mLinking CXX shared library librobotiq_2f_gripper_msgs__rosidl_typesupport_introspection_cpp.so[0m
[3.838s] [ 70%] [32m[1mLinking CXX shared library librobotiq_2f_gripper_msgs__rosidl_typesupport_fastrtps_cpp.so[0m
[3.851s] [ 70%] Built target robotiq_2f_gripper_msgs__rosidl_typesupport_introspection_cpp
[3.981s] [ 70%] Built target robotiq_2f_gripper_msgs__rosidl_typesupport_fastrtps_cpp
[4.005s] [ 70%] Built target robotiq_2f_gripper_msgs
[4.033s] [ 74%] [34m[1mGenerating Python code for ROS interfaces[0m
[5.521s] [ 74%] Built target robotiq_2f_gripper_msgs__py
[5.599s] [ 77%] [32mBuilding C object CMakeFiles/robotiq_2f_gripper_msgs__rosidl_generator_py.dir/rosidl_generator_py/robotiq_2f_gripper_msgs/action/_move_two_finger_gripper_s.c.o[0m
[6.118s] [ 80%] [32m[1mLinking C shared library rosidl_generator_py/robotiq_2f_gripper_msgs/librobotiq_2f_gripper_msgs__rosidl_generator_py.so[0m
[6.226s] [ 80%] Built target robotiq_2f_gripper_msgs__rosidl_generator_py
[6.301s] [ 83%] [32mBuilding C object CMakeFiles/robotiq_2f_gripper_msgs__rosidl_typesupport_introspection_c__pyext.dir/rosidl_generator_py/robotiq_2f_gripper_msgs/_robotiq_2f_gripper_msgs_s.ep.rosidl_typesupport_introspection_c.c.o[0m
[6.317s] [ 87%] [32mBuilding C object CMakeFiles/robotiq_2f_gripper_msgs__rosidl_typesupport_c__pyext.dir/rosidl_generator_py/robotiq_2f_gripper_msgs/_robotiq_2f_gripper_msgs_s.ep.rosidl_typesupport_c.c.o[0m
[6.320s] [ 90%] [32mBuilding C object CMakeFiles/robotiq_2f_gripper_msgs__rosidl_typesupport_fastrtps_c__pyext.dir/rosidl_generator_py/robotiq_2f_gripper_msgs/_robotiq_2f_gripper_msgs_s.ep.rosidl_typesupport_fastrtps_c.c.o[0m
[6.757s] [ 93%] [32m[1mLinking C shared library rosidl_generator_py/robotiq_2f_gripper_msgs/robotiq_2f_gripper_msgs_s__rosidl_typesupport_introspection_c.cpython-310-x86_64-linux-gnu.so[0m
[6.858s] [ 96%] [32m[1mLinking C shared library rosidl_generator_py/robotiq_2f_gripper_msgs/robotiq_2f_gripper_msgs_s__rosidl_typesupport_c.cpython-310-x86_64-linux-gnu.so[0m
[6.864s] [ 96%] Built target robotiq_2f_gripper_msgs__rosidl_typesupport_introspection_c__pyext
[6.886s] [100%] [32m[1mLinking C shared library rosidl_generator_py/robotiq_2f_gripper_msgs/robotiq_2f_gripper_msgs_s__rosidl_typesupport_fastrtps_c.cpython-310-x86_64-linux-gnu.so[0m
[6.921s] [100%] Built target robotiq_2f_gripper_msgs__rosidl_typesupport_c__pyext
[7.014s] [100%] Built target robotiq_2f_gripper_msgs__rosidl_typesupport_fastrtps_c__pyext
[7.064s] Invoked command in '/ws_moveit/build/robotiq_2f_gripper_msgs' returned '0': CMAKE_PREFIX_PATH=/opt/ros/humble /usr/bin/cmake --build /ws_moveit/build/robotiq_2f_gripper_msgs -- -j12 -l12
[7.064s] Invoking command in '/ws_moveit/build/robotiq_2f_gripper_msgs': CMAKE_PREFIX_PATH=/opt/ros/humble /usr/bin/cmake --install /ws_moveit/build/robotiq_2f_gripper_msgs
[7.080s] -- Install configuration: "Release"
[7.080s] -- Installing: /ws_moveit/install/robotiq_2f_gripper_msgs/share/ament_index/resource_index/rosidl_interfaces/robotiq_2f_gripper_msgs
[7.081s] -- Installing: /ws_moveit/install/robotiq_2f_gripper_msgs/include/robotiq_2f_gripper_msgs/robotiq_2f_gripper_msgs
[7.081s] -- Installing: /ws_moveit/install/robotiq_2f_gripper_msgs/include/robotiq_2f_gripper_msgs/robotiq_2f_gripper_msgs/msg
[7.081s] -- Installing: /ws_moveit/install/robotiq_2f_gripper_msgs/include/robotiq_2f_gripper_msgs/robotiq_2f_gripper_msgs/msg/rosidl_generator_c__visibility_control.h
[7.081s] -- Installing: /ws_moveit/install/robotiq_2f_gripper_msgs/include/robotiq_2f_gripper_msgs/robotiq_2f_gripper_msgs/action
[7.081s] -- Installing: /ws_moveit/install/robotiq_2f_gripper_msgs/include/robotiq_2f_gripper_msgs/robotiq_2f_gripper_msgs/action/move_two_finger_gripper.h
[7.081s] -- Installing: /ws_moveit/install/robotiq_2f_gripper_msgs/include/robotiq_2f_gripper_msgs/robotiq_2f_gripper_msgs/action/detail
[7.081s] -- Installing: /ws_moveit/install/robotiq_2f_gripper_msgs/include/robotiq_2f_gripper_msgs/robotiq_2f_gripper_msgs/action/detail/move_two_finger_gripper__functions.h
[7.081s] -- Installing: /ws_moveit/install/robotiq_2f_gripper_msgs/include/robotiq_2f_gripper_msgs/robotiq_2f_gripper_msgs/action/detail/move_two_finger_gripper__type_support.h
[7.081s] -- Installing: /ws_moveit/install/robotiq_2f_gripper_msgs/include/robotiq_2f_gripper_msgs/robotiq_2f_gripper_msgs/action/detail/move_two_finger_gripper__functions.c
[7.082s] -- Installing: /ws_moveit/install/robotiq_2f_gripper_msgs/include/robotiq_2f_gripper_msgs/robotiq_2f_gripper_msgs/action/detail/move_two_finger_gripper__struct.h
[7.082s] -- Installing: /ws_moveit/install/robotiq_2f_gripper_msgs/share/robotiq_2f_gripper_msgs/environment/library_path.sh
[7.082s] -- Installing: /ws_moveit/install/robotiq_2f_gripper_msgs/share/robotiq_2f_gripper_msgs/environment/library_path.dsv
[7.082s] -- Installing: /ws_moveit/install/robotiq_2f_gripper_msgs/lib/librobotiq_2f_gripper_msgs__rosidl_generator_c.so
[7.088s] -- Set runtime path of "/ws_moveit/install/robotiq_2f_gripper_msgs/lib/librobotiq_2f_gripper_msgs__rosidl_generator_c.so" to ""
[7.088s] -- Up-to-date: /ws_moveit/install/robotiq_2f_gripper_msgs/include/robotiq_2f_gripper_msgs/robotiq_2f_gripper_msgs
[7.088s] -- Up-to-date: /ws_moveit/install/robotiq_2f_gripper_msgs/include/robotiq_2f_gripper_msgs/robotiq_2f_gripper_msgs/msg
[7.089s] -- Installing: /ws_moveit/install/robotiq_2f_gripper_msgs/include/robotiq_2f_gripper_msgs/robotiq_2f_gripper_msgs/msg/rosidl_typesupport_fastrtps_c__visibility_control.h
[7.089s] -- Up-to-date: /ws_moveit/install/robotiq_2f_gripper_msgs/include/robotiq_2f_gripper_msgs/robotiq_2f_gripper_msgs/action
[7.089s] -- Up-to-date: /ws_moveit/install/robotiq_2f_gripper_msgs/include/robotiq_2f_gripper_msgs/robotiq_2f_gripper_msgs/action/detail
[7.089s] -- Installing: /ws_moveit/install/robotiq_2f_gripper_msgs/include/robotiq_2f_gripper_msgs/robotiq_2f_gripper_msgs/action/detail/move_two_finger_gripper__rosidl_typesupport_fastrtps_c.h
[7.089s] -- Installing: /ws_moveit/install/robotiq_2f_gripper_msgs/lib/librobotiq_2f_gripper_msgs__rosidl_typesupport_fastrtps_c.so
[7.089s] -- Set runtime path of "/ws_moveit/install/robotiq_2f_gripper_msgs/lib/librobotiq_2f_gripper_msgs__rosidl_typesupport_fastrtps_c.so" to ""
[7.089s] -- Up-to-date: /ws_moveit/install/robotiq_2f_gripper_msgs/include/robotiq_2f_gripper_msgs/robotiq_2f_gripper_msgs
[7.089s] -- Up-to-date: /ws_moveit/install/robotiq_2f_gripper_msgs/include/robotiq_2f_gripper_msgs/robotiq_2f_gripper_msgs/msg
[7.089s] -- Installing: /ws_moveit/install/robotiq_2f_gripper_msgs/include/robotiq_2f_gripper_msgs/robotiq_2f_gripper_msgs/msg/rosidl_typesupport_introspection_c__visibility_control.h
[7.089s] -- Up-to-date: /ws_moveit/install/robotiq_2f_gripper_msgs/include/robotiq_2f_gripper_msgs/robotiq_2f_gripper_msgs/action
[7.089s] -- Up-to-date: /ws_moveit/install/robotiq_2f_gripper_msgs/include/robotiq_2f_gripper_msgs/robotiq_2f_gripper_msgs/action/detail
[7.089s] -- Installing: /ws_moveit/install/robotiq_2f_gripper_msgs/include/robotiq_2f_gripper_msgs/robotiq_2f_gripper_msgs/action/detail/move_two_finger_gripper__type_support.c
[7.089s] -- Installing: /ws_moveit/install/robotiq_2f_gripper_msgs/include/robotiq_2f_gripper_msgs/robotiq_2f_gripper_msgs/action/detail/move_two_finger_gripper__rosidl_typesupport_introspection_c.h
[7.090s] -- Installing: /ws_moveit/install/robotiq_2f_gripper_msgs/lib/librobotiq_2f_gripper_msgs__rosidl_typesupport_introspection_c.so
[7.090s] -- Set runtime path of "/ws_moveit/install/robotiq_2f_gripper_msgs/lib/librobotiq_2f_gripper_msgs__rosidl_typesupport_introspection_c.so" to ""
[7.090s] -- Installing: /ws_moveit/install/robotiq_2f_gripper_msgs/lib/librobotiq_2f_gripper_msgs__rosidl_typesupport_c.so
[7.090s] -- Set runtime path of "/ws_moveit/install/robotiq_2f_gripper_msgs/lib/librobotiq_2f_gripper_msgs__rosidl_typesupport_c.so" to ""
[7.090s] -- Up-to-date: /ws_moveit/install/robotiq_2f_gripper_msgs/include/robotiq_2f_gripper_msgs/robotiq_2f_gripper_msgs
[7.090s] -- Up-to-date: /ws_moveit/install/robotiq_2f_gripper_msgs/include/robotiq_2f_gripper_msgs/robotiq_2f_gripper_msgs/msg
[7.090s] -- Installing: /ws_moveit/install/robotiq_2f_gripper_msgs/include/robotiq_2f_gripper_msgs/robotiq_2f_gripper_msgs/msg/rosidl_generator_cpp__visibility_control.hpp
[7.090s] -- Up-to-date: /ws_moveit/install/robotiq_2f_gripper_msgs/include/robotiq_2f_gripper_msgs/robotiq_2f_gripper_msgs/action
[7.090s] -- Installing: /ws_moveit/install/robotiq_2f_gripper_msgs/include/robotiq_2f_gripper_msgs/robotiq_2f_gripper_msgs/action/move_two_finger_gripper.hpp
[7.090s] -- Up-to-date: /ws_moveit/install/robotiq_2f_gripper_msgs/include/robotiq_2f_gripper_msgs/robotiq_2f_gripper_msgs/action/detail
[7.090s] -- Installing: /ws_moveit/install/robotiq_2f_gripper_msgs/include/robotiq_2f_gripper_msgs/robotiq_2f_gripper_msgs/action/detail/move_two_finger_gripper__traits.hpp
[7.090s] -- Installing: /ws_moveit/install/robotiq_2f_gripper_msgs/include/robotiq_2f_gripper_msgs/robotiq_2f_gripper_msgs/action/detail/move_two_finger_gripper__type_support.hpp
[7.090s] -- Installing: /ws_moveit/install/robotiq_2f_gripper_msgs/include/robotiq_2f_gripper_msgs/robotiq_2f_gripper_msgs/action/detail/move_two_finger_gripper__builder.hpp
[7.090s] -- Installing: /ws_moveit/install/robotiq_2f_gripper_msgs/include/robotiq_2f_gripper_msgs/robotiq_2f_gripper_msgs/action/detail/move_two_finger_gripper__struct.hpp
[7.091s] -- Up-to-date: /ws_moveit/install/robotiq_2f_gripper_msgs/include/robotiq_2f_gripper_msgs/robotiq_2f_gripper_msgs
[7.091s] -- Up-to-date: /ws_moveit/install/robotiq_2f_gripper_msgs/include/robotiq_2f_gripper_msgs/robotiq_2f_gripper_msgs/msg
[7.091s] -- Installing: /ws_moveit/install/robotiq_2f_gripper_msgs/include/robotiq_2f_gripper_msgs/robotiq_2f_gripper_msgs/msg/rosidl_typesupport_fastrtps_cpp__visibility_control.h
[7.091s] -- Up-to-date: /ws_moveit/install/robotiq_2f_gripper_msgs/include/robotiq_2f_gripper_msgs/robotiq_2f_gripper_msgs/action
[7.091s] -- Up-to-date: /ws_moveit/install/robotiq_2f_gripper_msgs/include/robotiq_2f_gripper_msgs/robotiq_2f_gripper_msgs/action/detail
[7.091s] -- Installing: /ws_moveit/install/robotiq_2f_gripper_msgs/include/robotiq_2f_gripper_msgs/robotiq_2f_gripper_msgs/action/detail/dds_fastrtps
[7.095s] -- Installing: /ws_moveit/install/robotiq_2f_gripper_msgs/include/robotiq_2f_gripper_msgs/robotiq_2f_gripper_msgs/action/detail/move_two_finger_gripper__rosidl_typesupport_fastrtps_cpp.hpp
[7.095s] -- Installing: /ws_moveit/install/robotiq_2f_gripper_msgs/lib/librobotiq_2f_gripper_msgs__rosidl_typesupport_fastrtps_cpp.so
[7.095s] -- Set runtime path of "/ws_moveit/install/robotiq_2f_gripper_msgs/lib/librobotiq_2f_gripper_msgs__rosidl_typesupport_fastrtps_cpp.so" to ""
[7.096s] -- Up-to-date: /ws_moveit/install/robotiq_2f_gripper_msgs/include/robotiq_2f_gripper_msgs/robotiq_2f_gripper_msgs
[7.096s] -- Up-to-date: /ws_moveit/install/robotiq_2f_gripper_msgs/include/robotiq_2f_gripper_msgs/robotiq_2f_gripper_msgs/action
[7.096s] -- Up-to-date: /ws_moveit/install/robotiq_2f_gripper_msgs/include/robotiq_2f_gripper_msgs/robotiq_2f_gripper_msgs/action/detail
[7.096s] -- Installing: /ws_moveit/install/robotiq_2f_gripper_msgs/include/robotiq_2f_gripper_msgs/robotiq_2f_gripper_msgs/action/detail/move_two_finger_gripper__rosidl_typesupport_introspection_cpp.hpp
[7.096s] -- Installing: /ws_moveit/install/robotiq_2f_gripper_msgs/include/robotiq_2f_gripper_msgs/robotiq_2f_gripper_msgs/action/detail/move_two_finger_gripper__type_support.cpp
[7.096s] -- Installing: /ws_moveit/install/robotiq_2f_gripper_msgs/lib/librobotiq_2f_gripper_msgs__rosidl_typesupport_introspection_cpp.so
[7.096s] -- Set runtime path of "/ws_moveit/install/robotiq_2f_gripper_msgs/lib/librobotiq_2f_gripper_msgs__rosidl_typesupport_introspection_cpp.so" to ""
[7.096s] -- Installing: /ws_moveit/install/robotiq_2f_gripper_msgs/lib/librobotiq_2f_gripper_msgs__rosidl_typesupport_cpp.so
[7.096s] -- Set runtime path of "/ws_moveit/install/robotiq_2f_gripper_msgs/lib/librobotiq_2f_gripper_msgs__rosidl_typesupport_cpp.so" to ""
[7.096s] -- Installing: /ws_moveit/install/robotiq_2f_gripper_msgs/share/robotiq_2f_gripper_msgs/environment/pythonpath.sh
[7.096s] -- Installing: /ws_moveit/install/robotiq_2f_gripper_msgs/share/robotiq_2f_gripper_msgs/environment/pythonpath.dsv
[7.097s] -- Installing: /ws_moveit/install/robotiq_2f_gripper_msgs/local/lib/python3.10/dist-packages/robotiq_2f_gripper_msgs-0.0.0-py3.10.egg-info
[7.097s] -- Installing: /ws_moveit/install/robotiq_2f_gripper_msgs/local/lib/python3.10/dist-packages/robotiq_2f_gripper_msgs-0.0.0-py3.10.egg-info/top_level.txt
[7.097s] -- Installing: /ws_moveit/install/robotiq_2f_gripper_msgs/local/lib/python3.10/dist-packages/robotiq_2f_gripper_msgs-0.0.0-py3.10.egg-info/dependency_links.txt
[7.097s] -- Installing: /ws_moveit/install/robotiq_2f_gripper_msgs/local/lib/python3.10/dist-packages/robotiq_2f_gripper_msgs-0.0.0-py3.10.egg-info/SOURCES.txt
[7.097s] -- Installing: /ws_moveit/install/robotiq_2f_gripper_msgs/local/lib/python3.10/dist-packages/robotiq_2f_gripper_msgs-0.0.0-py3.10.egg-info/PKG-INFO
[7.102s] -- Installing: /ws_moveit/install/robotiq_2f_gripper_msgs/local/lib/python3.10/dist-packages/robotiq_2f_gripper_msgs
[7.102s] -- Installing: /ws_moveit/install/robotiq_2f_gripper_msgs/local/lib/python3.10/dist-packages/robotiq_2f_gripper_msgs/_robotiq_2f_gripper_msgs_s.ep.rosidl_typesupport_c.c
[7.102s] -- Installing: /ws_moveit/install/robotiq_2f_gripper_msgs/local/lib/python3.10/dist-packages/robotiq_2f_gripper_msgs/robotiq_2f_gripper_msgs_s__rosidl_typesupport_fastrtps_c.cpython-310-x86_64-linux-gnu.so
[7.102s] -- Installing: /ws_moveit/install/robotiq_2f_gripper_msgs/local/lib/python3.10/dist-packages/robotiq_2f_gripper_msgs/robotiq_2f_gripper_msgs_s__rosidl_typesupport_c.cpython-310-x86_64-linux-gnu.so
[7.102s] -- Installing: /ws_moveit/install/robotiq_2f_gripper_msgs/local/lib/python3.10/dist-packages/robotiq_2f_gripper_msgs/librobotiq_2f_gripper_msgs__rosidl_generator_py.so
[7.102s] -- Installing: /ws_moveit/install/robotiq_2f_gripper_msgs/local/lib/python3.10/dist-packages/robotiq_2f_gripper_msgs/robotiq_2f_gripper_msgs_s__rosidl_typesupport_introspection_c.cpython-310-x86_64-linux-gnu.so
[7.102s] -- Installing: /ws_moveit/install/robotiq_2f_gripper_msgs/local/lib/python3.10/dist-packages/robotiq_2f_gripper_msgs/_robotiq_2f_gripper_msgs_s.ep.rosidl_typesupport_introspection_c.c
[7.102s] -- Installing: /ws_moveit/install/robotiq_2f_gripper_msgs/local/lib/python3.10/dist-packages/robotiq_2f_gripper_msgs/__init__.py
[7.105s] -- Installing: /ws_moveit/install/robotiq_2f_gripper_msgs/local/lib/python3.10/dist-packages/robotiq_2f_gripper_msgs/_robotiq_2f_gripper_msgs_s.ep.rosidl_typesupport_fastrtps_c.c
[7.105s] -- Installing: /ws_moveit/install/robotiq_2f_gripper_msgs/local/lib/python3.10/dist-packages/robotiq_2f_gripper_msgs/action
[7.106s] -- Installing: /ws_moveit/install/robotiq_2f_gripper_msgs/local/lib/python3.10/dist-packages/robotiq_2f_gripper_msgs/action/_move_two_finger_gripper_s.c
[7.106s] -- Installing: /ws_moveit/install/robotiq_2f_gripper_msgs/local/lib/python3.10/dist-packages/robotiq_2f_gripper_msgs/action/__init__.py
[7.106s] -- Installing: /ws_moveit/install/robotiq_2f_gripper_msgs/local/lib/python3.10/dist-packages/robotiq_2f_gripper_msgs/action/_move_two_finger_gripper.py
[7.218s] Listing '/ws_moveit/install/robotiq_2f_gripper_msgs/local/lib/python3.10/dist-packages/robotiq_2f_gripper_msgs'...
[7.218s] Compiling '/ws_moveit/install/robotiq_2f_gripper_msgs/local/lib/python3.10/dist-packages/robotiq_2f_gripper_msgs/__init__.py'...
[7.219s] Listing '/ws_moveit/install/robotiq_2f_gripper_msgs/local/lib/python3.10/dist-packages/robotiq_2f_gripper_msgs/action'...
[7.219s] Compiling '/ws_moveit/install/robotiq_2f_gripper_msgs/local/lib/python3.10/dist-packages/robotiq_2f_gripper_msgs/action/__init__.py'...
[7.219s] Compiling '/ws_moveit/install/robotiq_2f_gripper_msgs/local/lib/python3.10/dist-packages/robotiq_2f_gripper_msgs/action/_move_two_finger_gripper.py'...
[7.226s] -- Installing: /ws_moveit/install/robotiq_2f_gripper_msgs/local/lib/python3.10/dist-packages/robotiq_2f_gripper_msgs/robotiq_2f_gripper_msgs_s__rosidl_typesupport_fastrtps_c.cpython-310-x86_64-linux-gnu.so
[7.227s] -- Set runtime path of "/ws_moveit/install/robotiq_2f_gripper_msgs/local/lib/python3.10/dist-packages/robotiq_2f_gripper_msgs/robotiq_2f_gripper_msgs_s__rosidl_typesupport_fastrtps_c.cpython-310-x86_64-linux-gnu.so" to ""
[7.227s] -- Installing: /ws_moveit/install/robotiq_2f_gripper_msgs/local/lib/python3.10/dist-packages/robotiq_2f_gripper_msgs/robotiq_2f_gripper_msgs_s__rosidl_typesupport_introspection_c.cpython-310-x86_64-linux-gnu.so
[7.228s] -- Set runtime path of "/ws_moveit/install/robotiq_2f_gripper_msgs/local/lib/python3.10/dist-packages/robotiq_2f_gripper_msgs/robotiq_2f_gripper_msgs_s__rosidl_typesupport_introspection_c.cpython-310-x86_64-linux-gnu.so" to ""
[7.229s] -- Installing: /ws_moveit/install/robotiq_2f_gripper_msgs/local/lib/python3.10/dist-packages/robotiq_2f_gripper_msgs/robotiq_2f_gripper_msgs_s__rosidl_typesupport_c.cpython-310-x86_64-linux-gnu.so
[7.229s] -- Set runtime path of "/ws_moveit/install/robotiq_2f_gripper_msgs/local/lib/python3.10/dist-packages/robotiq_2f_gripper_msgs/robotiq_2f_gripper_msgs_s__rosidl_typesupport_c.cpython-310-x86_64-linux-gnu.so" to ""
[7.229s] -- Installing: /ws_moveit/install/robotiq_2f_gripper_msgs/lib/librobotiq_2f_gripper_msgs__rosidl_generator_py.so
[7.230s] -- Set runtime path of "/ws_moveit/install/robotiq_2f_gripper_msgs/lib/librobotiq_2f_gripper_msgs__rosidl_generator_py.so" to ""
[7.230s] -- Installing: /ws_moveit/install/robotiq_2f_gripper_msgs/share/robotiq_2f_gripper_msgs/action/MoveTwoFingerGripper.idl
[7.231s] -- Installing: /ws_moveit/install/robotiq_2f_gripper_msgs/share/robotiq_2f_gripper_msgs/action/MoveTwoFingerGripper.action
[7.231s] -- Installing: /ws_moveit/install/robotiq_2f_gripper_msgs/share/ament_index/resource_index/package_run_dependencies/robotiq_2f_gripper_msgs
[7.231s] -- Installing: /ws_moveit/install/robotiq_2f_gripper_msgs/share/ament_index/resource_index/parent_prefix_path/robotiq_2f_gripper_msgs
[7.232s] -- Installing: /ws_moveit/install/robotiq_2f_gripper_msgs/share/robotiq_2f_gripper_msgs/environment/ament_prefix_path.sh
[7.232s] -- Installing: /ws_moveit/install/robotiq_2f_gripper_msgs/share/robotiq_2f_gripper_msgs/environment/ament_prefix_path.dsv
[7.232s] -- Installing: /ws_moveit/install/robotiq_2f_gripper_msgs/share/robotiq_2f_gripper_msgs/environment/path.sh
[7.232s] -- Installing: /ws_moveit/install/robotiq_2f_gripper_msgs/share/robotiq_2f_gripper_msgs/environment/path.dsv
[7.233s] -- Installing: /ws_moveit/install/robotiq_2f_gripper_msgs/share/robotiq_2f_gripper_msgs/local_setup.bash
[7.233s] -- Installing: /ws_moveit/install/robotiq_2f_gripper_msgs/share/robotiq_2f_gripper_msgs/local_setup.sh
[7.233s] -- Installing: /ws_moveit/install/robotiq_2f_gripper_msgs/share/robotiq_2f_gripper_msgs/local_setup.zsh
[7.233s] -- Installing: /ws_moveit/install/robotiq_2f_gripper_msgs/share/robotiq_2f_gripper_msgs/local_setup.dsv
[7.234s] -- Installing: /ws_moveit/install/robotiq_2f_gripper_msgs/share/robotiq_2f_gripper_msgs/package.dsv
[7.234s] -- Installing: /ws_moveit/install/robotiq_2f_gripper_msgs/share/ament_index/resource_index/packages/robotiq_2f_gripper_msgs
[7.234s] -- Installing: /ws_moveit/install/robotiq_2f_gripper_msgs/share/robotiq_2f_gripper_msgs/cmake/export_robotiq_2f_gripper_msgs__rosidl_generator_cExport.cmake
[7.235s] -- Installing: /ws_moveit/install/robotiq_2f_gripper_msgs/share/robotiq_2f_gripper_msgs/cmake/export_robotiq_2f_gripper_msgs__rosidl_generator_cExport-release.cmake
[7.235s] -- Installing: /ws_moveit/install/robotiq_2f_gripper_msgs/share/robotiq_2f_gripper_msgs/cmake/export_robotiq_2f_gripper_msgs__rosidl_typesupport_fastrtps_cExport.cmake
[7.235s] -- Installing: /ws_moveit/install/robotiq_2f_gripper_msgs/share/robotiq_2f_gripper_msgs/cmake/export_robotiq_2f_gripper_msgs__rosidl_typesupport_fastrtps_cExport-release.cmake
[7.236s] -- Installing: /ws_moveit/install/robotiq_2f_gripper_msgs/share/robotiq_2f_gripper_msgs/cmake/robotiq_2f_gripper_msgs__rosidl_typesupport_introspection_cExport.cmake
[7.236s] -- Installing: /ws_moveit/install/robotiq_2f_gripper_msgs/share/robotiq_2f_gripper_msgs/cmake/robotiq_2f_gripper_msgs__rosidl_typesupport_introspection_cExport-release.cmake
[7.236s] -- Installing: /ws_moveit/install/robotiq_2f_gripper_msgs/share/robotiq_2f_gripper_msgs/cmake/robotiq_2f_gripper_msgs__rosidl_typesupport_cExport.cmake
[7.236s] -- Installing: /ws_moveit/install/robotiq_2f_gripper_msgs/share/robotiq_2f_gripper_msgs/cmake/robotiq_2f_gripper_msgs__rosidl_typesupport_cExport-release.cmake
[7.237s] -- Installing: /ws_moveit/install/robotiq_2f_gripper_msgs/share/robotiq_2f_gripper_msgs/cmake/export_robotiq_2f_gripper_msgs__rosidl_generator_cppExport.cmake
[7.237s] -- Installing: /ws_moveit/install/robotiq_2f_gripper_msgs/share/robotiq_2f_gripper_msgs/cmake/export_robotiq_2f_gripper_msgs__rosidl_typesupport_fastrtps_cppExport.cmake
[7.237s] -- Installing: /ws_moveit/install/robotiq_2f_gripper_msgs/share/robotiq_2f_gripper_msgs/cmake/export_robotiq_2f_gripper_msgs__rosidl_typesupport_fastrtps_cppExport-release.cmake
[7.238s] -- Installing: /ws_moveit/install/robotiq_2f_gripper_msgs/share/robotiq_2f_gripper_msgs/cmake/robotiq_2f_gripper_msgs__rosidl_typesupport_introspection_cppExport.cmake
[7.238s] -- Installing: /ws_moveit/install/robotiq_2f_gripper_msgs/share/robotiq_2f_gripper_msgs/cmake/robotiq_2f_gripper_msgs__rosidl_typesupport_introspection_cppExport-release.cmake
[7.238s] -- Installing: /ws_moveit/install/robotiq_2f_gripper_msgs/share/robotiq_2f_gripper_msgs/cmake/robotiq_2f_gripper_msgs__rosidl_typesupport_cppExport.cmake
[7.239s] -- Installing: /ws_moveit/install/robotiq_2f_gripper_msgs/share/robotiq_2f_gripper_msgs/cmake/robotiq_2f_gripper_msgs__rosidl_typesupport_cppExport-release.cmake
[7.240s] -- Installing: /ws_moveit/install/robotiq_2f_gripper_msgs/share/robotiq_2f_gripper_msgs/cmake/export_robotiq_2f_gripper_msgs__rosidl_generator_pyExport.cmake
[7.240s] -- Installing: /ws_moveit/install/robotiq_2f_gripper_msgs/share/robotiq_2f_gripper_msgs/cmake/export_robotiq_2f_gripper_msgs__rosidl_generator_pyExport-release.cmake
[7.241s] -- Installing: /ws_moveit/install/robotiq_2f_gripper_msgs/share/robotiq_2f_gripper_msgs/cmake/rosidl_cmake-extras.cmake
[7.241s] -- Installing: /ws_moveit/install/robotiq_2f_gripper_msgs/share/robotiq_2f_gripper_msgs/cmake/ament_cmake_export_dependencies-extras.cmake
[7.241s] -- Installing: /ws_moveit/install/robotiq_2f_gripper_msgs/share/robotiq_2f_gripper_msgs/cmake/ament_cmake_export_include_directories-extras.cmake
[7.241s] -- Installing: /ws_moveit/install/robotiq_2f_gripper_msgs/share/robotiq_2f_gripper_msgs/cmake/ament_cmake_export_libraries-extras.cmake
[7.242s] -- Installing: /ws_moveit/install/robotiq_2f_gripper_msgs/share/robotiq_2f_gripper_msgs/cmake/ament_cmake_export_targets-extras.cmake
[7.242s] -- Installing: /ws_moveit/install/robotiq_2f_gripper_msgs/share/robotiq_2f_gripper_msgs/cmake/rosidl_cmake_export_typesupport_targets-extras.cmake
[7.242s] -- Installing: /ws_moveit/install/robotiq_2f_gripper_msgs/share/robotiq_2f_gripper_msgs/cmake/rosidl_cmake_export_typesupport_libraries-extras.cmake
[7.243s] -- Installing: /ws_moveit/install/robotiq_2f_gripper_msgs/share/robotiq_2f_gripper_msgs/cmake/robotiq_2f_gripper_msgsConfig.cmake
[7.243s] -- Installing: /ws_moveit/install/robotiq_2f_gripper_msgs/share/robotiq_2f_gripper_msgs/cmake/robotiq_2f_gripper_msgsConfig-version.cmake
[7.246s] -- Installing: /ws_moveit/install/robotiq_2f_gripper_msgs/share/robotiq_2f_gripper_msgs/package.xml
[7.249s] Invoked command in '/ws_moveit/build/robotiq_2f_gripper_msgs' returned '0': CMAKE_PREFIX_PATH=/opt/ros/humble /usr/bin/cmake --install /ws_moveit/build/robotiq_2f_gripper_msgs
