[0.871s] Invoking command in '/ws_slam/build/turtlebot3_fake_node': AMENT_PREFIX_PATH=/ws_slam/install/turtlebot3_msgs:${AMENT_PREFIX_PATH} CMAKE_PREFIX_PATH=/ws_slam/install/turtlebot3_msgs:/opt/ros/humble LD_LIBRARY_PATH=/ws_slam/install/turtlebot3_msgs/lib:/usr/lib/x86_64-linux-gnu/gazebo-11/plugins:/opt/ros/humble/opt/rviz_ogre_vendor/lib:/opt/ros/humble/lib/x86_64-linux-gnu:/opt/ros/humble/lib:/usr/lib/x86_64-linux-gnu/gazebo-11/plugins PYTHONPATH=/ws_slam/install/turtlebot3_msgs/local/lib/python3.10/dist-packages:${PYTHONPATH} /usr/bin/cmake /ws_slam/src/turtlebot3_simulations/turtlebot3_fake_node -DCMAKE_INSTALL_PREFIX=/ws_slam/install/turtlebot3_fake_node
[1.021s] -- The C compiler identification is GNU 11.4.0
[1.150s] -- The CXX compiler identification is GNU 11.4.0
[1.170s] -- Detecting C compiler ABI info
[1.387s] -- Detecting C compiler ABI info - done
[1.407s] -- Check for working C compiler: /usr/bin/cc - skipped
[1.408s] -- Detecting C compile features
[1.408s] -- Detecting C compile features - done
[1.418s] -- Detecting CXX compiler ABI info
[1.635s] -- Detecting CXX compiler ABI info - done
[1.653s] -- Check for working CXX compiler: /usr/bin/c++ - skipped
[1.653s] -- Detecting CXX compile features
[1.654s] -- Detecting CXX compile features - done
[1.657s] -- Found ament_cmake: 1.3.11 (/opt/ros/humble/share/ament_cmake/cmake)
[2.139s] -- Found Python3: /usr/bin/python3 (found version "3.10.12") found components: Interpreter 
[2.411s] -- Found geometry_msgs: 4.8.0 (/opt/ros/humble/share/geometry_msgs/cmake)
[2.542s] -- Found rosidl_generator_c: 3.1.6 (/opt/ros/humble/share/rosidl_generator_c/cmake)
[2.558s] -- Found rosidl_adapter: 3.1.6 (/opt/ros/humble/share/rosidl_adapter/cmake)
[2.577s] -- Found rosidl_generator_cpp: 3.1.6 (/opt/ros/humble/share/rosidl_generator_cpp/cmake)
[2.607s] -- Using all available rosidl_typesupport_c: rosidl_typesupport_fastrtps_c;rosidl_typesupport_introspection_c
[2.643s] -- Using all available rosidl_typesupport_cpp: rosidl_typesupport_fastrtps_cpp;rosidl_typesupport_introspection_cpp
[2.741s] -- Found nav_msgs: 4.8.0 (/opt/ros/humble/share/nav_msgs/cmake)
[2.799s] -- Found rclcpp: 16.0.12 (/opt/ros/humble/share/rclcpp/cmake)
[2.962s] -- Found rmw_implementation_cmake: 6.1.2 (/opt/ros/humble/share/rmw_implementation_cmake/cmake)
[2.966s] -- Found rmw_fastrtps_cpp: 6.2.7 (/opt/ros/humble/share/rmw_fastrtps_cpp/cmake)
[3.281s] -- Found OpenSSL: /usr/lib/x86_64-linux-gnu/libcrypto.so (found version "3.0.2")  
[3.356s] -- Found FastRTPS: /opt/ros/humble/include  
[3.505s] -- Using RMW implementation 'rmw_fastrtps_cpp' as default
[3.538s] -- Looking for pthread.h
[3.744s] -- Looking for pthread.h - found
[3.745s] -- Performing Test CMAKE_HAVE_LIBC_PTHREAD
[3.889s] -- Performing Test CMAKE_HAVE_LIBC_PTHREAD - Success
[3.889s] -- Found Threads: TRUE  
[3.983s] -- Found sensor_msgs: 4.8.0 (/opt/ros/humble/share/sensor_msgs/cmake)
[4.025s] -- Found tf2: 0.25.12 (/opt/ros/humble/share/tf2/cmake)
[4.054s] -- Found tf2_msgs: 0.25.12 (/opt/ros/humble/share/tf2_msgs/cmake)
[4.134s] -- Found turtlebot3_msgs: 2.4.0 (/ws_slam/install/turtlebot3_msgs/share/turtlebot3_msgs/cmake)
[4.356s] -- Configuring done
[4.464s] -- Generating done
[4.486s] -- Build files have been written to: /ws_slam/build/turtlebot3_fake_node
[4.527s] Invoked command in '/ws_slam/build/turtlebot3_fake_node' returned '0': AMENT_PREFIX_PATH=/ws_slam/install/turtlebot3_msgs:${AMENT_PREFIX_PATH} CMAKE_PREFIX_PATH=/ws_slam/install/turtlebot3_msgs:/opt/ros/humble LD_LIBRARY_PATH=/ws_slam/install/turtlebot3_msgs/lib:/usr/lib/x86_64-linux-gnu/gazebo-11/plugins:/opt/ros/humble/opt/rviz_ogre_vendor/lib:/opt/ros/humble/lib/x86_64-linux-gnu:/opt/ros/humble/lib:/usr/lib/x86_64-linux-gnu/gazebo-11/plugins PYTHONPATH=/ws_slam/install/turtlebot3_msgs/local/lib/python3.10/dist-packages:${PYTHONPATH} /usr/bin/cmake /ws_slam/src/turtlebot3_simulations/turtlebot3_fake_node -DCMAKE_INSTALL_PREFIX=/ws_slam/install/turtlebot3_fake_node
[4.540s] Invoking command in '/ws_slam/build/turtlebot3_fake_node': AMENT_PREFIX_PATH=/ws_slam/install/turtlebot3_msgs:${AMENT_PREFIX_PATH} CMAKE_PREFIX_PATH=/ws_slam/install/turtlebot3_msgs:/opt/ros/humble LD_LIBRARY_PATH=/ws_slam/install/turtlebot3_msgs/lib:/usr/lib/x86_64-linux-gnu/gazebo-11/plugins:/opt/ros/humble/opt/rviz_ogre_vendor/lib:/opt/ros/humble/lib/x86_64-linux-gnu:/opt/ros/humble/lib:/usr/lib/x86_64-linux-gnu/gazebo-11/plugins PYTHONPATH=/ws_slam/install/turtlebot3_msgs/local/lib/python3.10/dist-packages:${PYTHONPATH} /usr/bin/cmake --build /ws_slam/build/turtlebot3_fake_node -- -j12 -l12
[4.787s] [ 50%] [32mBuilding CXX object CMakeFiles/turtlebot3_fake_node.dir/src/turtlebot3_fake_node.cpp.o[0m
[73.690s] [100%] [32m[1mLinking CXX executable turtlebot3_fake_node[0m
[74.439s] [100%] Built target turtlebot3_fake_node
[74.457s] Invoked command in '/ws_slam/build/turtlebot3_fake_node' returned '0': AMENT_PREFIX_PATH=/ws_slam/install/turtlebot3_msgs:${AMENT_PREFIX_PATH} CMAKE_PREFIX_PATH=/ws_slam/install/turtlebot3_msgs:/opt/ros/humble LD_LIBRARY_PATH=/ws_slam/install/turtlebot3_msgs/lib:/usr/lib/x86_64-linux-gnu/gazebo-11/plugins:/opt/ros/humble/opt/rviz_ogre_vendor/lib:/opt/ros/humble/lib/x86_64-linux-gnu:/opt/ros/humble/lib:/usr/lib/x86_64-linux-gnu/gazebo-11/plugins PYTHONPATH=/ws_slam/install/turtlebot3_msgs/local/lib/python3.10/dist-packages:${PYTHONPATH} /usr/bin/cmake --build /ws_slam/build/turtlebot3_fake_node -- -j12 -l12
[74.459s] Invoking command in '/ws_slam/build/turtlebot3_fake_node': AMENT_PREFIX_PATH=/ws_slam/install/turtlebot3_msgs:${AMENT_PREFIX_PATH} CMAKE_PREFIX_PATH=/ws_slam/install/turtlebot3_msgs:/opt/ros/humble LD_LIBRARY_PATH=/ws_slam/install/turtlebot3_msgs/lib:/usr/lib/x86_64-linux-gnu/gazebo-11/plugins:/opt/ros/humble/opt/rviz_ogre_vendor/lib:/opt/ros/humble/lib/x86_64-linux-gnu:/opt/ros/humble/lib:/usr/lib/x86_64-linux-gnu/gazebo-11/plugins PYTHONPATH=/ws_slam/install/turtlebot3_msgs/local/lib/python3.10/dist-packages:${PYTHONPATH} /usr/bin/cmake --install /ws_slam/build/turtlebot3_fake_node
[74.470s] -- Install configuration: ""
[74.471s] -- Installing: /ws_slam/install/turtlebot3_fake_node/lib/turtlebot3_fake_node/turtlebot3_fake_node
[74.477s] -- Set runtime path of "/ws_slam/install/turtlebot3_fake_node/lib/turtlebot3_fake_node/turtlebot3_fake_node" to ""
[74.477s] -- Installing: /ws_slam/install/turtlebot3_fake_node/share/turtlebot3_fake_node/launch
[74.477s] -- Installing: /ws_slam/install/turtlebot3_fake_node/share/turtlebot3_fake_node/launch/rviz2.launch.py
[74.477s] -- Installing: /ws_slam/install/turtlebot3_fake_node/share/turtlebot3_fake_node/launch/turtlebot3_fake_node.launch.py
[74.477s] -- Installing: /ws_slam/install/turtlebot3_fake_node/share/turtlebot3_fake_node/param
[74.478s] -- Installing: /ws_slam/install/turtlebot3_fake_node/share/turtlebot3_fake_node/param/waffle.yaml
[74.478s] -- Installing: /ws_slam/install/turtlebot3_fake_node/share/turtlebot3_fake_node/param/waffle_pi.yaml
[74.478s] -- Installing: /ws_slam/install/turtlebot3_fake_node/share/turtlebot3_fake_node/param/burger.yaml
[74.478s] -- Installing: /ws_slam/install/turtlebot3_fake_node/include/
[74.479s] -- Installing: /ws_slam/install/turtlebot3_fake_node/include//turtlebot3_fake_node
[74.479s] -- Installing: /ws_slam/install/turtlebot3_fake_node/include//turtlebot3_fake_node/turtlebot3_fake_node.hpp
[74.479s] -- Installing: /ws_slam/install/turtlebot3_fake_node/share/ament_index/resource_index/package_run_dependencies/turtlebot3_fake_node
[74.480s] -- Installing: /ws_slam/install/turtlebot3_fake_node/share/ament_index/resource_index/parent_prefix_path/turtlebot3_fake_node
[74.480s] -- Installing: /ws_slam/install/turtlebot3_fake_node/share/turtlebot3_fake_node/environment/ament_prefix_path.sh
[74.480s] -- Installing: /ws_slam/install/turtlebot3_fake_node/share/turtlebot3_fake_node/environment/ament_prefix_path.dsv
[74.481s] -- Installing: /ws_slam/install/turtlebot3_fake_node/share/turtlebot3_fake_node/environment/path.sh
[74.481s] -- Installing: /ws_slam/install/turtlebot3_fake_node/share/turtlebot3_fake_node/environment/path.dsv
[74.481s] -- Installing: /ws_slam/install/turtlebot3_fake_node/share/turtlebot3_fake_node/local_setup.bash
[74.481s] -- Installing: /ws_slam/install/turtlebot3_fake_node/share/turtlebot3_fake_node/local_setup.sh
[74.482s] -- Installing: /ws_slam/install/turtlebot3_fake_node/share/turtlebot3_fake_node/local_setup.zsh
[74.482s] -- Installing: /ws_slam/install/turtlebot3_fake_node/share/turtlebot3_fake_node/local_setup.dsv
[74.482s] -- Installing: /ws_slam/install/turtlebot3_fake_node/share/turtlebot3_fake_node/package.dsv
[74.482s] -- Installing: /ws_slam/install/turtlebot3_fake_node/share/ament_index/resource_index/packages/turtlebot3_fake_node
[74.483s] -- Installing: /ws_slam/install/turtlebot3_fake_node/share/turtlebot3_fake_node/cmake/ament_cmake_export_include_directories-extras.cmake
[74.483s] -- Installing: /ws_slam/install/turtlebot3_fake_node/share/turtlebot3_fake_node/cmake/ament_cmake_export_dependencies-extras.cmake
[74.483s] -- Installing: /ws_slam/install/turtlebot3_fake_node/share/turtlebot3_fake_node/cmake/turtlebot3_fake_nodeConfig.cmake
[74.483s] -- Installing: /ws_slam/install/turtlebot3_fake_node/share/turtlebot3_fake_node/cmake/turtlebot3_fake_nodeConfig-version.cmake
[74.483s] -- Installing: /ws_slam/install/turtlebot3_fake_node/share/turtlebot3_fake_node/package.xml
[74.486s] Invoked command in '/ws_slam/build/turtlebot3_fake_node' returned '0': AMENT_PREFIX_PATH=/ws_slam/install/turtlebot3_msgs:${AMENT_PREFIX_PATH} CMAKE_PREFIX_PATH=/ws_slam/install/turtlebot3_msgs:/opt/ros/humble LD_LIBRARY_PATH=/ws_slam/install/turtlebot3_msgs/lib:/usr/lib/x86_64-linux-gnu/gazebo-11/plugins:/opt/ros/humble/opt/rviz_ogre_vendor/lib:/opt/ros/humble/lib/x86_64-linux-gnu:/opt/ros/humble/lib:/usr/lib/x86_64-linux-gnu/gazebo-11/plugins PYTHONPATH=/ws_slam/install/turtlebot3_msgs/local/lib/python3.10/dist-packages:${PYTHONPATH} /usr/bin/cmake --install /ws_slam/build/turtlebot3_fake_node
