[0.009s] Invoking command in '/ws_moveit/build/ur_moveit_config': AMENT_PREFIX_PATH=/ws_moveit/install/ur_description:${AMENT_PREFIX_PATH} CMAKE_PREFIX_PATH=/ws_moveit/install/ur_description:/opt/ros/humble /usr/bin/cmake /ws_moveit/src/Universal_Robots_ROS2_Driver/ur_moveit_config -DCMAKE_BUILD_TYPE=Release -DCMAKE_INSTALL_PREFIX=/ws_moveit/install/ur_moveit_config
[0.057s] -- The C compiler identification is GNU 11.4.0
[0.103s] -- The CXX compiler identification is GNU 11.4.0
[0.109s] -- Detecting C compiler ABI info
[0.158s] -- Detecting C compiler ABI info - done
[0.166s] -- Check for working C compiler: /usr/bin/cc - skipped
[0.166s] -- Detecting C compile features
[0.166s] -- Detecting C compile features - done
[0.170s] -- Detecting CXX compiler ABI info
[0.245s] -- Detecting CXX compiler ABI info - done
[0.254s] -- Check for working CXX compiler: /usr/bin/c++ - skipped
[0.254s] -- Detecting CXX compile features
[0.254s] -- Detecting CXX compile features - done
[0.258s] -- Found ament_cmake: 1.3.11 (/opt/ros/humble/share/ament_cmake/cmake)
[0.436s] -- Found Python3: /usr/bin/python3 (found version "3.10.12") found components: Interpreter 
[0.673s] -- Configuring done
[0.675s] -- Generating done
[0.676s] -- Build files have been written to: /ws_moveit/build/ur_moveit_config
[0.679s] Invoked command in '/ws_moveit/build/ur_moveit_config' returned '0': AMENT_PREFIX_PATH=/ws_moveit/install/ur_description:${AMENT_PREFIX_PATH} CMAKE_PREFIX_PATH=/ws_moveit/install/ur_description:/opt/ros/humble /usr/bin/cmake /ws_moveit/src/Universal_Robots_ROS2_Driver/ur_moveit_config -DCMAKE_BUILD_TYPE=Release -DCMAKE_INSTALL_PREFIX=/ws_moveit/install/ur_moveit_config
[0.681s] Invoking command in '/ws_moveit/build/ur_moveit_config': AMENT_PREFIX_PATH=/ws_moveit/install/ur_description:${AMENT_PREFIX_PATH} CMAKE_PREFIX_PATH=/ws_moveit/install/ur_description:/opt/ros/humble /usr/bin/cmake --build /ws_moveit/build/ur_moveit_config -- -j12 -l12
[0.727s] Built target ament_cmake_python_copy_ur_moveit_config
[0.992s] running egg_info
[0.992s] creating ur_moveit_config.egg-info
[0.993s] writing ur_moveit_config.egg-info/PKG-INFO
[0.993s] writing dependency_links to ur_moveit_config.egg-info/dependency_links.txt
[0.993s] writing top-level names to ur_moveit_config.egg-info/top_level.txt
[0.993s] writing manifest file 'ur_moveit_config.egg-info/SOURCES.txt'
[0.995s] reading manifest file 'ur_moveit_config.egg-info/SOURCES.txt'
[0.996s] writing manifest file 'ur_moveit_config.egg-info/SOURCES.txt'
[1.024s] Built target ament_cmake_python_build_ur_moveit_config_egg
[1.035s] Invoked command in '/ws_moveit/build/ur_moveit_config' returned '0': AMENT_PREFIX_PATH=/ws_moveit/install/ur_description:${AMENT_PREFIX_PATH} CMAKE_PREFIX_PATH=/ws_moveit/install/ur_description:/opt/ros/humble /usr/bin/cmake --build /ws_moveit/build/ur_moveit_config -- -j12 -l12
[1.036s] Invoking command in '/ws_moveit/build/ur_moveit_config': AMENT_PREFIX_PATH=/ws_moveit/install/ur_description:${AMENT_PREFIX_PATH} CMAKE_PREFIX_PATH=/ws_moveit/install/ur_description:/opt/ros/humble /usr/bin/cmake --install /ws_moveit/build/ur_moveit_config
[1.044s] -- Install configuration: "Release"
[1.044s] -- Installing: /ws_moveit/install/ur_moveit_config/share/ur_moveit_config/config
[1.044s] -- Installing: /ws_moveit/install/ur_moveit_config/share/ur_moveit_config/config/kinematics.yaml
[1.044s] -- Installing: /ws_moveit/install/ur_moveit_config/share/ur_moveit_config/config/ur_servo.yaml
[1.044s] -- Installing: /ws_moveit/install/ur_moveit_config/share/ur_moveit_config/config/controllers.yaml
[1.044s] -- Installing: /ws_moveit/install/ur_moveit_config/share/ur_moveit_config/config/joint_limits.yaml
[1.044s] -- Installing: /ws_moveit/install/ur_moveit_config/share/ur_moveit_config/config/ompl_planning.yaml
[1.045s] -- Installing: /ws_moveit/install/ur_moveit_config/share/ur_moveit_config/launch
[1.045s] -- Installing: /ws_moveit/install/ur_moveit_config/share/ur_moveit_config/launch/ur_moveit.launch.py
[1.045s] -- Installing: /ws_moveit/install/ur_moveit_config/share/ur_moveit_config/rviz
[1.045s] -- Installing: /ws_moveit/install/ur_moveit_config/share/ur_moveit_config/rviz/view_robot.rviz
[1.045s] -- Installing: /ws_moveit/install/ur_moveit_config/share/ur_moveit_config/srdf
[1.045s] -- Installing: /ws_moveit/install/ur_moveit_config/share/ur_moveit_config/srdf/ur_macro.srdf.xacro
[1.045s] -- Installing: /ws_moveit/install/ur_moveit_config/share/ur_moveit_config/srdf/ur.srdf.xacro
[1.045s] -- Installing: /ws_moveit/install/ur_moveit_config/share/ur_moveit_config/environment/pythonpath.sh
[1.045s] -- Installing: /ws_moveit/install/ur_moveit_config/share/ur_moveit_config/environment/pythonpath.dsv
[1.045s] -- Installing: /ws_moveit/install/ur_moveit_config/local/lib/python3.10/dist-packages/ur_moveit_config-2.8.0-py3.10.egg-info
[1.046s] -- Installing: /ws_moveit/install/ur_moveit_config/local/lib/python3.10/dist-packages/ur_moveit_config-2.8.0-py3.10.egg-info/top_level.txt
[1.046s] -- Installing: /ws_moveit/install/ur_moveit_config/local/lib/python3.10/dist-packages/ur_moveit_config-2.8.0-py3.10.egg-info/dependency_links.txt
[1.046s] -- Installing: /ws_moveit/install/ur_moveit_config/local/lib/python3.10/dist-packages/ur_moveit_config-2.8.0-py3.10.egg-info/SOURCES.txt
[1.046s] -- Installing: /ws_moveit/install/ur_moveit_config/local/lib/python3.10/dist-packages/ur_moveit_config-2.8.0-py3.10.egg-info/PKG-INFO
[1.046s] -- Installing: /ws_moveit/install/ur_moveit_config/local/lib/python3.10/dist-packages/ur_moveit_config
[1.046s] -- Installing: /ws_moveit/install/ur_moveit_config/local/lib/python3.10/dist-packages/ur_moveit_config/__init__.py
[1.046s] -- Installing: /ws_moveit/install/ur_moveit_config/local/lib/python3.10/dist-packages/ur_moveit_config/launch_common.py
[1.085s] Listing '/ws_moveit/install/ur_moveit_config/local/lib/python3.10/dist-packages/ur_moveit_config'...
[1.085s] Compiling '/ws_moveit/install/ur_moveit_config/local/lib/python3.10/dist-packages/ur_moveit_config/__init__.py'...
[1.085s] Compiling '/ws_moveit/install/ur_moveit_config/local/lib/python3.10/dist-packages/ur_moveit_config/launch_common.py'...
[1.092s] -- Installing: /ws_moveit/install/ur_moveit_config/local/lib/python3.10/dist-packages/launch_common.py
[1.142s] Compiling '/ws_moveit/install/ur_moveit_config/local/lib/python3.10/dist-packages/launch_common.py'...
[1.144s] -- Installing: /ws_moveit/install/ur_moveit_config/share/ament_index/resource_index/package_run_dependencies/ur_moveit_config
[1.144s] -- Installing: /ws_moveit/install/ur_moveit_config/share/ament_index/resource_index/parent_prefix_path/ur_moveit_config
[1.145s] -- Installing: /ws_moveit/install/ur_moveit_config/share/ur_moveit_config/environment/ament_prefix_path.sh
[1.145s] -- Installing: /ws_moveit/install/ur_moveit_config/share/ur_moveit_config/environment/ament_prefix_path.dsv
[1.145s] -- Installing: /ws_moveit/install/ur_moveit_config/share/ur_moveit_config/environment/path.sh
[1.145s] -- Installing: /ws_moveit/install/ur_moveit_config/share/ur_moveit_config/environment/path.dsv
[1.146s] -- Installing: /ws_moveit/install/ur_moveit_config/share/ur_moveit_config/local_setup.bash
[1.146s] -- Installing: /ws_moveit/install/ur_moveit_config/share/ur_moveit_config/local_setup.sh
[1.146s] -- Installing: /ws_moveit/install/ur_moveit_config/share/ur_moveit_config/local_setup.zsh
[1.146s] -- Installing: /ws_moveit/install/ur_moveit_config/share/ur_moveit_config/local_setup.dsv
[1.146s] -- Installing: /ws_moveit/install/ur_moveit_config/share/ur_moveit_config/package.dsv
[1.147s] -- Installing: /ws_moveit/install/ur_moveit_config/share/ament_index/resource_index/packages/ur_moveit_config
[1.147s] -- Installing: /ws_moveit/install/ur_moveit_config/share/ur_moveit_config/cmake/ur_moveit_configConfig.cmake
[1.147s] -- Installing: /ws_moveit/install/ur_moveit_config/share/ur_moveit_config/cmake/ur_moveit_configConfig-version.cmake
[1.147s] -- Installing: /ws_moveit/install/ur_moveit_config/share/ur_moveit_config/package.xml
[1.158s] Invoked command in '/ws_moveit/build/ur_moveit_config' returned '0': AMENT_PREFIX_PATH=/ws_moveit/install/ur_description:${AMENT_PREFIX_PATH} CMAKE_PREFIX_PATH=/ws_moveit/install/ur_description:/opt/ros/humble /usr/bin/cmake --install /ws_moveit/build/ur_moveit_config
