[0.024s] Invoking command in '/ws_slam/build/dynamixel_sdk': CMAKE_PREFIX_PATH=/opt/ros/humble /usr/bin/cmake /ws_slam/src/DynamixelSDK/ros/dynamixel_sdk -DCMAKE_INSTALL_PREFIX=/ws_slam/install/dynamixel_sdk
[0.111s] -- The C compiler identification is GNU 11.4.0
[0.200s] -- The CXX compiler identification is GNU 11.4.0
[0.208s] -- Detecting C compiler ABI info
[0.291s] -- Detecting C compiler ABI info - done
[0.300s] -- Check for working C compiler: /usr/bin/cc - skipped
[0.300s] -- Detecting C compile features
[0.300s] -- Detecting C compile features - done
[0.304s] -- Detecting CXX compiler ABI info
[0.420s] -- Detecting CXX compiler ABI info - done
[0.425s] -- Check for working CXX compiler: /usr/bin/c++ - skipped
[0.425s] -- Detecting CXX compile features
[0.425s] -- Detecting CXX compile features - done
[0.430s] -- Found ament_cmake: 1.3.11 (/opt/ros/humble/share/ament_cmake/cmake)
[0.638s] -- Found Python3: /usr/bin/python3 (found version "3.10.12") found components: Interpreter 
[0.977s] -- Configuring done
[0.984s] -- Generating done
[0.988s] -- Build files have been written to: /ws_slam/build/dynamixel_sdk
[1.003s] Invoked command in '/ws_slam/build/dynamixel_sdk' returned '0': CMAKE_PREFIX_PATH=/opt/ros/humble /usr/bin/cmake /ws_slam/src/DynamixelSDK/ros/dynamixel_sdk -DCMAKE_INSTALL_PREFIX=/ws_slam/install/dynamixel_sdk
[1.004s] Invoking command in '/ws_slam/build/dynamixel_sdk': CMAKE_PREFIX_PATH=/opt/ros/humble /usr/bin/cmake --build /ws_slam/build/dynamixel_sdk -- -j12 -l12
[1.066s] [  7%] [32mBuilding CXX object CMakeFiles/dynamixel_sdk.dir/src/dynamixel_sdk/group_sync_read.cpp.o[0m
[1.066s] [ 15%] [32mBuilding CXX object CMakeFiles/dynamixel_sdk.dir/src/dynamixel_sdk/protocol1_packet_handler.cpp.o[0m
[1.066s] [ 30%] [32mBuilding CXX object CMakeFiles/dynamixel_sdk.dir/src/dynamixel_sdk/group_sync_write.cpp.o[0m
[1.066s] [ 30%] [32mBuilding CXX object CMakeFiles/dynamixel_sdk.dir/src/dynamixel_sdk/packet_handler.cpp.o[0m
[1.071s] [ 46%] [32mBuilding CXX object CMakeFiles/dynamixel_sdk.dir/src/dynamixel_sdk/protocol2_packet_handler.cpp.o[0m
[1.071s] [ 46%] [32mBuilding CXX object CMakeFiles/dynamixel_sdk.dir/src/dynamixel_sdk/group_bulk_write.cpp.o[0m
[1.071s] [ 53%] [32mBuilding CXX object CMakeFiles/dynamixel_sdk.dir/src/dynamixel_sdk/group_fast_bulk_read.cpp.o[0m
[1.071s] [ 61%] [32mBuilding CXX object CMakeFiles/dynamixel_sdk.dir/src/dynamixel_sdk/group_bulk_read.cpp.o[0m
[1.072s] [ 69%] [32mBuilding CXX object CMakeFiles/dynamixel_sdk.dir/src/dynamixel_sdk/group_fast_sync_read.cpp.o[0m
[1.079s] [ 76%] [32mBuilding CXX object CMakeFiles/dynamixel_sdk.dir/src/dynamixel_sdk/group_handler.cpp.o[0m
[1.081s] [ 84%] [32mBuilding CXX object CMakeFiles/dynamixel_sdk.dir/src/dynamixel_sdk/port_handler.cpp.o[0m
[1.095s] [ 84%] Built target ament_cmake_python_copy_dynamixel_sdk
[1.189s] [ 92%] [32mBuilding CXX object CMakeFiles/dynamixel_sdk.dir/src/dynamixel_sdk/port_handler_linux.cpp.o[0m
[1.600s] running egg_info
[1.601s] creating dynamixel_sdk.egg-info
[1.602s] writing dynamixel_sdk.egg-info/PKG-INFO
[1.605s] writing dependency_links to dynamixel_sdk.egg-info/dependency_links.txt
[1.605s] writing top-level names to dynamixel_sdk.egg-info/top_level.txt
[1.606s] writing manifest file 'dynamixel_sdk.egg-info/SOURCES.txt'
[1.606s] reading manifest file 'dynamixel_sdk.egg-info/SOURCES.txt'
[1.607s] writing manifest file 'dynamixel_sdk.egg-info/SOURCES.txt'
[1.661s] [ 92%] Built target ament_cmake_python_build_dynamixel_sdk_egg
[1.841s] [100%] [32m[1mLinking CXX shared library libdynamixel_sdk.so[0m
[1.928s] [100%] Built target dynamixel_sdk
[1.938s] Invoked command in '/ws_slam/build/dynamixel_sdk' returned '0': CMAKE_PREFIX_PATH=/opt/ros/humble /usr/bin/cmake --build /ws_slam/build/dynamixel_sdk -- -j12 -l12
[1.938s] Invoking command in '/ws_slam/build/dynamixel_sdk': CMAKE_PREFIX_PATH=/opt/ros/humble /usr/bin/cmake --install /ws_slam/build/dynamixel_sdk
[1.948s] -- Install configuration: ""
[1.948s] -- Installing: /ws_slam/install/dynamixel_sdk/include/
[1.948s] -- Installing: /ws_slam/install/dynamixel_sdk/include//dynamixel_sdk
[1.948s] -- Installing: /ws_slam/install/dynamixel_sdk/include//dynamixel_sdk/port_handler_arduino.h
[1.948s] -- Installing: /ws_slam/install/dynamixel_sdk/include//dynamixel_sdk/port_handler_linux.h
[1.948s] -- Installing: /ws_slam/install/dynamixel_sdk/include//dynamixel_sdk/group_sync_write.h
[1.948s] -- Installing: /ws_slam/install/dynamixel_sdk/include//dynamixel_sdk/group_bulk_read.h
[1.948s] -- Installing: /ws_slam/install/dynamixel_sdk/include//dynamixel_sdk/port_handler.h
[1.948s] -- Installing: /ws_slam/install/dynamixel_sdk/include//dynamixel_sdk/port_handler_windows.h
[1.948s] -- Installing: /ws_slam/install/dynamixel_sdk/include//dynamixel_sdk/dynamixel_sdk.h
[1.949s] -- Installing: /ws_slam/install/dynamixel_sdk/include//dynamixel_sdk/protocol2_packet_handler.h
[1.949s] -- Installing: /ws_slam/install/dynamixel_sdk/include//dynamixel_sdk/group_fast_bulk_read.h
[1.949s] -- Installing: /ws_slam/install/dynamixel_sdk/include//dynamixel_sdk/group_fast_sync_read.h
[1.949s] -- Installing: /ws_slam/install/dynamixel_sdk/include//dynamixel_sdk/group_sync_read.h
[1.949s] -- Installing: /ws_slam/install/dynamixel_sdk/include//dynamixel_sdk/group_bulk_write.h
[1.949s] -- Installing: /ws_slam/install/dynamixel_sdk/include//dynamixel_sdk/group_handler.h
[1.949s] -- Installing: /ws_slam/install/dynamixel_sdk/include//dynamixel_sdk/protocol1_packet_handler.h
[1.949s] -- Installing: /ws_slam/install/dynamixel_sdk/include//dynamixel_sdk/port_handler_mac.h
[1.949s] -- Installing: /ws_slam/install/dynamixel_sdk/include//dynamixel_sdk/packet_handler.h
[1.949s] -- Installing: /ws_slam/install/dynamixel_sdk/lib/libdynamixel_sdk.so
[1.950s] -- Installing: /ws_slam/install/dynamixel_sdk/share/dynamixel_sdk/environment/pythonpath.sh
[1.950s] -- Installing: /ws_slam/install/dynamixel_sdk/share/dynamixel_sdk/environment/pythonpath.dsv
[1.950s] -- Installing: /ws_slam/install/dynamixel_sdk/local/lib/python3.10/dist-packages/dynamixel_sdk-3.8.4-py3.10.egg-info
[1.950s] -- Installing: /ws_slam/install/dynamixel_sdk/local/lib/python3.10/dist-packages/dynamixel_sdk-3.8.4-py3.10.egg-info/top_level.txt
[1.950s] -- Installing: /ws_slam/install/dynamixel_sdk/local/lib/python3.10/dist-packages/dynamixel_sdk-3.8.4-py3.10.egg-info/dependency_links.txt
[1.950s] -- Installing: /ws_slam/install/dynamixel_sdk/local/lib/python3.10/dist-packages/dynamixel_sdk-3.8.4-py3.10.egg-info/SOURCES.txt
[1.951s] -- Installing: /ws_slam/install/dynamixel_sdk/local/lib/python3.10/dist-packages/dynamixel_sdk-3.8.4-py3.10.egg-info/PKG-INFO
[1.951s] -- Installing: /ws_slam/install/dynamixel_sdk/local/lib/python3.10/dist-packages/dynamixel_sdk
[1.951s] -- Installing: /ws_slam/install/dynamixel_sdk/local/lib/python3.10/dist-packages/dynamixel_sdk/port_handler.cpp
[1.951s] -- Installing: /ws_slam/install/dynamixel_sdk/local/lib/python3.10/dist-packages/dynamixel_sdk/group_handler.cpp
[1.951s] -- Installing: /ws_slam/install/dynamixel_sdk/local/lib/python3.10/dist-packages/dynamixel_sdk/group_sync_read.py
[1.951s] -- Installing: /ws_slam/install/dynamixel_sdk/local/lib/python3.10/dist-packages/dynamixel_sdk/group_bulk_write.cpp
[1.951s] -- Installing: /ws_slam/install/dynamixel_sdk/local/lib/python3.10/dist-packages/dynamixel_sdk/packet_handler.py
[1.951s] -- Installing: /ws_slam/install/dynamixel_sdk/local/lib/python3.10/dist-packages/dynamixel_sdk/port_handler_linux.cpp
[1.951s] -- Installing: /ws_slam/install/dynamixel_sdk/local/lib/python3.10/dist-packages/dynamixel_sdk/protocol2_packet_handler.py
[1.951s] -- Installing: /ws_slam/install/dynamixel_sdk/local/lib/python3.10/dist-packages/dynamixel_sdk/group_sync_read.cpp
[1.951s] -- Installing: /ws_slam/install/dynamixel_sdk/local/lib/python3.10/dist-packages/dynamixel_sdk/group_bulk_write.py
[1.951s] -- Installing: /ws_slam/install/dynamixel_sdk/local/lib/python3.10/dist-packages/dynamixel_sdk/group_bulk_read.py
[1.952s] -- Installing: /ws_slam/install/dynamixel_sdk/local/lib/python3.10/dist-packages/dynamixel_sdk/port_handler_windows.cpp
[1.952s] -- Installing: /ws_slam/install/dynamixel_sdk/local/lib/python3.10/dist-packages/dynamixel_sdk/protocol1_packet_handler.cpp
[1.952s] -- Installing: /ws_slam/install/dynamixel_sdk/local/lib/python3.10/dist-packages/dynamixel_sdk/robotis_def.py
[1.952s] -- Installing: /ws_slam/install/dynamixel_sdk/local/lib/python3.10/dist-packages/dynamixel_sdk/__init__.py
[1.952s] -- Installing: /ws_slam/install/dynamixel_sdk/local/lib/python3.10/dist-packages/dynamixel_sdk/port_handler_arduino.cpp
[1.952s] -- Installing: /ws_slam/install/dynamixel_sdk/local/lib/python3.10/dist-packages/dynamixel_sdk/group_bulk_read.cpp
[1.952s] -- Installing: /ws_slam/install/dynamixel_sdk/local/lib/python3.10/dist-packages/dynamixel_sdk/group_fast_bulk_read.cpp
[1.952s] -- Installing: /ws_slam/install/dynamixel_sdk/local/lib/python3.10/dist-packages/dynamixel_sdk/group_sync_write.py
[1.952s] -- Installing: /ws_slam/install/dynamixel_sdk/local/lib/python3.10/dist-packages/dynamixel_sdk/group_sync_write.cpp
[1.952s] -- Installing: /ws_slam/install/dynamixel_sdk/local/lib/python3.10/dist-packages/dynamixel_sdk/port_handler.py
[1.952s] -- Installing: /ws_slam/install/dynamixel_sdk/local/lib/python3.10/dist-packages/dynamixel_sdk/protocol2_packet_handler.cpp
[1.953s] -- Installing: /ws_slam/install/dynamixel_sdk/local/lib/python3.10/dist-packages/dynamixel_sdk/group_fast_sync_read.cpp
[1.953s] -- Installing: /ws_slam/install/dynamixel_sdk/local/lib/python3.10/dist-packages/dynamixel_sdk/port_handler_mac.cpp
[1.953s] -- Installing: /ws_slam/install/dynamixel_sdk/local/lib/python3.10/dist-packages/dynamixel_sdk/packet_handler.cpp
[1.953s] -- Installing: /ws_slam/install/dynamixel_sdk/local/lib/python3.10/dist-packages/dynamixel_sdk/protocol1_packet_handler.py
[1.999s] Listing '/ws_slam/install/dynamixel_sdk/local/lib/python3.10/dist-packages/dynamixel_sdk'...
[1.999s] Compiling '/ws_slam/install/dynamixel_sdk/local/lib/python3.10/dist-packages/dynamixel_sdk/__init__.py'...
[2.000s] Compiling '/ws_slam/install/dynamixel_sdk/local/lib/python3.10/dist-packages/dynamixel_sdk/group_bulk_read.py'...
[2.000s] Compiling '/ws_slam/install/dynamixel_sdk/local/lib/python3.10/dist-packages/dynamixel_sdk/group_bulk_write.py'...
[2.000s] Compiling '/ws_slam/install/dynamixel_sdk/local/lib/python3.10/dist-packages/dynamixel_sdk/group_sync_read.py'...
[2.000s] Compiling '/ws_slam/install/dynamixel_sdk/local/lib/python3.10/dist-packages/dynamixel_sdk/group_sync_write.py'...
[2.000s] Compiling '/ws_slam/install/dynamixel_sdk/local/lib/python3.10/dist-packages/dynamixel_sdk/packet_handler.py'...
[2.000s] Compiling '/ws_slam/install/dynamixel_sdk/local/lib/python3.10/dist-packages/dynamixel_sdk/port_handler.py'...
[2.000s] Compiling '/ws_slam/install/dynamixel_sdk/local/lib/python3.10/dist-packages/dynamixel_sdk/protocol1_packet_handler.py'...
[2.000s] Compiling '/ws_slam/install/dynamixel_sdk/local/lib/python3.10/dist-packages/dynamixel_sdk/protocol2_packet_handler.py'...
[2.000s] Compiling '/ws_slam/install/dynamixel_sdk/local/lib/python3.10/dist-packages/dynamixel_sdk/robotis_def.py'...
[2.005s] -- Installing: /ws_slam/install/dynamixel_sdk/share/dynamixel_sdk/environment/library_path.sh
[2.005s] -- Installing: /ws_slam/install/dynamixel_sdk/share/dynamixel_sdk/environment/library_path.dsv
[2.005s] -- Installing: /ws_slam/install/dynamixel_sdk/share/ament_index/resource_index/package_run_dependencies/dynamixel_sdk
[2.005s] -- Installing: /ws_slam/install/dynamixel_sdk/share/ament_index/resource_index/parent_prefix_path/dynamixel_sdk
[2.005s] -- Installing: /ws_slam/install/dynamixel_sdk/share/dynamixel_sdk/environment/ament_prefix_path.sh
[2.005s] -- Installing: /ws_slam/install/dynamixel_sdk/share/dynamixel_sdk/environment/ament_prefix_path.dsv
[2.006s] -- Installing: /ws_slam/install/dynamixel_sdk/share/dynamixel_sdk/environment/path.sh
[2.006s] -- Installing: /ws_slam/install/dynamixel_sdk/share/dynamixel_sdk/environment/path.dsv
[2.006s] -- Installing: /ws_slam/install/dynamixel_sdk/share/dynamixel_sdk/local_setup.bash
[2.006s] -- Installing: /ws_slam/install/dynamixel_sdk/share/dynamixel_sdk/local_setup.sh
[2.006s] -- Installing: /ws_slam/install/dynamixel_sdk/share/dynamixel_sdk/local_setup.zsh
[2.006s] -- Installing: /ws_slam/install/dynamixel_sdk/share/dynamixel_sdk/local_setup.dsv
[2.006s] -- Installing: /ws_slam/install/dynamixel_sdk/share/dynamixel_sdk/package.dsv
[2.006s] -- Installing: /ws_slam/install/dynamixel_sdk/share/ament_index/resource_index/packages/dynamixel_sdk
[2.006s] -- Installing: /ws_slam/install/dynamixel_sdk/share/dynamixel_sdk/cmake/dynamixel_sdkExport.cmake
[2.007s] -- Installing: /ws_slam/install/dynamixel_sdk/share/dynamixel_sdk/cmake/dynamixel_sdkExport-noconfig.cmake
[2.007s] -- Installing: /ws_slam/install/dynamixel_sdk/share/dynamixel_sdk/cmake/ament_cmake_export_targets-extras.cmake
[2.007s] -- Installing: /ws_slam/install/dynamixel_sdk/share/dynamixel_sdk/cmake/ament_cmake_export_include_directories-extras.cmake
[2.007s] -- Installing: /ws_slam/install/dynamixel_sdk/share/dynamixel_sdk/cmake/ament_cmake_export_libraries-extras.cmake
[2.007s] -- Installing: /ws_slam/install/dynamixel_sdk/share/dynamixel_sdk/cmake/dynamixel_sdkConfig.cmake
[2.007s] -- Installing: /ws_slam/install/dynamixel_sdk/share/dynamixel_sdk/cmake/dynamixel_sdkConfig-version.cmake
[2.007s] -- Installing: /ws_slam/install/dynamixel_sdk/share/dynamixel_sdk/package.xml
[2.012s] Invoked command in '/ws_slam/build/dynamixel_sdk' returned '0': CMAKE_PREFIX_PATH=/opt/ros/humble /usr/bin/cmake --install /ws_slam/build/dynamixel_sdk
