[0.017s] Invoking command in '/ws_slam/build/turtlebot3_simulations': AMENT_PREFIX_PATH=/ws_slam/install/turtlebot3_fake_node:/ws_slam/install/turtlebot3_msgs:/ws_slam/install/turtlebot3_gazebo:${AMENT_PREFIX_PATH} CMAKE_PREFIX_PATH=/ws_slam/install/turtlebot3_fake_node:/ws_slam/install/turtlebot3_msgs:/ws_slam/install/turtlebot3_gazebo:/opt/ros/humble LD_LIBRARY_PATH=/ws_slam/install/turtlebot3_msgs/lib:/usr/lib/x86_64-linux-gnu/gazebo-11/plugins:/opt/ros/humble/opt/rviz_ogre_vendor/lib:/opt/ros/humble/lib/x86_64-linux-gnu:/opt/ros/humble/lib:/usr/lib/x86_64-linux-gnu/gazebo-11/plugins PYTHONPATH=/ws_slam/install/turtlebot3_msgs/local/lib/python3.10/dist-packages:${PYTHONPATH} /usr/bin/cmake /ws_slam/src/turtlebot3_simulations/turtlebot3_simulations -DCMAKE_INSTALL_PREFIX=/ws_slam/install/turtlebot3_simulations
[0.133s] -- The C compiler identification is GNU 11.4.0
[0.214s] -- The CXX compiler identification is GNU 11.4.0
[0.227s] -- Detecting C compiler ABI info
[0.316s] -- Detecting C compiler ABI info - done
[0.327s] -- Check for working C compiler: /usr/bin/cc - skipped
[0.328s] -- Detecting C compile features
[0.329s] -- Detecting C compile features - done
[0.335s] -- Detecting CXX compiler ABI info
[0.454s] -- Detecting CXX compiler ABI info - done
[0.466s] -- Check for working CXX compiler: /usr/bin/c++ - skipped
[0.466s] -- Detecting CXX compile features
[0.467s] -- Detecting CXX compile features - done
[0.483s] -- Found ament_cmake: 1.3.11 (/opt/ros/humble/share/ament_cmake/cmake)
[0.744s] -- Found Python3: /usr/bin/python3 (found version "3.10.12") found components: Interpreter 
[1.075s] -- Configuring done
[1.080s] -- Generating done
[1.083s] -- Build files have been written to: /ws_slam/build/turtlebot3_simulations
[1.090s] Invoked command in '/ws_slam/build/turtlebot3_simulations' returned '0': AMENT_PREFIX_PATH=/ws_slam/install/turtlebot3_fake_node:/ws_slam/install/turtlebot3_msgs:/ws_slam/install/turtlebot3_gazebo:${AMENT_PREFIX_PATH} CMAKE_PREFIX_PATH=/ws_slam/install/turtlebot3_fake_node:/ws_slam/install/turtlebot3_msgs:/ws_slam/install/turtlebot3_gazebo:/opt/ros/humble LD_LIBRARY_PATH=/ws_slam/install/turtlebot3_msgs/lib:/usr/lib/x86_64-linux-gnu/gazebo-11/plugins:/opt/ros/humble/opt/rviz_ogre_vendor/lib:/opt/ros/humble/lib/x86_64-linux-gnu:/opt/ros/humble/lib:/usr/lib/x86_64-linux-gnu/gazebo-11/plugins PYTHONPATH=/ws_slam/install/turtlebot3_msgs/local/lib/python3.10/dist-packages:${PYTHONPATH} /usr/bin/cmake /ws_slam/src/turtlebot3_simulations/turtlebot3_simulations -DCMAKE_INSTALL_PREFIX=/ws_slam/install/turtlebot3_simulations
[1.093s] Invoking command in '/ws_slam/build/turtlebot3_simulations': AMENT_PREFIX_PATH=/ws_slam/install/turtlebot3_fake_node:/ws_slam/install/turtlebot3_msgs:/ws_slam/install/turtlebot3_gazebo:${AMENT_PREFIX_PATH} CMAKE_PREFIX_PATH=/ws_slam/install/turtlebot3_fake_node:/ws_slam/install/turtlebot3_msgs:/ws_slam/install/turtlebot3_gazebo:/opt/ros/humble LD_LIBRARY_PATH=/ws_slam/install/turtlebot3_msgs/lib:/usr/lib/x86_64-linux-gnu/gazebo-11/plugins:/opt/ros/humble/opt/rviz_ogre_vendor/lib:/opt/ros/humble/lib/x86_64-linux-gnu:/opt/ros/humble/lib:/usr/lib/x86_64-linux-gnu/gazebo-11/plugins PYTHONPATH=/ws_slam/install/turtlebot3_msgs/local/lib/python3.10/dist-packages:${PYTHONPATH} /usr/bin/cmake --build /ws_slam/build/turtlebot3_simulations -- -j12 -l12
[1.142s] Invoked command in '/ws_slam/build/turtlebot3_simulations' returned '0': AMENT_PREFIX_PATH=/ws_slam/install/turtlebot3_fake_node:/ws_slam/install/turtlebot3_msgs:/ws_slam/install/turtlebot3_gazebo:${AMENT_PREFIX_PATH} CMAKE_PREFIX_PATH=/ws_slam/install/turtlebot3_fake_node:/ws_slam/install/turtlebot3_msgs:/ws_slam/install/turtlebot3_gazebo:/opt/ros/humble LD_LIBRARY_PATH=/ws_slam/install/turtlebot3_msgs/lib:/usr/lib/x86_64-linux-gnu/gazebo-11/plugins:/opt/ros/humble/opt/rviz_ogre_vendor/lib:/opt/ros/humble/lib/x86_64-linux-gnu:/opt/ros/humble/lib:/usr/lib/x86_64-linux-gnu/gazebo-11/plugins PYTHONPATH=/ws_slam/install/turtlebot3_msgs/local/lib/python3.10/dist-packages:${PYTHONPATH} /usr/bin/cmake --build /ws_slam/build/turtlebot3_simulations -- -j12 -l12
[1.144s] Invoking command in '/ws_slam/build/turtlebot3_simulations': AMENT_PREFIX_PATH=/ws_slam/install/turtlebot3_fake_node:/ws_slam/install/turtlebot3_msgs:/ws_slam/install/turtlebot3_gazebo:${AMENT_PREFIX_PATH} CMAKE_PREFIX_PATH=/ws_slam/install/turtlebot3_fake_node:/ws_slam/install/turtlebot3_msgs:/ws_slam/install/turtlebot3_gazebo:/opt/ros/humble LD_LIBRARY_PATH=/ws_slam/install/turtlebot3_msgs/lib:/usr/lib/x86_64-linux-gnu/gazebo-11/plugins:/opt/ros/humble/opt/rviz_ogre_vendor/lib:/opt/ros/humble/lib/x86_64-linux-gnu:/opt/ros/humble/lib:/usr/lib/x86_64-linux-gnu/gazebo-11/plugins PYTHONPATH=/ws_slam/install/turtlebot3_msgs/local/lib/python3.10/dist-packages:${PYTHONPATH} /usr/bin/cmake --install /ws_slam/build/turtlebot3_simulations
[1.157s] -- Install configuration: ""
[1.157s] -- Installing: /ws_slam/install/turtlebot3_simulations/share/ament_index/resource_index/package_run_dependencies/turtlebot3_simulations
[1.158s] -- Installing: /ws_slam/install/turtlebot3_simulations/share/ament_index/resource_index/parent_prefix_path/turtlebot3_simulations
[1.158s] -- Installing: /ws_slam/install/turtlebot3_simulations/share/turtlebot3_simulations/environment/ament_prefix_path.sh
[1.158s] -- Installing: /ws_slam/install/turtlebot3_simulations/share/turtlebot3_simulations/environment/ament_prefix_path.dsv
[1.159s] -- Installing: /ws_slam/install/turtlebot3_simulations/share/turtlebot3_simulations/environment/path.sh
[1.159s] -- Installing: /ws_slam/install/turtlebot3_simulations/share/turtlebot3_simulations/environment/path.dsv
[1.159s] -- Installing: /ws_slam/install/turtlebot3_simulations/share/turtlebot3_simulations/local_setup.bash
[1.159s] -- Installing: /ws_slam/install/turtlebot3_simulations/share/turtlebot3_simulations/local_setup.sh
[1.159s] -- Installing: /ws_slam/install/turtlebot3_simulations/share/turtlebot3_simulations/local_setup.zsh
[1.159s] -- Installing: /ws_slam/install/turtlebot3_simulations/share/turtlebot3_simulations/local_setup.dsv
[1.159s] -- Installing: /ws_slam/install/turtlebot3_simulations/share/turtlebot3_simulations/package.dsv
[1.160s] -- Installing: /ws_slam/install/turtlebot3_simulations/share/ament_index/resource_index/packages/turtlebot3_simulations
[1.160s] -- Installing: /ws_slam/install/turtlebot3_simulations/share/turtlebot3_simulations/cmake/turtlebot3_simulationsConfig.cmake
[1.160s] -- Installing: /ws_slam/install/turtlebot3_simulations/share/turtlebot3_simulations/cmake/turtlebot3_simulationsConfig-version.cmake
[1.160s] -- Installing: /ws_slam/install/turtlebot3_simulations/share/turtlebot3_simulations/package.xml
[1.163s] Invoked command in '/ws_slam/build/turtlebot3_simulations' returned '0': AMENT_PREFIX_PATH=/ws_slam/install/turtlebot3_fake_node:/ws_slam/install/turtlebot3_msgs:/ws_slam/install/turtlebot3_gazebo:${AMENT_PREFIX_PATH} CMAKE_PREFIX_PATH=/ws_slam/install/turtlebot3_fake_node:/ws_slam/install/turtlebot3_msgs:/ws_slam/install/turtlebot3_gazebo:/opt/ros/humble LD_LIBRARY_PATH=/ws_slam/install/turtlebot3_msgs/lib:/usr/lib/x86_64-linux-gnu/gazebo-11/plugins:/opt/ros/humble/opt/rviz_ogre_vendor/lib:/opt/ros/humble/lib/x86_64-linux-gnu:/opt/ros/humble/lib:/usr/lib/x86_64-linux-gnu/gazebo-11/plugins PYTHONPATH=/ws_slam/install/turtlebot3_msgs/local/lib/python3.10/dist-packages:${PYTHONPATH} /usr/bin/cmake --install /ws_slam/build/turtlebot3_simulations
