[0.017s] Invoking command in '/ws_moveit/build/robotiq_2f_gripper_description': CMAKE_PREFIX_PATH=/opt/ros/humble /usr/bin/cmake /ws_moveit/src/robotiq_2f_gripper_ros2/robotiq_2f_gripper_description -DCMAKE_BUILD_TYPE=Release -DCMAKE_INSTALL_PREFIX=/ws_moveit/install/robotiq_2f_gripper_description
[0.071s] -- The C compiler identification is GNU 11.4.0
[0.118s] -- The CXX compiler identification is GNU 11.4.0
[0.122s] -- Detecting C compiler ABI info
[0.175s] -- Detecting C compiler ABI info - done
[0.180s] -- Check for working C compiler: /usr/bin/cc - skipped
[0.180s] -- Detecting C compile features
[0.180s] -- Detecting C compile features - done
[0.182s] -- Detecting CXX compiler ABI info
[0.242s] -- Detecting CXX compiler ABI info - done
[0.249s] -- Check for working CXX compiler: /usr/bin/c++ - skipped
[0.249s] -- Detecting CXX compile features
[0.250s] -- Detecting CXX compile features - done
[0.254s] -- Found ament_cmake: 1.3.11 (/opt/ros/humble/share/ament_cmake/cmake)
[0.391s] -- Found Python3: /usr/bin/python3 (found version "3.10.12") found components: Interpreter 
[0.466s] -- Found ament_lint_auto: 0.12.12 (/opt/ros/humble/share/ament_lint_auto/cmake)
[0.545s] -- Added test 'lint_cmake' to check CMake code style
[0.547s] -- Added test 'xmllint' to check XML markup files
[0.548s] -- Configuring done
[0.550s] -- Generating done
[0.552s] -- Build files have been written to: /ws_moveit/build/robotiq_2f_gripper_description
[0.555s] Invoked command in '/ws_moveit/build/robotiq_2f_gripper_description' returned '0': CMAKE_PREFIX_PATH=/opt/ros/humble /usr/bin/cmake /ws_moveit/src/robotiq_2f_gripper_ros2/robotiq_2f_gripper_description -DCMAKE_BUILD_TYPE=Release -DCMAKE_INSTALL_PREFIX=/ws_moveit/install/robotiq_2f_gripper_description
[0.556s] Invoking command in '/ws_moveit/build/robotiq_2f_gripper_description': CMAKE_PREFIX_PATH=/opt/ros/humble /usr/bin/cmake --build /ws_moveit/build/robotiq_2f_gripper_description -- -j12 -l12
[0.593s] Invoked command in '/ws_moveit/build/robotiq_2f_gripper_description' returned '0': CMAKE_PREFIX_PATH=/opt/ros/humble /usr/bin/cmake --build /ws_moveit/build/robotiq_2f_gripper_description -- -j12 -l12
[0.603s] Invoking command in '/ws_moveit/build/robotiq_2f_gripper_description': CMAKE_PREFIX_PATH=/opt/ros/humble /usr/bin/cmake --install /ws_moveit/build/robotiq_2f_gripper_description
[0.611s] -- Install configuration: "Release"
[0.611s] -- Installing: /ws_moveit/install/robotiq_2f_gripper_description/share/robotiq_2f_gripper_description/launch
[0.611s] -- Installing: /ws_moveit/install/robotiq_2f_gripper_description/share/robotiq_2f_gripper_description/launch/robotiq_2f_gripper.rviz
[0.611s] -- Installing: /ws_moveit/install/robotiq_2f_gripper_description/share/robotiq_2f_gripper_description/launch/visualize.launch
[0.611s] -- Installing: /ws_moveit/install/robotiq_2f_gripper_description/share/robotiq_2f_gripper_description/urdf
[0.612s] -- Installing: /ws_moveit/install/robotiq_2f_gripper_description/share/robotiq_2f_gripper_description/urdf/robotiq_arg2f.xacro
[0.612s] -- Installing: /ws_moveit/install/robotiq_2f_gripper_description/share/robotiq_2f_gripper_description/urdf/robotiq_2f_140_macro.xacro
[0.612s] -- Installing: /ws_moveit/install/robotiq_2f_gripper_description/share/robotiq_2f_gripper_description/urdf/example_use_robotiq_2f_140.urdf.xacro
[0.612s] -- Installing: /ws_moveit/install/robotiq_2f_gripper_description/share/robotiq_2f_gripper_description/urdf/robotiq_2f_140.xacro
[0.612s] -- Installing: /ws_moveit/install/robotiq_2f_gripper_description/share/robotiq_2f_gripper_description/urdf/robotiq_arg2f_transmission.xacro
[0.612s] -- Installing: /ws_moveit/install/robotiq_2f_gripper_description/share/robotiq_2f_gripper_description/meshes
[0.612s] -- Installing: /ws_moveit/install/robotiq_2f_gripper_description/share/robotiq_2f_gripper_description/meshes/visual
[0.612s] -- Installing: /ws_moveit/install/robotiq_2f_gripper_description/share/robotiq_2f_gripper_description/meshes/visual/robotiq_arg2f_140_inner_finger.stl
[0.612s] -- Installing: /ws_moveit/install/robotiq_2f_gripper_description/share/robotiq_2f_gripper_description/meshes/visual/robotiq_arg2f_base_link.stl
[0.613s] -- Installing: /ws_moveit/install/robotiq_2f_gripper_description/share/robotiq_2f_gripper_description/meshes/visual/robotiq_arg2f_140_outer_knuckle.stl
[0.613s] -- Installing: /ws_moveit/install/robotiq_2f_gripper_description/share/robotiq_2f_gripper_description/meshes/visual/robotiq_arg2f_140_outer_finger.stl
[0.613s] -- Installing: /ws_moveit/install/robotiq_2f_gripper_description/share/robotiq_2f_gripper_description/meshes/visual/robotiq_arg2f_140_inner_knuckle.stl
[0.614s] -- Installing: /ws_moveit/install/robotiq_2f_gripper_description/share/robotiq_2f_gripper_description/meshes/visual/robotiq_arg2f_coupling.stl
[0.614s] -- Installing: /ws_moveit/install/robotiq_2f_gripper_description/share/robotiq_2f_gripper_description/meshes/collision
[0.614s] -- Installing: /ws_moveit/install/robotiq_2f_gripper_description/share/robotiq_2f_gripper_description/meshes/collision/robotiq_arg2f_140_inner_finger.stl
[0.614s] -- Installing: /ws_moveit/install/robotiq_2f_gripper_description/share/robotiq_2f_gripper_description/meshes/collision/robotiq_arg2f_base_link.stl
[0.614s] -- Installing: /ws_moveit/install/robotiq_2f_gripper_description/share/robotiq_2f_gripper_description/meshes/collision/robotiq_arg2f_140_outer_knuckle.stl
[0.614s] -- Installing: /ws_moveit/install/robotiq_2f_gripper_description/share/robotiq_2f_gripper_description/meshes/collision/robotiq_arg2f_140_outer_finger.stl
[0.614s] -- Installing: /ws_moveit/install/robotiq_2f_gripper_description/share/robotiq_2f_gripper_description/meshes/collision/robotiq_arg2f_140_inner_knuckle.stl
[0.615s] -- Installing: /ws_moveit/install/robotiq_2f_gripper_description/share/robotiq_2f_gripper_description/meshes/collision/robotiq_arg2f_coupling.stl
[0.615s] -- Installing: /ws_moveit/install/robotiq_2f_gripper_description/share/ament_index/resource_index/package_run_dependencies/robotiq_2f_gripper_description
[0.615s] -- Installing: /ws_moveit/install/robotiq_2f_gripper_description/share/ament_index/resource_index/parent_prefix_path/robotiq_2f_gripper_description
[0.615s] -- Installing: /ws_moveit/install/robotiq_2f_gripper_description/share/robotiq_2f_gripper_description/environment/ament_prefix_path.sh
[0.615s] -- Installing: /ws_moveit/install/robotiq_2f_gripper_description/share/robotiq_2f_gripper_description/environment/ament_prefix_path.dsv
[0.615s] -- Installing: /ws_moveit/install/robotiq_2f_gripper_description/share/robotiq_2f_gripper_description/environment/path.sh
[0.615s] -- Installing: /ws_moveit/install/robotiq_2f_gripper_description/share/robotiq_2f_gripper_description/environment/path.dsv
[0.616s] -- Installing: /ws_moveit/install/robotiq_2f_gripper_description/share/robotiq_2f_gripper_description/local_setup.bash
[0.616s] -- Installing: /ws_moveit/install/robotiq_2f_gripper_description/share/robotiq_2f_gripper_description/local_setup.sh
[0.616s] -- Installing: /ws_moveit/install/robotiq_2f_gripper_description/share/robotiq_2f_gripper_description/local_setup.zsh
[0.616s] -- Installing: /ws_moveit/install/robotiq_2f_gripper_description/share/robotiq_2f_gripper_description/local_setup.dsv
[0.616s] -- Installing: /ws_moveit/install/robotiq_2f_gripper_description/share/robotiq_2f_gripper_description/package.dsv
[0.616s] -- Installing: /ws_moveit/install/robotiq_2f_gripper_description/share/ament_index/resource_index/packages/robotiq_2f_gripper_description
[0.617s] -- Installing: /ws_moveit/install/robotiq_2f_gripper_description/share/robotiq_2f_gripper_description/cmake/robotiq_2f_gripper_descriptionConfig.cmake
[0.617s] -- Installing: /ws_moveit/install/robotiq_2f_gripper_description/share/robotiq_2f_gripper_description/cmake/robotiq_2f_gripper_descriptionConfig-version.cmake
[0.617s] -- Installing: /ws_moveit/install/robotiq_2f_gripper_description/share/robotiq_2f_gripper_description/package.xml
[0.619s] Invoked command in '/ws_moveit/build/robotiq_2f_gripper_description' returned '0': CMAKE_PREFIX_PATH=/opt/ros/humble /usr/bin/cmake --install /ws_moveit/build/robotiq_2f_gripper_description
