[0.932s] Invoking command in '/ws_slam/src/turtlebot3/turtlebot3_teleop': PYTHONPATH=/ws_slam/build/turtlebot3_teleop/prefix_override:/usr/lib/python3/dist-packages/colcon_core/task/python/colcon_distutils_commands:/ws_slam/install/turtlebot3_teleop/lib/python3.10/site-packages:${PYTHONPATH} /usr/bin/python3 -W ignore:setup.py install is deprecated -W ignore:easy_install command is deprecated setup.py egg_info --egg-base ../../../build/turtlebot3_teleop build --build-base /ws_slam/build/turtlebot3_teleop/build install --record /ws_slam/build/turtlebot3_teleop/install.log --single-version-externally-managed install_data
[1.257s] running egg_info
[1.257s] creating ../../../build/turtlebot3_teleop/turtlebot3_teleop.egg-info
[1.257s] writing ../../../build/turtlebot3_teleop/turtlebot3_teleop.egg-info/PKG-INFO
[1.259s] writing dependency_links to ../../../build/turtlebot3_teleop/turtlebot3_teleop.egg-info/dependency_links.txt
[1.259s] writing entry points to ../../../build/turtlebot3_teleop/turtlebot3_teleop.egg-info/entry_points.txt
[1.260s] writing requirements to ../../../build/turtlebot3_teleop/turtlebot3_teleop.egg-info/requires.txt
[1.260s] writing top-level names to ../../../build/turtlebot3_teleop/turtlebot3_teleop.egg-info/top_level.txt
[1.261s] writing manifest file '../../../build/turtlebot3_teleop/turtlebot3_teleop.egg-info/SOURCES.txt'
[1.267s] reading manifest file '../../../build/turtlebot3_teleop/turtlebot3_teleop.egg-info/SOURCES.txt'
[1.268s] writing manifest file '../../../build/turtlebot3_teleop/turtlebot3_teleop.egg-info/SOURCES.txt'
[1.270s] running build
[1.271s] running build_py
[1.271s] creating /ws_slam/build/turtlebot3_teleop/build
[1.271s] creating /ws_slam/build/turtlebot3_teleop/build/lib
[1.271s] creating /ws_slam/build/turtlebot3_teleop/build/lib/turtlebot3_teleop
[1.271s] copying turtlebot3_teleop/__init__.py -> /ws_slam/build/turtlebot3_teleop/build/lib/turtlebot3_teleop
[1.271s] creating /ws_slam/build/turtlebot3_teleop/build/lib/turtlebot3_teleop/script
[1.271s] copying turtlebot3_teleop/script/__init__.py -> /ws_slam/build/turtlebot3_teleop/build/lib/turtlebot3_teleop/script
[1.271s] copying turtlebot3_teleop/script/teleop_keyboard.py -> /ws_slam/build/turtlebot3_teleop/build/lib/turtlebot3_teleop/script
[1.271s] running install
[1.271s] running install_lib
[1.272s] creating /ws_slam/install/turtlebot3_teleop/lib/python3.10/site-packages/turtlebot3_teleop
[1.272s] copying /ws_slam/build/turtlebot3_teleop/build/lib/turtlebot3_teleop/__init__.py -> /ws_slam/install/turtlebot3_teleop/lib/python3.10/site-packages/turtlebot3_teleop
[1.272s] creating /ws_slam/install/turtlebot3_teleop/lib/python3.10/site-packages/turtlebot3_teleop/script
[1.272s] copying /ws_slam/build/turtlebot3_teleop/build/lib/turtlebot3_teleop/script/__init__.py -> /ws_slam/install/turtlebot3_teleop/lib/python3.10/site-packages/turtlebot3_teleop/script
[1.272s] copying /ws_slam/build/turtlebot3_teleop/build/lib/turtlebot3_teleop/script/teleop_keyboard.py -> /ws_slam/install/turtlebot3_teleop/lib/python3.10/site-packages/turtlebot3_teleop/script
[1.273s] byte-compiling /ws_slam/install/turtlebot3_teleop/lib/python3.10/site-packages/turtlebot3_teleop/__init__.py to __init__.cpython-310.pyc
[1.278s] byte-compiling /ws_slam/install/turtlebot3_teleop/lib/python3.10/site-packages/turtlebot3_teleop/script/__init__.py to __init__.cpython-310.pyc
[1.278s] byte-compiling /ws_slam/install/turtlebot3_teleop/lib/python3.10/site-packages/turtlebot3_teleop/script/teleop_keyboard.py to teleop_keyboard.cpython-310.pyc
[1.278s] running install_data
[1.278s] creating /ws_slam/install/turtlebot3_teleop/share/ament_index
[1.278s] creating /ws_slam/install/turtlebot3_teleop/share/ament_index/resource_index
[1.278s] creating /ws_slam/install/turtlebot3_teleop/share/ament_index/resource_index/packages
[1.278s] copying resource/turtlebot3_teleop -> /ws_slam/install/turtlebot3_teleop/share/ament_index/resource_index/packages
[1.278s] copying package.xml -> /ws_slam/install/turtlebot3_teleop/share/turtlebot3_teleop
[1.278s] running install_egg_info
[1.283s] Copying ../../../build/turtlebot3_teleop/turtlebot3_teleop.egg-info to /ws_slam/install/turtlebot3_teleop/lib/python3.10/site-packages/turtlebot3_teleop-2.3.1-py3.10.egg-info
[1.284s] running install_scripts
[1.321s] Installing teleop_keyboard script to /ws_slam/install/turtlebot3_teleop/lib/turtlebot3_teleop
[1.322s] writing list of installed files to '/ws_slam/build/turtlebot3_teleop/install.log'
[1.440s] Invoked command in '/ws_slam/src/turtlebot3/turtlebot3_teleop' returned '0': PYTHONPATH=/ws_slam/build/turtlebot3_teleop/prefix_override:/usr/lib/python3/dist-packages/colcon_core/task/python/colcon_distutils_commands:/ws_slam/install/turtlebot3_teleop/lib/python3.10/site-packages:${PYTHONPATH} /usr/bin/python3 -W ignore:setup.py install is deprecated -W ignore:easy_install command is deprecated setup.py egg_info --egg-base ../../../build/turtlebot3_teleop build --build-base /ws_slam/build/turtlebot3_teleop/build install --record /ws_slam/build/turtlebot3_teleop/install.log --single-version-externally-managed install_data
